137.8030 	EXP 	Created instruction = TextStim(__class__=<class 'psychopy.visual.text.TextStim'>, alignHoriz=method-wrapper(...), alignText='center', alignVert=method-wrapper(...), anchorHoriz='center', anchorVert='center', antialias=True, autoLog=True, bold=False, color=array([-1., -1., -1.]), colorSpace='rgb', contrast=1.0, depth=0, flipHoriz=False, flipVert=False, font='sans', fontFiles=[], height=0.1, italic=False, languageStyle='LTR', name='instruction', opacity=1.0, ori=0.0, pos=array([0., 0.]), rgb=UNKNOWN, text='default text', units='norm', win=Window(...), wrapWidth=1)
137.8403 	EXP 	instruction: text = 'Please answer the questions honestly.\n\nA list of descriptions and a rating scale ranging from 1 to 10 will be presented on the screen.\n\nPlease use the left and right arrow keys to select your answer, and the enter button to confirm.'
138.4514 	DATA 	Keypress: return
138.4649 	EXP 	Imported c:\Users\Ian\Documents\GitHub\THINCLabTestRepo\TaskFiles2\taskScripts//resources//ESQ//ESQ_Questions.csv as conditions, 14 conditions, 4 params
138.4653 	EXP 	Created sequence: sequential, trialTypes=14, nReps=1, seed=None
138.4715 	WARNING 	RatingScale unnamed RatingScale: len(labels) not equal to len(tickMarks)
138.4719 	EXP 	window1: mouseVisible = True
138.5056 	EXP 	Created unnamed RatingScale = RatingScale(__class__=type(...), acceptKeys=['return'], acceptPreText=UNKNOWN, acceptSize=UNKNOWN, acceptText='accept?', autoLog=True, choices=False, colorSpace='rgb', depth=0, disappear=False, flipVert=False, high=10, kwargs=UNKNOWN, labels=list(...), leftKeys=['left'], lineColor='black', low=1, marker=ShapeStim(...), markerColor='black', markerExpansion=UNKNOWN, markerStart=4.5, maxTime=0.0, minTime=0.4, mouseOnly=False, name='unnamed RatingScale', noMouse=False, pos=[0.0, -0.4], precision=10, respKeys=[], rightKeys=['right'], scale=False, self=UNKNOWN, showAccept=True, showValue=True, singleClick=False, size=0.6, skipKeys=['tab'], stretch=1.0, textColor='black', textFont='Helvetica Bold', textSize=0.12, tickHeight=1.0, tickMarks=9.0, win=Window(...))
138.5081 	EXP 	Created unnamed TextStim = TextStim(__class__=<class 'psychopy.visual.text.TextStim'>, alignHoriz=method-wrapper(...), alignText='center', alignVert=method-wrapper(...), anchorHoriz='center', anchorVert='top', antialias=True, autoLog=True, bold=False, color=array([-1., -1., -1.]), colorSpace='rgb', contrast=1.0, depth=0, flipHoriz=False, flipVert=False, font='', fontFiles=[], height=0.1, italic=False, languageStyle='LTR', name='unnamed TextStim', opacity=1.0, ori=0.0, pos=array([0., 0.]), rgb=UNKNOWN, text='', units='norm', win=Window(...), wrapWidth=1)
138.5100 	EXP 	Created unnamed TextStim = TextStim(__class__=<class 'psychopy.visual.text.TextStim'>, alignHoriz=method-wrapper(...), alignText='center', alignVert=method-wrapper(...), anchorHoriz='center', anchorVert='center', antialias=True, autoLog=True, bold=False, color=array([-1., -1., -1.]), colorSpace='rgb', contrast=1.0, depth=0, flipHoriz=False, flipVert=False, font='', fontFiles=[], height=0.1, italic=False, languageStyle='LTR', name='unnamed TextStim', opacity=1.0, ori=0.0, pos=array([ 0.5, -0.5]), rgb=UNKNOWN, text='', units='norm', win=Window(...), wrapWidth=1)
138.5121 	EXP 	Created unnamed TextStim = TextStim(__class__=<class 'psychopy.visual.text.TextStim'>, alignHoriz=method-wrapper(...), alignText='center', alignVert=method-wrapper(...), anchorHoriz='center', anchorVert='center', antialias=True, autoLog=True, bold=False, color=array([-1., -1., -1.]), colorSpace='rgb', contrast=1.0, depth=0, flipHoriz=False, flipVert=False, font='', fontFiles=[], height=0.1, italic=False, languageStyle='LTR', name='unnamed TextStim', opacity=1.0, ori=0.0, pos=array([-0.5, -0.5]), rgb=UNKNOWN, text='', units='norm', win=Window(...), wrapWidth=1)
138.5124 	EXP 	New trial (rep=0, index=0): OrderedDict([('Questions', 'My thoughts were focused on an external task or activity:'), ('Label', 'Focus'), ('Scale_low', 'Not at all'), ('Scale_high', 'Completely')])
138.5628 	EXP 	unnamed RatingScale: flipVert = False
138.5628 	EXP 	unnamed RatingScale: autoLog = True
138.5628 	EXP 	unnamed TextStim: text = 'My thoughts were focused on an external task or activity:'
138.5628 	EXP 	unnamed TextStim: text = 'Completely'
138.5628 	EXP 	unnamed TextStim: text = 'Not at all'
138.5758 	EXP 	unnamed TextStim: text = 'My thoughts were focused on an external task or activity:'
138.5758 	EXP 	unnamed TextStim: text = 'Completely'
138.5758 	EXP 	unnamed TextStim: text = 'Not at all'
138.5895 	EXP 	unnamed TextStim: text = 'My thoughts were focused on an external task or activity:'
138.5895 	EXP 	unnamed TextStim: text = 'Completely'
138.5895 	EXP 	unnamed TextStim: text = 'Not at all'
138.6034 	EXP 	unnamed TextStim: text = 'My thoughts were focused on an external task or activity:'
138.6034 	EXP 	unnamed TextStim: text = 'Completely'
138.6034 	EXP 	unnamed TextStim: text = 'Not at all'
138.6172 	EXP 	unnamed TextStim: text = 'My thoughts were focused on an external task or activity:'
138.6172 	EXP 	unnamed TextStim: text = 'Completely'
138.6172 	EXP 	unnamed TextStim: text = 'Not at all'
138.6312 	EXP 	unnamed TextStim: text = 'My thoughts were focused on an external task or activity:'
138.6312 	EXP 	unnamed TextStim: text = 'Completely'
138.6312 	EXP 	unnamed TextStim: text = 'Not at all'
138.6452 	EXP 	unnamed TextStim: text = 'My thoughts were focused on an external task or activity:'
138.6452 	EXP 	unnamed TextStim: text = 'Completely'
138.6452 	EXP 	unnamed TextStim: text = 'Not at all'
138.6578 	EXP 	unnamed TextStim: text = 'My thoughts were focused on an external task or activity:'
138.6578 	EXP 	unnamed TextStim: text = 'Completely'
138.6578 	EXP 	unnamed TextStim: text = 'Not at all'
138.6733 	EXP 	unnamed TextStim: text = 'My thoughts were focused on an external task or activity:'
138.6733 	EXP 	unnamed TextStim: text = 'Completely'
138.6733 	EXP 	unnamed TextStim: text = 'Not at all'
138.6867 	EXP 	unnamed TextStim: text = 'My thoughts were focused on an external task or activity:'
138.6867 	EXP 	unnamed TextStim: text = 'Completely'
138.6867 	EXP 	unnamed TextStim: text = 'Not at all'
138.7007 	EXP 	unnamed TextStim: text = 'My thoughts were focused on an external task or activity:'
138.7007 	EXP 	unnamed TextStim: text = 'Completely'
138.7007 	EXP 	unnamed TextStim: text = 'Not at all'
138.7147 	EXP 	unnamed TextStim: text = 'My thoughts were focused on an external task or activity:'
138.7147 	EXP 	unnamed TextStim: text = 'Completely'
138.7147 	EXP 	unnamed TextStim: text = 'Not at all'
138.7286 	EXP 	unnamed TextStim: text = 'My thoughts were focused on an external task or activity:'
138.7286 	EXP 	unnamed TextStim: text = 'Completely'
138.7286 	EXP 	unnamed TextStim: text = 'Not at all'
138.7424 	EXP 	unnamed TextStim: text = 'My thoughts were focused on an external task or activity:'
138.7424 	EXP 	unnamed TextStim: text = 'Completely'
138.7424 	EXP 	unnamed TextStim: text = 'Not at all'
138.7565 	EXP 	unnamed TextStim: text = 'My thoughts were focused on an external task or activity:'
138.7565 	EXP 	unnamed TextStim: text = 'Completely'
138.7565 	EXP 	unnamed TextStim: text = 'Not at all'
138.7703 	EXP 	unnamed TextStim: text = 'My thoughts were focused on an external task or activity:'
138.7703 	EXP 	unnamed TextStim: text = 'Completely'
138.7703 	EXP 	unnamed TextStim: text = 'Not at all'
138.7913 	EXP 	unnamed TextStim: text = 'My thoughts were focused on an external task or activity:'
138.7913 	EXP 	unnamed TextStim: text = 'Completely'
138.7913 	EXP 	unnamed TextStim: text = 'Not at all'
138.8122 	EXP 	unnamed TextStim: text = 'My thoughts were focused on an external task or activity:'
138.8122 	EXP 	unnamed TextStim: text = 'Completely'
138.8122 	EXP 	unnamed TextStim: text = 'Not at all'
138.8256 	EXP 	unnamed TextStim: text = 'My thoughts were focused on an external task or activity:'
138.8256 	EXP 	unnamed TextStim: text = 'Completely'
138.8256 	EXP 	unnamed TextStim: text = 'Not at all'
138.8406 	EXP 	unnamed TextStim: text = 'My thoughts were focused on an external task or activity:'
138.8406 	EXP 	unnamed TextStim: text = 'Completely'
138.8406 	EXP 	unnamed TextStim: text = 'Not at all'
138.8536 	EXP 	unnamed TextStim: text = 'My thoughts were focused on an external task or activity:'
138.8536 	EXP 	unnamed TextStim: text = 'Completely'
138.8536 	EXP 	unnamed TextStim: text = 'Not at all'
138.8676 	EXP 	unnamed TextStim: text = 'My thoughts were focused on an external task or activity:'
138.8676 	EXP 	unnamed TextStim: text = 'Completely'
138.8676 	EXP 	unnamed TextStim: text = 'Not at all'
138.8815 	EXP 	unnamed TextStim: text = 'My thoughts were focused on an external task or activity:'
138.8815 	EXP 	unnamed TextStim: text = 'Completely'
138.8815 	EXP 	unnamed TextStim: text = 'Not at all'
138.8952 	EXP 	unnamed TextStim: text = 'My thoughts were focused on an external task or activity:'
138.8952 	EXP 	unnamed TextStim: text = 'Completely'
138.8952 	EXP 	unnamed TextStim: text = 'Not at all'
138.9096 	EXP 	unnamed TextStim: text = 'My thoughts were focused on an external task or activity:'
138.9096 	EXP 	unnamed TextStim: text = 'Completely'
138.9096 	EXP 	unnamed TextStim: text = 'Not at all'
138.9232 	EXP 	unnamed TextStim: text = 'My thoughts were focused on an external task or activity:'
138.9232 	EXP 	unnamed TextStim: text = 'Completely'
138.9232 	EXP 	unnamed TextStim: text = 'Not at all'
138.9363 	EXP 	unnamed TextStim: text = 'My thoughts were focused on an external task or activity:'
138.9363 	EXP 	unnamed TextStim: text = 'Completely'
138.9363 	EXP 	unnamed TextStim: text = 'Not at all'
138.9506 	EXP 	unnamed TextStim: text = 'My thoughts were focused on an external task or activity:'
138.9506 	EXP 	unnamed TextStim: text = 'Completely'
138.9506 	EXP 	unnamed TextStim: text = 'Not at all'
138.9651 	EXP 	unnamed TextStim: text = 'My thoughts were focused on an external task or activity:'
138.9651 	EXP 	unnamed TextStim: text = 'Completely'
138.9651 	EXP 	unnamed TextStim: text = 'Not at all'
138.9785 	EXP 	unnamed TextStim: text = 'My thoughts were focused on an external task or activity:'
138.9785 	EXP 	unnamed TextStim: text = 'Completely'
138.9785 	EXP 	unnamed TextStim: text = 'Not at all'
138.9916 	EXP 	unnamed TextStim: text = 'My thoughts were focused on an external task or activity:'
138.9916 	EXP 	unnamed TextStim: text = 'Completely'
138.9916 	EXP 	unnamed TextStim: text = 'Not at all'
139.0064 	EXP 	unnamed TextStim: text = 'My thoughts were focused on an external task or activity:'
139.0064 	EXP 	unnamed TextStim: text = 'Completely'
139.0064 	EXP 	unnamed TextStim: text = 'Not at all'
139.0204 	EXP 	unnamed TextStim: text = 'My thoughts were focused on an external task or activity:'
139.0204 	EXP 	unnamed TextStim: text = 'Completely'
139.0204 	EXP 	unnamed TextStim: text = 'Not at all'
139.0345 	EXP 	unnamed TextStim: text = 'My thoughts were focused on an external task or activity:'
139.0345 	EXP 	unnamed TextStim: text = 'Completely'
139.0345 	EXP 	unnamed TextStim: text = 'Not at all'
139.0484 	EXP 	unnamed TextStim: text = 'My thoughts were focused on an external task or activity:'
139.0484 	EXP 	unnamed TextStim: text = 'Completely'
139.0484 	EXP 	unnamed TextStim: text = 'Not at all'
139.0620 	EXP 	unnamed TextStim: text = 'My thoughts were focused on an external task or activity:'
139.0620 	EXP 	unnamed TextStim: text = 'Completely'
139.0620 	EXP 	unnamed TextStim: text = 'Not at all'
139.0759 	EXP 	unnamed TextStim: text = 'My thoughts were focused on an external task or activity:'
139.0759 	EXP 	unnamed TextStim: text = 'Completely'
139.0759 	EXP 	unnamed TextStim: text = 'Not at all'
139.0989 	EXP 	unnamed TextStim: text = 'My thoughts were focused on an external task or activity:'
139.0989 	EXP 	unnamed TextStim: text = 'Completely'
139.0989 	EXP 	unnamed TextStim: text = 'Not at all'
139.1183 	EXP 	unnamed TextStim: text = 'My thoughts were focused on an external task or activity:'
139.1183 	EXP 	unnamed TextStim: text = 'Completely'
139.1183 	EXP 	unnamed TextStim: text = 'Not at all'
139.1314 	EXP 	unnamed TextStim: text = 'My thoughts were focused on an external task or activity:'
139.1314 	EXP 	unnamed TextStim: text = 'Completely'
139.1314 	EXP 	unnamed TextStim: text = 'Not at all'
139.1453 	EXP 	unnamed TextStim: text = 'My thoughts were focused on an external task or activity:'
139.1453 	EXP 	unnamed TextStim: text = 'Completely'
139.1453 	EXP 	unnamed TextStim: text = 'Not at all'
139.1599 	EXP 	unnamed TextStim: text = 'My thoughts were focused on an external task or activity:'
139.1599 	EXP 	unnamed TextStim: text = 'Completely'
139.1599 	EXP 	unnamed TextStim: text = 'Not at all'
139.1687 	DATA 	Keypress: return
139.1689 	DATA 	RatingScale unnamed RatingScale: (key response) rating=7.0
139.1690 	DATA 	RatingScale unnamed RatingScale: rating RT=0.629
139.1690 	DATA 	RatingScale unnamed RatingScale: history=[(6, 0.0), (7.0, 0.629)]
139.1736 	EXP 	unnamed TextStim: text = 'My thoughts were focused on an external task or activity:'
139.1736 	EXP 	unnamed TextStim: text = 'Completely'
139.1736 	EXP 	unnamed TextStim: text = 'Not at all'
140.1733 	EXP 	New trial (rep=0, index=1): OrderedDict([('Questions', 'My thoughts involved future events:'), ('Label', 'Future'), ('Scale_low', 'Not at all'), ('Scale_high', 'Completely')])
140.1938 	EXP 	unnamed TextStim: text = 'My thoughts involved future events:'
140.1938 	EXP 	unnamed TextStim: text = 'Completely'
140.1938 	EXP 	unnamed TextStim: text = 'Not at all'
140.2078 	EXP 	unnamed TextStim: text = 'My thoughts involved future events:'
140.2078 	EXP 	unnamed TextStim: text = 'Completely'
140.2078 	EXP 	unnamed TextStim: text = 'Not at all'
140.2218 	EXP 	unnamed TextStim: text = 'My thoughts involved future events:'
140.2218 	EXP 	unnamed TextStim: text = 'Completely'
140.2218 	EXP 	unnamed TextStim: text = 'Not at all'
140.2357 	EXP 	unnamed TextStim: text = 'My thoughts involved future events:'
140.2357 	EXP 	unnamed TextStim: text = 'Completely'
140.2357 	EXP 	unnamed TextStim: text = 'Not at all'
140.2440 	DATA 	Keypress: down
140.2495 	EXP 	unnamed TextStim: text = 'My thoughts involved future events:'
140.2495 	EXP 	unnamed TextStim: text = 'Completely'
140.2495 	EXP 	unnamed TextStim: text = 'Not at all'
140.2635 	EXP 	unnamed TextStim: text = 'My thoughts involved future events:'
140.2635 	EXP 	unnamed TextStim: text = 'Completely'
140.2635 	EXP 	unnamed TextStim: text = 'Not at all'
140.2773 	EXP 	unnamed TextStim: text = 'My thoughts involved future events:'
140.2773 	EXP 	unnamed TextStim: text = 'Completely'
140.2773 	EXP 	unnamed TextStim: text = 'Not at all'
140.2910 	EXP 	unnamed TextStim: text = 'My thoughts involved future events:'
140.2910 	EXP 	unnamed TextStim: text = 'Completely'
140.2910 	EXP 	unnamed TextStim: text = 'Not at all'
140.3052 	EXP 	unnamed TextStim: text = 'My thoughts involved future events:'
140.3052 	EXP 	unnamed TextStim: text = 'Completely'
140.3052 	EXP 	unnamed TextStim: text = 'Not at all'
140.3181 	EXP 	unnamed TextStim: text = 'My thoughts involved future events:'
140.3181 	EXP 	unnamed TextStim: text = 'Completely'
140.3181 	EXP 	unnamed TextStim: text = 'Not at all'
140.3326 	EXP 	unnamed TextStim: text = 'My thoughts involved future events:'
140.3326 	EXP 	unnamed TextStim: text = 'Completely'
140.3326 	EXP 	unnamed TextStim: text = 'Not at all'
140.3466 	EXP 	unnamed TextStim: text = 'My thoughts involved future events:'
140.3466 	EXP 	unnamed TextStim: text = 'Completely'
140.3466 	EXP 	unnamed TextStim: text = 'Not at all'
140.3606 	EXP 	unnamed TextStim: text = 'My thoughts involved future events:'
140.3606 	EXP 	unnamed TextStim: text = 'Completely'
140.3606 	EXP 	unnamed TextStim: text = 'Not at all'
140.3745 	EXP 	unnamed TextStim: text = 'My thoughts involved future events:'
140.3745 	EXP 	unnamed TextStim: text = 'Completely'
140.3745 	EXP 	unnamed TextStim: text = 'Not at all'
140.3883 	EXP 	unnamed TextStim: text = 'My thoughts involved future events:'
140.3883 	EXP 	unnamed TextStim: text = 'Completely'
140.3883 	EXP 	unnamed TextStim: text = 'Not at all'
140.4024 	EXP 	unnamed TextStim: text = 'My thoughts involved future events:'
140.4024 	EXP 	unnamed TextStim: text = 'Completely'
140.4024 	EXP 	unnamed TextStim: text = 'Not at all'
140.4158 	EXP 	unnamed TextStim: text = 'My thoughts involved future events:'
140.4158 	EXP 	unnamed TextStim: text = 'Completely'
140.4158 	EXP 	unnamed TextStim: text = 'Not at all'
140.4300 	EXP 	unnamed TextStim: text = 'My thoughts involved future events:'
140.4300 	EXP 	unnamed TextStim: text = 'Completely'
140.4300 	EXP 	unnamed TextStim: text = 'Not at all'
140.4438 	EXP 	unnamed TextStim: text = 'My thoughts involved future events:'
140.4438 	EXP 	unnamed TextStim: text = 'Completely'
140.4438 	EXP 	unnamed TextStim: text = 'Not at all'
140.4580 	EXP 	unnamed TextStim: text = 'My thoughts involved future events:'
140.4580 	EXP 	unnamed TextStim: text = 'Completely'
140.4580 	EXP 	unnamed TextStim: text = 'Not at all'
140.4719 	EXP 	unnamed TextStim: text = 'My thoughts involved future events:'
140.4719 	EXP 	unnamed TextStim: text = 'Completely'
140.4719 	EXP 	unnamed TextStim: text = 'Not at all'
140.4856 	EXP 	unnamed TextStim: text = 'My thoughts involved future events:'
140.4856 	EXP 	unnamed TextStim: text = 'Completely'
140.4856 	EXP 	unnamed TextStim: text = 'Not at all'
140.4995 	EXP 	unnamed TextStim: text = 'My thoughts involved future events:'
140.4995 	EXP 	unnamed TextStim: text = 'Completely'
140.4995 	EXP 	unnamed TextStim: text = 'Not at all'
140.5134 	EXP 	unnamed TextStim: text = 'My thoughts involved future events:'
140.5134 	EXP 	unnamed TextStim: text = 'Completely'
140.5134 	EXP 	unnamed TextStim: text = 'Not at all'
140.5273 	EXP 	unnamed TextStim: text = 'My thoughts involved future events:'
140.5273 	EXP 	unnamed TextStim: text = 'Completely'
140.5273 	EXP 	unnamed TextStim: text = 'Not at all'
140.5411 	EXP 	unnamed TextStim: text = 'My thoughts involved future events:'
140.5411 	EXP 	unnamed TextStim: text = 'Completely'
140.5411 	EXP 	unnamed TextStim: text = 'Not at all'
140.5551 	EXP 	unnamed TextStim: text = 'My thoughts involved future events:'
140.5551 	EXP 	unnamed TextStim: text = 'Completely'
140.5551 	EXP 	unnamed TextStim: text = 'Not at all'
140.5693 	EXP 	unnamed TextStim: text = 'My thoughts involved future events:'
140.5693 	EXP 	unnamed TextStim: text = 'Completely'
140.5693 	EXP 	unnamed TextStim: text = 'Not at all'
140.5840 	EXP 	unnamed TextStim: text = 'My thoughts involved future events:'
140.5840 	EXP 	unnamed TextStim: text = 'Completely'
140.5840 	EXP 	unnamed TextStim: text = 'Not at all'
140.5965 	EXP 	unnamed TextStim: text = 'My thoughts involved future events:'
140.5965 	EXP 	unnamed TextStim: text = 'Completely'
140.5965 	EXP 	unnamed TextStim: text = 'Not at all'
140.6102 	EXP 	unnamed TextStim: text = 'My thoughts involved future events:'
140.6102 	EXP 	unnamed TextStim: text = 'Completely'
140.6102 	EXP 	unnamed TextStim: text = 'Not at all'
140.6247 	EXP 	unnamed TextStim: text = 'My thoughts involved future events:'
140.6247 	EXP 	unnamed TextStim: text = 'Completely'
140.6247 	EXP 	unnamed TextStim: text = 'Not at all'
140.6383 	EXP 	unnamed TextStim: text = 'My thoughts involved future events:'
140.6383 	EXP 	unnamed TextStim: text = 'Completely'
140.6383 	EXP 	unnamed TextStim: text = 'Not at all'
140.6523 	EXP 	unnamed TextStim: text = 'My thoughts involved future events:'
140.6523 	EXP 	unnamed TextStim: text = 'Completely'
140.6523 	EXP 	unnamed TextStim: text = 'Not at all'
140.6660 	EXP 	unnamed TextStim: text = 'My thoughts involved future events:'
140.6660 	EXP 	unnamed TextStim: text = 'Completely'
140.6660 	EXP 	unnamed TextStim: text = 'Not at all'
140.6802 	EXP 	unnamed TextStim: text = 'My thoughts involved future events:'
140.6802 	EXP 	unnamed TextStim: text = 'Completely'
140.6802 	EXP 	unnamed TextStim: text = 'Not at all'
140.6941 	EXP 	unnamed TextStim: text = 'My thoughts involved future events:'
140.6941 	EXP 	unnamed TextStim: text = 'Completely'
140.6941 	EXP 	unnamed TextStim: text = 'Not at all'
140.7080 	EXP 	unnamed TextStim: text = 'My thoughts involved future events:'
140.7080 	EXP 	unnamed TextStim: text = 'Completely'
140.7080 	EXP 	unnamed TextStim: text = 'Not at all'
140.7217 	EXP 	unnamed TextStim: text = 'My thoughts involved future events:'
140.7217 	EXP 	unnamed TextStim: text = 'Completely'
140.7217 	EXP 	unnamed TextStim: text = 'Not at all'
140.7356 	EXP 	unnamed TextStim: text = 'My thoughts involved future events:'
140.7356 	EXP 	unnamed TextStim: text = 'Completely'
140.7356 	EXP 	unnamed TextStim: text = 'Not at all'
140.7495 	EXP 	unnamed TextStim: text = 'My thoughts involved future events:'
140.7495 	EXP 	unnamed TextStim: text = 'Completely'
140.7495 	EXP 	unnamed TextStim: text = 'Not at all'
140.7636 	EXP 	unnamed TextStim: text = 'My thoughts involved future events:'
140.7636 	EXP 	unnamed TextStim: text = 'Completely'
140.7636 	EXP 	unnamed TextStim: text = 'Not at all'
140.7773 	EXP 	unnamed TextStim: text = 'My thoughts involved future events:'
140.7773 	EXP 	unnamed TextStim: text = 'Completely'
140.7773 	EXP 	unnamed TextStim: text = 'Not at all'
140.7911 	EXP 	unnamed TextStim: text = 'My thoughts involved future events:'
140.7911 	EXP 	unnamed TextStim: text = 'Completely'
140.7911 	EXP 	unnamed TextStim: text = 'Not at all'
140.8053 	EXP 	unnamed TextStim: text = 'My thoughts involved future events:'
140.8053 	EXP 	unnamed TextStim: text = 'Completely'
140.8053 	EXP 	unnamed TextStim: text = 'Not at all'
140.8190 	EXP 	unnamed TextStim: text = 'My thoughts involved future events:'
140.8190 	EXP 	unnamed TextStim: text = 'Completely'
140.8190 	EXP 	unnamed TextStim: text = 'Not at all'
140.8328 	EXP 	unnamed TextStim: text = 'My thoughts involved future events:'
140.8328 	EXP 	unnamed TextStim: text = 'Completely'
140.8328 	EXP 	unnamed TextStim: text = 'Not at all'
140.8468 	EXP 	unnamed TextStim: text = 'My thoughts involved future events:'
140.8468 	EXP 	unnamed TextStim: text = 'Completely'
140.8468 	EXP 	unnamed TextStim: text = 'Not at all'
140.8606 	EXP 	unnamed TextStim: text = 'My thoughts involved future events:'
140.8606 	EXP 	unnamed TextStim: text = 'Completely'
140.8606 	EXP 	unnamed TextStim: text = 'Not at all'
140.8747 	EXP 	unnamed TextStim: text = 'My thoughts involved future events:'
140.8747 	EXP 	unnamed TextStim: text = 'Completely'
140.8747 	EXP 	unnamed TextStim: text = 'Not at all'
140.8830 	DATA 	Keypress: return
140.8831 	DATA 	RatingScale unnamed RatingScale: (key response) rating=7.0
140.8883 	EXP 	unnamed TextStim: text = 'My thoughts involved future events:'
140.8883 	EXP 	unnamed TextStim: text = 'Completely'
140.8883 	EXP 	unnamed TextStim: text = 'Not at all'
141.9004 	EXP 	Created instruction = TextStim(__class__=<class 'psychopy.visual.text.TextStim'>, alignHoriz=method-wrapper(...), alignText='center', alignVert=method-wrapper(...), anchorHoriz='center', anchorVert='center', antialias=True, autoLog=True, bold=False, color=array([-1., -1., -1.]), colorSpace='rgb', contrast=1.0, depth=0, flipHoriz=False, flipVert=False, font='sans', fontFiles=[], height=0.1, italic=False, languageStyle='LTR', name='instruction', opacity=1.0, ori=0.0, pos=array([0., 0.]), rgb=UNKNOWN, text='default text', units='norm', win=Window(...), wrapWidth=1)
141.9035 	EXP 	window1: mouseVisible = False
141.9158 	EXP 	Created instruction = TextStim(__class__=<class 'psychopy.visual.text.TextStim'>, alignHoriz=method-wrapper(...), alignText='center', alignVert=method-wrapper(...), anchorHoriz='center', anchorVert='center', antialias=True, autoLog=True, bold=False, color=array([-1., -1., -1.]), colorSpace='rgb', contrast=1.0, depth=0, flipHoriz=False, flipVert=False, font=list(...), fontFiles=[], height=0.08, italic=False, languageStyle='LTR', name='instruction', opacity=1.0, ori=0.0, pos=array([0., 0.]), rgb=UNKNOWN, text='default text', units='norm', win=Window(...), wrapWidth=1100)
141.9389 	EXP 	instruction: size = 0.8
141.9389 	EXP 	instruction: text = 'Advance to instructions...\r\n'
143.4824 	DATA 	Keypress: return
143.5549 	EXP 	instruction: text = '\r\nWelcome to our experiment.\r\n\r\nIn it you will be asked to attend to pairs of different shapes \r\ndivided by a vertical line in the middle of the screen.\r\n\r\nYou will only be required to keep your eyes in the \r\ncentre of the screen and attend to the shapes most of the time.\r\n\r\nWhen a reaction is required, the vertical line will change colour.\r\n\r\n\r\nPress "1" to continue reading.\r\n'
143.9294 	DATA 	Keypress: return
143.9578 	EXP 	instruction: text = '\r\nThe condition will switch between blocks.\r\nThe two types of conditions are 0-back and 1-back.\r\n\r\nIf the line is BLUE, the trial is a 0-back block.\r\nIf the line is RED, the trial is a 1-back block.\r\n\r\n\r\nPress "1" to continue reading.\r\n'
144.3949 	DATA 	Keypress: return
144.4440 	EXP 	instruction: text = '\r\nWhen an event occurs in a 0-back block, \r\nthe screen displays a pair of shapes and a smaller target item in the middle.\r\nYou answer according to the CURRENT screen.\r\n\r\nWhen an event occurs in a 1-back block, \r\nthe screen displays a pair of "?" and a smaller target item in the middle.\r\nYou answer according to the PREVIOUS screen.\r\n\r\nYou are using key "1" and "2" to indicate LEFT or RIGHT.\r\nYou should try to be as quick and accurate as possible.\r\n\r\n\r\nPress "1" to continue reading.\r\n'
144.8263 	DATA 	Keypress: return
144.8815 	EXP 	instruction: text = '\r\nWe are interested in the thoughts that you experienced \r\nduring the rest period. A list of descriptions and a rating scale \r\nwill be presented on the screen. Please use the four buttons to indicate how \r\nmuch each description reflects your experience.\r\n\r\nPress "1" to move the tick mark towards 1, indicates "not at all".\r\nPress "2" to move the tick mark towards 10, indicates "completely".\r\nPress "4" to confirm the rating.\r\n\r\nPlease note that there are no right or wrong answers.\r\nAnswer the questions as fast as possible.\r\n\r\n\r\nPress "1" to start the task.\r\n'
145.2618 	DATA 	Keypress: return
145.2683 	EXP 	Created unnamed TextStim = TextStim(__class__=<class 'psychopy.visual.text.TextStim'>, alignHoriz=method-wrapper(...), alignText='center', alignVert=method-wrapper(...), anchorHoriz='center', anchorVert='center', antialias=True, autoLog=True, bold=False, color=array([-1., -1., -1.]), colorSpace='rgb', contrast=1.0, depth=0, flipHoriz=False, flipVert=False, font=list(...), fontFiles=[], height=0.1, italic=False, languageStyle='LTR', name='unnamed TextStim', opacity=1.0, ori=0.0, pos=array([0., 0.]), rgb=UNKNOWN, text='+', units='norm', win=Window(...), wrapWidth=1100)
145.2719 	EXP 	Created verticle line = Line(__class__=<class 'psychopy.visual.line.Line'>, autoDraw=False, autoLog=True, closeShape=False, color=array([-1., -1., -1.]), colorSpace='rgb', contrast=None, depth=0, fillColor=array([0, 0, 0]), fillColorSpace='rgb', fillRGB=array([0, 0, 0]), interpolate=True, lineColor=array([-1., -1., -1.]), lineColorSpace='rgb', lineRGB=array([-1, -1, -1]), lineWidth=3, name='verticle line', opacity=0.5, ori=0.0, pos=array([0., 0.]), size=array([1., 1.]), units='norm', vertices=array([[ 0.  ,  0.75],
       [ 0.  , -0.75]]), win=Window(...), windingRule=None)
145.2745 	EXP 	Created dash line = ShapeStim(__class__=<class 'psychopy.visual.shape.ShapeStim'>, autoDraw=False, autoLog=True, closeShape=True, color=method-wrapper(...), colorSpace='rgb', contrast=None, depth=0, fillColor=array([-1, -1, -1]), fillColorSpace='rgb', fillRGB=array([-1, -1, -1]), interpolate=True, lineColor=array([0., 0., 0.]), lineColorSpace='rgb', lineRGB=array([0, 0, 0]), lineWidth=1.5, name='dash line', opacity=0.5, ori=0.0, pos=array([0. , 2.5]), size=array([1., 1.]), units='norm', vertices=ndarray(...), win=Window(...), windingRule=None)
145.2764 	EXP 	Created stimPic-left = ImageStim(__class__=<class 'psychopy.visual.image.ImageStim'>, autoLog=True, color=array([1., 1., 1.]), colorSpace='rgb', contrast=1.0, depth=0, flipHoriz=False, flipVert=False, image=None, interpolate=False, mask=None, maskParams=None, name='stimPic-left', opacity=1, ori=0.0, pos=array([-0.5,  0. ]), size=array([0.5 , 0.75]), texRes=128, units='norm', win=Window(...))
145.2784 	EXP 	Created stimPic-right = ImageStim(__class__=<class 'psychopy.visual.image.ImageStim'>, autoLog=True, color=array([1., 1., 1.]), colorSpace='rgb', contrast=1.0, depth=0, flipHoriz=False, flipVert=False, image=None, interpolate=False, mask=None, maskParams=None, name='stimPic-right', opacity=1, ori=0.0, pos=array([0.5, 0. ]), size=array([0.5 , 0.75]), texRes=128, units='norm', win=Window(...))
145.2801 	EXP 	Created stimPic-middle = ImageStim(__class__=<class 'psychopy.visual.image.ImageStim'>, autoLog=True, color=array([1., 1., 1.]), colorSpace='rgb', contrast=1.0, depth=0, flipHoriz=False, flipVert=False, image=None, interpolate=False, mask=None, maskParams=None, name='stimPic-middle', opacity=1, ori=0.0, pos=array([0., 0.]), size=array([0.25, 0.4 ]), texRes=128, units='norm', win=Window(...))
145.2854 	EXP 	Created unnamed TextStim = TextStim(__class__=<class 'psychopy.visual.text.TextStim'>, alignHoriz=method-wrapper(...), alignText='center', alignVert=method-wrapper(...), anchorHoriz='center', anchorVert='center', antialias=True, autoLog=True, bold=False, color=array([-1., -1., -1.]), colorSpace='rgb', contrast=1.0, depth=0, flipHoriz=False, flipVert=False, font='', fontFiles=[], height=0.1, italic=False, languageStyle='LTR', name='unnamed TextStim', opacity=1.0, ori=0.0, pos=array([-0.5,  0. ]), rgb=UNKNOWN, text='?', units='norm', win=Window(...), wrapWidth=500)
145.2886 	EXP 	Created unnamed TextStim = TextStim(__class__=<class 'psychopy.visual.text.TextStim'>, alignHoriz=method-wrapper(...), alignText='center', alignVert=method-wrapper(...), anchorHoriz='center', anchorVert='center', antialias=True, autoLog=True, bold=False, color=array([-1., -1., -1.]), colorSpace='rgb', contrast=1.0, depth=0, flipHoriz=False, flipVert=False, font='', fontFiles=[], height=0.1, italic=False, languageStyle='LTR', name='unnamed TextStim', opacity=1.0, ori=0.0, pos=array([0.5, 0. ]), rgb=UNKNOWN, text='?', units='norm', win=Window(...), wrapWidth=500)
145.2922 	EXP 	Created unnamed TextStim = TextStim(__class__=<class 'psychopy.visual.text.TextStim'>, alignHoriz=method-wrapper(...), alignText='center', alignVert=method-wrapper(...), anchorHoriz='center', anchorVert='center', antialias=True, autoLog=True, bold=False, color=array([1., 1., 1.]), colorSpace='rgb', contrast=1.0, depth=0, flipHoriz=False, flipVert=False, font='', fontFiles=[], height=0.1, italic=False, languageStyle='LTR', name='unnamed TextStim', opacity=1.0, ori=0.0, pos=array([0., 0.]), rgb=UNKNOWN, text='?', units='norm', win=Window(...), wrapWidth=200)
145.2998 	EXP 	Created unnamed TextStim = TextStim(__class__=<class 'psychopy.visual.text.TextStim'>, alignHoriz=method-wrapper(...), alignText='center', alignVert=method-wrapper(...), anchorHoriz='center', anchorVert='center', antialias=True, autoLog=True, bold=False, color=array([-1., -1., -1.]), colorSpace='rgb', contrast=1.0, depth=0, flipHoriz=False, flipVert=False, font=list(...), fontFiles=[], height=0.1, italic=False, languageStyle='LTR', name='unnamed TextStim', opacity=1.0, ori=0.0, pos=array([0., 0.]), rgb=UNKNOWN, text='Switch', units='norm', win=Window(...), wrapWidth=1100)
145.3169 	EXP 	Created unnamed TextStim = TextStim(__class__=<class 'psychopy.visual.text.TextStim'>, alignHoriz=method-wrapper(...), alignText='center', alignVert=method-wrapper(...), anchorHoriz='center', anchorVert='center', antialias=True, autoLog=True, bold=False, color=array([-1., -1., -1.]), colorSpace='rgb', contrast=1.0, depth=0, flipHoriz=False, flipVert=False, font='', fontFiles=[], height=0.1, italic=False, languageStyle='LTR', name='unnamed TextStim', opacity=1.0, ori=0.0, pos=array([0., 0.]), rgb=UNKNOWN, text=str(...), units='norm', win=Window(...), wrapWidth=1100)
147.6774 	EXP 	stimPic-left: image = 'c:\\Users\\Ian\\Documents\\GitHub\\THINCLabTestRepo\\TaskFiles2\\taskScripts//resources//ZeroBack_Task//stimuli//square.png'
147.6774 	EXP 	stimPic-right: image = 'c:\\Users\\Ian\\Documents\\GitHub\\THINCLabTestRepo\\TaskFiles2\\taskScripts//resources//ZeroBack_Task//stimuli//triangle.png'
148.2028 	DATA 	Keypress: down
149.9866 	EXP 	stimPic-left: image = 'c:\\Users\\Ian\\Documents\\GitHub\\THINCLabTestRepo\\TaskFiles2\\taskScripts//resources//ZeroBack_Task//stimuli//circle.png'
149.9866 	EXP 	stimPic-right: image = 'c:\\Users\\Ian\\Documents\\GitHub\\THINCLabTestRepo\\TaskFiles2\\taskScripts//resources//ZeroBack_Task//stimuli//triangle.png'
150.2373 	DATA 	Keypress: down
151.2019 	DATA 	Keypress: down
151.9335 	DATA 	Keypress: down
152.1821 	DATA 	Keypress: return
152.2136 	EXP 	Created instruction = TextStim(__class__=<class 'psychopy.visual.text.TextStim'>, alignHoriz=method-wrapper(...), alignText='center', alignVert=method-wrapper(...), anchorHoriz='center', anchorVert='center', antialias=True, autoLog=True, bold=False, color=array([-1., -1., -1.]), colorSpace='rgb', contrast=1.0, depth=0, flipHoriz=False, flipVert=False, font='sans', fontFiles=[], height=0.1, italic=False, languageStyle='LTR', name='instruction', opacity=1.0, ori=0.0, pos=array([0., 0.]), rgb=UNKNOWN, text='default text', units='norm', win=Window(...), wrapWidth=1)
152.2512 	EXP 	instruction: text = 'Please answer the questions honestly.\n\nA list of descriptions and a rating scale ranging from 1 to 10 will be presented on the screen.\n\nPlease use the left and right arrow keys to select your answer, and the enter button to confirm.'
152.6034 	DATA 	Keypress: return
152.6178 	EXP 	Imported c:\Users\Ian\Documents\GitHub\THINCLabTestRepo\TaskFiles2\taskScripts//resources//ESQ//ESQ_Questions.csv as conditions, 14 conditions, 4 params
152.6182 	EXP 	Created sequence: sequential, trialTypes=14, nReps=1, seed=None
152.6242 	WARNING 	RatingScale unnamed RatingScale: len(labels) not equal to len(tickMarks)
152.6245 	EXP 	window1: mouseVisible = True
152.6549 	EXP 	Created unnamed RatingScale = RatingScale(__class__=type(...), acceptKeys=['return'], acceptPreText=UNKNOWN, acceptSize=UNKNOWN, acceptText='accept?', autoLog=True, choices=False, colorSpace='rgb', depth=0, disappear=False, flipVert=False, high=10, kwargs=UNKNOWN, labels=list(...), leftKeys=['left'], lineColor='black', low=1, marker=ShapeStim(...), markerColor='black', markerExpansion=UNKNOWN, markerStart=4.5, maxTime=0.0, minTime=0.4, mouseOnly=False, name='unnamed RatingScale', noMouse=False, pos=[0.0, -0.4], precision=10, respKeys=[], rightKeys=['right'], scale=False, self=UNKNOWN, showAccept=True, showValue=True, singleClick=False, size=0.6, skipKeys=['tab'], stretch=1.0, textColor='black', textFont='Helvetica Bold', textSize=0.12, tickHeight=1.0, tickMarks=9.0, win=Window(...))
152.6572 	EXP 	Created unnamed TextStim = TextStim(__class__=<class 'psychopy.visual.text.TextStim'>, alignHoriz=method-wrapper(...), alignText='center', alignVert=method-wrapper(...), anchorHoriz='center', anchorVert='top', antialias=True, autoLog=True, bold=False, color=array([-1., -1., -1.]), colorSpace='rgb', contrast=1.0, depth=0, flipHoriz=False, flipVert=False, font='', fontFiles=[], height=0.1, italic=False, languageStyle='LTR', name='unnamed TextStim', opacity=1.0, ori=0.0, pos=array([0., 0.]), rgb=UNKNOWN, text='', units='norm', win=Window(...), wrapWidth=1)
152.6591 	EXP 	Created unnamed TextStim = TextStim(__class__=<class 'psychopy.visual.text.TextStim'>, alignHoriz=method-wrapper(...), alignText='center', alignVert=method-wrapper(...), anchorHoriz='center', anchorVert='center', antialias=True, autoLog=True, bold=False, color=array([-1., -1., -1.]), colorSpace='rgb', contrast=1.0, depth=0, flipHoriz=False, flipVert=False, font='', fontFiles=[], height=0.1, italic=False, languageStyle='LTR', name='unnamed TextStim', opacity=1.0, ori=0.0, pos=array([ 0.5, -0.5]), rgb=UNKNOWN, text='', units='norm', win=Window(...), wrapWidth=1)
152.6610 	EXP 	Created unnamed TextStim = TextStim(__class__=<class 'psychopy.visual.text.TextStim'>, alignHoriz=method-wrapper(...), alignText='center', alignVert=method-wrapper(...), anchorHoriz='center', anchorVert='center', antialias=True, autoLog=True, bold=False, color=array([-1., -1., -1.]), colorSpace='rgb', contrast=1.0, depth=0, flipHoriz=False, flipVert=False, font='', fontFiles=[], height=0.1, italic=False, languageStyle='LTR', name='unnamed TextStim', opacity=1.0, ori=0.0, pos=array([-0.5, -0.5]), rgb=UNKNOWN, text='', units='norm', win=Window(...), wrapWidth=1)
152.6612 	EXP 	New trial (rep=0, index=0): OrderedDict([('Questions', 'My thoughts were focused on an external task or activity:'), ('Label', 'Focus'), ('Scale_low', 'Not at all'), ('Scale_high', 'Completely')])
152.7013 	EXP 	unnamed RatingScale: flipVert = False
152.7013 	EXP 	unnamed RatingScale: autoLog = True
152.7013 	EXP 	unnamed TextStim: text = 'My thoughts were focused on an external task or activity:'
152.7013 	EXP 	unnamed TextStim: text = 'Completely'
152.7013 	EXP 	unnamed TextStim: text = 'Not at all'
152.7148 	EXP 	unnamed TextStim: text = 'My thoughts were focused on an external task or activity:'
152.7148 	EXP 	unnamed TextStim: text = 'Completely'
152.7148 	EXP 	unnamed TextStim: text = 'Not at all'
152.7287 	EXP 	unnamed TextStim: text = 'My thoughts were focused on an external task or activity:'
152.7287 	EXP 	unnamed TextStim: text = 'Completely'
152.7287 	EXP 	unnamed TextStim: text = 'Not at all'
152.7426 	EXP 	unnamed TextStim: text = 'My thoughts were focused on an external task or activity:'
152.7426 	EXP 	unnamed TextStim: text = 'Completely'
152.7426 	EXP 	unnamed TextStim: text = 'Not at all'
152.7566 	EXP 	unnamed TextStim: text = 'My thoughts were focused on an external task or activity:'
152.7566 	EXP 	unnamed TextStim: text = 'Completely'
152.7566 	EXP 	unnamed TextStim: text = 'Not at all'
152.7704 	EXP 	unnamed TextStim: text = 'My thoughts were focused on an external task or activity:'
152.7704 	EXP 	unnamed TextStim: text = 'Completely'
152.7704 	EXP 	unnamed TextStim: text = 'Not at all'
152.7844 	EXP 	unnamed TextStim: text = 'My thoughts were focused on an external task or activity:'
152.7844 	EXP 	unnamed TextStim: text = 'Completely'
152.7844 	EXP 	unnamed TextStim: text = 'Not at all'
152.7985 	EXP 	unnamed TextStim: text = 'My thoughts were focused on an external task or activity:'
152.7985 	EXP 	unnamed TextStim: text = 'Completely'
152.7985 	EXP 	unnamed TextStim: text = 'Not at all'
152.8123 	EXP 	unnamed TextStim: text = 'My thoughts were focused on an external task or activity:'
152.8123 	EXP 	unnamed TextStim: text = 'Completely'
152.8123 	EXP 	unnamed TextStim: text = 'Not at all'
152.8253 	EXP 	unnamed TextStim: text = 'My thoughts were focused on an external task or activity:'
152.8253 	EXP 	unnamed TextStim: text = 'Completely'
152.8253 	EXP 	unnamed TextStim: text = 'Not at all'
152.8399 	EXP 	unnamed TextStim: text = 'My thoughts were focused on an external task or activity:'
152.8399 	EXP 	unnamed TextStim: text = 'Completely'
152.8399 	EXP 	unnamed TextStim: text = 'Not at all'
152.8538 	EXP 	unnamed TextStim: text = 'My thoughts were focused on an external task or activity:'
152.8538 	EXP 	unnamed TextStim: text = 'Completely'
152.8538 	EXP 	unnamed TextStim: text = 'Not at all'
152.8679 	EXP 	unnamed TextStim: text = 'My thoughts were focused on an external task or activity:'
152.8679 	EXP 	unnamed TextStim: text = 'Completely'
152.8679 	EXP 	unnamed TextStim: text = 'Not at all'
152.8813 	EXP 	unnamed TextStim: text = 'My thoughts were focused on an external task or activity:'
152.8813 	EXP 	unnamed TextStim: text = 'Completely'
152.8813 	EXP 	unnamed TextStim: text = 'Not at all'
152.8958 	EXP 	unnamed TextStim: text = 'My thoughts were focused on an external task or activity:'
152.8958 	EXP 	unnamed TextStim: text = 'Completely'
152.8958 	EXP 	unnamed TextStim: text = 'Not at all'
152.9047 	DATA 	Keypress: return
152.9091 	EXP 	unnamed TextStim: text = 'My thoughts were focused on an external task or activity:'
152.9091 	EXP 	unnamed TextStim: text = 'Completely'
152.9091 	EXP 	unnamed TextStim: text = 'Not at all'
152.9229 	EXP 	unnamed TextStim: text = 'My thoughts were focused on an external task or activity:'
152.9229 	EXP 	unnamed TextStim: text = 'Completely'
152.9229 	EXP 	unnamed TextStim: text = 'Not at all'
152.9371 	EXP 	unnamed TextStim: text = 'My thoughts were focused on an external task or activity:'
152.9371 	EXP 	unnamed TextStim: text = 'Completely'
152.9371 	EXP 	unnamed TextStim: text = 'Not at all'
152.9513 	EXP 	unnamed TextStim: text = 'My thoughts were focused on an external task or activity:'
152.9513 	EXP 	unnamed TextStim: text = 'Completely'
152.9513 	EXP 	unnamed TextStim: text = 'Not at all'
152.9639 	EXP 	unnamed TextStim: text = 'My thoughts were focused on an external task or activity:'
152.9639 	EXP 	unnamed TextStim: text = 'Completely'
152.9639 	EXP 	unnamed TextStim: text = 'Not at all'
152.9786 	EXP 	unnamed TextStim: text = 'My thoughts were focused on an external task or activity:'
152.9786 	EXP 	unnamed TextStim: text = 'Completely'
152.9786 	EXP 	unnamed TextStim: text = 'Not at all'
152.9928 	EXP 	unnamed TextStim: text = 'My thoughts were focused on an external task or activity:'
152.9928 	EXP 	unnamed TextStim: text = 'Completely'
152.9928 	EXP 	unnamed TextStim: text = 'Not at all'
153.0064 	EXP 	unnamed TextStim: text = 'My thoughts were focused on an external task or activity:'
153.0064 	EXP 	unnamed TextStim: text = 'Completely'
153.0064 	EXP 	unnamed TextStim: text = 'Not at all'
153.0206 	EXP 	unnamed TextStim: text = 'My thoughts were focused on an external task or activity:'
153.0206 	EXP 	unnamed TextStim: text = 'Completely'
153.0206 	EXP 	unnamed TextStim: text = 'Not at all'
153.0347 	EXP 	unnamed TextStim: text = 'My thoughts were focused on an external task or activity:'
153.0347 	EXP 	unnamed TextStim: text = 'Completely'
153.0347 	EXP 	unnamed TextStim: text = 'Not at all'
153.0485 	EXP 	unnamed TextStim: text = 'My thoughts were focused on an external task or activity:'
153.0485 	EXP 	unnamed TextStim: text = 'Completely'
153.0485 	EXP 	unnamed TextStim: text = 'Not at all'
153.0622 	EXP 	unnamed TextStim: text = 'My thoughts were focused on an external task or activity:'
153.0622 	EXP 	unnamed TextStim: text = 'Completely'
153.0622 	EXP 	unnamed TextStim: text = 'Not at all'
153.0765 	EXP 	unnamed TextStim: text = 'My thoughts were focused on an external task or activity:'
153.0765 	EXP 	unnamed TextStim: text = 'Completely'
153.0765 	EXP 	unnamed TextStim: text = 'Not at all'
153.0898 	EXP 	unnamed TextStim: text = 'My thoughts were focused on an external task or activity:'
153.0898 	EXP 	unnamed TextStim: text = 'Completely'
153.0898 	EXP 	unnamed TextStim: text = 'Not at all'
153.1040 	EXP 	unnamed TextStim: text = 'My thoughts were focused on an external task or activity:'
153.1040 	EXP 	unnamed TextStim: text = 'Completely'
153.1040 	EXP 	unnamed TextStim: text = 'Not at all'
153.1177 	EXP 	unnamed TextStim: text = 'My thoughts were focused on an external task or activity:'
153.1177 	EXP 	unnamed TextStim: text = 'Completely'
153.1177 	EXP 	unnamed TextStim: text = 'Not at all'
153.1349 	EXP 	unnamed TextStim: text = 'My thoughts were focused on an external task or activity:'
153.1349 	EXP 	unnamed TextStim: text = 'Completely'
153.1349 	EXP 	unnamed TextStim: text = 'Not at all'
153.1525 	EXP 	unnamed TextStim: text = 'My thoughts were focused on an external task or activity:'
153.1525 	EXP 	unnamed TextStim: text = 'Completely'
153.1525 	EXP 	unnamed TextStim: text = 'Not at all'
153.1663 	EXP 	unnamed TextStim: text = 'My thoughts were focused on an external task or activity:'
153.1663 	EXP 	unnamed TextStim: text = 'Completely'
153.1663 	EXP 	unnamed TextStim: text = 'Not at all'
153.1801 	EXP 	unnamed TextStim: text = 'My thoughts were focused on an external task or activity:'
153.1801 	EXP 	unnamed TextStim: text = 'Completely'
153.1801 	EXP 	unnamed TextStim: text = 'Not at all'
153.1941 	EXP 	unnamed TextStim: text = 'My thoughts were focused on an external task or activity:'
153.1941 	EXP 	unnamed TextStim: text = 'Completely'
153.1941 	EXP 	unnamed TextStim: text = 'Not at all'
153.2081 	EXP 	unnamed TextStim: text = 'My thoughts were focused on an external task or activity:'
153.2081 	EXP 	unnamed TextStim: text = 'Completely'
153.2081 	EXP 	unnamed TextStim: text = 'Not at all'
153.2221 	EXP 	unnamed TextStim: text = 'My thoughts were focused on an external task or activity:'
153.2221 	EXP 	unnamed TextStim: text = 'Completely'
153.2221 	EXP 	unnamed TextStim: text = 'Not at all'
153.2359 	EXP 	unnamed TextStim: text = 'My thoughts were focused on an external task or activity:'
153.2359 	EXP 	unnamed TextStim: text = 'Completely'
153.2359 	EXP 	unnamed TextStim: text = 'Not at all'
153.2489 	EXP 	unnamed TextStim: text = 'My thoughts were focused on an external task or activity:'
153.2489 	EXP 	unnamed TextStim: text = 'Completely'
153.2489 	EXP 	unnamed TextStim: text = 'Not at all'
153.2638 	EXP 	unnamed TextStim: text = 'My thoughts were focused on an external task or activity:'
153.2638 	EXP 	unnamed TextStim: text = 'Completely'
153.2638 	EXP 	unnamed TextStim: text = 'Not at all'
153.2771 	EXP 	unnamed TextStim: text = 'My thoughts were focused on an external task or activity:'
153.2771 	EXP 	unnamed TextStim: text = 'Completely'
153.2771 	EXP 	unnamed TextStim: text = 'Not at all'
153.2916 	EXP 	unnamed TextStim: text = 'My thoughts were focused on an external task or activity:'
153.2916 	EXP 	unnamed TextStim: text = 'Completely'
153.2916 	EXP 	unnamed TextStim: text = 'Not at all'
153.3053 	EXP 	unnamed TextStim: text = 'My thoughts were focused on an external task or activity:'
153.3053 	EXP 	unnamed TextStim: text = 'Completely'
153.3053 	EXP 	unnamed TextStim: text = 'Not at all'
153.3193 	EXP 	unnamed TextStim: text = 'My thoughts were focused on an external task or activity:'
153.3193 	EXP 	unnamed TextStim: text = 'Completely'
153.3193 	EXP 	unnamed TextStim: text = 'Not at all'
153.3326 	EXP 	unnamed TextStim: text = 'My thoughts were focused on an external task or activity:'
153.3326 	EXP 	unnamed TextStim: text = 'Completely'
153.3326 	EXP 	unnamed TextStim: text = 'Not at all'
153.3469 	EXP 	unnamed TextStim: text = 'My thoughts were focused on an external task or activity:'
153.3469 	EXP 	unnamed TextStim: text = 'Completely'
153.3469 	EXP 	unnamed TextStim: text = 'Not at all'
153.3608 	EXP 	unnamed TextStim: text = 'My thoughts were focused on an external task or activity:'
153.3608 	EXP 	unnamed TextStim: text = 'Completely'
153.3608 	EXP 	unnamed TextStim: text = 'Not at all'
153.3747 	EXP 	unnamed TextStim: text = 'My thoughts were focused on an external task or activity:'
153.3747 	EXP 	unnamed TextStim: text = 'Completely'
153.3747 	EXP 	unnamed TextStim: text = 'Not at all'
153.3891 	EXP 	unnamed TextStim: text = 'My thoughts were focused on an external task or activity:'
153.3891 	EXP 	unnamed TextStim: text = 'Completely'
153.3891 	EXP 	unnamed TextStim: text = 'Not at all'
153.4023 	EXP 	unnamed TextStim: text = 'My thoughts were focused on an external task or activity:'
153.4023 	EXP 	unnamed TextStim: text = 'Completely'
153.4023 	EXP 	unnamed TextStim: text = 'Not at all'
153.4163 	EXP 	unnamed TextStim: text = 'My thoughts were focused on an external task or activity:'
153.4163 	EXP 	unnamed TextStim: text = 'Completely'
153.4163 	EXP 	unnamed TextStim: text = 'Not at all'
153.4309 	EXP 	unnamed TextStim: text = 'My thoughts were focused on an external task or activity:'
153.4309 	EXP 	unnamed TextStim: text = 'Completely'
153.4309 	EXP 	unnamed TextStim: text = 'Not at all'
153.4443 	EXP 	unnamed TextStim: text = 'My thoughts were focused on an external task or activity:'
153.4443 	EXP 	unnamed TextStim: text = 'Completely'
153.4443 	EXP 	unnamed TextStim: text = 'Not at all'
153.4580 	EXP 	unnamed TextStim: text = 'My thoughts were focused on an external task or activity:'
153.4580 	EXP 	unnamed TextStim: text = 'Completely'
153.4580 	EXP 	unnamed TextStim: text = 'Not at all'
153.4719 	EXP 	unnamed TextStim: text = 'My thoughts were focused on an external task or activity:'
153.4719 	EXP 	unnamed TextStim: text = 'Completely'
153.4719 	EXP 	unnamed TextStim: text = 'Not at all'
153.4859 	EXP 	unnamed TextStim: text = 'My thoughts were focused on an external task or activity:'
153.4859 	EXP 	unnamed TextStim: text = 'Completely'
153.4859 	EXP 	unnamed TextStim: text = 'Not at all'
153.4996 	EXP 	unnamed TextStim: text = 'My thoughts were focused on an external task or activity:'
153.4996 	EXP 	unnamed TextStim: text = 'Completely'
153.4996 	EXP 	unnamed TextStim: text = 'Not at all'
153.5137 	EXP 	unnamed TextStim: text = 'My thoughts were focused on an external task or activity:'
153.5137 	EXP 	unnamed TextStim: text = 'Completely'
153.5137 	EXP 	unnamed TextStim: text = 'Not at all'
153.5274 	EXP 	unnamed TextStim: text = 'My thoughts were focused on an external task or activity:'
153.5274 	EXP 	unnamed TextStim: text = 'Completely'
153.5274 	EXP 	unnamed TextStim: text = 'Not at all'
153.5417 	EXP 	unnamed TextStim: text = 'My thoughts were focused on an external task or activity:'
153.5417 	EXP 	unnamed TextStim: text = 'Completely'
153.5417 	EXP 	unnamed TextStim: text = 'Not at all'
153.5555 	EXP 	unnamed TextStim: text = 'My thoughts were focused on an external task or activity:'
153.5555 	EXP 	unnamed TextStim: text = 'Completely'
153.5555 	EXP 	unnamed TextStim: text = 'Not at all'
153.5692 	EXP 	unnamed TextStim: text = 'My thoughts were focused on an external task or activity:'
153.5692 	EXP 	unnamed TextStim: text = 'Completely'
153.5692 	EXP 	unnamed TextStim: text = 'Not at all'
153.5848 	EXP 	unnamed TextStim: text = 'My thoughts were focused on an external task or activity:'
153.5848 	EXP 	unnamed TextStim: text = 'Completely'
153.5848 	EXP 	unnamed TextStim: text = 'Not at all'
153.5928 	DATA 	Keypress: down
153.5986 	EXP 	unnamed TextStim: text = 'My thoughts were focused on an external task or activity:'
153.5986 	EXP 	unnamed TextStim: text = 'Completely'
153.5986 	EXP 	unnamed TextStim: text = 'Not at all'
153.6110 	EXP 	unnamed TextStim: text = 'My thoughts were focused on an external task or activity:'
153.6110 	EXP 	unnamed TextStim: text = 'Completely'
153.6110 	EXP 	unnamed TextStim: text = 'Not at all'
153.6249 	EXP 	unnamed TextStim: text = 'My thoughts were focused on an external task or activity:'
153.6249 	EXP 	unnamed TextStim: text = 'Completely'
153.6249 	EXP 	unnamed TextStim: text = 'Not at all'
153.6387 	EXP 	unnamed TextStim: text = 'My thoughts were focused on an external task or activity:'
153.6387 	EXP 	unnamed TextStim: text = 'Completely'
153.6387 	EXP 	unnamed TextStim: text = 'Not at all'
153.6527 	EXP 	unnamed TextStim: text = 'My thoughts were focused on an external task or activity:'
153.6527 	EXP 	unnamed TextStim: text = 'Completely'
153.6527 	EXP 	unnamed TextStim: text = 'Not at all'
153.6661 	EXP 	unnamed TextStim: text = 'My thoughts were focused on an external task or activity:'
153.6661 	EXP 	unnamed TextStim: text = 'Completely'
153.6661 	EXP 	unnamed TextStim: text = 'Not at all'
153.6799 	EXP 	unnamed TextStim: text = 'My thoughts were focused on an external task or activity:'
153.6799 	EXP 	unnamed TextStim: text = 'Completely'
153.6799 	EXP 	unnamed TextStim: text = 'Not at all'
153.6944 	EXP 	unnamed TextStim: text = 'My thoughts were focused on an external task or activity:'
153.6944 	EXP 	unnamed TextStim: text = 'Completely'
153.6944 	EXP 	unnamed TextStim: text = 'Not at all'
153.7083 	EXP 	unnamed TextStim: text = 'My thoughts were focused on an external task or activity:'
153.7083 	EXP 	unnamed TextStim: text = 'Completely'
153.7083 	EXP 	unnamed TextStim: text = 'Not at all'
153.7217 	EXP 	unnamed TextStim: text = 'My thoughts were focused on an external task or activity:'
153.7217 	EXP 	unnamed TextStim: text = 'Completely'
153.7217 	EXP 	unnamed TextStim: text = 'Not at all'
153.7358 	EXP 	unnamed TextStim: text = 'My thoughts were focused on an external task or activity:'
153.7358 	EXP 	unnamed TextStim: text = 'Completely'
153.7358 	EXP 	unnamed TextStim: text = 'Not at all'
153.7497 	EXP 	unnamed TextStim: text = 'My thoughts were focused on an external task or activity:'
153.7497 	EXP 	unnamed TextStim: text = 'Completely'
153.7497 	EXP 	unnamed TextStim: text = 'Not at all'
153.7638 	EXP 	unnamed TextStim: text = 'My thoughts were focused on an external task or activity:'
153.7638 	EXP 	unnamed TextStim: text = 'Completely'
153.7638 	EXP 	unnamed TextStim: text = 'Not at all'
153.7776 	EXP 	unnamed TextStim: text = 'My thoughts were focused on an external task or activity:'
153.7776 	EXP 	unnamed TextStim: text = 'Completely'
153.7776 	EXP 	unnamed TextStim: text = 'Not at all'
153.7913 	EXP 	unnamed TextStim: text = 'My thoughts were focused on an external task or activity:'
153.7913 	EXP 	unnamed TextStim: text = 'Completely'
153.7913 	EXP 	unnamed TextStim: text = 'Not at all'
153.8004 	DATA 	Keypress: return
153.8005 	DATA 	RatingScale unnamed RatingScale: (key response) rating=9.0
153.8006 	DATA 	RatingScale unnamed RatingScale: rating RT=1.116
153.8006 	DATA 	RatingScale unnamed RatingScale: history=[(8, 0.0), (9.0, 1.116)]
153.8051 	EXP 	unnamed TextStim: text = 'My thoughts were focused on an external task or activity:'
153.8051 	EXP 	unnamed TextStim: text = 'Completely'
153.8051 	EXP 	unnamed TextStim: text = 'Not at all'
154.8062 	EXP 	New trial (rep=0, index=1): OrderedDict([('Questions', 'My thoughts involved future events:'), ('Label', 'Future'), ('Scale_low', 'Not at all'), ('Scale_high', 'Completely')])
154.8266 	EXP 	unnamed TextStim: text = 'My thoughts involved future events:'
154.8266 	EXP 	unnamed TextStim: text = 'Completely'
154.8266 	EXP 	unnamed TextStim: text = 'Not at all'
154.8404 	EXP 	unnamed TextStim: text = 'My thoughts involved future events:'
154.8404 	EXP 	unnamed TextStim: text = 'Completely'
154.8404 	EXP 	unnamed TextStim: text = 'Not at all'
154.8542 	EXP 	unnamed TextStim: text = 'My thoughts involved future events:'
154.8542 	EXP 	unnamed TextStim: text = 'Completely'
154.8542 	EXP 	unnamed TextStim: text = 'Not at all'
154.8677 	EXP 	unnamed TextStim: text = 'My thoughts involved future events:'
154.8677 	EXP 	unnamed TextStim: text = 'Completely'
154.8677 	EXP 	unnamed TextStim: text = 'Not at all'
154.8819 	EXP 	unnamed TextStim: text = 'My thoughts involved future events:'
154.8819 	EXP 	unnamed TextStim: text = 'Completely'
154.8819 	EXP 	unnamed TextStim: text = 'Not at all'
154.8953 	EXP 	unnamed TextStim: text = 'My thoughts involved future events:'
154.8953 	EXP 	unnamed TextStim: text = 'Completely'
154.8953 	EXP 	unnamed TextStim: text = 'Not at all'
154.9095 	EXP 	unnamed TextStim: text = 'My thoughts involved future events:'
154.9095 	EXP 	unnamed TextStim: text = 'Completely'
154.9095 	EXP 	unnamed TextStim: text = 'Not at all'
154.9234 	EXP 	unnamed TextStim: text = 'My thoughts involved future events:'
154.9234 	EXP 	unnamed TextStim: text = 'Completely'
154.9234 	EXP 	unnamed TextStim: text = 'Not at all'
154.9374 	EXP 	unnamed TextStim: text = 'My thoughts involved future events:'
154.9374 	EXP 	unnamed TextStim: text = 'Completely'
154.9374 	EXP 	unnamed TextStim: text = 'Not at all'
154.9512 	EXP 	unnamed TextStim: text = 'My thoughts involved future events:'
154.9512 	EXP 	unnamed TextStim: text = 'Completely'
154.9512 	EXP 	unnamed TextStim: text = 'Not at all'
154.9654 	EXP 	unnamed TextStim: text = 'My thoughts involved future events:'
154.9654 	EXP 	unnamed TextStim: text = 'Completely'
154.9654 	EXP 	unnamed TextStim: text = 'Not at all'
154.9790 	EXP 	unnamed TextStim: text = 'My thoughts involved future events:'
154.9790 	EXP 	unnamed TextStim: text = 'Completely'
154.9790 	EXP 	unnamed TextStim: text = 'Not at all'
154.9929 	EXP 	unnamed TextStim: text = 'My thoughts involved future events:'
154.9929 	EXP 	unnamed TextStim: text = 'Completely'
154.9929 	EXP 	unnamed TextStim: text = 'Not at all'
155.0071 	EXP 	unnamed TextStim: text = 'My thoughts involved future events:'
155.0071 	EXP 	unnamed TextStim: text = 'Completely'
155.0071 	EXP 	unnamed TextStim: text = 'Not at all'
155.0210 	EXP 	unnamed TextStim: text = 'My thoughts involved future events:'
155.0210 	EXP 	unnamed TextStim: text = 'Completely'
155.0210 	EXP 	unnamed TextStim: text = 'Not at all'
155.0350 	EXP 	unnamed TextStim: text = 'My thoughts involved future events:'
155.0350 	EXP 	unnamed TextStim: text = 'Completely'
155.0350 	EXP 	unnamed TextStim: text = 'Not at all'
155.0485 	EXP 	unnamed TextStim: text = 'My thoughts involved future events:'
155.0485 	EXP 	unnamed TextStim: text = 'Completely'
155.0485 	EXP 	unnamed TextStim: text = 'Not at all'
155.0622 	EXP 	unnamed TextStim: text = 'My thoughts involved future events:'
155.0622 	EXP 	unnamed TextStim: text = 'Completely'
155.0622 	EXP 	unnamed TextStim: text = 'Not at all'
155.0763 	EXP 	unnamed TextStim: text = 'My thoughts involved future events:'
155.0763 	EXP 	unnamed TextStim: text = 'Completely'
155.0763 	EXP 	unnamed TextStim: text = 'Not at all'
155.0904 	EXP 	unnamed TextStim: text = 'My thoughts involved future events:'
155.0904 	EXP 	unnamed TextStim: text = 'Completely'
155.0904 	EXP 	unnamed TextStim: text = 'Not at all'
155.1002 	DATA 	Keypress: down
155.1018 	EXP 	unnamed TextStim: text = 'My thoughts involved future events:'
155.1018 	EXP 	unnamed TextStim: text = 'Completely'
155.1018 	EXP 	unnamed TextStim: text = 'Not at all'
155.1182 	EXP 	unnamed TextStim: text = 'My thoughts involved future events:'
155.1182 	EXP 	unnamed TextStim: text = 'Completely'
155.1182 	EXP 	unnamed TextStim: text = 'Not at all'
155.1318 	EXP 	unnamed TextStim: text = 'My thoughts involved future events:'
155.1318 	EXP 	unnamed TextStim: text = 'Completely'
155.1318 	EXP 	unnamed TextStim: text = 'Not at all'
155.1458 	EXP 	unnamed TextStim: text = 'My thoughts involved future events:'
155.1458 	EXP 	unnamed TextStim: text = 'Completely'
155.1458 	EXP 	unnamed TextStim: text = 'Not at all'
155.1593 	EXP 	unnamed TextStim: text = 'My thoughts involved future events:'
155.1593 	EXP 	unnamed TextStim: text = 'Completely'
155.1593 	EXP 	unnamed TextStim: text = 'Not at all'
155.1734 	EXP 	unnamed TextStim: text = 'My thoughts involved future events:'
155.1734 	EXP 	unnamed TextStim: text = 'Completely'
155.1734 	EXP 	unnamed TextStim: text = 'Not at all'
155.1873 	EXP 	unnamed TextStim: text = 'My thoughts involved future events:'
155.1873 	EXP 	unnamed TextStim: text = 'Completely'
155.1873 	EXP 	unnamed TextStim: text = 'Not at all'
155.2012 	EXP 	unnamed TextStim: text = 'My thoughts involved future events:'
155.2012 	EXP 	unnamed TextStim: text = 'Completely'
155.2012 	EXP 	unnamed TextStim: text = 'Not at all'
155.2150 	EXP 	unnamed TextStim: text = 'My thoughts involved future events:'
155.2150 	EXP 	unnamed TextStim: text = 'Completely'
155.2150 	EXP 	unnamed TextStim: text = 'Not at all'
155.2361 	EXP 	unnamed TextStim: text = 'My thoughts involved future events:'
155.2361 	EXP 	unnamed TextStim: text = 'Completely'
155.2361 	EXP 	unnamed TextStim: text = 'Not at all'
155.2502 	EXP 	unnamed TextStim: text = 'My thoughts involved future events:'
155.2502 	EXP 	unnamed TextStim: text = 'Completely'
155.2502 	EXP 	unnamed TextStim: text = 'Not at all'
155.2636 	EXP 	unnamed TextStim: text = 'My thoughts involved future events:'
155.2636 	EXP 	unnamed TextStim: text = 'Completely'
155.2636 	EXP 	unnamed TextStim: text = 'Not at all'
155.2723 	DATA 	Keypress: return
155.2724 	DATA 	RatingScale unnamed RatingScale: (key response) rating=6.0
155.2779 	EXP 	unnamed TextStim: text = 'My thoughts involved future events:'
155.2779 	EXP 	unnamed TextStim: text = 'Completely'
155.2779 	EXP 	unnamed TextStim: text = 'Not at all'
156.2886 	EXP 	Created instruction = TextStim(__class__=<class 'psychopy.visual.text.TextStim'>, alignHoriz=method-wrapper(...), alignText='center', alignVert=method-wrapper(...), anchorHoriz='center', anchorVert='center', antialias=True, autoLog=True, bold=False, color=array([-1., -1., -1.]), colorSpace='rgb', contrast=1.0, depth=0, flipHoriz=False, flipVert=False, font='sans', fontFiles=[], height=0.1, italic=False, languageStyle='LTR', name='instruction', opacity=1.0, ori=0.0, pos=array([0., 0.]), rgb=UNKNOWN, text='default text', units='norm', win=Window(...), wrapWidth=1)
156.8170 	EXP 	window1: mouseVisible = True
