2.5978 	WARNING 	Speech-to-text recognition module not available (use command `pip install SpeechRecognition` to get it. Transcription will be unavailable.
2.6581 	WARNING 	We strongly recommend you activate the PTB sound engine in PsychoPy prefs as the preferred audio engine. Its timing is vastly superior. Your prefs are currently set to use ['sounddevice', 'PTB', 'pyo', 'pygame'] (in that order).
2.6709 	WARNING 	Monitor specification not found. Creating a temporary one...
6.8291 	EXP 	window1: mouseVisible = False
6.8756 	EXP 	Created instruction = TextStim(__class__=<class 'psychopy.visual.text.TextStim'>, alignHoriz=method-wrapper(...), alignText='center', alignVert=method-wrapper(...), anchorHoriz='center', anchorVert='center', antialias=True, autoLog=True, bold=False, color=array([-1., -1., -1.]), colorSpace='rgb', contrast=1.0, depth=0, flipHoriz=False, flipVert=False, font=list(...), fontFiles=[], height=0.08, italic=False, languageStyle='LTR', name='instruction', opacity=1.0, ori=0.0, pos=array([0., 0.]), rgb=UNKNOWN, text='default text', units='norm', win=Window(...), wrapWidth=1100)
6.9039 	EXP 	instruction: size = 0.8
6.9039 	EXP 	instruction: text = 'Advance to instructions...\r\n'
8.2489 	EXP 	instruction: text = '\r\nWelcome to our experiment.\r\n\r\nIn it you will be asked to attend to pairs of different shapes \r\ndivided by a vertical line in the middle of the screen.\r\n\r\nYou will only be required to keep your eyes in the \r\ncentre of the screen and attend to the shapes most of the time.\r\n\r\nWhen a reaction is required, the vertical line will change colour.\r\n\r\n\r\nPress "1" to continue reading.\r\n'
9.2743 	DATA 	Keypress: return
9.2971 	EXP 	instruction: text = '\r\nThe condition will switch between blocks.\r\nThe two types of conditions are 0-back and 1-back.\r\n\r\nIf the line is BLUE, the trial is a 0-back block.\r\nIf the line is RED, the trial is a 1-back block.\r\n\r\n\r\nPress "1" to continue reading.\r\n'
10.3212 	DATA 	Keypress: return
10.3527 	EXP 	instruction: text = '\r\nWhen an event occurs in a 0-back block, \r\nthe screen displays a pair of shapes and a smaller target item in the middle.\r\nYou answer according to the CURRENT screen.\r\n\r\nWhen an event occurs in a 1-back block, \r\nthe screen displays a pair of "?" and a smaller target item in the middle.\r\nYou answer according to the PREVIOUS screen.\r\n\r\nYou are using key "1" and "2" to indicate LEFT or RIGHT.\r\nYou should try to be as quick and accurate as possible.\r\n\r\n\r\nPress "1" to continue reading.\r\n'
11.2545 	DATA 	Keypress: return
11.3487 	EXP 	instruction: text = '\r\nWe are interested in the thoughts that you experienced \r\nduring the rest period. A list of descriptions and a rating scale \r\nwill be presented on the screen. Please use the four buttons to indicate how \r\nmuch each description reflects your experience.\r\n\r\nPress "1" to move the tick mark towards 1, indicates "not at all".\r\nPress "2" to move the tick mark towards 10, indicates "completely".\r\nPress "4" to confirm the rating.\r\n\r\nPlease note that there are no right or wrong answers.\r\nAnswer the questions as fast as possible.\r\n\r\n\r\nPress "1" to start the task.\r\n'
11.8951 	DATA 	Keypress: return
11.9005 	EXP 	Created unnamed TextStim = TextStim(__class__=<class 'psychopy.visual.text.TextStim'>, alignHoriz=method-wrapper(...), alignText='center', alignVert=method-wrapper(...), anchorHoriz='center', anchorVert='center', antialias=True, autoLog=True, bold=False, color=array([-1., -1., -1.]), colorSpace='rgb', contrast=1.0, depth=0, flipHoriz=False, flipVert=False, font=list(...), fontFiles=[], height=0.1, italic=False, languageStyle='LTR', name='unnamed TextStim', opacity=1.0, ori=0.0, pos=array([0., 0.]), rgb=UNKNOWN, text='+', units='norm', win=Window(...), wrapWidth=1100)
11.9034 	EXP 	Created verticle line = Line(__class__=<class 'psychopy.visual.line.Line'>, autoDraw=False, autoLog=True, closeShape=False, color=array([-1., -1., -1.]), colorSpace='rgb', contrast=None, depth=0, fillColor=array([0, 0, 0]), fillColorSpace='rgb', fillRGB=array([0, 0, 0]), interpolate=True, lineColor=array([-1., -1., -1.]), lineColorSpace='rgb', lineRGB=array([-1, -1, -1]), lineWidth=3, name='verticle line', opacity=0.5, ori=0.0, pos=array([0., 0.]), size=array([1., 1.]), units='norm', vertices=array([[ 0.  ,  0.75],
       [ 0.  , -0.75]]), win=Window(...), windingRule=None)
11.9049 	EXP 	Created dash line = ShapeStim(__class__=<class 'psychopy.visual.shape.ShapeStim'>, autoDraw=False, autoLog=True, closeShape=True, color=method-wrapper(...), colorSpace='rgb', contrast=None, depth=0, fillColor=array([-1, -1, -1]), fillColorSpace='rgb', fillRGB=array([-1, -1, -1]), interpolate=True, lineColor=array([0., 0., 0.]), lineColorSpace='rgb', lineRGB=array([0, 0, 0]), lineWidth=1.5, name='dash line', opacity=0.5, ori=0.0, pos=array([0. , 2.5]), size=array([1., 1.]), units='norm', vertices=ndarray(...), win=Window(...), windingRule=None)
11.9364 	EXP 	Created stimPic-left = ImageStim(__class__=<class 'psychopy.visual.image.ImageStim'>, autoLog=True, color=array([1., 1., 1.]), colorSpace='rgb', contrast=1.0, depth=0, flipHoriz=False, flipVert=False, image=None, interpolate=False, mask=None, maskParams=None, name='stimPic-left', opacity=1, ori=0.0, pos=array([-0.5,  0. ]), size=array([0.5 , 0.75]), texRes=128, units='norm', win=Window(...))
11.9379 	EXP 	Created stimPic-right = ImageStim(__class__=<class 'psychopy.visual.image.ImageStim'>, autoLog=True, color=array([1., 1., 1.]), colorSpace='rgb', contrast=1.0, depth=0, flipHoriz=False, flipVert=False, image=None, interpolate=False, mask=None, maskParams=None, name='stimPic-right', opacity=1, ori=0.0, pos=array([0.5, 0. ]), size=array([0.5 , 0.75]), texRes=128, units='norm', win=Window(...))
11.9391 	EXP 	Created stimPic-middle = ImageStim(__class__=<class 'psychopy.visual.image.ImageStim'>, autoLog=True, color=array([1., 1., 1.]), colorSpace='rgb', contrast=1.0, depth=0, flipHoriz=False, flipVert=False, image=None, interpolate=False, mask=None, maskParams=None, name='stimPic-middle', opacity=1, ori=0.0, pos=array([0., 0.]), size=array([0.25, 0.4 ]), texRes=128, units='norm', win=Window(...))
11.9435 	EXP 	Created unnamed TextStim = TextStim(__class__=<class 'psychopy.visual.text.TextStim'>, alignHoriz=method-wrapper(...), alignText='center', alignVert=method-wrapper(...), anchorHoriz='center', anchorVert='center', antialias=True, autoLog=True, bold=False, color=array([-1., -1., -1.]), colorSpace='rgb', contrast=1.0, depth=0, flipHoriz=False, flipVert=False, font='', fontFiles=[], height=0.1, italic=False, languageStyle='LTR', name='unnamed TextStim', opacity=1.0, ori=0.0, pos=array([-0.5,  0. ]), rgb=UNKNOWN, text='?', units='norm', win=Window(...), wrapWidth=500)
11.9455 	EXP 	Created unnamed TextStim = TextStim(__class__=<class 'psychopy.visual.text.TextStim'>, alignHoriz=method-wrapper(...), alignText='center', alignVert=method-wrapper(...), anchorHoriz='center', anchorVert='center', antialias=True, autoLog=True, bold=False, color=array([-1., -1., -1.]), colorSpace='rgb', contrast=1.0, depth=0, flipHoriz=False, flipVert=False, font='', fontFiles=[], height=0.1, italic=False, languageStyle='LTR', name='unnamed TextStim', opacity=1.0, ori=0.0, pos=array([0.5, 0. ]), rgb=UNKNOWN, text='?', units='norm', win=Window(...), wrapWidth=500)
11.9471 	EXP 	Created unnamed TextStim = TextStim(__class__=<class 'psychopy.visual.text.TextStim'>, alignHoriz=method-wrapper(...), alignText='center', alignVert=method-wrapper(...), anchorHoriz='center', anchorVert='center', antialias=True, autoLog=True, bold=False, color=array([1., 1., 1.]), colorSpace='rgb', contrast=1.0, depth=0, flipHoriz=False, flipVert=False, font='', fontFiles=[], height=0.1, italic=False, languageStyle='LTR', name='unnamed TextStim', opacity=1.0, ori=0.0, pos=array([0., 0.]), rgb=UNKNOWN, text='?', units='norm', win=Window(...), wrapWidth=200)
11.9534 	EXP 	Created unnamed TextStim = TextStim(__class__=<class 'psychopy.visual.text.TextStim'>, alignHoriz=method-wrapper(...), alignText='center', alignVert=method-wrapper(...), anchorHoriz='center', anchorVert='center', antialias=True, autoLog=True, bold=False, color=array([-1., -1., -1.]), colorSpace='rgb', contrast=1.0, depth=0, flipHoriz=False, flipVert=False, font=list(...), fontFiles=[], height=0.1, italic=False, languageStyle='LTR', name='unnamed TextStim', opacity=1.0, ori=0.0, pos=array([0., 0.]), rgb=UNKNOWN, text='Switch', units='norm', win=Window(...), wrapWidth=1100)
11.9687 	EXP 	Created unnamed TextStim = TextStim(__class__=<class 'psychopy.visual.text.TextStim'>, alignHoriz=method-wrapper(...), alignText='center', alignVert=method-wrapper(...), anchorHoriz='center', anchorVert='center', antialias=True, autoLog=True, bold=False, color=array([-1., -1., -1.]), colorSpace='rgb', contrast=1.0, depth=0, flipHoriz=False, flipVert=False, font='', fontFiles=[], height=0.1, italic=False, languageStyle='LTR', name='unnamed TextStim', opacity=1.0, ori=0.0, pos=array([0., 0.]), rgb=UNKNOWN, text=str(...), units='norm', win=Window(...), wrapWidth=1100)
13.6309 	EXP 	stimPic-left: image = 'c:\\Users\\Ian\\Documents\\GitHub\\7T-battery\\Ian_Scripts\\taskScripts//resources//ZeroBack_Task//stimuli//square.png'
13.6309 	EXP 	stimPic-right: image = 'c:\\Users\\Ian\\Documents\\GitHub\\7T-battery\\Ian_Scripts\\taskScripts//resources//ZeroBack_Task//stimuli//circle.png'
17.0874 	EXP 	stimPic-left: image = 'c:\\Users\\Ian\\Documents\\GitHub\\7T-battery\\Ian_Scripts\\taskScripts//resources//ZeroBack_Task//stimuli//triangle.png'
17.0874 	EXP 	stimPic-right: image = 'c:\\Users\\Ian\\Documents\\GitHub\\7T-battery\\Ian_Scripts\\taskScripts//resources//ZeroBack_Task//stimuli//square.png'
19.6481 	DATA 	Keypress: return
19.6669 	EXP 	Created instruction = TextStim(__class__=<class 'psychopy.visual.text.TextStim'>, alignHoriz=method-wrapper(...), alignText='center', alignVert=method-wrapper(...), anchorHoriz='center', anchorVert='center', antialias=True, autoLog=True, bold=False, color=array([-1., -1., -1.]), colorSpace='rgb', contrast=1.0, depth=0, flipHoriz=False, flipVert=False, font='sans', fontFiles=[], height=0.1, italic=False, languageStyle='LTR', name='instruction', opacity=1.0, ori=0.0, pos=array([0., 0.]), rgb=UNKNOWN, text='default text', units='norm', win=Window(...), wrapWidth=1)
19.6889 	EXP 	instruction: text = 'Please answer the questions honestly.\n\nA list of descriptions and a rating scale ranging from 1 to 10 will be presented on the screen.\n\nPlease use the left and right arrow keys to select your answer, and the enter button to confirm.'
20.5407 	DATA 	Keypress: return
20.5590 	EXP 	Imported c:\Users\Ian\Documents\GitHub\7T-battery\Ian_Scripts\taskScripts//resources//ESQ//ESQ_Questions.csv as conditions, 14 conditions, 4 params
20.5598 	EXP 	Created sequence: sequential, trialTypes=14, nReps=1, seed=None
20.6172 	WARNING 	RatingScale unnamed RatingScale: len(labels) not equal to len(tickMarks)
20.6178 	EXP 	window1: mouseVisible = True
20.6455 	EXP 	Created unnamed RatingScale = RatingScale(__class__=type(...), acceptKeys=['return'], acceptPreText=UNKNOWN, acceptSize=UNKNOWN, acceptText='accept?', autoLog=True, choices=False, colorSpace='rgb', depth=0, disappear=False, flipVert=False, high=10, kwargs=UNKNOWN, labels=list(...), leftKeys=['left'], lineColor='black', low=1, marker=ShapeStim(...), markerColor='black', markerExpansion=UNKNOWN, markerStart=4.5, maxTime=0.0, minTime=0.4, mouseOnly=False, name='unnamed RatingScale', noMouse=False, pos=[0.0, -0.4], precision=10, respKeys=[], rightKeys=['right'], scale=False, self=UNKNOWN, showAccept=True, showValue=True, singleClick=False, size=0.6, skipKeys=['tab'], stretch=1.0, textColor='black', textFont='Helvetica Bold', textSize=0.12, tickHeight=1.0, tickMarks=9.0, win=Window(...))
20.6468 	EXP 	Created unnamed TextStim = TextStim(__class__=<class 'psychopy.visual.text.TextStim'>, alignHoriz=method-wrapper(...), alignText='center', alignVert=method-wrapper(...), anchorHoriz='center', anchorVert='top', antialias=True, autoLog=True, bold=False, color=array([-1., -1., -1.]), colorSpace='rgb', contrast=1.0, depth=0, flipHoriz=False, flipVert=False, font='', fontFiles=[], height=0.1, italic=False, languageStyle='LTR', name='unnamed TextStim', opacity=1.0, ori=0.0, pos=array([0., 0.]), rgb=UNKNOWN, text='', units='norm', win=Window(...), wrapWidth=1)
20.6477 	EXP 	Created unnamed TextStim = TextStim(__class__=<class 'psychopy.visual.text.TextStim'>, alignHoriz=method-wrapper(...), alignText='center', alignVert=method-wrapper(...), anchorHoriz='center', anchorVert='center', antialias=True, autoLog=True, bold=False, color=array([-1., -1., -1.]), colorSpace='rgb', contrast=1.0, depth=0, flipHoriz=False, flipVert=False, font='', fontFiles=[], height=0.1, italic=False, languageStyle='LTR', name='unnamed TextStim', opacity=1.0, ori=0.0, pos=array([ 0.5, -0.5]), rgb=UNKNOWN, text='', units='norm', win=Window(...), wrapWidth=1)
20.6486 	EXP 	Created unnamed TextStim = TextStim(__class__=<class 'psychopy.visual.text.TextStim'>, alignHoriz=method-wrapper(...), alignText='center', alignVert=method-wrapper(...), anchorHoriz='center', anchorVert='center', antialias=True, autoLog=True, bold=False, color=array([-1., -1., -1.]), colorSpace='rgb', contrast=1.0, depth=0, flipHoriz=False, flipVert=False, font='', fontFiles=[], height=0.1, italic=False, languageStyle='LTR', name='unnamed TextStim', opacity=1.0, ori=0.0, pos=array([-0.5, -0.5]), rgb=UNKNOWN, text='', units='norm', win=Window(...), wrapWidth=1)
20.6488 	EXP 	New trial (rep=0, index=0): OrderedDict([('Questions', 'My thoughts were focused on an external task or activity:'), ('Label', 'Focus'), ('Scale_low', 'Not at all'), ('Scale_high', 'Completely')])
20.6719 	EXP 	unnamed RatingScale: flipVert = False
20.6719 	EXP 	unnamed RatingScale: autoLog = True
20.6719 	EXP 	unnamed TextStim: text = 'My thoughts were focused on an external task or activity:'
20.6719 	EXP 	unnamed TextStim: text = 'Completely'
20.6719 	EXP 	unnamed TextStim: text = 'Not at all'
20.6795 	EXP 	unnamed TextStim: text = 'My thoughts were focused on an external task or activity:'
20.6795 	EXP 	unnamed TextStim: text = 'Completely'
20.6795 	EXP 	unnamed TextStim: text = 'Not at all'
20.6864 	EXP 	unnamed TextStim: text = 'My thoughts were focused on an external task or activity:'
20.6864 	EXP 	unnamed TextStim: text = 'Completely'
20.6864 	EXP 	unnamed TextStim: text = 'Not at all'
20.6930 	EXP 	unnamed TextStim: text = 'My thoughts were focused on an external task or activity:'
20.6930 	EXP 	unnamed TextStim: text = 'Completely'
20.6930 	EXP 	unnamed TextStim: text = 'Not at all'
20.6996 	EXP 	unnamed TextStim: text = 'My thoughts were focused on an external task or activity:'
20.6996 	EXP 	unnamed TextStim: text = 'Completely'
20.6996 	EXP 	unnamed TextStim: text = 'Not at all'
20.7068 	EXP 	unnamed TextStim: text = 'My thoughts were focused on an external task or activity:'
20.7068 	EXP 	unnamed TextStim: text = 'Completely'
20.7068 	EXP 	unnamed TextStim: text = 'Not at all'
20.7138 	EXP 	unnamed TextStim: text = 'My thoughts were focused on an external task or activity:'
20.7138 	EXP 	unnamed TextStim: text = 'Completely'
20.7138 	EXP 	unnamed TextStim: text = 'Not at all'
20.7207 	EXP 	unnamed TextStim: text = 'My thoughts were focused on an external task or activity:'
20.7207 	EXP 	unnamed TextStim: text = 'Completely'
20.7207 	EXP 	unnamed TextStim: text = 'Not at all'
20.7277 	EXP 	unnamed TextStim: text = 'My thoughts were focused on an external task or activity:'
20.7277 	EXP 	unnamed TextStim: text = 'Completely'
20.7277 	EXP 	unnamed TextStim: text = 'Not at all'
20.7344 	EXP 	unnamed TextStim: text = 'My thoughts were focused on an external task or activity:'
20.7344 	EXP 	unnamed TextStim: text = 'Completely'
20.7344 	EXP 	unnamed TextStim: text = 'Not at all'
20.7425 	EXP 	unnamed TextStim: text = 'My thoughts were focused on an external task or activity:'
20.7425 	EXP 	unnamed TextStim: text = 'Completely'
20.7425 	EXP 	unnamed TextStim: text = 'Not at all'
20.7487 	EXP 	unnamed TextStim: text = 'My thoughts were focused on an external task or activity:'
20.7487 	EXP 	unnamed TextStim: text = 'Completely'
20.7487 	EXP 	unnamed TextStim: text = 'Not at all'
20.7560 	EXP 	unnamed TextStim: text = 'My thoughts were focused on an external task or activity:'
20.7560 	EXP 	unnamed TextStim: text = 'Completely'
20.7560 	EXP 	unnamed TextStim: text = 'Not at all'
20.7631 	EXP 	unnamed TextStim: text = 'My thoughts were focused on an external task or activity:'
20.7631 	EXP 	unnamed TextStim: text = 'Completely'
20.7631 	EXP 	unnamed TextStim: text = 'Not at all'
20.7697 	EXP 	unnamed TextStim: text = 'My thoughts were focused on an external task or activity:'
20.7697 	EXP 	unnamed TextStim: text = 'Completely'
20.7697 	EXP 	unnamed TextStim: text = 'Not at all'
20.7766 	EXP 	unnamed TextStim: text = 'My thoughts were focused on an external task or activity:'
20.7766 	EXP 	unnamed TextStim: text = 'Completely'
20.7766 	EXP 	unnamed TextStim: text = 'Not at all'
20.7833 	EXP 	unnamed TextStim: text = 'My thoughts were focused on an external task or activity:'
20.7833 	EXP 	unnamed TextStim: text = 'Completely'
20.7833 	EXP 	unnamed TextStim: text = 'Not at all'
20.7904 	EXP 	unnamed TextStim: text = 'My thoughts were focused on an external task or activity:'
20.7904 	EXP 	unnamed TextStim: text = 'Completely'
20.7904 	EXP 	unnamed TextStim: text = 'Not at all'
20.7972 	EXP 	unnamed TextStim: text = 'My thoughts were focused on an external task or activity:'
20.7972 	EXP 	unnamed TextStim: text = 'Completely'
20.7972 	EXP 	unnamed TextStim: text = 'Not at all'
20.8051 	EXP 	unnamed TextStim: text = 'My thoughts were focused on an external task or activity:'
20.8051 	EXP 	unnamed TextStim: text = 'Completely'
20.8051 	EXP 	unnamed TextStim: text = 'Not at all'
20.8110 	EXP 	unnamed TextStim: text = 'My thoughts were focused on an external task or activity:'
20.8110 	EXP 	unnamed TextStim: text = 'Completely'
20.8110 	EXP 	unnamed TextStim: text = 'Not at all'
20.8178 	EXP 	unnamed TextStim: text = 'My thoughts were focused on an external task or activity:'
20.8178 	EXP 	unnamed TextStim: text = 'Completely'
20.8178 	EXP 	unnamed TextStim: text = 'Not at all'
20.8248 	EXP 	unnamed TextStim: text = 'My thoughts were focused on an external task or activity:'
20.8248 	EXP 	unnamed TextStim: text = 'Completely'
20.8248 	EXP 	unnamed TextStim: text = 'Not at all'
20.8319 	EXP 	unnamed TextStim: text = 'My thoughts were focused on an external task or activity:'
20.8319 	EXP 	unnamed TextStim: text = 'Completely'
20.8319 	EXP 	unnamed TextStim: text = 'Not at all'
20.8388 	EXP 	unnamed TextStim: text = 'My thoughts were focused on an external task or activity:'
20.8388 	EXP 	unnamed TextStim: text = 'Completely'
20.8388 	EXP 	unnamed TextStim: text = 'Not at all'
20.8460 	EXP 	unnamed TextStim: text = 'My thoughts were focused on an external task or activity:'
20.8460 	EXP 	unnamed TextStim: text = 'Completely'
20.8460 	EXP 	unnamed TextStim: text = 'Not at all'
20.8530 	EXP 	unnamed TextStim: text = 'My thoughts were focused on an external task or activity:'
20.8530 	EXP 	unnamed TextStim: text = 'Completely'
20.8530 	EXP 	unnamed TextStim: text = 'Not at all'
20.8661 	EXP 	unnamed TextStim: text = 'My thoughts were focused on an external task or activity:'
20.8661 	EXP 	unnamed TextStim: text = 'Completely'
20.8661 	EXP 	unnamed TextStim: text = 'Not at all'
20.8734 	EXP 	unnamed TextStim: text = 'My thoughts were focused on an external task or activity:'
20.8734 	EXP 	unnamed TextStim: text = 'Completely'
20.8734 	EXP 	unnamed TextStim: text = 'Not at all'
20.8802 	EXP 	unnamed TextStim: text = 'My thoughts were focused on an external task or activity:'
20.8802 	EXP 	unnamed TextStim: text = 'Completely'
20.8802 	EXP 	unnamed TextStim: text = 'Not at all'
20.8878 	EXP 	unnamed TextStim: text = 'My thoughts were focused on an external task or activity:'
20.8878 	EXP 	unnamed TextStim: text = 'Completely'
20.8878 	EXP 	unnamed TextStim: text = 'Not at all'
20.8943 	EXP 	unnamed TextStim: text = 'My thoughts were focused on an external task or activity:'
20.8943 	EXP 	unnamed TextStim: text = 'Completely'
20.8943 	EXP 	unnamed TextStim: text = 'Not at all'
20.9013 	EXP 	unnamed TextStim: text = 'My thoughts were focused on an external task or activity:'
20.9013 	EXP 	unnamed TextStim: text = 'Completely'
20.9013 	EXP 	unnamed TextStim: text = 'Not at all'
20.9080 	EXP 	unnamed TextStim: text = 'My thoughts were focused on an external task or activity:'
20.9080 	EXP 	unnamed TextStim: text = 'Completely'
20.9080 	EXP 	unnamed TextStim: text = 'Not at all'
20.9148 	EXP 	unnamed TextStim: text = 'My thoughts were focused on an external task or activity:'
20.9148 	EXP 	unnamed TextStim: text = 'Completely'
20.9148 	EXP 	unnamed TextStim: text = 'Not at all'
20.9222 	EXP 	unnamed TextStim: text = 'My thoughts were focused on an external task or activity:'
20.9222 	EXP 	unnamed TextStim: text = 'Completely'
20.9222 	EXP 	unnamed TextStim: text = 'Not at all'
20.9290 	EXP 	unnamed TextStim: text = 'My thoughts were focused on an external task or activity:'
20.9290 	EXP 	unnamed TextStim: text = 'Completely'
20.9290 	EXP 	unnamed TextStim: text = 'Not at all'
20.9360 	EXP 	unnamed TextStim: text = 'My thoughts were focused on an external task or activity:'
20.9360 	EXP 	unnamed TextStim: text = 'Completely'
20.9360 	EXP 	unnamed TextStim: text = 'Not at all'
20.9431 	EXP 	unnamed TextStim: text = 'My thoughts were focused on an external task or activity:'
20.9431 	EXP 	unnamed TextStim: text = 'Completely'
20.9431 	EXP 	unnamed TextStim: text = 'Not at all'
20.9499 	EXP 	unnamed TextStim: text = 'My thoughts were focused on an external task or activity:'
20.9499 	EXP 	unnamed TextStim: text = 'Completely'
20.9499 	EXP 	unnamed TextStim: text = 'Not at all'
20.9569 	EXP 	unnamed TextStim: text = 'My thoughts were focused on an external task or activity:'
20.9569 	EXP 	unnamed TextStim: text = 'Completely'
20.9569 	EXP 	unnamed TextStim: text = 'Not at all'
20.9639 	EXP 	unnamed TextStim: text = 'My thoughts were focused on an external task or activity:'
20.9639 	EXP 	unnamed TextStim: text = 'Completely'
20.9639 	EXP 	unnamed TextStim: text = 'Not at all'
20.9706 	EXP 	unnamed TextStim: text = 'My thoughts were focused on an external task or activity:'
20.9706 	EXP 	unnamed TextStim: text = 'Completely'
20.9706 	EXP 	unnamed TextStim: text = 'Not at all'
20.9774 	EXP 	unnamed TextStim: text = 'My thoughts were focused on an external task or activity:'
20.9774 	EXP 	unnamed TextStim: text = 'Completely'
20.9774 	EXP 	unnamed TextStim: text = 'Not at all'
20.9845 	EXP 	unnamed TextStim: text = 'My thoughts were focused on an external task or activity:'
20.9845 	EXP 	unnamed TextStim: text = 'Completely'
20.9845 	EXP 	unnamed TextStim: text = 'Not at all'
20.9912 	EXP 	unnamed TextStim: text = 'My thoughts were focused on an external task or activity:'
20.9912 	EXP 	unnamed TextStim: text = 'Completely'
20.9912 	EXP 	unnamed TextStim: text = 'Not at all'
20.9980 	EXP 	unnamed TextStim: text = 'My thoughts were focused on an external task or activity:'
20.9980 	EXP 	unnamed TextStim: text = 'Completely'
20.9980 	EXP 	unnamed TextStim: text = 'Not at all'
21.0053 	EXP 	unnamed TextStim: text = 'My thoughts were focused on an external task or activity:'
21.0053 	EXP 	unnamed TextStim: text = 'Completely'
21.0053 	EXP 	unnamed TextStim: text = 'Not at all'
21.0124 	EXP 	unnamed TextStim: text = 'My thoughts were focused on an external task or activity:'
21.0124 	EXP 	unnamed TextStim: text = 'Completely'
21.0124 	EXP 	unnamed TextStim: text = 'Not at all'
21.0190 	EXP 	unnamed TextStim: text = 'My thoughts were focused on an external task or activity:'
21.0190 	EXP 	unnamed TextStim: text = 'Completely'
21.0190 	EXP 	unnamed TextStim: text = 'Not at all'
21.0260 	EXP 	unnamed TextStim: text = 'My thoughts were focused on an external task or activity:'
21.0260 	EXP 	unnamed TextStim: text = 'Completely'
21.0260 	EXP 	unnamed TextStim: text = 'Not at all'
21.0328 	EXP 	unnamed TextStim: text = 'My thoughts were focused on an external task or activity:'
21.0328 	EXP 	unnamed TextStim: text = 'Completely'
21.0328 	EXP 	unnamed TextStim: text = 'Not at all'
21.0398 	EXP 	unnamed TextStim: text = 'My thoughts were focused on an external task or activity:'
21.0398 	EXP 	unnamed TextStim: text = 'Completely'
21.0398 	EXP 	unnamed TextStim: text = 'Not at all'
21.0471 	EXP 	unnamed TextStim: text = 'My thoughts were focused on an external task or activity:'
21.0471 	EXP 	unnamed TextStim: text = 'Completely'
21.0471 	EXP 	unnamed TextStim: text = 'Not at all'
21.0538 	EXP 	unnamed TextStim: text = 'My thoughts were focused on an external task or activity:'
21.0538 	EXP 	unnamed TextStim: text = 'Completely'
21.0538 	EXP 	unnamed TextStim: text = 'Not at all'
21.0607 	EXP 	unnamed TextStim: text = 'My thoughts were focused on an external task or activity:'
21.0607 	EXP 	unnamed TextStim: text = 'Completely'
21.0607 	EXP 	unnamed TextStim: text = 'Not at all'
21.0675 	EXP 	unnamed TextStim: text = 'My thoughts were focused on an external task or activity:'
21.0675 	EXP 	unnamed TextStim: text = 'Completely'
21.0675 	EXP 	unnamed TextStim: text = 'Not at all'
21.0749 	EXP 	unnamed TextStim: text = 'My thoughts were focused on an external task or activity:'
21.0749 	EXP 	unnamed TextStim: text = 'Completely'
21.0749 	EXP 	unnamed TextStim: text = 'Not at all'
21.0815 	EXP 	unnamed TextStim: text = 'My thoughts were focused on an external task or activity:'
21.0815 	EXP 	unnamed TextStim: text = 'Completely'
21.0815 	EXP 	unnamed TextStim: text = 'Not at all'
21.0885 	EXP 	unnamed TextStim: text = 'My thoughts were focused on an external task or activity:'
21.0885 	EXP 	unnamed TextStim: text = 'Completely'
21.0885 	EXP 	unnamed TextStim: text = 'Not at all'
21.0952 	EXP 	unnamed TextStim: text = 'My thoughts were focused on an external task or activity:'
21.0952 	EXP 	unnamed TextStim: text = 'Completely'
21.0952 	EXP 	unnamed TextStim: text = 'Not at all'
21.1024 	EXP 	unnamed TextStim: text = 'My thoughts were focused on an external task or activity:'
21.1024 	EXP 	unnamed TextStim: text = 'Completely'
21.1024 	EXP 	unnamed TextStim: text = 'Not at all'
21.1095 	EXP 	unnamed TextStim: text = 'My thoughts were focused on an external task or activity:'
21.1095 	EXP 	unnamed TextStim: text = 'Completely'
21.1095 	EXP 	unnamed TextStim: text = 'Not at all'
21.1160 	EXP 	unnamed TextStim: text = 'My thoughts were focused on an external task or activity:'
21.1160 	EXP 	unnamed TextStim: text = 'Completely'
21.1160 	EXP 	unnamed TextStim: text = 'Not at all'
21.1234 	EXP 	unnamed TextStim: text = 'My thoughts were focused on an external task or activity:'
21.1234 	EXP 	unnamed TextStim: text = 'Completely'
21.1234 	EXP 	unnamed TextStim: text = 'Not at all'
21.1303 	EXP 	unnamed TextStim: text = 'My thoughts were focused on an external task or activity:'
21.1303 	EXP 	unnamed TextStim: text = 'Completely'
21.1303 	EXP 	unnamed TextStim: text = 'Not at all'
21.1371 	EXP 	unnamed TextStim: text = 'My thoughts were focused on an external task or activity:'
21.1371 	EXP 	unnamed TextStim: text = 'Completely'
21.1371 	EXP 	unnamed TextStim: text = 'Not at all'
21.1440 	EXP 	unnamed TextStim: text = 'My thoughts were focused on an external task or activity:'
21.1440 	EXP 	unnamed TextStim: text = 'Completely'
21.1440 	EXP 	unnamed TextStim: text = 'Not at all'
21.1511 	EXP 	unnamed TextStim: text = 'My thoughts were focused on an external task or activity:'
21.1511 	EXP 	unnamed TextStim: text = 'Completely'
21.1511 	EXP 	unnamed TextStim: text = 'Not at all'
21.1582 	EXP 	unnamed TextStim: text = 'My thoughts were focused on an external task or activity:'
21.1582 	EXP 	unnamed TextStim: text = 'Completely'
21.1582 	EXP 	unnamed TextStim: text = 'Not at all'
21.1651 	EXP 	unnamed TextStim: text = 'My thoughts were focused on an external task or activity:'
21.1651 	EXP 	unnamed TextStim: text = 'Completely'
21.1651 	EXP 	unnamed TextStim: text = 'Not at all'
21.1720 	EXP 	unnamed TextStim: text = 'My thoughts were focused on an external task or activity:'
21.1720 	EXP 	unnamed TextStim: text = 'Completely'
21.1720 	EXP 	unnamed TextStim: text = 'Not at all'
21.1787 	EXP 	unnamed TextStim: text = 'My thoughts were focused on an external task or activity:'
21.1787 	EXP 	unnamed TextStim: text = 'Completely'
21.1787 	EXP 	unnamed TextStim: text = 'Not at all'
21.1857 	EXP 	unnamed TextStim: text = 'My thoughts were focused on an external task or activity:'
21.1857 	EXP 	unnamed TextStim: text = 'Completely'
21.1857 	EXP 	unnamed TextStim: text = 'Not at all'
21.1900 	DATA 	Keypress: left
21.1928 	EXP 	unnamed TextStim: text = 'My thoughts were focused on an external task or activity:'
21.1928 	EXP 	unnamed TextStim: text = 'Completely'
21.1928 	EXP 	unnamed TextStim: text = 'Not at all'
21.2089 	EXP 	unnamed TextStim: text = 'My thoughts were focused on an external task or activity:'
21.2089 	EXP 	unnamed TextStim: text = 'Completely'
21.2089 	EXP 	unnamed TextStim: text = 'Not at all'
21.2202 	EXP 	unnamed TextStim: text = 'My thoughts were focused on an external task or activity:'
21.2202 	EXP 	unnamed TextStim: text = 'Completely'
21.2202 	EXP 	unnamed TextStim: text = 'Not at all'
21.2275 	EXP 	unnamed TextStim: text = 'My thoughts were focused on an external task or activity:'
21.2275 	EXP 	unnamed TextStim: text = 'Completely'
21.2275 	EXP 	unnamed TextStim: text = 'Not at all'
21.2344 	EXP 	unnamed TextStim: text = 'My thoughts were focused on an external task or activity:'
21.2344 	EXP 	unnamed TextStim: text = 'Completely'
21.2344 	EXP 	unnamed TextStim: text = 'Not at all'
21.2479 	EXP 	unnamed TextStim: text = 'My thoughts were focused on an external task or activity:'
21.2479 	EXP 	unnamed TextStim: text = 'Completely'
21.2479 	EXP 	unnamed TextStim: text = 'Not at all'
21.2552 	EXP 	unnamed TextStim: text = 'My thoughts were focused on an external task or activity:'
21.2552 	EXP 	unnamed TextStim: text = 'Completely'
21.2552 	EXP 	unnamed TextStim: text = 'Not at all'
21.2620 	EXP 	unnamed TextStim: text = 'My thoughts were focused on an external task or activity:'
21.2620 	EXP 	unnamed TextStim: text = 'Completely'
21.2620 	EXP 	unnamed TextStim: text = 'Not at all'
21.2689 	EXP 	unnamed TextStim: text = 'My thoughts were focused on an external task or activity:'
21.2689 	EXP 	unnamed TextStim: text = 'Completely'
21.2689 	EXP 	unnamed TextStim: text = 'Not at all'
21.2760 	EXP 	unnamed TextStim: text = 'My thoughts were focused on an external task or activity:'
21.2760 	EXP 	unnamed TextStim: text = 'Completely'
21.2760 	EXP 	unnamed TextStim: text = 'Not at all'
21.2834 	EXP 	unnamed TextStim: text = 'My thoughts were focused on an external task or activity:'
21.2834 	EXP 	unnamed TextStim: text = 'Completely'
21.2834 	EXP 	unnamed TextStim: text = 'Not at all'
21.2901 	EXP 	unnamed TextStim: text = 'My thoughts were focused on an external task or activity:'
21.2901 	EXP 	unnamed TextStim: text = 'Completely'
21.2901 	EXP 	unnamed TextStim: text = 'Not at all'
21.2969 	EXP 	unnamed TextStim: text = 'My thoughts were focused on an external task or activity:'
21.2969 	EXP 	unnamed TextStim: text = 'Completely'
21.2969 	EXP 	unnamed TextStim: text = 'Not at all'
21.3040 	EXP 	unnamed TextStim: text = 'My thoughts were focused on an external task or activity:'
21.3040 	EXP 	unnamed TextStim: text = 'Completely'
21.3040 	EXP 	unnamed TextStim: text = 'Not at all'
21.3108 	EXP 	unnamed TextStim: text = 'My thoughts were focused on an external task or activity:'
21.3108 	EXP 	unnamed TextStim: text = 'Completely'
21.3108 	EXP 	unnamed TextStim: text = 'Not at all'
21.3181 	EXP 	unnamed TextStim: text = 'My thoughts were focused on an external task or activity:'
21.3181 	EXP 	unnamed TextStim: text = 'Completely'
21.3181 	EXP 	unnamed TextStim: text = 'Not at all'
21.3247 	EXP 	unnamed TextStim: text = 'My thoughts were focused on an external task or activity:'
21.3247 	EXP 	unnamed TextStim: text = 'Completely'
21.3247 	EXP 	unnamed TextStim: text = 'Not at all'
21.3314 	EXP 	unnamed TextStim: text = 'My thoughts were focused on an external task or activity:'
21.3314 	EXP 	unnamed TextStim: text = 'Completely'
21.3314 	EXP 	unnamed TextStim: text = 'Not at all'
21.3386 	EXP 	unnamed TextStim: text = 'My thoughts were focused on an external task or activity:'
21.3386 	EXP 	unnamed TextStim: text = 'Completely'
21.3386 	EXP 	unnamed TextStim: text = 'Not at all'
21.3454 	EXP 	unnamed TextStim: text = 'My thoughts were focused on an external task or activity:'
21.3454 	EXP 	unnamed TextStim: text = 'Completely'
21.3454 	EXP 	unnamed TextStim: text = 'Not at all'
21.3524 	EXP 	unnamed TextStim: text = 'My thoughts were focused on an external task or activity:'
21.3524 	EXP 	unnamed TextStim: text = 'Completely'
21.3524 	EXP 	unnamed TextStim: text = 'Not at all'
21.3595 	EXP 	unnamed TextStim: text = 'My thoughts were focused on an external task or activity:'
21.3595 	EXP 	unnamed TextStim: text = 'Completely'
21.3595 	EXP 	unnamed TextStim: text = 'Not at all'
21.3666 	EXP 	unnamed TextStim: text = 'My thoughts were focused on an external task or activity:'
21.3666 	EXP 	unnamed TextStim: text = 'Completely'
21.3666 	EXP 	unnamed TextStim: text = 'Not at all'
21.3735 	EXP 	unnamed TextStim: text = 'My thoughts were focused on an external task or activity:'
21.3735 	EXP 	unnamed TextStim: text = 'Completely'
21.3735 	EXP 	unnamed TextStim: text = 'Not at all'
21.3803 	EXP 	unnamed TextStim: text = 'My thoughts were focused on an external task or activity:'
21.3803 	EXP 	unnamed TextStim: text = 'Completely'
21.3803 	EXP 	unnamed TextStim: text = 'Not at all'
21.3872 	EXP 	unnamed TextStim: text = 'My thoughts were focused on an external task or activity:'
21.3872 	EXP 	unnamed TextStim: text = 'Completely'
21.3872 	EXP 	unnamed TextStim: text = 'Not at all'
21.3941 	EXP 	unnamed TextStim: text = 'My thoughts were focused on an external task or activity:'
21.3941 	EXP 	unnamed TextStim: text = 'Completely'
21.3941 	EXP 	unnamed TextStim: text = 'Not at all'
21.4011 	EXP 	unnamed TextStim: text = 'My thoughts were focused on an external task or activity:'
21.4011 	EXP 	unnamed TextStim: text = 'Completely'
21.4011 	EXP 	unnamed TextStim: text = 'Not at all'
21.4080 	EXP 	unnamed TextStim: text = 'My thoughts were focused on an external task or activity:'
21.4080 	EXP 	unnamed TextStim: text = 'Completely'
21.4080 	EXP 	unnamed TextStim: text = 'Not at all'
21.4147 	EXP 	unnamed TextStim: text = 'My thoughts were focused on an external task or activity:'
21.4147 	EXP 	unnamed TextStim: text = 'Completely'
21.4147 	EXP 	unnamed TextStim: text = 'Not at all'
21.4217 	EXP 	unnamed TextStim: text = 'My thoughts were focused on an external task or activity:'
21.4217 	EXP 	unnamed TextStim: text = 'Completely'
21.4217 	EXP 	unnamed TextStim: text = 'Not at all'
21.4288 	EXP 	unnamed TextStim: text = 'My thoughts were focused on an external task or activity:'
21.4288 	EXP 	unnamed TextStim: text = 'Completely'
21.4288 	EXP 	unnamed TextStim: text = 'Not at all'
21.4356 	EXP 	unnamed TextStim: text = 'My thoughts were focused on an external task or activity:'
21.4356 	EXP 	unnamed TextStim: text = 'Completely'
21.4356 	EXP 	unnamed TextStim: text = 'Not at all'
21.4428 	EXP 	unnamed TextStim: text = 'My thoughts were focused on an external task or activity:'
21.4428 	EXP 	unnamed TextStim: text = 'Completely'
21.4428 	EXP 	unnamed TextStim: text = 'Not at all'
21.4497 	EXP 	unnamed TextStim: text = 'My thoughts were focused on an external task or activity:'
21.4497 	EXP 	unnamed TextStim: text = 'Completely'
21.4497 	EXP 	unnamed TextStim: text = 'Not at all'
21.4565 	EXP 	unnamed TextStim: text = 'My thoughts were focused on an external task or activity:'
21.4565 	EXP 	unnamed TextStim: text = 'Completely'
21.4565 	EXP 	unnamed TextStim: text = 'Not at all'
21.4635 	EXP 	unnamed TextStim: text = 'My thoughts were focused on an external task or activity:'
21.4635 	EXP 	unnamed TextStim: text = 'Completely'
21.4635 	EXP 	unnamed TextStim: text = 'Not at all'
21.4706 	EXP 	unnamed TextStim: text = 'My thoughts were focused on an external task or activity:'
21.4706 	EXP 	unnamed TextStim: text = 'Completely'
21.4706 	EXP 	unnamed TextStim: text = 'Not at all'
21.4773 	EXP 	unnamed TextStim: text = 'My thoughts were focused on an external task or activity:'
21.4773 	EXP 	unnamed TextStim: text = 'Completely'
21.4773 	EXP 	unnamed TextStim: text = 'Not at all'
21.4843 	EXP 	unnamed TextStim: text = 'My thoughts were focused on an external task or activity:'
21.4843 	EXP 	unnamed TextStim: text = 'Completely'
21.4843 	EXP 	unnamed TextStim: text = 'Not at all'
21.4920 	EXP 	unnamed TextStim: text = 'My thoughts were focused on an external task or activity:'
21.4920 	EXP 	unnamed TextStim: text = 'Completely'
21.4920 	EXP 	unnamed TextStim: text = 'Not at all'
21.4984 	EXP 	unnamed TextStim: text = 'My thoughts were focused on an external task or activity:'
21.4984 	EXP 	unnamed TextStim: text = 'Completely'
21.4984 	EXP 	unnamed TextStim: text = 'Not at all'
21.5053 	EXP 	unnamed TextStim: text = 'My thoughts were focused on an external task or activity:'
21.5053 	EXP 	unnamed TextStim: text = 'Completely'
21.5053 	EXP 	unnamed TextStim: text = 'Not at all'
21.5189 	EXP 	unnamed TextStim: text = 'My thoughts were focused on an external task or activity:'
21.5189 	EXP 	unnamed TextStim: text = 'Completely'
21.5189 	EXP 	unnamed TextStim: text = 'Not at all'
21.5262 	EXP 	unnamed TextStim: text = 'My thoughts were focused on an external task or activity:'
21.5262 	EXP 	unnamed TextStim: text = 'Completely'
21.5262 	EXP 	unnamed TextStim: text = 'Not at all'
21.5329 	EXP 	unnamed TextStim: text = 'My thoughts were focused on an external task or activity:'
21.5329 	EXP 	unnamed TextStim: text = 'Completely'
21.5329 	EXP 	unnamed TextStim: text = 'Not at all'
21.5399 	EXP 	unnamed TextStim: text = 'My thoughts were focused on an external task or activity:'
21.5399 	EXP 	unnamed TextStim: text = 'Completely'
21.5399 	EXP 	unnamed TextStim: text = 'Not at all'
21.5469 	EXP 	unnamed TextStim: text = 'My thoughts were focused on an external task or activity:'
21.5469 	EXP 	unnamed TextStim: text = 'Completely'
21.5469 	EXP 	unnamed TextStim: text = 'Not at all'
21.5539 	EXP 	unnamed TextStim: text = 'My thoughts were focused on an external task or activity:'
21.5539 	EXP 	unnamed TextStim: text = 'Completely'
21.5539 	EXP 	unnamed TextStim: text = 'Not at all'
21.5609 	EXP 	unnamed TextStim: text = 'My thoughts were focused on an external task or activity:'
21.5609 	EXP 	unnamed TextStim: text = 'Completely'
21.5609 	EXP 	unnamed TextStim: text = 'Not at all'
21.5677 	EXP 	unnamed TextStim: text = 'My thoughts were focused on an external task or activity:'
21.5677 	EXP 	unnamed TextStim: text = 'Completely'
21.5677 	EXP 	unnamed TextStim: text = 'Not at all'
21.5747 	EXP 	unnamed TextStim: text = 'My thoughts were focused on an external task or activity:'
21.5747 	EXP 	unnamed TextStim: text = 'Completely'
21.5747 	EXP 	unnamed TextStim: text = 'Not at all'
21.5816 	EXP 	unnamed TextStim: text = 'My thoughts were focused on an external task or activity:'
21.5816 	EXP 	unnamed TextStim: text = 'Completely'
21.5816 	EXP 	unnamed TextStim: text = 'Not at all'
21.5887 	EXP 	unnamed TextStim: text = 'My thoughts were focused on an external task or activity:'
21.5887 	EXP 	unnamed TextStim: text = 'Completely'
21.5887 	EXP 	unnamed TextStim: text = 'Not at all'
21.5954 	EXP 	unnamed TextStim: text = 'My thoughts were focused on an external task or activity:'
21.5954 	EXP 	unnamed TextStim: text = 'Completely'
21.5954 	EXP 	unnamed TextStim: text = 'Not at all'
21.6024 	EXP 	unnamed TextStim: text = 'My thoughts were focused on an external task or activity:'
21.6024 	EXP 	unnamed TextStim: text = 'Completely'
21.6024 	EXP 	unnamed TextStim: text = 'Not at all'
21.6097 	EXP 	unnamed TextStim: text = 'My thoughts were focused on an external task or activity:'
21.6097 	EXP 	unnamed TextStim: text = 'Completely'
21.6097 	EXP 	unnamed TextStim: text = 'Not at all'
21.6163 	EXP 	unnamed TextStim: text = 'My thoughts were focused on an external task or activity:'
21.6163 	EXP 	unnamed TextStim: text = 'Completely'
21.6163 	EXP 	unnamed TextStim: text = 'Not at all'
21.6232 	EXP 	unnamed TextStim: text = 'My thoughts were focused on an external task or activity:'
21.6232 	EXP 	unnamed TextStim: text = 'Completely'
21.6232 	EXP 	unnamed TextStim: text = 'Not at all'
21.6300 	EXP 	unnamed TextStim: text = 'My thoughts were focused on an external task or activity:'
21.6300 	EXP 	unnamed TextStim: text = 'Completely'
21.6300 	EXP 	unnamed TextStim: text = 'Not at all'
21.6370 	EXP 	unnamed TextStim: text = 'My thoughts were focused on an external task or activity:'
21.6370 	EXP 	unnamed TextStim: text = 'Completely'
21.6370 	EXP 	unnamed TextStim: text = 'Not at all'
21.6442 	EXP 	unnamed TextStim: text = 'My thoughts were focused on an external task or activity:'
21.6442 	EXP 	unnamed TextStim: text = 'Completely'
21.6442 	EXP 	unnamed TextStim: text = 'Not at all'
21.6510 	EXP 	unnamed TextStim: text = 'My thoughts were focused on an external task or activity:'
21.6510 	EXP 	unnamed TextStim: text = 'Completely'
21.6510 	EXP 	unnamed TextStim: text = 'Not at all'
21.6558 	DATA 	Keypress: right
21.6578 	EXP 	unnamed TextStim: text = 'My thoughts were focused on an external task or activity:'
21.6578 	EXP 	unnamed TextStim: text = 'Completely'
21.6578 	EXP 	unnamed TextStim: text = 'Not at all'
21.6647 	EXP 	unnamed TextStim: text = 'My thoughts were focused on an external task or activity:'
21.6647 	EXP 	unnamed TextStim: text = 'Completely'
21.6647 	EXP 	unnamed TextStim: text = 'Not at all'
21.6720 	EXP 	unnamed TextStim: text = 'My thoughts were focused on an external task or activity:'
21.6720 	EXP 	unnamed TextStim: text = 'Completely'
21.6720 	EXP 	unnamed TextStim: text = 'Not at all'
21.6788 	EXP 	unnamed TextStim: text = 'My thoughts were focused on an external task or activity:'
21.6788 	EXP 	unnamed TextStim: text = 'Completely'
21.6788 	EXP 	unnamed TextStim: text = 'Not at all'
21.6858 	EXP 	unnamed TextStim: text = 'My thoughts were focused on an external task or activity:'
21.6858 	EXP 	unnamed TextStim: text = 'Completely'
21.6858 	EXP 	unnamed TextStim: text = 'Not at all'
21.6929 	EXP 	unnamed TextStim: text = 'My thoughts were focused on an external task or activity:'
21.6929 	EXP 	unnamed TextStim: text = 'Completely'
21.6929 	EXP 	unnamed TextStim: text = 'Not at all'
21.6999 	EXP 	unnamed TextStim: text = 'My thoughts were focused on an external task or activity:'
21.6999 	EXP 	unnamed TextStim: text = 'Completely'
21.6999 	EXP 	unnamed TextStim: text = 'Not at all'
21.7065 	EXP 	unnamed TextStim: text = 'My thoughts were focused on an external task or activity:'
21.7065 	EXP 	unnamed TextStim: text = 'Completely'
21.7065 	EXP 	unnamed TextStim: text = 'Not at all'
21.7134 	EXP 	unnamed TextStim: text = 'My thoughts were focused on an external task or activity:'
21.7134 	EXP 	unnamed TextStim: text = 'Completely'
21.7134 	EXP 	unnamed TextStim: text = 'Not at all'
21.7203 	EXP 	unnamed TextStim: text = 'My thoughts were focused on an external task or activity:'
21.7203 	EXP 	unnamed TextStim: text = 'Completely'
21.7203 	EXP 	unnamed TextStim: text = 'Not at all'
21.7274 	EXP 	unnamed TextStim: text = 'My thoughts were focused on an external task or activity:'
21.7274 	EXP 	unnamed TextStim: text = 'Completely'
21.7274 	EXP 	unnamed TextStim: text = 'Not at all'
21.7344 	EXP 	unnamed TextStim: text = 'My thoughts were focused on an external task or activity:'
21.7344 	EXP 	unnamed TextStim: text = 'Completely'
21.7344 	EXP 	unnamed TextStim: text = 'Not at all'
21.7414 	EXP 	unnamed TextStim: text = 'My thoughts were focused on an external task or activity:'
21.7414 	EXP 	unnamed TextStim: text = 'Completely'
21.7414 	EXP 	unnamed TextStim: text = 'Not at all'
21.7481 	EXP 	unnamed TextStim: text = 'My thoughts were focused on an external task or activity:'
21.7481 	EXP 	unnamed TextStim: text = 'Completely'
21.7481 	EXP 	unnamed TextStim: text = 'Not at all'
21.7551 	EXP 	unnamed TextStim: text = 'My thoughts were focused on an external task or activity:'
21.7551 	EXP 	unnamed TextStim: text = 'Completely'
21.7551 	EXP 	unnamed TextStim: text = 'Not at all'
21.7622 	EXP 	unnamed TextStim: text = 'My thoughts were focused on an external task or activity:'
21.7622 	EXP 	unnamed TextStim: text = 'Completely'
21.7622 	EXP 	unnamed TextStim: text = 'Not at all'
21.7692 	EXP 	unnamed TextStim: text = 'My thoughts were focused on an external task or activity:'
21.7692 	EXP 	unnamed TextStim: text = 'Completely'
21.7692 	EXP 	unnamed TextStim: text = 'Not at all'
21.7767 	EXP 	unnamed TextStim: text = 'My thoughts were focused on an external task or activity:'
21.7767 	EXP 	unnamed TextStim: text = 'Completely'
21.7767 	EXP 	unnamed TextStim: text = 'Not at all'
21.7898 	EXP 	unnamed TextStim: text = 'My thoughts were focused on an external task or activity:'
21.7898 	EXP 	unnamed TextStim: text = 'Completely'
21.7898 	EXP 	unnamed TextStim: text = 'Not at all'
21.7971 	EXP 	unnamed TextStim: text = 'My thoughts were focused on an external task or activity:'
21.7971 	EXP 	unnamed TextStim: text = 'Completely'
21.7971 	EXP 	unnamed TextStim: text = 'Not at all'
21.8039 	EXP 	unnamed TextStim: text = 'My thoughts were focused on an external task or activity:'
21.8039 	EXP 	unnamed TextStim: text = 'Completely'
21.8039 	EXP 	unnamed TextStim: text = 'Not at all'
21.8107 	EXP 	unnamed TextStim: text = 'My thoughts were focused on an external task or activity:'
21.8107 	EXP 	unnamed TextStim: text = 'Completely'
21.8107 	EXP 	unnamed TextStim: text = 'Not at all'
21.8175 	EXP 	unnamed TextStim: text = 'My thoughts were focused on an external task or activity:'
21.8175 	EXP 	unnamed TextStim: text = 'Completely'
21.8175 	EXP 	unnamed TextStim: text = 'Not at all'
21.8247 	EXP 	unnamed TextStim: text = 'My thoughts were focused on an external task or activity:'
21.8247 	EXP 	unnamed TextStim: text = 'Completely'
21.8247 	EXP 	unnamed TextStim: text = 'Not at all'
21.8316 	EXP 	unnamed TextStim: text = 'My thoughts were focused on an external task or activity:'
21.8316 	EXP 	unnamed TextStim: text = 'Completely'
21.8316 	EXP 	unnamed TextStim: text = 'Not at all'
21.8388 	EXP 	unnamed TextStim: text = 'My thoughts were focused on an external task or activity:'
21.8388 	EXP 	unnamed TextStim: text = 'Completely'
21.8388 	EXP 	unnamed TextStim: text = 'Not at all'
21.8455 	EXP 	unnamed TextStim: text = 'My thoughts were focused on an external task or activity:'
21.8455 	EXP 	unnamed TextStim: text = 'Completely'
21.8455 	EXP 	unnamed TextStim: text = 'Not at all'
21.8525 	EXP 	unnamed TextStim: text = 'My thoughts were focused on an external task or activity:'
21.8525 	EXP 	unnamed TextStim: text = 'Completely'
21.8525 	EXP 	unnamed TextStim: text = 'Not at all'
21.8596 	EXP 	unnamed TextStim: text = 'My thoughts were focused on an external task or activity:'
21.8596 	EXP 	unnamed TextStim: text = 'Completely'
21.8596 	EXP 	unnamed TextStim: text = 'Not at all'
21.8664 	EXP 	unnamed TextStim: text = 'My thoughts were focused on an external task or activity:'
21.8664 	EXP 	unnamed TextStim: text = 'Completely'
21.8664 	EXP 	unnamed TextStim: text = 'Not at all'
21.8738 	EXP 	unnamed TextStim: text = 'My thoughts were focused on an external task or activity:'
21.8738 	EXP 	unnamed TextStim: text = 'Completely'
21.8738 	EXP 	unnamed TextStim: text = 'Not at all'
21.8803 	EXP 	unnamed TextStim: text = 'My thoughts were focused on an external task or activity:'
21.8803 	EXP 	unnamed TextStim: text = 'Completely'
21.8803 	EXP 	unnamed TextStim: text = 'Not at all'
21.8874 	EXP 	unnamed TextStim: text = 'My thoughts were focused on an external task or activity:'
21.8874 	EXP 	unnamed TextStim: text = 'Completely'
21.8874 	EXP 	unnamed TextStim: text = 'Not at all'
21.8942 	EXP 	unnamed TextStim: text = 'My thoughts were focused on an external task or activity:'
21.8942 	EXP 	unnamed TextStim: text = 'Completely'
21.8942 	EXP 	unnamed TextStim: text = 'Not at all'
21.9012 	EXP 	unnamed TextStim: text = 'My thoughts were focused on an external task or activity:'
21.9012 	EXP 	unnamed TextStim: text = 'Completely'
21.9012 	EXP 	unnamed TextStim: text = 'Not at all'
21.9083 	EXP 	unnamed TextStim: text = 'My thoughts were focused on an external task or activity:'
21.9083 	EXP 	unnamed TextStim: text = 'Completely'
21.9083 	EXP 	unnamed TextStim: text = 'Not at all'
21.9160 	EXP 	unnamed TextStim: text = 'My thoughts were focused on an external task or activity:'
21.9160 	EXP 	unnamed TextStim: text = 'Completely'
21.9160 	EXP 	unnamed TextStim: text = 'Not at all'
21.9285 	EXP 	unnamed TextStim: text = 'My thoughts were focused on an external task or activity:'
21.9285 	EXP 	unnamed TextStim: text = 'Completely'
21.9285 	EXP 	unnamed TextStim: text = 'Not at all'
21.9358 	EXP 	unnamed TextStim: text = 'My thoughts were focused on an external task or activity:'
21.9358 	EXP 	unnamed TextStim: text = 'Completely'
21.9358 	EXP 	unnamed TextStim: text = 'Not at all'
21.9428 	EXP 	unnamed TextStim: text = 'My thoughts were focused on an external task or activity:'
21.9428 	EXP 	unnamed TextStim: text = 'Completely'
21.9428 	EXP 	unnamed TextStim: text = 'Not at all'
21.9498 	EXP 	unnamed TextStim: text = 'My thoughts were focused on an external task or activity:'
21.9498 	EXP 	unnamed TextStim: text = 'Completely'
21.9498 	EXP 	unnamed TextStim: text = 'Not at all'
21.9567 	EXP 	unnamed TextStim: text = 'My thoughts were focused on an external task or activity:'
21.9567 	EXP 	unnamed TextStim: text = 'Completely'
21.9567 	EXP 	unnamed TextStim: text = 'Not at all'
21.9640 	EXP 	unnamed TextStim: text = 'My thoughts were focused on an external task or activity:'
21.9640 	EXP 	unnamed TextStim: text = 'Completely'
21.9640 	EXP 	unnamed TextStim: text = 'Not at all'
21.9706 	EXP 	unnamed TextStim: text = 'My thoughts were focused on an external task or activity:'
21.9706 	EXP 	unnamed TextStim: text = 'Completely'
21.9706 	EXP 	unnamed TextStim: text = 'Not at all'
21.9775 	EXP 	unnamed TextStim: text = 'My thoughts were focused on an external task or activity:'
21.9775 	EXP 	unnamed TextStim: text = 'Completely'
21.9775 	EXP 	unnamed TextStim: text = 'Not at all'
21.9844 	EXP 	unnamed TextStim: text = 'My thoughts were focused on an external task or activity:'
21.9844 	EXP 	unnamed TextStim: text = 'Completely'
21.9844 	EXP 	unnamed TextStim: text = 'Not at all'
21.9914 	EXP 	unnamed TextStim: text = 'My thoughts were focused on an external task or activity:'
21.9914 	EXP 	unnamed TextStim: text = 'Completely'
21.9914 	EXP 	unnamed TextStim: text = 'Not at all'
21.9984 	EXP 	unnamed TextStim: text = 'My thoughts were focused on an external task or activity:'
21.9984 	EXP 	unnamed TextStim: text = 'Completely'
21.9984 	EXP 	unnamed TextStim: text = 'Not at all'
22.0056 	EXP 	unnamed TextStim: text = 'My thoughts were focused on an external task or activity:'
22.0056 	EXP 	unnamed TextStim: text = 'Completely'
22.0056 	EXP 	unnamed TextStim: text = 'Not at all'
22.0123 	EXP 	unnamed TextStim: text = 'My thoughts were focused on an external task or activity:'
22.0123 	EXP 	unnamed TextStim: text = 'Completely'
22.0123 	EXP 	unnamed TextStim: text = 'Not at all'
22.0191 	EXP 	unnamed TextStim: text = 'My thoughts were focused on an external task or activity:'
22.0191 	EXP 	unnamed TextStim: text = 'Completely'
22.0191 	EXP 	unnamed TextStim: text = 'Not at all'
22.0260 	EXP 	unnamed TextStim: text = 'My thoughts were focused on an external task or activity:'
22.0260 	EXP 	unnamed TextStim: text = 'Completely'
22.0260 	EXP 	unnamed TextStim: text = 'Not at all'
22.0330 	EXP 	unnamed TextStim: text = 'My thoughts were focused on an external task or activity:'
22.0330 	EXP 	unnamed TextStim: text = 'Completely'
22.0330 	EXP 	unnamed TextStim: text = 'Not at all'
22.0401 	EXP 	unnamed TextStim: text = 'My thoughts were focused on an external task or activity:'
22.0401 	EXP 	unnamed TextStim: text = 'Completely'
22.0401 	EXP 	unnamed TextStim: text = 'Not at all'
22.0470 	EXP 	unnamed TextStim: text = 'My thoughts were focused on an external task or activity:'
22.0470 	EXP 	unnamed TextStim: text = 'Completely'
22.0470 	EXP 	unnamed TextStim: text = 'Not at all'
22.0546 	EXP 	unnamed TextStim: text = 'My thoughts were focused on an external task or activity:'
22.0546 	EXP 	unnamed TextStim: text = 'Completely'
22.0546 	EXP 	unnamed TextStim: text = 'Not at all'
22.0608 	EXP 	unnamed TextStim: text = 'My thoughts were focused on an external task or activity:'
22.0608 	EXP 	unnamed TextStim: text = 'Completely'
22.0608 	EXP 	unnamed TextStim: text = 'Not at all'
22.0676 	EXP 	unnamed TextStim: text = 'My thoughts were focused on an external task or activity:'
22.0676 	EXP 	unnamed TextStim: text = 'Completely'
22.0676 	EXP 	unnamed TextStim: text = 'Not at all'
22.0745 	EXP 	unnamed TextStim: text = 'My thoughts were focused on an external task or activity:'
22.0745 	EXP 	unnamed TextStim: text = 'Completely'
22.0745 	EXP 	unnamed TextStim: text = 'Not at all'
22.0791 	DATA 	Keypress: return
22.0792 	DATA 	RatingScale unnamed RatingScale: (key response) rating=9.200000000000003
22.0792 	DATA 	RatingScale unnamed RatingScale: rating RT=1.414
22.0794 	DATA 	RatingScale unnamed RatingScale: history=[(9, 0.0), (9.9, 0.525), (9.8, 0.55), (9.700000000000001, 0.561), (9.600000000000001, 0.568), (9.500000000000002, 0.575), (9.400000000000002, 0.588), (9.300000000000002, 0.596), (9.200000000000003, 0.602), (9.100000000000003, 0.609), (9.000000000000004, 0.616), (8.900000000000004, 0.623), (8.800000000000004, 0.629), (8.700000000000005, 0.636), (8.600000000000005, 0.644), (8.500000000000005, 0.65), (8.400000000000006, 0.658), (8.300000000000006, 0.664), (8.200000000000006, 0.671), (8.100000000000007, 0.678), (8.000000000000007, 0.685), (7.9000000000000075, 0.692), (7.800000000000008, 0.699), (7.700000000000008, 0.706), (7.6000000000000085, 0.713), (7.500000000000009, 0.72), (7.400000000000009, 0.727), (7.30000000000001, 0.734), (7.20000000000001, 0.741), (7.10000000000001, 0.747), (7.000000000000011, 0.754), (6.900000000000011, 0.761), (6.800000000000011, 0.768), (6.700000000000012, 0.775), (6.600000000000012, 0.782), (6.500000000000012, 0.789), (6.400000000000013, 0.796), (6.300000000000013, 0.803), (6.2000000000000135, 0.81), (6.100000000000014, 0.817), (6.000000000000014, 0.824), (5.900000000000015, 0.832), (5.800000000000015, 0.838), (5.700000000000015, 0.847), (5.600000000000016, 0.859), (5.500000000000016, 0.866), (5.400000000000016, 0.872), (5.300000000000017, 0.879), (5.200000000000017, 0.886), (5.100000000000017, 0.894), (5.000000000000018, 0.9), (4.900000000000018, 0.907), (4.800000000000018, 0.914), (4.700000000000017, 0.921), (4.600000000000017, 0.928), (4.500000000000018, 0.935), (4.400000000000017, 0.942), (4.300000000000017, 0.949), (4.200000000000017, 0.956), (4.100000000000017, 0.963), (4.000000000000017, 0.969), (3.900000000000017, 0.977), (3.8000000000000167, 0.984), (3.6000000000000165, 0.997), (3.5000000000000164, 1.005), (3.6000000000000165, 1.011), (3.7000000000000166, 1.018), (3.8000000000000167, 1.025), (3.900000000000017, 1.033), (4.000000000000017, 1.039), (4.100000000000017, 1.046), (4.200000000000017, 1.053), (4.300000000000017, 1.06), (4.400000000000017, 1.067), (4.500000000000018, 1.074), (4.600000000000017, 1.081), (4.700000000000017, 1.087), (4.800000000000018, 1.095), (4.900000000000018, 1.102), (5.000000000000018, 1.109), (5.100000000000017, 1.117), (5.200000000000017, 1.13), (5.300000000000017, 1.137), (5.400000000000016, 1.143), (5.500000000000016, 1.15), (5.600000000000016, 1.157), (5.700000000000015, 1.164), (5.800000000000015, 1.171), (5.900000000000015, 1.178), (6.000000000000014, 1.185), (6.100000000000014, 1.192), (6.2000000000000135, 1.199), (6.300000000000013, 1.206), (6.400000000000013, 1.213), (6.500000000000012, 1.22), (6.600000000000012, 1.227), (6.700000000000012, 1.234), (6.800000000000011, 1.241), (6.900000000000011, 1.248), (7.000000000000011, 1.256), (7.10000000000001, 1.268), (7.20000000000001, 1.275), (7.30000000000001, 1.282), (7.400000000000009, 1.289), (7.500000000000009, 1.296), (7.6000000000000085, 1.304), (7.700000000000008, 1.31), (7.800000000000008, 1.317), (7.9000000000000075, 1.324), (8.000000000000007, 1.331), (8.100000000000007, 1.338), (8.200000000000006, 1.345), (8.300000000000006, 1.352), (8.400000000000006, 1.359), (8.500000000000005, 1.365), (8.600000000000005, 1.373), (8.700000000000005, 1.379), (8.800000000000004, 1.387), (8.900000000000004, 1.394), (9.000000000000004, 1.4), (9.100000000000003, 1.407), (9.200000000000003, 1.414)]
22.0817 	EXP 	unnamed TextStim: text = 'My thoughts were focused on an external task or activity:'
22.0817 	EXP 	unnamed TextStim: text = 'Completely'
22.0817 	EXP 	unnamed TextStim: text = 'Not at all'
23.0817 	EXP 	New trial (rep=0, index=1): OrderedDict([('Questions', 'My thoughts involved future events:'), ('Label', 'Future'), ('Scale_low', 'Not at all'), ('Scale_high', 'Completely')])
23.0954 	EXP 	unnamed TextStim: text = 'My thoughts involved future events:'
23.0954 	EXP 	unnamed TextStim: text = 'Completely'
23.0954 	EXP 	unnamed TextStim: text = 'Not at all'
23.1027 	EXP 	unnamed TextStim: text = 'My thoughts involved future events:'
23.1027 	EXP 	unnamed TextStim: text = 'Completely'
23.1027 	EXP 	unnamed TextStim: text = 'Not at all'
23.1099 	EXP 	unnamed TextStim: text = 'My thoughts involved future events:'
23.1099 	EXP 	unnamed TextStim: text = 'Completely'
23.1099 	EXP 	unnamed TextStim: text = 'Not at all'
23.1167 	EXP 	unnamed TextStim: text = 'My thoughts involved future events:'
23.1167 	EXP 	unnamed TextStim: text = 'Completely'
23.1167 	EXP 	unnamed TextStim: text = 'Not at all'
23.1236 	EXP 	unnamed TextStim: text = 'My thoughts involved future events:'
23.1236 	EXP 	unnamed TextStim: text = 'Completely'
23.1236 	EXP 	unnamed TextStim: text = 'Not at all'
23.1303 	EXP 	unnamed TextStim: text = 'My thoughts involved future events:'
23.1303 	EXP 	unnamed TextStim: text = 'Completely'
23.1303 	EXP 	unnamed TextStim: text = 'Not at all'
23.1372 	EXP 	unnamed TextStim: text = 'My thoughts involved future events:'
23.1372 	EXP 	unnamed TextStim: text = 'Completely'
23.1372 	EXP 	unnamed TextStim: text = 'Not at all'
23.1442 	EXP 	unnamed TextStim: text = 'My thoughts involved future events:'
23.1442 	EXP 	unnamed TextStim: text = 'Completely'
23.1442 	EXP 	unnamed TextStim: text = 'Not at all'
23.1517 	EXP 	unnamed TextStim: text = 'My thoughts involved future events:'
23.1517 	EXP 	unnamed TextStim: text = 'Completely'
23.1517 	EXP 	unnamed TextStim: text = 'Not at all'
23.1588 	EXP 	unnamed TextStim: text = 'My thoughts involved future events:'
23.1588 	EXP 	unnamed TextStim: text = 'Completely'
23.1588 	EXP 	unnamed TextStim: text = 'Not at all'
23.1651 	EXP 	unnamed TextStim: text = 'My thoughts involved future events:'
23.1651 	EXP 	unnamed TextStim: text = 'Completely'
23.1651 	EXP 	unnamed TextStim: text = 'Not at all'
23.1722 	EXP 	unnamed TextStim: text = 'My thoughts involved future events:'
23.1722 	EXP 	unnamed TextStim: text = 'Completely'
23.1722 	EXP 	unnamed TextStim: text = 'Not at all'
23.1799 	EXP 	unnamed TextStim: text = 'My thoughts involved future events:'
23.1799 	EXP 	unnamed TextStim: text = 'Completely'
23.1799 	EXP 	unnamed TextStim: text = 'Not at all'
23.1858 	EXP 	unnamed TextStim: text = 'My thoughts involved future events:'
23.1858 	EXP 	unnamed TextStim: text = 'Completely'
23.1858 	EXP 	unnamed TextStim: text = 'Not at all'
23.1927 	EXP 	unnamed TextStim: text = 'My thoughts involved future events:'
23.1927 	EXP 	unnamed TextStim: text = 'Completely'
23.1927 	EXP 	unnamed TextStim: text = 'Not at all'
23.1998 	EXP 	unnamed TextStim: text = 'My thoughts involved future events:'
23.1998 	EXP 	unnamed TextStim: text = 'Completely'
23.1998 	EXP 	unnamed TextStim: text = 'Not at all'
23.2070 	EXP 	unnamed TextStim: text = 'My thoughts involved future events:'
23.2070 	EXP 	unnamed TextStim: text = 'Completely'
23.2070 	EXP 	unnamed TextStim: text = 'Not at all'
23.2146 	EXP 	unnamed TextStim: text = 'My thoughts involved future events:'
23.2146 	EXP 	unnamed TextStim: text = 'Completely'
23.2146 	EXP 	unnamed TextStim: text = 'Not at all'
23.2208 	EXP 	unnamed TextStim: text = 'My thoughts involved future events:'
23.2208 	EXP 	unnamed TextStim: text = 'Completely'
23.2208 	EXP 	unnamed TextStim: text = 'Not at all'
23.2276 	EXP 	unnamed TextStim: text = 'My thoughts involved future events:'
23.2276 	EXP 	unnamed TextStim: text = 'Completely'
23.2276 	EXP 	unnamed TextStim: text = 'Not at all'
23.2350 	EXP 	unnamed TextStim: text = 'My thoughts involved future events:'
23.2350 	EXP 	unnamed TextStim: text = 'Completely'
23.2350 	EXP 	unnamed TextStim: text = 'Not at all'
23.2415 	EXP 	unnamed TextStim: text = 'My thoughts involved future events:'
23.2415 	EXP 	unnamed TextStim: text = 'Completely'
23.2415 	EXP 	unnamed TextStim: text = 'Not at all'
23.2482 	EXP 	unnamed TextStim: text = 'My thoughts involved future events:'
23.2482 	EXP 	unnamed TextStim: text = 'Completely'
23.2482 	EXP 	unnamed TextStim: text = 'Not at all'
23.2560 	EXP 	unnamed TextStim: text = 'My thoughts involved future events:'
23.2560 	EXP 	unnamed TextStim: text = 'Completely'
23.2560 	EXP 	unnamed TextStim: text = 'Not at all'
23.2630 	EXP 	unnamed TextStim: text = 'My thoughts involved future events:'
23.2630 	EXP 	unnamed TextStim: text = 'Completely'
23.2630 	EXP 	unnamed TextStim: text = 'Not at all'
23.2700 	EXP 	unnamed TextStim: text = 'My thoughts involved future events:'
23.2700 	EXP 	unnamed TextStim: text = 'Completely'
23.2700 	EXP 	unnamed TextStim: text = 'Not at all'
23.2768 	EXP 	unnamed TextStim: text = 'My thoughts involved future events:'
23.2768 	EXP 	unnamed TextStim: text = 'Completely'
23.2768 	EXP 	unnamed TextStim: text = 'Not at all'
23.2838 	EXP 	unnamed TextStim: text = 'My thoughts involved future events:'
23.2838 	EXP 	unnamed TextStim: text = 'Completely'
23.2838 	EXP 	unnamed TextStim: text = 'Not at all'
23.2909 	EXP 	unnamed TextStim: text = 'My thoughts involved future events:'
23.2909 	EXP 	unnamed TextStim: text = 'Completely'
23.2909 	EXP 	unnamed TextStim: text = 'Not at all'
23.2977 	EXP 	unnamed TextStim: text = 'My thoughts involved future events:'
23.2977 	EXP 	unnamed TextStim: text = 'Completely'
23.2977 	EXP 	unnamed TextStim: text = 'Not at all'
23.3046 	EXP 	unnamed TextStim: text = 'My thoughts involved future events:'
23.3046 	EXP 	unnamed TextStim: text = 'Completely'
23.3046 	EXP 	unnamed TextStim: text = 'Not at all'
23.3114 	EXP 	unnamed TextStim: text = 'My thoughts involved future events:'
23.3114 	EXP 	unnamed TextStim: text = 'Completely'
23.3114 	EXP 	unnamed TextStim: text = 'Not at all'
23.3183 	EXP 	unnamed TextStim: text = 'My thoughts involved future events:'
23.3183 	EXP 	unnamed TextStim: text = 'Completely'
23.3183 	EXP 	unnamed TextStim: text = 'Not at all'
23.3254 	EXP 	unnamed TextStim: text = 'My thoughts involved future events:'
23.3254 	EXP 	unnamed TextStim: text = 'Completely'
23.3254 	EXP 	unnamed TextStim: text = 'Not at all'
23.3323 	EXP 	unnamed TextStim: text = 'My thoughts involved future events:'
23.3323 	EXP 	unnamed TextStim: text = 'Completely'
23.3323 	EXP 	unnamed TextStim: text = 'Not at all'
23.3393 	EXP 	unnamed TextStim: text = 'My thoughts involved future events:'
23.3393 	EXP 	unnamed TextStim: text = 'Completely'
23.3393 	EXP 	unnamed TextStim: text = 'Not at all'
23.3461 	EXP 	unnamed TextStim: text = 'My thoughts involved future events:'
23.3461 	EXP 	unnamed TextStim: text = 'Completely'
23.3461 	EXP 	unnamed TextStim: text = 'Not at all'
23.3531 	EXP 	unnamed TextStim: text = 'My thoughts involved future events:'
23.3531 	EXP 	unnamed TextStim: text = 'Completely'
23.3531 	EXP 	unnamed TextStim: text = 'Not at all'
23.3602 	EXP 	unnamed TextStim: text = 'My thoughts involved future events:'
23.3602 	EXP 	unnamed TextStim: text = 'Completely'
23.3602 	EXP 	unnamed TextStim: text = 'Not at all'
23.3671 	EXP 	unnamed TextStim: text = 'My thoughts involved future events:'
23.3671 	EXP 	unnamed TextStim: text = 'Completely'
23.3671 	EXP 	unnamed TextStim: text = 'Not at all'
23.3741 	EXP 	unnamed TextStim: text = 'My thoughts involved future events:'
23.3741 	EXP 	unnamed TextStim: text = 'Completely'
23.3741 	EXP 	unnamed TextStim: text = 'Not at all'
23.3781 	DATA 	Keypress: left
23.3810 	EXP 	unnamed TextStim: text = 'My thoughts involved future events:'
23.3810 	EXP 	unnamed TextStim: text = 'Completely'
23.3810 	EXP 	unnamed TextStim: text = 'Not at all'
23.3879 	EXP 	unnamed TextStim: text = 'My thoughts involved future events:'
23.3879 	EXP 	unnamed TextStim: text = 'Completely'
23.3879 	EXP 	unnamed TextStim: text = 'Not at all'
23.3948 	EXP 	unnamed TextStim: text = 'My thoughts involved future events:'
23.3948 	EXP 	unnamed TextStim: text = 'Completely'
23.3948 	EXP 	unnamed TextStim: text = 'Not at all'
23.4018 	EXP 	unnamed TextStim: text = 'My thoughts involved future events:'
23.4018 	EXP 	unnamed TextStim: text = 'Completely'
23.4018 	EXP 	unnamed TextStim: text = 'Not at all'
23.4087 	EXP 	unnamed TextStim: text = 'My thoughts involved future events:'
23.4087 	EXP 	unnamed TextStim: text = 'Completely'
23.4087 	EXP 	unnamed TextStim: text = 'Not at all'
23.4157 	EXP 	unnamed TextStim: text = 'My thoughts involved future events:'
23.4157 	EXP 	unnamed TextStim: text = 'Completely'
23.4157 	EXP 	unnamed TextStim: text = 'Not at all'
23.4226 	EXP 	unnamed TextStim: text = 'My thoughts involved future events:'
23.4226 	EXP 	unnamed TextStim: text = 'Completely'
23.4226 	EXP 	unnamed TextStim: text = 'Not at all'
23.4304 	EXP 	unnamed TextStim: text = 'My thoughts involved future events:'
23.4304 	EXP 	unnamed TextStim: text = 'Completely'
23.4304 	EXP 	unnamed TextStim: text = 'Not at all'
23.4428 	EXP 	unnamed TextStim: text = 'My thoughts involved future events:'
23.4428 	EXP 	unnamed TextStim: text = 'Completely'
23.4428 	EXP 	unnamed TextStim: text = 'Not at all'
23.4504 	EXP 	unnamed TextStim: text = 'My thoughts involved future events:'
23.4504 	EXP 	unnamed TextStim: text = 'Completely'
23.4504 	EXP 	unnamed TextStim: text = 'Not at all'
23.4574 	EXP 	unnamed TextStim: text = 'My thoughts involved future events:'
23.4574 	EXP 	unnamed TextStim: text = 'Completely'
23.4574 	EXP 	unnamed TextStim: text = 'Not at all'
23.4642 	EXP 	unnamed TextStim: text = 'My thoughts involved future events:'
23.4642 	EXP 	unnamed TextStim: text = 'Completely'
23.4642 	EXP 	unnamed TextStim: text = 'Not at all'
23.4713 	EXP 	unnamed TextStim: text = 'My thoughts involved future events:'
23.4713 	EXP 	unnamed TextStim: text = 'Completely'
23.4713 	EXP 	unnamed TextStim: text = 'Not at all'
23.4783 	EXP 	unnamed TextStim: text = 'My thoughts involved future events:'
23.4783 	EXP 	unnamed TextStim: text = 'Completely'
23.4783 	EXP 	unnamed TextStim: text = 'Not at all'
23.4851 	EXP 	unnamed TextStim: text = 'My thoughts involved future events:'
23.4851 	EXP 	unnamed TextStim: text = 'Completely'
23.4851 	EXP 	unnamed TextStim: text = 'Not at all'
23.4921 	EXP 	unnamed TextStim: text = 'My thoughts involved future events:'
23.4921 	EXP 	unnamed TextStim: text = 'Completely'
23.4921 	EXP 	unnamed TextStim: text = 'Not at all'
23.4992 	EXP 	unnamed TextStim: text = 'My thoughts involved future events:'
23.4992 	EXP 	unnamed TextStim: text = 'Completely'
23.4992 	EXP 	unnamed TextStim: text = 'Not at all'
23.5061 	EXP 	unnamed TextStim: text = 'My thoughts involved future events:'
23.5061 	EXP 	unnamed TextStim: text = 'Completely'
23.5061 	EXP 	unnamed TextStim: text = 'Not at all'
23.5130 	EXP 	unnamed TextStim: text = 'My thoughts involved future events:'
23.5130 	EXP 	unnamed TextStim: text = 'Completely'
23.5130 	EXP 	unnamed TextStim: text = 'Not at all'
23.5198 	EXP 	unnamed TextStim: text = 'My thoughts involved future events:'
23.5198 	EXP 	unnamed TextStim: text = 'Completely'
23.5198 	EXP 	unnamed TextStim: text = 'Not at all'
23.5268 	EXP 	unnamed TextStim: text = 'My thoughts involved future events:'
23.5268 	EXP 	unnamed TextStim: text = 'Completely'
23.5268 	EXP 	unnamed TextStim: text = 'Not at all'
23.5337 	EXP 	unnamed TextStim: text = 'My thoughts involved future events:'
23.5337 	EXP 	unnamed TextStim: text = 'Completely'
23.5337 	EXP 	unnamed TextStim: text = 'Not at all'
23.5408 	EXP 	unnamed TextStim: text = 'My thoughts involved future events:'
23.5408 	EXP 	unnamed TextStim: text = 'Completely'
23.5408 	EXP 	unnamed TextStim: text = 'Not at all'
23.5476 	EXP 	unnamed TextStim: text = 'My thoughts involved future events:'
23.5476 	EXP 	unnamed TextStim: text = 'Completely'
23.5476 	EXP 	unnamed TextStim: text = 'Not at all'
23.5545 	EXP 	unnamed TextStim: text = 'My thoughts involved future events:'
23.5545 	EXP 	unnamed TextStim: text = 'Completely'
23.5545 	EXP 	unnamed TextStim: text = 'Not at all'
23.5616 	EXP 	unnamed TextStim: text = 'My thoughts involved future events:'
23.5616 	EXP 	unnamed TextStim: text = 'Completely'
23.5616 	EXP 	unnamed TextStim: text = 'Not at all'
23.5685 	EXP 	unnamed TextStim: text = 'My thoughts involved future events:'
23.5685 	EXP 	unnamed TextStim: text = 'Completely'
23.5685 	EXP 	unnamed TextStim: text = 'Not at all'
23.5754 	EXP 	unnamed TextStim: text = 'My thoughts involved future events:'
23.5754 	EXP 	unnamed TextStim: text = 'Completely'
23.5754 	EXP 	unnamed TextStim: text = 'Not at all'
23.5823 	EXP 	unnamed TextStim: text = 'My thoughts involved future events:'
23.5823 	EXP 	unnamed TextStim: text = 'Completely'
23.5823 	EXP 	unnamed TextStim: text = 'Not at all'
23.5894 	EXP 	unnamed TextStim: text = 'My thoughts involved future events:'
23.5894 	EXP 	unnamed TextStim: text = 'Completely'
23.5894 	EXP 	unnamed TextStim: text = 'Not at all'
23.5964 	EXP 	unnamed TextStim: text = 'My thoughts involved future events:'
23.5964 	EXP 	unnamed TextStim: text = 'Completely'
23.5964 	EXP 	unnamed TextStim: text = 'Not at all'
23.6033 	EXP 	unnamed TextStim: text = 'My thoughts involved future events:'
23.6033 	EXP 	unnamed TextStim: text = 'Completely'
23.6033 	EXP 	unnamed TextStim: text = 'Not at all'
23.6102 	EXP 	unnamed TextStim: text = 'My thoughts involved future events:'
23.6102 	EXP 	unnamed TextStim: text = 'Completely'
23.6102 	EXP 	unnamed TextStim: text = 'Not at all'
23.6170 	EXP 	unnamed TextStim: text = 'My thoughts involved future events:'
23.6170 	EXP 	unnamed TextStim: text = 'Completely'
23.6170 	EXP 	unnamed TextStim: text = 'Not at all'
23.6240 	EXP 	unnamed TextStim: text = 'My thoughts involved future events:'
23.6240 	EXP 	unnamed TextStim: text = 'Completely'
23.6240 	EXP 	unnamed TextStim: text = 'Not at all'
23.6311 	EXP 	unnamed TextStim: text = 'My thoughts involved future events:'
23.6311 	EXP 	unnamed TextStim: text = 'Completely'
23.6311 	EXP 	unnamed TextStim: text = 'Not at all'
23.6379 	EXP 	unnamed TextStim: text = 'My thoughts involved future events:'
23.6379 	EXP 	unnamed TextStim: text = 'Completely'
23.6379 	EXP 	unnamed TextStim: text = 'Not at all'
23.6448 	EXP 	unnamed TextStim: text = 'My thoughts involved future events:'
23.6448 	EXP 	unnamed TextStim: text = 'Completely'
23.6448 	EXP 	unnamed TextStim: text = 'Not at all'
23.6519 	EXP 	unnamed TextStim: text = 'My thoughts involved future events:'
23.6519 	EXP 	unnamed TextStim: text = 'Completely'
23.6519 	EXP 	unnamed TextStim: text = 'Not at all'
23.6588 	EXP 	unnamed TextStim: text = 'My thoughts involved future events:'
23.6588 	EXP 	unnamed TextStim: text = 'Completely'
23.6588 	EXP 	unnamed TextStim: text = 'Not at all'
23.6656 	EXP 	unnamed TextStim: text = 'My thoughts involved future events:'
23.6656 	EXP 	unnamed TextStim: text = 'Completely'
23.6656 	EXP 	unnamed TextStim: text = 'Not at all'
23.6728 	EXP 	unnamed TextStim: text = 'My thoughts involved future events:'
23.6728 	EXP 	unnamed TextStim: text = 'Completely'
23.6728 	EXP 	unnamed TextStim: text = 'Not at all'
23.6799 	EXP 	unnamed TextStim: text = 'My thoughts involved future events:'
23.6799 	EXP 	unnamed TextStim: text = 'Completely'
23.6799 	EXP 	unnamed TextStim: text = 'Not at all'
23.6867 	EXP 	unnamed TextStim: text = 'My thoughts involved future events:'
23.6867 	EXP 	unnamed TextStim: text = 'Completely'
23.6867 	EXP 	unnamed TextStim: text = 'Not at all'
23.6936 	EXP 	unnamed TextStim: text = 'My thoughts involved future events:'
23.6936 	EXP 	unnamed TextStim: text = 'Completely'
23.6936 	EXP 	unnamed TextStim: text = 'Not at all'
23.7005 	EXP 	unnamed TextStim: text = 'My thoughts involved future events:'
23.7005 	EXP 	unnamed TextStim: text = 'Completely'
23.7005 	EXP 	unnamed TextStim: text = 'Not at all'
23.7075 	EXP 	unnamed TextStim: text = 'My thoughts involved future events:'
23.7075 	EXP 	unnamed TextStim: text = 'Completely'
23.7075 	EXP 	unnamed TextStim: text = 'Not at all'
23.7144 	EXP 	unnamed TextStim: text = 'My thoughts involved future events:'
23.7144 	EXP 	unnamed TextStim: text = 'Completely'
23.7144 	EXP 	unnamed TextStim: text = 'Not at all'
23.7214 	EXP 	unnamed TextStim: text = 'My thoughts involved future events:'
23.7214 	EXP 	unnamed TextStim: text = 'Completely'
23.7214 	EXP 	unnamed TextStim: text = 'Not at all'
23.7283 	EXP 	unnamed TextStim: text = 'My thoughts involved future events:'
23.7283 	EXP 	unnamed TextStim: text = 'Completely'
23.7283 	EXP 	unnamed TextStim: text = 'Not at all'
23.7353 	EXP 	unnamed TextStim: text = 'My thoughts involved future events:'
23.7353 	EXP 	unnamed TextStim: text = 'Completely'
23.7353 	EXP 	unnamed TextStim: text = 'Not at all'
23.7423 	EXP 	unnamed TextStim: text = 'My thoughts involved future events:'
23.7423 	EXP 	unnamed TextStim: text = 'Completely'
23.7423 	EXP 	unnamed TextStim: text = 'Not at all'
23.7493 	EXP 	unnamed TextStim: text = 'My thoughts involved future events:'
23.7493 	EXP 	unnamed TextStim: text = 'Completely'
23.7493 	EXP 	unnamed TextStim: text = 'Not at all'
23.7561 	EXP 	unnamed TextStim: text = 'My thoughts involved future events:'
23.7561 	EXP 	unnamed TextStim: text = 'Completely'
23.7561 	EXP 	unnamed TextStim: text = 'Not at all'
23.7629 	EXP 	unnamed TextStim: text = 'My thoughts involved future events:'
23.7629 	EXP 	unnamed TextStim: text = 'Completely'
23.7629 	EXP 	unnamed TextStim: text = 'Not at all'
23.7700 	EXP 	unnamed TextStim: text = 'My thoughts involved future events:'
23.7700 	EXP 	unnamed TextStim: text = 'Completely'
23.7700 	EXP 	unnamed TextStim: text = 'Not at all'
23.7770 	EXP 	unnamed TextStim: text = 'My thoughts involved future events:'
23.7770 	EXP 	unnamed TextStim: text = 'Completely'
23.7770 	EXP 	unnamed TextStim: text = 'Not at all'
23.7837 	EXP 	unnamed TextStim: text = 'My thoughts involved future events:'
23.7837 	EXP 	unnamed TextStim: text = 'Completely'
23.7837 	EXP 	unnamed TextStim: text = 'Not at all'
23.7907 	EXP 	unnamed TextStim: text = 'My thoughts involved future events:'
23.7907 	EXP 	unnamed TextStim: text = 'Completely'
23.7907 	EXP 	unnamed TextStim: text = 'Not at all'
23.7948 	DATA 	Keypress: return
23.7949 	DATA 	RatingScale unnamed RatingScale: (key response) rating=1.0
23.7980 	EXP 	unnamed TextStim: text = 'My thoughts involved future events:'
23.7980 	EXP 	unnamed TextStim: text = 'Completely'
23.7980 	EXP 	unnamed TextStim: text = 'Not at all'
24.8049 	EXP 	Created instruction = TextStim(__class__=<class 'psychopy.visual.text.TextStim'>, alignHoriz=method-wrapper(...), alignText='center', alignVert=method-wrapper(...), anchorHoriz='center', anchorVert='center', antialias=True, autoLog=True, bold=False, color=array([-1., -1., -1.]), colorSpace='rgb', contrast=1.0, depth=0, flipHoriz=False, flipVert=False, font='sans', fontFiles=[], height=0.1, italic=False, languageStyle='LTR', name='instruction', opacity=1.0, ori=0.0, pos=array([0., 0.]), rgb=UNKNOWN, text='default text', units='norm', win=Window(...), wrapWidth=1)
24.8269 	EXP 	window1: mouseVisible = True
