70.9229 	WARNING 	Speech-to-text recognition module not available (use command `pip install SpeechRecognition` to get it. Transcription will be unavailable.
70.9783 	WARNING 	We strongly recommend you activate the PTB sound engine in PsychoPy prefs as the preferred audio engine. Its timing is vastly superior. Your prefs are currently set to use ['sounddevice', 'PTB', 'pyo', 'pygame'] (in that order).
71.0105 	WARNING 	Monitor specification not found. Creating a temporary one...
73.6354 	EXP 	window1: mouseVisible = False
73.7507 	EXP 	Created instruction = TextStim(__class__=<class 'psychopy.visual.text.TextStim'>, alignHoriz=method-wrapper(...), alignText='center', alignVert=method-wrapper(...), anchorHoriz='center', anchorVert='center', antialias=True, autoLog=True, bold=False, color=array([-1., -1., -1.]), colorSpace='rgb', contrast=1.0, depth=0, flipHoriz=False, flipVert=False, font=list(...), fontFiles=[], height=0.08, italic=False, languageStyle='LTR', name='instruction', opacity=1.0, ori=0.0, pos=array([0., 0.]), rgb=UNKNOWN, text='default text', units='norm', win=Window(...), wrapWidth=1100)
73.8064 	EXP 	instruction: size = 0.8
73.8064 	EXP 	instruction: text = 'Advance to instructions...\r\n'
75.2385 	EXP 	instruction: text = '\r\nWelcome to our experiment.\r\n\r\nIn it you will be asked to attend to pairs of different shapes \r\ndivided by a vertical line in the middle of the screen.\r\n\r\nYou will only be required to keep your eyes in the \r\ncentre of the screen and attend to the shapes most of the time.\r\n\r\nWhen a reaction is required, the vertical line will change colour.\r\n\r\n\r\nPress "1" to continue reading.\r\n'
76.4204 	DATA 	Keypress: backslash
76.4209 	DATA 	Keypress: return
76.4905 	EXP 	instruction: text = '\r\nThe condition will switch between blocks.\r\nThe two types of conditions are 0-back and 1-back.\r\n\r\nIf the line is BLUE, the trial is a 0-back block.\r\nIf the line is RED, the trial is a 1-back block.\r\n\r\n\r\nPress "1" to continue reading.\r\n'
76.6797 	DATA 	Keypress: return
76.7738 	EXP 	instruction: text = '\r\nWhen an event occurs in a 0-back block, \r\nthe screen displays a pair of shapes and a smaller target item in the middle.\r\nYou answer according to the CURRENT screen.\r\n\r\nWhen an event occurs in a 1-back block, \r\nthe screen displays a pair of "?" and a smaller target item in the middle.\r\nYou answer according to the PREVIOUS screen.\r\n\r\nYou are using key "1" and "2" to indicate LEFT or RIGHT.\r\nYou should try to be as quick and accurate as possible.\r\n\r\n\r\nPress "1" to continue reading.\r\n'
76.9052 	DATA 	Keypress: return
77.0074 	EXP 	instruction: text = '\r\nWe are interested in the thoughts that you experienced \r\nduring the rest period. A list of descriptions and a rating scale \r\nwill be presented on the screen. Please use the four buttons to indicate how \r\nmuch each description reflects your experience.\r\n\r\nPress "1" to move the tick mark towards 1, indicates "not at all".\r\nPress "2" to move the tick mark towards 10, indicates "completely".\r\nPress "4" to confirm the rating.\r\n\r\nPlease note that there are no right or wrong answers.\r\nAnswer the questions as fast as possible.\r\n\r\n\r\nPress "1" to start the task.\r\n'
77.1310 	DATA 	Keypress: return
77.1429 	EXP 	Created unnamed TextStim = TextStim(__class__=<class 'psychopy.visual.text.TextStim'>, alignHoriz=method-wrapper(...), alignText='center', alignVert=method-wrapper(...), anchorHoriz='center', anchorVert='center', antialias=True, autoLog=True, bold=False, color=array([-1., -1., -1.]), colorSpace='rgb', contrast=1.0, depth=0, flipHoriz=False, flipVert=False, font=list(...), fontFiles=[], height=0.1, italic=False, languageStyle='LTR', name='unnamed TextStim', opacity=1.0, ori=0.0, pos=array([0., 0.]), rgb=UNKNOWN, text='+', units='norm', win=Window(...), wrapWidth=1100)
77.1528 	EXP 	Created verticle line = Line(__class__=<class 'psychopy.visual.line.Line'>, autoDraw=False, autoLog=True, closeShape=False, color=array([-1., -1., -1.]), colorSpace='rgb', contrast=None, depth=0, fillColor=array([0, 0, 0]), fillColorSpace='rgb', fillRGB=array([0, 0, 0]), interpolate=True, lineColor=array([-1., -1., -1.]), lineColorSpace='rgb', lineRGB=array([-1, -1, -1]), lineWidth=3, name='verticle line', opacity=0.5, ori=0.0, pos=array([0., 0.]), size=array([1., 1.]), units='norm', vertices=array([[ 0.  ,  0.75],
       [ 0.  , -0.75]]), win=Window(...), windingRule=None)
77.1600 	EXP 	Created dash line = ShapeStim(__class__=<class 'psychopy.visual.shape.ShapeStim'>, autoDraw=False, autoLog=True, closeShape=True, color=method-wrapper(...), colorSpace='rgb', contrast=None, depth=0, fillColor=array([-1, -1, -1]), fillColorSpace='rgb', fillRGB=array([-1, -1, -1]), interpolate=True, lineColor=array([0., 0., 0.]), lineColorSpace='rgb', lineRGB=array([0, 0, 0]), lineWidth=1.5, name='dash line', opacity=0.5, ori=0.0, pos=array([0. , 2.5]), size=array([1., 1.]), units='norm', vertices=ndarray(...), win=Window(...), windingRule=None)
77.2949 	EXP 	Created stimPic-left = ImageStim(__class__=<class 'psychopy.visual.image.ImageStim'>, autoLog=True, color=array([1., 1., 1.]), colorSpace='rgb', contrast=1.0, depth=0, flipHoriz=False, flipVert=False, image=None, interpolate=False, mask=None, maskParams=None, name='stimPic-left', opacity=1, ori=0.0, pos=array([-0.5,  0. ]), size=array([0.5 , 0.75]), texRes=128, units='norm', win=Window(...))
77.2979 	EXP 	Created stimPic-right = ImageStim(__class__=<class 'psychopy.visual.image.ImageStim'>, autoLog=True, color=array([1., 1., 1.]), colorSpace='rgb', contrast=1.0, depth=0, flipHoriz=False, flipVert=False, image=None, interpolate=False, mask=None, maskParams=None, name='stimPic-right', opacity=1, ori=0.0, pos=array([0.5, 0. ]), size=array([0.5 , 0.75]), texRes=128, units='norm', win=Window(...))
77.3014 	EXP 	Created stimPic-middle = ImageStim(__class__=<class 'psychopy.visual.image.ImageStim'>, autoLog=True, color=array([1., 1., 1.]), colorSpace='rgb', contrast=1.0, depth=0, flipHoriz=False, flipVert=False, image=None, interpolate=False, mask=None, maskParams=None, name='stimPic-middle', opacity=1, ori=0.0, pos=array([0., 0.]), size=array([0.25, 0.4 ]), texRes=128, units='norm', win=Window(...))
77.3153 	EXP 	Created unnamed TextStim = TextStim(__class__=<class 'psychopy.visual.text.TextStim'>, alignHoriz=method-wrapper(...), alignText='center', alignVert=method-wrapper(...), anchorHoriz='center', anchorVert='center', antialias=True, autoLog=True, bold=False, color=array([-1., -1., -1.]), colorSpace='rgb', contrast=1.0, depth=0, flipHoriz=False, flipVert=False, font='', fontFiles=[], height=0.1, italic=False, languageStyle='LTR', name='unnamed TextStim', opacity=1.0, ori=0.0, pos=array([-0.5,  0. ]), rgb=UNKNOWN, text='?', units='norm', win=Window(...), wrapWidth=500)
77.3212 	EXP 	Created unnamed TextStim = TextStim(__class__=<class 'psychopy.visual.text.TextStim'>, alignHoriz=method-wrapper(...), alignText='center', alignVert=method-wrapper(...), anchorHoriz='center', anchorVert='center', antialias=True, autoLog=True, bold=False, color=array([-1., -1., -1.]), colorSpace='rgb', contrast=1.0, depth=0, flipHoriz=False, flipVert=False, font='', fontFiles=[], height=0.1, italic=False, languageStyle='LTR', name='unnamed TextStim', opacity=1.0, ori=0.0, pos=array([0.5, 0. ]), rgb=UNKNOWN, text='?', units='norm', win=Window(...), wrapWidth=500)
77.3281 	EXP 	Created unnamed TextStim = TextStim(__class__=<class 'psychopy.visual.text.TextStim'>, alignHoriz=method-wrapper(...), alignText='center', alignVert=method-wrapper(...), anchorHoriz='center', anchorVert='center', antialias=True, autoLog=True, bold=False, color=array([1., 1., 1.]), colorSpace='rgb', contrast=1.0, depth=0, flipHoriz=False, flipVert=False, font='', fontFiles=[], height=0.1, italic=False, languageStyle='LTR', name='unnamed TextStim', opacity=1.0, ori=0.0, pos=array([0., 0.]), rgb=UNKNOWN, text='?', units='norm', win=Window(...), wrapWidth=200)
77.3447 	EXP 	Created unnamed TextStim = TextStim(__class__=<class 'psychopy.visual.text.TextStim'>, alignHoriz=method-wrapper(...), alignText='center', alignVert=method-wrapper(...), anchorHoriz='center', anchorVert='center', antialias=True, autoLog=True, bold=False, color=array([-1., -1., -1.]), colorSpace='rgb', contrast=1.0, depth=0, flipHoriz=False, flipVert=False, font=list(...), fontFiles=[], height=0.1, italic=False, languageStyle='LTR', name='unnamed TextStim', opacity=1.0, ori=0.0, pos=array([0., 0.]), rgb=UNKNOWN, text='Switch', units='norm', win=Window(...), wrapWidth=1100)
77.3849 	EXP 	Created unnamed TextStim = TextStim(__class__=<class 'psychopy.visual.text.TextStim'>, alignHoriz=method-wrapper(...), alignText='center', alignVert=method-wrapper(...), anchorHoriz='center', anchorVert='center', antialias=True, autoLog=True, bold=False, color=array([-1., -1., -1.]), colorSpace='rgb', contrast=1.0, depth=0, flipHoriz=False, flipVert=False, font='', fontFiles=[], height=0.1, italic=False, languageStyle='LTR', name='unnamed TextStim', opacity=1.0, ori=0.0, pos=array([0., 0.]), rgb=UNKNOWN, text=str(...), units='norm', win=Window(...), wrapWidth=1100)
79.2802 	DATA 	Keypress: return
79.6315 	EXP 	stimPic-left: image = 'c:\\Users\\gooda\\Documents\\GitHub\\THINCLabTestRepo\\Tasks\\taskScripts//resources//ZeroBack_Task//stimuli//square.png'
79.6315 	EXP 	stimPic-right: image = 'c:\\Users\\gooda\\Documents\\GitHub\\THINCLabTestRepo\\Tasks\\taskScripts//resources//ZeroBack_Task//stimuli//triangle.png'
82.3998 	EXP 	stimPic-left: image = 'c:\\Users\\gooda\\Documents\\GitHub\\THINCLabTestRepo\\Tasks\\taskScripts//resources//ZeroBack_Task//stimuli//square.png'
82.3998 	EXP 	stimPic-right: image = 'c:\\Users\\gooda\\Documents\\GitHub\\THINCLabTestRepo\\Tasks\\taskScripts//resources//ZeroBack_Task//stimuli//triangle.png'
6412.8675 	DATA 	Mouse: Left button down, pos=(558,241)
6412.9497 	DATA 	Mouse:  Left button up, pos=(558,241)
6413.2365 	DATA 	Keypress: return
