285.7750 	WARNING 	RatingScale unnamed RatingScale: len(labels) not equal to len(tickMarks)
375.3693 	WARNING 	RatingScale unnamed RatingScale: len(labels) not equal to len(tickMarks)
378.8609 	EXP 	window1: recordFrameIntervals = False
379.0202 	EXP 	window1: recordFrameIntervals = True
379.2045 	EXP 	window1: recordFrameIntervals = False
379.2183 	EXP 	Created text_2 = TextStim(__class__=<class 'psychopy.visual.text.TextStim'>, alignHoriz=method-wrapper(...), alignText='center', alignVert=method-wrapper(...), anchorHoriz='center', anchorVert='center', antialias=True, autoLog=True, bold=False, color=array([-1., -1., -1.]), colorSpace='rgb', contrast=1.0, depth=0.0, flipHoriz=False, flipVert=False, font='Open Sans', fontFiles=[], height=0.1, italic=False, languageStyle='LTR', name='text_2', opacity=1, ori=0.0, pos=array([0., 0.]), rgb=UNKNOWN, text='Insert text here', units='norm', win=Window(...), wrapWidth=1)
379.2328 	EXP 	Created memoryPrompt = TextStim(__class__=<class 'psychopy.visual.text.TextStim'>, alignHoriz=method-wrapper(...), alignText='center', alignVert=method-wrapper(...), anchorHoriz='center', anchorVert='center', antialias=True, autoLog=True, bold=False, color=array([-1., -1., -1.]), colorSpace='rgb', contrast=1.0, depth=0.0, flipHoriz=False, flipVert=False, font='Open Sans', fontFiles=[], height=0.1, italic=False, languageStyle='LTR', name='memoryPrompt', opacity=1, ori=0.0, pos=array([0., 0.]), rgb=UNKNOWN, text='', units='norm', win=Window(...), wrapWidth=1)
379.2784 	EXP 	Created text = TextStim(__class__=<class 'psychopy.visual.text.TextStim'>, alignHoriz=method-wrapper(...), alignText='center', alignVert=method-wrapper(...), anchorHoriz='center', anchorVert='center', antialias=True, autoLog=True, bold=False, color=array([-1., -1., -1.]), colorSpace='rgb', contrast=1.0, depth=0.0, flipHoriz=False, flipVert=False, font='Open Sans', fontFiles=[], height=0.1, italic=False, languageStyle='LTR', name='text', opacity=1, ori=0.0, pos=array([0., 0.]), rgb=UNKNOWN, text='+', units='norm', win=Window(...), wrapWidth=1)
379.3004 	EXP 	Created text_3 = TextStim(__class__=<class 'psychopy.visual.text.TextStim'>, alignHoriz=method-wrapper(...), alignText='center', alignVert=method-wrapper(...), anchorHoriz='center', anchorVert='center', antialias=True, autoLog=True, bold=False, color=array([-1., -1., -1.]), colorSpace='rgb', contrast=1.0, depth=0.0, flipHoriz=False, flipVert=False, font='Open Sans', fontFiles=[], height=0.1, italic=False, languageStyle='LTR', name='text_3', opacity=1, ori=0.0, pos=array([0., 0.]), rgb=UNKNOWN, text=str(...), units='norm', win=Window(...), wrapWidth=1)
379.3068 	EXP 	Created text = TextStim(__class__=<class 'psychopy.visual.text.TextStim'>, alignHoriz=method-wrapper(...), alignText='center', alignVert=method-wrapper(...), anchorHoriz='center', anchorVert='center', antialias=True, autoLog=True, bold=False, color=array([-1., -1., -1.]), colorSpace='rgb', contrast=1.0, depth=0.0, flipHoriz=False, flipVert=False, font='Open Sans', fontFiles=[], height=0.1, italic=False, languageStyle='LTR', name='text', opacity=1, ori=0.0, pos=array([0., 0.]), rgb=UNKNOWN, text='+', units='norm', win=Window(...), wrapWidth=1)
379.3163 	EXP 	Created text_4 = TextStim(__class__=<class 'psychopy.visual.text.TextStim'>, alignHoriz=method-wrapper(...), alignText='center', alignVert=method-wrapper(...), anchorHoriz='center', anchorVert='center', antialias=True, autoLog=True, bold=False, color=array([-1., -1., -1.]), colorSpace='rgb', contrast=1.0, depth=0.0, flipHoriz=False, flipVert=False, font='Open Sans', fontFiles=[], height=0.1, italic=False, languageStyle='LTR', name='text_4', opacity=1, ori=0.0, pos=array([0., 0.]), rgb=UNKNOWN, text='You may now stop.', units='norm', win=Window(...), wrapWidth=1)
379.3369 	EXP 	text_2: text = 'Memory Task Instructions\n'
379.3369 	EXP 	textbox: autoLog = True
379.3369 	EXP 	text_2: autoDraw = True
381.0740 	EXP 	Created sequence: random, trialTypes=1, nReps=1, seed=None
381.0743 	EXP 	New trial (rep=0, index=0): None
381.1005 	DATA 	Keypress: return
381.1083 	EXP 	text_2: autoDraw = False
381.1083 	EXP 	memoryPrompt: text = 'Prompt One'
381.1083 	EXP 	memoryPrompt: autoDraw = True
381.1083 	EXP 	textbox: autoDraw = True
382.1328 	DATA 	Keypress: return
382.1576 	EXP 	memoryPrompt: autoDraw = False
382.1576 	EXP 	textbox: autoDraw = False
382.1576 	EXP 	text: autoDraw = True
384.5959 	DATA 	Keypress: return
386.1762 	EXP 	text: autoDraw = False
386.1762 	EXP 	text: autoDraw = False
386.1762 	EXP 	text_3: text = 'Press return when you are ready to remember:\n\nType response here\n\n\n'
386.1762 	EXP 	text_3: autoDraw = True
386.8001 	DATA 	Keypress: return
386.8295 	EXP 	text_3: autoDraw = False
386.8295 	EXP 	text: autoDraw = True
389.0665 	DATA 	Keypress: return
390.8327 	EXP 	text: autoDraw = False
390.8327 	EXP 	text: autoDraw = False
390.8327 	EXP 	text_4: autoDraw = True
391.5024 	DATA 	Keypress: return
392.3856 	DATA 	Keypress: return
395.8367 	EXP 	text_4: autoDraw = False
395.8367 	EXP 	text_4: autoDraw = False
395.8735 	EXP 	Created instruction = TextStim(__class__=<class 'psychopy.visual.text.TextStim'>, alignHoriz=method-wrapper(...), alignText='center', alignVert=method-wrapper(...), anchorHoriz='center', anchorVert='center', antialias=True, autoLog=True, bold=False, color=array([-1., -1., -1.]), colorSpace='rgb', contrast=1.0, depth=0, flipHoriz=False, flipVert=False, font='sans', fontFiles=[], height=0.1, italic=False, languageStyle='LTR', name='instruction', opacity=1.0, ori=0.0, pos=array([0., 0.]), rgb=UNKNOWN, text='default text', units='norm', win=Window(...), wrapWidth=1)
395.9363 	EXP 	instruction: text = 'Please answer the questions honestly.\n\nA list of descriptions and a rating scale ranging from 1 to 10 will be presented on the screen.\n\nPlease use the left and right arrow keys to select your answer, and the enter button to confirm.'
573.2521 	DATA 	Mouse: Left button down, pos=(431,454)
573.3067 	DATA 	Mouse:  Left button up, pos=(431,454)
573.8006 	DATA 	Keypress: return
573.8249 	EXP 	Imported c:\Users\gooda\Documents\GitHub\THINCLabTestRepo\Tasks\taskScripts//resources//ESQ//ESQ_Questions.csv as conditions, 14 conditions, 4 params
573.8254 	EXP 	Created sequence: sequential, trialTypes=14, nReps=1, seed=None
573.8343 	WARNING 	RatingScale unnamed RatingScale: len(labels) not equal to len(tickMarks)
573.8345 	EXP 	window1: mouseVisible = True
573.8856 	EXP 	Created unnamed RatingScale = RatingScale(__class__=type(...), acceptKeys=['return'], acceptPreText=UNKNOWN, acceptSize=UNKNOWN, acceptText='accept?', autoLog=True, choices=False, colorSpace='rgb', depth=0, disappear=False, flipVert=False, high=10, kwargs=UNKNOWN, labels=list(...), leftKeys=['left'], lineColor='black', low=1, marker=ShapeStim(...), markerColor='black', markerExpansion=UNKNOWN, markerStart=4.5, maxTime=0.0, minTime=0.4, mouseOnly=False, name='unnamed RatingScale', noMouse=False, pos=[0.0, -0.4], precision=10, respKeys=[], rightKeys=['right'], scale=False, self=UNKNOWN, showAccept=True, showValue=True, singleClick=False, size=0.6, skipKeys=['tab'], stretch=1.0, textColor='black', textFont='Helvetica Bold', textSize=0.12, tickHeight=1.0, tickMarks=9.0, win=Window(...))
573.8893 	EXP 	Created unnamed TextStim = TextStim(__class__=<class 'psychopy.visual.text.TextStim'>, alignHoriz=method-wrapper(...), alignText='center', alignVert=method-wrapper(...), anchorHoriz='center', anchorVert='top', antialias=True, autoLog=True, bold=False, color=array([-1., -1., -1.]), colorSpace='rgb', contrast=1.0, depth=0, flipHoriz=False, flipVert=False, font='', fontFiles=[], height=0.1, italic=False, languageStyle='LTR', name='unnamed TextStim', opacity=1.0, ori=0.0, pos=array([0., 0.]), rgb=UNKNOWN, text='', units='norm', win=Window(...), wrapWidth=1)
573.8923 	EXP 	Created unnamed TextStim = TextStim(__class__=<class 'psychopy.visual.text.TextStim'>, alignHoriz=method-wrapper(...), alignText='center', alignVert=method-wrapper(...), anchorHoriz='center', anchorVert='center', antialias=True, autoLog=True, bold=False, color=array([-1., -1., -1.]), colorSpace='rgb', contrast=1.0, depth=0, flipHoriz=False, flipVert=False, font='', fontFiles=[], height=0.1, italic=False, languageStyle='LTR', name='unnamed TextStim', opacity=1.0, ori=0.0, pos=array([ 0.5, -0.5]), rgb=UNKNOWN, text='', units='norm', win=Window(...), wrapWidth=1)
573.8961 	EXP 	Created unnamed TextStim = TextStim(__class__=<class 'psychopy.visual.text.TextStim'>, alignHoriz=method-wrapper(...), alignText='center', alignVert=method-wrapper(...), anchorHoriz='center', anchorVert='center', antialias=True, autoLog=True, bold=False, color=array([-1., -1., -1.]), colorSpace='rgb', contrast=1.0, depth=0, flipHoriz=False, flipVert=False, font='', fontFiles=[], height=0.1, italic=False, languageStyle='LTR', name='unnamed TextStim', opacity=1.0, ori=0.0, pos=array([-0.5, -0.5]), rgb=UNKNOWN, text='', units='norm', win=Window(...), wrapWidth=1)
573.8965 	EXP 	New trial (rep=0, index=0): OrderedDict([('Questions', 'My thoughts were focused on an external task or activity:'), ('Label', 'Focus'), ('Scale_low', 'Not at all'), ('Scale_high', 'Completely')])
573.9628 	EXP 	unnamed RatingScale: flipVert = False
573.9628 	EXP 	unnamed RatingScale: autoLog = True
573.9628 	EXP 	unnamed TextStim: text = 'My thoughts were focused on an external task or activity:'
573.9628 	EXP 	unnamed TextStim: text = 'Completely'
573.9628 	EXP 	unnamed TextStim: text = 'Not at all'
573.9793 	EXP 	unnamed TextStim: text = 'My thoughts were focused on an external task or activity:'
573.9793 	EXP 	unnamed TextStim: text = 'Completely'
573.9793 	EXP 	unnamed TextStim: text = 'Not at all'
573.9969 	EXP 	unnamed TextStim: text = 'My thoughts were focused on an external task or activity:'
573.9969 	EXP 	unnamed TextStim: text = 'Completely'
573.9969 	EXP 	unnamed TextStim: text = 'Not at all'
574.0290 	EXP 	unnamed TextStim: text = 'My thoughts were focused on an external task or activity:'
574.0290 	EXP 	unnamed TextStim: text = 'Completely'
574.0290 	EXP 	unnamed TextStim: text = 'Not at all'
574.0464 	EXP 	unnamed TextStim: text = 'My thoughts were focused on an external task or activity:'
574.0464 	EXP 	unnamed TextStim: text = 'Completely'
574.0464 	EXP 	unnamed TextStim: text = 'Not at all'
574.0630 	EXP 	unnamed TextStim: text = 'My thoughts were focused on an external task or activity:'
574.0630 	EXP 	unnamed TextStim: text = 'Completely'
574.0630 	EXP 	unnamed TextStim: text = 'Not at all'
574.0795 	EXP 	unnamed TextStim: text = 'My thoughts were focused on an external task or activity:'
574.0795 	EXP 	unnamed TextStim: text = 'Completely'
574.0795 	EXP 	unnamed TextStim: text = 'Not at all'
574.0965 	EXP 	unnamed TextStim: text = 'My thoughts were focused on an external task or activity:'
574.0965 	EXP 	unnamed TextStim: text = 'Completely'
574.0965 	EXP 	unnamed TextStim: text = 'Not at all'
574.1125 	EXP 	unnamed TextStim: text = 'My thoughts were focused on an external task or activity:'
574.1125 	EXP 	unnamed TextStim: text = 'Completely'
574.1125 	EXP 	unnamed TextStim: text = 'Not at all'
574.1301 	EXP 	unnamed TextStim: text = 'My thoughts were focused on an external task or activity:'
574.1301 	EXP 	unnamed TextStim: text = 'Completely'
574.1301 	EXP 	unnamed TextStim: text = 'Not at all'
574.1458 	EXP 	unnamed TextStim: text = 'My thoughts were focused on an external task or activity:'
574.1458 	EXP 	unnamed TextStim: text = 'Completely'
574.1458 	EXP 	unnamed TextStim: text = 'Not at all'
574.1634 	EXP 	unnamed TextStim: text = 'My thoughts were focused on an external task or activity:'
574.1634 	EXP 	unnamed TextStim: text = 'Completely'
574.1634 	EXP 	unnamed TextStim: text = 'Not at all'
574.1795 	EXP 	unnamed TextStim: text = 'My thoughts were focused on an external task or activity:'
574.1795 	EXP 	unnamed TextStim: text = 'Completely'
574.1795 	EXP 	unnamed TextStim: text = 'Not at all'
574.1967 	EXP 	unnamed TextStim: text = 'My thoughts were focused on an external task or activity:'
574.1967 	EXP 	unnamed TextStim: text = 'Completely'
574.1967 	EXP 	unnamed TextStim: text = 'Not at all'
574.2138 	EXP 	unnamed TextStim: text = 'My thoughts were focused on an external task or activity:'
574.2138 	EXP 	unnamed TextStim: text = 'Completely'
574.2138 	EXP 	unnamed TextStim: text = 'Not at all'
574.2301 	EXP 	unnamed TextStim: text = 'My thoughts were focused on an external task or activity:'
574.2301 	EXP 	unnamed TextStim: text = 'Completely'
574.2301 	EXP 	unnamed TextStim: text = 'Not at all'
574.2462 	EXP 	unnamed TextStim: text = 'My thoughts were focused on an external task or activity:'
574.2462 	EXP 	unnamed TextStim: text = 'Completely'
574.2462 	EXP 	unnamed TextStim: text = 'Not at all'
574.2643 	EXP 	unnamed TextStim: text = 'My thoughts were focused on an external task or activity:'
574.2643 	EXP 	unnamed TextStim: text = 'Completely'
574.2643 	EXP 	unnamed TextStim: text = 'Not at all'
574.2957 	EXP 	unnamed TextStim: text = 'My thoughts were focused on an external task or activity:'
574.2957 	EXP 	unnamed TextStim: text = 'Completely'
574.2957 	EXP 	unnamed TextStim: text = 'Not at all'
574.3132 	EXP 	unnamed TextStim: text = 'My thoughts were focused on an external task or activity:'
574.3132 	EXP 	unnamed TextStim: text = 'Completely'
574.3132 	EXP 	unnamed TextStim: text = 'Not at all'
574.3458 	EXP 	unnamed TextStim: text = 'My thoughts were focused on an external task or activity:'
574.3458 	EXP 	unnamed TextStim: text = 'Completely'
574.3458 	EXP 	unnamed TextStim: text = 'Not at all'
574.3635 	EXP 	unnamed TextStim: text = 'My thoughts were focused on an external task or activity:'
574.3635 	EXP 	unnamed TextStim: text = 'Completely'
574.3635 	EXP 	unnamed TextStim: text = 'Not at all'
574.3964 	EXP 	unnamed TextStim: text = 'My thoughts were focused on an external task or activity:'
574.3964 	EXP 	unnamed TextStim: text = 'Completely'
574.3964 	EXP 	unnamed TextStim: text = 'Not at all'
574.4295 	EXP 	unnamed TextStim: text = 'My thoughts were focused on an external task or activity:'
574.4295 	EXP 	unnamed TextStim: text = 'Completely'
574.4295 	EXP 	unnamed TextStim: text = 'Not at all'
574.4473 	EXP 	unnamed TextStim: text = 'My thoughts were focused on an external task or activity:'
574.4473 	EXP 	unnamed TextStim: text = 'Completely'
574.4473 	EXP 	unnamed TextStim: text = 'Not at all'
574.4641 	EXP 	unnamed TextStim: text = 'My thoughts were focused on an external task or activity:'
574.4641 	EXP 	unnamed TextStim: text = 'Completely'
574.4641 	EXP 	unnamed TextStim: text = 'Not at all'
574.4802 	EXP 	unnamed TextStim: text = 'My thoughts were focused on an external task or activity:'
574.4802 	EXP 	unnamed TextStim: text = 'Completely'
574.4802 	EXP 	unnamed TextStim: text = 'Not at all'
574.5125 	EXP 	unnamed TextStim: text = 'My thoughts were focused on an external task or activity:'
574.5125 	EXP 	unnamed TextStim: text = 'Completely'
574.5125 	EXP 	unnamed TextStim: text = 'Not at all'
574.5461 	EXP 	unnamed TextStim: text = 'My thoughts were focused on an external task or activity:'
574.5461 	EXP 	unnamed TextStim: text = 'Completely'
574.5461 	EXP 	unnamed TextStim: text = 'Not at all'
574.5643 	EXP 	unnamed TextStim: text = 'My thoughts were focused on an external task or activity:'
574.5643 	EXP 	unnamed TextStim: text = 'Completely'
574.5643 	EXP 	unnamed TextStim: text = 'Not at all'
574.5803 	EXP 	unnamed TextStim: text = 'My thoughts were focused on an external task or activity:'
574.5803 	EXP 	unnamed TextStim: text = 'Completely'
574.5803 	EXP 	unnamed TextStim: text = 'Not at all'
574.5980 	EXP 	unnamed TextStim: text = 'My thoughts were focused on an external task or activity:'
574.5980 	EXP 	unnamed TextStim: text = 'Completely'
574.5980 	EXP 	unnamed TextStim: text = 'Not at all'
574.6293 	EXP 	unnamed TextStim: text = 'My thoughts were focused on an external task or activity:'
574.6293 	EXP 	unnamed TextStim: text = 'Completely'
574.6293 	EXP 	unnamed TextStim: text = 'Not at all'
574.6466 	EXP 	unnamed TextStim: text = 'My thoughts were focused on an external task or activity:'
574.6466 	EXP 	unnamed TextStim: text = 'Completely'
574.6466 	EXP 	unnamed TextStim: text = 'Not at all'
574.6643 	EXP 	unnamed TextStim: text = 'My thoughts were focused on an external task or activity:'
574.6643 	EXP 	unnamed TextStim: text = 'Completely'
574.6643 	EXP 	unnamed TextStim: text = 'Not at all'
574.6964 	EXP 	unnamed TextStim: text = 'My thoughts were focused on an external task or activity:'
574.6964 	EXP 	unnamed TextStim: text = 'Completely'
574.6964 	EXP 	unnamed TextStim: text = 'Not at all'
574.7135 	EXP 	unnamed TextStim: text = 'My thoughts were focused on an external task or activity:'
574.7135 	EXP 	unnamed TextStim: text = 'Completely'
574.7135 	EXP 	unnamed TextStim: text = 'Not at all'
574.7305 	EXP 	unnamed TextStim: text = 'My thoughts were focused on an external task or activity:'
574.7305 	EXP 	unnamed TextStim: text = 'Completely'
574.7305 	EXP 	unnamed TextStim: text = 'Not at all'
574.7466 	EXP 	unnamed TextStim: text = 'My thoughts were focused on an external task or activity:'
574.7466 	EXP 	unnamed TextStim: text = 'Completely'
574.7466 	EXP 	unnamed TextStim: text = 'Not at all'
574.7645 	EXP 	unnamed TextStim: text = 'My thoughts were focused on an external task or activity:'
574.7645 	EXP 	unnamed TextStim: text = 'Completely'
574.7645 	EXP 	unnamed TextStim: text = 'Not at all'
574.7801 	EXP 	unnamed TextStim: text = 'My thoughts were focused on an external task or activity:'
574.7801 	EXP 	unnamed TextStim: text = 'Completely'
574.7801 	EXP 	unnamed TextStim: text = 'Not at all'
574.7973 	EXP 	unnamed TextStim: text = 'My thoughts were focused on an external task or activity:'
574.7973 	EXP 	unnamed TextStim: text = 'Completely'
574.7973 	EXP 	unnamed TextStim: text = 'Not at all'
574.8133 	EXP 	unnamed TextStim: text = 'My thoughts were focused on an external task or activity:'
574.8133 	EXP 	unnamed TextStim: text = 'Completely'
574.8133 	EXP 	unnamed TextStim: text = 'Not at all'
574.8308 	EXP 	unnamed TextStim: text = 'My thoughts were focused on an external task or activity:'
574.8308 	EXP 	unnamed TextStim: text = 'Completely'
574.8308 	EXP 	unnamed TextStim: text = 'Not at all'
574.8466 	EXP 	unnamed TextStim: text = 'My thoughts were focused on an external task or activity:'
574.8466 	EXP 	unnamed TextStim: text = 'Completely'
574.8466 	EXP 	unnamed TextStim: text = 'Not at all'
574.8640 	EXP 	unnamed TextStim: text = 'My thoughts were focused on an external task or activity:'
574.8640 	EXP 	unnamed TextStim: text = 'Completely'
574.8640 	EXP 	unnamed TextStim: text = 'Not at all'
574.8971 	EXP 	unnamed TextStim: text = 'My thoughts were focused on an external task or activity:'
574.8971 	EXP 	unnamed TextStim: text = 'Completely'
574.8971 	EXP 	unnamed TextStim: text = 'Not at all'
574.9298 	EXP 	unnamed TextStim: text = 'My thoughts were focused on an external task or activity:'
574.9298 	EXP 	unnamed TextStim: text = 'Completely'
574.9298 	EXP 	unnamed TextStim: text = 'Not at all'
574.9468 	EXP 	unnamed TextStim: text = 'My thoughts were focused on an external task or activity:'
574.9468 	EXP 	unnamed TextStim: text = 'Completely'
574.9468 	EXP 	unnamed TextStim: text = 'Not at all'
574.9644 	EXP 	unnamed TextStim: text = 'My thoughts were focused on an external task or activity:'
574.9644 	EXP 	unnamed TextStim: text = 'Completely'
574.9644 	EXP 	unnamed TextStim: text = 'Not at all'
574.9802 	EXP 	unnamed TextStim: text = 'My thoughts were focused on an external task or activity:'
574.9802 	EXP 	unnamed TextStim: text = 'Completely'
574.9802 	EXP 	unnamed TextStim: text = 'Not at all'
574.9976 	EXP 	unnamed TextStim: text = 'My thoughts were focused on an external task or activity:'
574.9976 	EXP 	unnamed TextStim: text = 'Completely'
574.9976 	EXP 	unnamed TextStim: text = 'Not at all'
575.0136 	EXP 	unnamed TextStim: text = 'My thoughts were focused on an external task or activity:'
575.0136 	EXP 	unnamed TextStim: text = 'Completely'
575.0136 	EXP 	unnamed TextStim: text = 'Not at all'
575.0309 	EXP 	unnamed TextStim: text = 'My thoughts were focused on an external task or activity:'
575.0309 	EXP 	unnamed TextStim: text = 'Completely'
575.0309 	EXP 	unnamed TextStim: text = 'Not at all'
575.0633 	EXP 	unnamed TextStim: text = 'My thoughts were focused on an external task or activity:'
575.0633 	EXP 	unnamed TextStim: text = 'Completely'
575.0633 	EXP 	unnamed TextStim: text = 'Not at all'
575.0802 	EXP 	unnamed TextStim: text = 'My thoughts were focused on an external task or activity:'
575.0802 	EXP 	unnamed TextStim: text = 'Completely'
575.0802 	EXP 	unnamed TextStim: text = 'Not at all'
575.0978 	EXP 	unnamed TextStim: text = 'My thoughts were focused on an external task or activity:'
575.0978 	EXP 	unnamed TextStim: text = 'Completely'
575.0978 	EXP 	unnamed TextStim: text = 'Not at all'
575.1135 	EXP 	unnamed TextStim: text = 'My thoughts were focused on an external task or activity:'
575.1135 	EXP 	unnamed TextStim: text = 'Completely'
575.1135 	EXP 	unnamed TextStim: text = 'Not at all'
575.1318 	EXP 	unnamed TextStim: text = 'My thoughts were focused on an external task or activity:'
575.1318 	EXP 	unnamed TextStim: text = 'Completely'
575.1318 	EXP 	unnamed TextStim: text = 'Not at all'
575.1469 	EXP 	unnamed TextStim: text = 'My thoughts were focused on an external task or activity:'
575.1469 	EXP 	unnamed TextStim: text = 'Completely'
575.1469 	EXP 	unnamed TextStim: text = 'Not at all'
575.1650 	EXP 	unnamed TextStim: text = 'My thoughts were focused on an external task or activity:'
575.1650 	EXP 	unnamed TextStim: text = 'Completely'
575.1650 	EXP 	unnamed TextStim: text = 'Not at all'
575.1803 	EXP 	unnamed TextStim: text = 'My thoughts were focused on an external task or activity:'
575.1803 	EXP 	unnamed TextStim: text = 'Completely'
575.1803 	EXP 	unnamed TextStim: text = 'Not at all'
575.1976 	EXP 	unnamed TextStim: text = 'My thoughts were focused on an external task or activity:'
575.1976 	EXP 	unnamed TextStim: text = 'Completely'
575.1976 	EXP 	unnamed TextStim: text = 'Not at all'
575.2135 	EXP 	unnamed TextStim: text = 'My thoughts were focused on an external task or activity:'
575.2135 	EXP 	unnamed TextStim: text = 'Completely'
575.2135 	EXP 	unnamed TextStim: text = 'Not at all'
575.2467 	EXP 	unnamed TextStim: text = 'My thoughts were focused on an external task or activity:'
575.2467 	EXP 	unnamed TextStim: text = 'Completely'
575.2467 	EXP 	unnamed TextStim: text = 'Not at all'
575.2797 	EXP 	unnamed TextStim: text = 'My thoughts were focused on an external task or activity:'
575.2797 	EXP 	unnamed TextStim: text = 'Completely'
575.2797 	EXP 	unnamed TextStim: text = 'Not at all'
575.2978 	EXP 	unnamed TextStim: text = 'My thoughts were focused on an external task or activity:'
575.2978 	EXP 	unnamed TextStim: text = 'Completely'
575.2978 	EXP 	unnamed TextStim: text = 'Not at all'
575.3137 	EXP 	unnamed TextStim: text = 'My thoughts were focused on an external task or activity:'
575.3137 	EXP 	unnamed TextStim: text = 'Completely'
575.3137 	EXP 	unnamed TextStim: text = 'Not at all'
575.3318 	EXP 	unnamed TextStim: text = 'My thoughts were focused on an external task or activity:'
575.3318 	EXP 	unnamed TextStim: text = 'Completely'
575.3318 	EXP 	unnamed TextStim: text = 'Not at all'
575.3473 	EXP 	unnamed TextStim: text = 'My thoughts were focused on an external task or activity:'
575.3473 	EXP 	unnamed TextStim: text = 'Completely'
575.3473 	EXP 	unnamed TextStim: text = 'Not at all'
575.3644 	EXP 	unnamed TextStim: text = 'My thoughts were focused on an external task or activity:'
575.3644 	EXP 	unnamed TextStim: text = 'Completely'
575.3644 	EXP 	unnamed TextStim: text = 'Not at all'
575.3805 	EXP 	unnamed TextStim: text = 'My thoughts were focused on an external task or activity:'
575.3805 	EXP 	unnamed TextStim: text = 'Completely'
575.3805 	EXP 	unnamed TextStim: text = 'Not at all'
575.3984 	EXP 	unnamed TextStim: text = 'My thoughts were focused on an external task or activity:'
575.3984 	EXP 	unnamed TextStim: text = 'Completely'
575.3984 	EXP 	unnamed TextStim: text = 'Not at all'
575.4140 	EXP 	unnamed TextStim: text = 'My thoughts were focused on an external task or activity:'
575.4140 	EXP 	unnamed TextStim: text = 'Completely'
575.4140 	EXP 	unnamed TextStim: text = 'Not at all'
575.4318 	EXP 	unnamed TextStim: text = 'My thoughts were focused on an external task or activity:'
575.4318 	EXP 	unnamed TextStim: text = 'Completely'
575.4318 	EXP 	unnamed TextStim: text = 'Not at all'
575.4633 	EXP 	unnamed TextStim: text = 'My thoughts were focused on an external task or activity:'
575.4633 	EXP 	unnamed TextStim: text = 'Completely'
575.4633 	EXP 	unnamed TextStim: text = 'Not at all'
575.4809 	EXP 	unnamed TextStim: text = 'My thoughts were focused on an external task or activity:'
575.4809 	EXP 	unnamed TextStim: text = 'Completely'
575.4809 	EXP 	unnamed TextStim: text = 'Not at all'
575.4987 	EXP 	unnamed TextStim: text = 'My thoughts were focused on an external task or activity:'
575.4987 	EXP 	unnamed TextStim: text = 'Completely'
575.4987 	EXP 	unnamed TextStim: text = 'Not at all'
575.5309 	EXP 	unnamed TextStim: text = 'My thoughts were focused on an external task or activity:'
575.5309 	EXP 	unnamed TextStim: text = 'Completely'
575.5309 	EXP 	unnamed TextStim: text = 'Not at all'
575.5643 	EXP 	unnamed TextStim: text = 'My thoughts were focused on an external task or activity:'
575.5643 	EXP 	unnamed TextStim: text = 'Completely'
575.5643 	EXP 	unnamed TextStim: text = 'Not at all'
575.5815 	EXP 	unnamed TextStim: text = 'My thoughts were focused on an external task or activity:'
575.5815 	EXP 	unnamed TextStim: text = 'Completely'
575.5815 	EXP 	unnamed TextStim: text = 'Not at all'
575.5989 	EXP 	unnamed TextStim: text = 'My thoughts were focused on an external task or activity:'
575.5989 	EXP 	unnamed TextStim: text = 'Completely'
575.5989 	EXP 	unnamed TextStim: text = 'Not at all'
575.6146 	EXP 	unnamed TextStim: text = 'My thoughts were focused on an external task or activity:'
575.6146 	EXP 	unnamed TextStim: text = 'Completely'
575.6146 	EXP 	unnamed TextStim: text = 'Not at all'
575.6313 	EXP 	unnamed TextStim: text = 'My thoughts were focused on an external task or activity:'
575.6313 	EXP 	unnamed TextStim: text = 'Completely'
575.6313 	EXP 	unnamed TextStim: text = 'Not at all'
575.6477 	EXP 	unnamed TextStim: text = 'My thoughts were focused on an external task or activity:'
575.6477 	EXP 	unnamed TextStim: text = 'Completely'
575.6477 	EXP 	unnamed TextStim: text = 'Not at all'
575.6809 	EXP 	unnamed TextStim: text = 'My thoughts were focused on an external task or activity:'
575.6809 	EXP 	unnamed TextStim: text = 'Completely'
575.6809 	EXP 	unnamed TextStim: text = 'Not at all'
575.6990 	EXP 	unnamed TextStim: text = 'My thoughts were focused on an external task or activity:'
575.6990 	EXP 	unnamed TextStim: text = 'Completely'
575.6990 	EXP 	unnamed TextStim: text = 'Not at all'
575.7309 	EXP 	unnamed TextStim: text = 'My thoughts were focused on an external task or activity:'
575.7309 	EXP 	unnamed TextStim: text = 'Completely'
575.7309 	EXP 	unnamed TextStim: text = 'Not at all'
575.7483 	EXP 	unnamed TextStim: text = 'My thoughts were focused on an external task or activity:'
575.7483 	EXP 	unnamed TextStim: text = 'Completely'
575.7483 	EXP 	unnamed TextStim: text = 'Not at all'
575.7807 	EXP 	unnamed TextStim: text = 'My thoughts were focused on an external task or activity:'
575.7807 	EXP 	unnamed TextStim: text = 'Completely'
575.7807 	EXP 	unnamed TextStim: text = 'Not at all'
575.7990 	EXP 	unnamed TextStim: text = 'My thoughts were focused on an external task or activity:'
575.7990 	EXP 	unnamed TextStim: text = 'Completely'
575.7990 	EXP 	unnamed TextStim: text = 'Not at all'
575.8318 	EXP 	unnamed TextStim: text = 'My thoughts were focused on an external task or activity:'
575.8318 	EXP 	unnamed TextStim: text = 'Completely'
575.8318 	EXP 	unnamed TextStim: text = 'Not at all'
575.8486 	EXP 	unnamed TextStim: text = 'My thoughts were focused on an external task or activity:'
575.8486 	EXP 	unnamed TextStim: text = 'Completely'
575.8486 	EXP 	unnamed TextStim: text = 'Not at all'
575.8659 	EXP 	unnamed TextStim: text = 'My thoughts were focused on an external task or activity:'
575.8659 	EXP 	unnamed TextStim: text = 'Completely'
575.8659 	EXP 	unnamed TextStim: text = 'Not at all'
575.8987 	EXP 	unnamed TextStim: text = 'My thoughts were focused on an external task or activity:'
575.8987 	EXP 	unnamed TextStim: text = 'Completely'
575.8987 	EXP 	unnamed TextStim: text = 'Not at all'
575.9149 	EXP 	unnamed TextStim: text = 'My thoughts were focused on an external task or activity:'
575.9149 	EXP 	unnamed TextStim: text = 'Completely'
575.9149 	EXP 	unnamed TextStim: text = 'Not at all'
575.9324 	EXP 	unnamed TextStim: text = 'My thoughts were focused on an external task or activity:'
575.9324 	EXP 	unnamed TextStim: text = 'Completely'
575.9324 	EXP 	unnamed TextStim: text = 'Not at all'
575.9480 	EXP 	unnamed TextStim: text = 'My thoughts were focused on an external task or activity:'
575.9480 	EXP 	unnamed TextStim: text = 'Completely'
575.9480 	EXP 	unnamed TextStim: text = 'Not at all'
575.9650 	EXP 	unnamed TextStim: text = 'My thoughts were focused on an external task or activity:'
575.9650 	EXP 	unnamed TextStim: text = 'Completely'
575.9650 	EXP 	unnamed TextStim: text = 'Not at all'
575.9810 	EXP 	unnamed TextStim: text = 'My thoughts were focused on an external task or activity:'
575.9810 	EXP 	unnamed TextStim: text = 'Completely'
575.9810 	EXP 	unnamed TextStim: text = 'Not at all'
575.9946 	DATA 	Keypress: return
575.9964 	DATA 	RatingScale unnamed RatingScale: (key response) rating=3.0
575.9965 	DATA 	RatingScale unnamed RatingScale: rating RT=2.061
575.9966 	DATA 	RatingScale unnamed RatingScale: history=[(2, 0.0), (3.0, 2.061)]
576.0141 	EXP 	unnamed TextStim: text = 'My thoughts were focused on an external task or activity:'
576.0141 	EXP 	unnamed TextStim: text = 'Completely'
576.0141 	EXP 	unnamed TextStim: text = 'Not at all'
577.0151 	EXP 	New trial (rep=0, index=1): OrderedDict([('Questions', 'My thoughts involved future events:'), ('Label', 'Future'), ('Scale_low', 'Not at all'), ('Scale_high', 'Completely')])
577.0486 	EXP 	unnamed TextStim: text = 'My thoughts involved future events:'
577.0486 	EXP 	unnamed TextStim: text = 'Completely'
577.0486 	EXP 	unnamed TextStim: text = 'Not at all'
577.0669 	EXP 	unnamed TextStim: text = 'My thoughts involved future events:'
577.0669 	EXP 	unnamed TextStim: text = 'Completely'
577.0669 	EXP 	unnamed TextStim: text = 'Not at all'
577.0997 	EXP 	unnamed TextStim: text = 'My thoughts involved future events:'
577.0997 	EXP 	unnamed TextStim: text = 'Completely'
577.0997 	EXP 	unnamed TextStim: text = 'Not at all'
577.1332 	EXP 	unnamed TextStim: text = 'My thoughts involved future events:'
577.1332 	EXP 	unnamed TextStim: text = 'Completely'
577.1332 	EXP 	unnamed TextStim: text = 'Not at all'
577.1494 	EXP 	unnamed TextStim: text = 'My thoughts involved future events:'
577.1494 	EXP 	unnamed TextStim: text = 'Completely'
577.1494 	EXP 	unnamed TextStim: text = 'Not at all'
577.1667 	EXP 	unnamed TextStim: text = 'My thoughts involved future events:'
577.1667 	EXP 	unnamed TextStim: text = 'Completely'
577.1667 	EXP 	unnamed TextStim: text = 'Not at all'
577.1828 	EXP 	unnamed TextStim: text = 'My thoughts involved future events:'
577.1828 	EXP 	unnamed TextStim: text = 'Completely'
577.1828 	EXP 	unnamed TextStim: text = 'Not at all'
577.1996 	EXP 	unnamed TextStim: text = 'My thoughts involved future events:'
577.1996 	EXP 	unnamed TextStim: text = 'Completely'
577.1996 	EXP 	unnamed TextStim: text = 'Not at all'
577.2166 	EXP 	unnamed TextStim: text = 'My thoughts involved future events:'
577.2166 	EXP 	unnamed TextStim: text = 'Completely'
577.2166 	EXP 	unnamed TextStim: text = 'Not at all'
577.2489 	EXP 	unnamed TextStim: text = 'My thoughts involved future events:'
577.2489 	EXP 	unnamed TextStim: text = 'Completely'
577.2489 	EXP 	unnamed TextStim: text = 'Not at all'
577.2821 	EXP 	unnamed TextStim: text = 'My thoughts involved future events:'
577.2821 	EXP 	unnamed TextStim: text = 'Completely'
577.2821 	EXP 	unnamed TextStim: text = 'Not at all'
577.3159 	EXP 	unnamed TextStim: text = 'My thoughts involved future events:'
577.3159 	EXP 	unnamed TextStim: text = 'Completely'
577.3159 	EXP 	unnamed TextStim: text = 'Not at all'
577.3337 	EXP 	unnamed TextStim: text = 'My thoughts involved future events:'
577.3337 	EXP 	unnamed TextStim: text = 'Completely'
577.3337 	EXP 	unnamed TextStim: text = 'Not at all'
577.3491 	EXP 	unnamed TextStim: text = 'My thoughts involved future events:'
577.3491 	EXP 	unnamed TextStim: text = 'Completely'
577.3491 	EXP 	unnamed TextStim: text = 'Not at all'
577.3825 	EXP 	unnamed TextStim: text = 'My thoughts involved future events:'
577.3825 	EXP 	unnamed TextStim: text = 'Completely'
577.3825 	EXP 	unnamed TextStim: text = 'Not at all'
577.4004 	EXP 	unnamed TextStim: text = 'My thoughts involved future events:'
577.4004 	EXP 	unnamed TextStim: text = 'Completely'
577.4004 	EXP 	unnamed TextStim: text = 'Not at all'
577.4159 	EXP 	unnamed TextStim: text = 'My thoughts involved future events:'
577.4159 	EXP 	unnamed TextStim: text = 'Completely'
577.4159 	EXP 	unnamed TextStim: text = 'Not at all'
577.4337 	EXP 	unnamed TextStim: text = 'My thoughts involved future events:'
577.4337 	EXP 	unnamed TextStim: text = 'Completely'
577.4337 	EXP 	unnamed TextStim: text = 'Not at all'
577.4499 	EXP 	unnamed TextStim: text = 'My thoughts involved future events:'
577.4499 	EXP 	unnamed TextStim: text = 'Completely'
577.4499 	EXP 	unnamed TextStim: text = 'Not at all'
577.4669 	EXP 	unnamed TextStim: text = 'My thoughts involved future events:'
577.4669 	EXP 	unnamed TextStim: text = 'Completely'
577.4669 	EXP 	unnamed TextStim: text = 'Not at all'
577.4832 	EXP 	unnamed TextStim: text = 'My thoughts involved future events:'
577.4832 	EXP 	unnamed TextStim: text = 'Completely'
577.4832 	EXP 	unnamed TextStim: text = 'Not at all'
577.5004 	EXP 	unnamed TextStim: text = 'My thoughts involved future events:'
577.5004 	EXP 	unnamed TextStim: text = 'Completely'
577.5004 	EXP 	unnamed TextStim: text = 'Not at all'
577.5158 	EXP 	unnamed TextStim: text = 'My thoughts involved future events:'
577.5158 	EXP 	unnamed TextStim: text = 'Completely'
577.5158 	EXP 	unnamed TextStim: text = 'Not at all'
577.5330 	EXP 	unnamed TextStim: text = 'My thoughts involved future events:'
577.5330 	EXP 	unnamed TextStim: text = 'Completely'
577.5330 	EXP 	unnamed TextStim: text = 'Not at all'
577.5493 	EXP 	unnamed TextStim: text = 'My thoughts involved future events:'
577.5493 	EXP 	unnamed TextStim: text = 'Completely'
577.5493 	EXP 	unnamed TextStim: text = 'Not at all'
577.5666 	EXP 	unnamed TextStim: text = 'My thoughts involved future events:'
577.5666 	EXP 	unnamed TextStim: text = 'Completely'
577.5666 	EXP 	unnamed TextStim: text = 'Not at all'
577.5991 	EXP 	unnamed TextStim: text = 'My thoughts involved future events:'
577.5991 	EXP 	unnamed TextStim: text = 'Completely'
577.5991 	EXP 	unnamed TextStim: text = 'Not at all'
577.6162 	EXP 	unnamed TextStim: text = 'My thoughts involved future events:'
577.6162 	EXP 	unnamed TextStim: text = 'Completely'
577.6162 	EXP 	unnamed TextStim: text = 'Not at all'
577.6332 	EXP 	unnamed TextStim: text = 'My thoughts involved future events:'
577.6332 	EXP 	unnamed TextStim: text = 'Completely'
577.6332 	EXP 	unnamed TextStim: text = 'Not at all'
577.6658 	EXP 	unnamed TextStim: text = 'My thoughts involved future events:'
577.6658 	EXP 	unnamed TextStim: text = 'Completely'
577.6658 	EXP 	unnamed TextStim: text = 'Not at all'
577.6830 	EXP 	unnamed TextStim: text = 'My thoughts involved future events:'
577.6830 	EXP 	unnamed TextStim: text = 'Completely'
577.6830 	EXP 	unnamed TextStim: text = 'Not at all'
577.7009 	EXP 	unnamed TextStim: text = 'My thoughts involved future events:'
577.7009 	EXP 	unnamed TextStim: text = 'Completely'
577.7009 	EXP 	unnamed TextStim: text = 'Not at all'
577.7330 	EXP 	unnamed TextStim: text = 'My thoughts involved future events:'
577.7330 	EXP 	unnamed TextStim: text = 'Completely'
577.7330 	EXP 	unnamed TextStim: text = 'Not at all'
577.7499 	EXP 	unnamed TextStim: text = 'My thoughts involved future events:'
577.7499 	EXP 	unnamed TextStim: text = 'Completely'
577.7499 	EXP 	unnamed TextStim: text = 'Not at all'
577.7677 	EXP 	unnamed TextStim: text = 'My thoughts involved future events:'
577.7677 	EXP 	unnamed TextStim: text = 'Completely'
577.7677 	EXP 	unnamed TextStim: text = 'Not at all'
577.7838 	EXP 	unnamed TextStim: text = 'My thoughts involved future events:'
577.7838 	EXP 	unnamed TextStim: text = 'Completely'
577.7838 	EXP 	unnamed TextStim: text = 'Not at all'
577.8009 	EXP 	unnamed TextStim: text = 'My thoughts involved future events:'
577.8009 	EXP 	unnamed TextStim: text = 'Completely'
577.8009 	EXP 	unnamed TextStim: text = 'Not at all'
577.8164 	EXP 	unnamed TextStim: text = 'My thoughts involved future events:'
577.8164 	EXP 	unnamed TextStim: text = 'Completely'
577.8164 	EXP 	unnamed TextStim: text = 'Not at all'
577.8336 	EXP 	unnamed TextStim: text = 'My thoughts involved future events:'
577.8336 	EXP 	unnamed TextStim: text = 'Completely'
577.8336 	EXP 	unnamed TextStim: text = 'Not at all'
577.8498 	EXP 	unnamed TextStim: text = 'My thoughts involved future events:'
577.8498 	EXP 	unnamed TextStim: text = 'Completely'
577.8498 	EXP 	unnamed TextStim: text = 'Not at all'
577.8675 	EXP 	unnamed TextStim: text = 'My thoughts involved future events:'
577.8675 	EXP 	unnamed TextStim: text = 'Completely'
577.8675 	EXP 	unnamed TextStim: text = 'Not at all'
577.8831 	EXP 	unnamed TextStim: text = 'My thoughts involved future events:'
577.8831 	EXP 	unnamed TextStim: text = 'Completely'
577.8831 	EXP 	unnamed TextStim: text = 'Not at all'
577.9158 	EXP 	unnamed TextStim: text = 'My thoughts involved future events:'
577.9158 	EXP 	unnamed TextStim: text = 'Completely'
577.9158 	EXP 	unnamed TextStim: text = 'Not at all'
577.9339 	EXP 	unnamed TextStim: text = 'My thoughts involved future events:'
577.9339 	EXP 	unnamed TextStim: text = 'Completely'
577.9339 	EXP 	unnamed TextStim: text = 'Not at all'
577.9659 	EXP 	unnamed TextStim: text = 'My thoughts involved future events:'
577.9659 	EXP 	unnamed TextStim: text = 'Completely'
577.9659 	EXP 	unnamed TextStim: text = 'Not at all'
577.9797 	DATA 	Keypress: return
577.9814 	DATA 	RatingScale unnamed RatingScale: (key response) rating=8.0
578.0000 	EXP 	unnamed TextStim: text = 'My thoughts involved future events:'
578.0000 	EXP 	unnamed TextStim: text = 'Completely'
578.0000 	EXP 	unnamed TextStim: text = 'Not at all'
579.0168 	EXP 	Created instruction = TextStim(__class__=<class 'psychopy.visual.text.TextStim'>, alignHoriz=method-wrapper(...), alignText='center', alignVert=method-wrapper(...), anchorHoriz='center', anchorVert='center', antialias=True, autoLog=True, bold=False, color=array([-1., -1., -1.]), colorSpace='rgb', contrast=1.0, depth=0, flipHoriz=False, flipVert=False, font='sans', fontFiles=[], height=0.1, italic=False, languageStyle='LTR', name='instruction', opacity=1.0, ori=0.0, pos=array([0., 0.]), rgb=UNKNOWN, text='default text', units='norm', win=Window(...), wrapWidth=1)
579.5962 	EXP 	window1: mouseVisible = True
