68.2693 	WARNING 	Speech-to-text recognition module not available (use command `pip install SpeechRecognition` to get it. Transcription will be unavailable.
68.7710 	WARNING 	We strongly recommend you activate the PTB sound engine in PsychoPy prefs as the preferred audio engine. Its timing is vastly superior. Your prefs are currently set to use ['sounddevice', 'PTB', 'pyo', 'pygame'] (in that order).
68.7973 	WARNING 	Monitor specification not found. Creating a temporary one...
190.1191 	WARNING 	RatingScale unnamed RatingScale: len(labels) not equal to len(tickMarks)
193.2913 	EXP 	window1: recordFrameIntervals = False
193.4268 	EXP 	window1: recordFrameIntervals = True
193.5741 	EXP 	window1: recordFrameIntervals = False
194.0224 	EXP 	Created memoryPrompt = TextStim(__class__=<class 'psychopy.visual.text.TextStim'>, alignHoriz=method-wrapper(...), alignText='center', alignVert=method-wrapper(...), anchorHoriz='center', anchorVert='center', antialias=True, autoLog=True, bold=False, color=array([-1., -1., -1.]), colorSpace='rgb', contrast=1.0, depth=0.0, flipHoriz=False, flipVert=False, font='Open Sans', fontFiles=[], height=0.1, italic=False, languageStyle='LTR', name='memoryPrompt', opacity=1, ori=0.0, pos=array([0., 0.]), rgb=UNKNOWN, text='', units='norm', win=Window(...), wrapWidth=1)
194.0669 	EXP 	Created text = TextStim(__class__=<class 'psychopy.visual.text.TextStim'>, alignHoriz=method-wrapper(...), alignText='center', alignVert=method-wrapper(...), anchorHoriz='center', anchorVert='center', antialias=True, autoLog=True, bold=False, color=array([-1., -1., -1.]), colorSpace='rgb', contrast=1.0, depth=0.0, flipHoriz=False, flipVert=False, font='Open Sans', fontFiles=[], height=0.1, italic=False, languageStyle='LTR', name='text', opacity=1, ori=0.0, pos=array([0., 0.]), rgb=UNKNOWN, text='+', units='norm', win=Window(...), wrapWidth=1)
194.1012 	EXP 	Created text_3 = TextStim(__class__=<class 'psychopy.visual.text.TextStim'>, alignHoriz=method-wrapper(...), alignText='center', alignVert=method-wrapper(...), anchorHoriz='center', anchorVert='center', antialias=True, autoLog=True, bold=False, color=array([-1., -1., -1.]), colorSpace='rgb', contrast=1.0, depth=0.0, flipHoriz=False, flipVert=False, font='Open Sans', fontFiles=[], height=0.1, italic=False, languageStyle='LTR', name='text_3', opacity=1, ori=0.0, pos=array([0., 0.]), rgb=UNKNOWN, text=str(...), units='norm', win=Window(...), wrapWidth=1)
194.1074 	EXP 	Created text = TextStim(__class__=<class 'psychopy.visual.text.TextStim'>, alignHoriz=method-wrapper(...), alignText='center', alignVert=method-wrapper(...), anchorHoriz='center', anchorVert='center', antialias=True, autoLog=True, bold=False, color=array([-1., -1., -1.]), colorSpace='rgb', contrast=1.0, depth=0.0, flipHoriz=False, flipVert=False, font='Open Sans', fontFiles=[], height=0.1, italic=False, languageStyle='LTR', name='text', opacity=1, ori=0.0, pos=array([0., 0.]), rgb=UNKNOWN, text='+', units='norm', win=Window(...), wrapWidth=1)
194.1203 	EXP 	Created text_4 = TextStim(__class__=<class 'psychopy.visual.text.TextStim'>, alignHoriz=method-wrapper(...), alignText='center', alignVert=method-wrapper(...), anchorHoriz='center', anchorVert='center', antialias=True, autoLog=True, bold=False, color=array([-1., -1., -1.]), colorSpace='rgb', contrast=1.0, depth=0.0, flipHoriz=False, flipVert=False, font='Open Sans', fontFiles=[], height=0.1, italic=False, languageStyle='LTR', name='text_4', opacity=1, ori=0.0, pos=array([0., 0.]), rgb=UNKNOWN, text='You may now stop.', units='norm', win=Window(...), wrapWidth=1)
194.1294 	EXP 	Created text_4 = TextStim(__class__=<class 'psychopy.visual.text.TextStim'>, alignHoriz=method-wrapper(...), alignText='center', alignVert=method-wrapper(...), anchorHoriz='center', anchorVert='center', antialias=True, autoLog=True, bold=False, color=array([-1., -1., -1.]), colorSpace='rgb', contrast=1.0, depth=0.0, flipHoriz=False, flipVert=False, font='Open Sans', fontFiles=[], height=0.1, italic=False, languageStyle='LTR', name='text_4', opacity=1, ori=0.0, pos=array([0., 0.]), rgb=UNKNOWN, text='You may now stop.', units='norm', win=Window(...), wrapWidth=1)
194.1603 	EXP 	textbox: autoLog = True
194.1603 	EXP 	text_4: text = 'In this task, you will be asked to imagine an event that has either already happened or may happen in the future. '
194.7203 	DATA 	Keypress: return
194.7875 	EXP 	text_4: text = 'On each trial, you will be asked to first decide about a specific event, \nand after that you will be asked to try to imagine that event in as much detail as possible. \nOnce you have an event in mind, type a codeword into a box that you will be able to remember. \nAfter this you will be asked to imagine those events as best you can. '
195.2209 	DATA 	Keypress: return
195.2670 	EXP 	text_4: text = 'To summarize, think of a past or upcoming event. Then, create a codeword and enter it into a box. \nWhen the codeword appears, try to remember the details of the event as best as you can.'
195.6170 	DATA 	Keypress: return
195.6195 	EXP 	Created sequence: random, trialTypes=1, nReps=1, seed=None
195.6199 	EXP 	New trial (rep=0, index=0): None
195.6433 	EXP 	memoryPrompt: text = 'Prompt One'
195.6433 	EXP 	memoryPrompt: autoDraw = True
195.6433 	EXP 	textbox: autoDraw = True
196.3546 	DATA 	Keypress: return
196.3615 	EXP 	memoryPrompt: autoDraw = False
196.3615 	EXP 	textbox: autoDraw = False
196.3615 	EXP 	text: autoDraw = True
200.3753 	EXP 	text: autoDraw = False
200.3753 	EXP 	text: autoDraw = False
200.3753 	EXP 	text_3: text = 'Press return when you are ready to remember:\n\nType response here\n'
200.3753 	EXP 	text_3: autoDraw = True
201.2249 	DATA 	Mouse: Left button down, pos=(613,471)
201.3003 	DATA 	Mouse:  Left button up, pos=(613,471)
201.9552 	DATA 	Keypress: return
201.9766 	EXP 	text_3: autoDraw = False
201.9766 	EXP 	text: autoDraw = True
205.9784 	EXP 	text: autoDraw = False
205.9784 	EXP 	text: autoDraw = False
205.9784 	EXP 	text_4: autoDraw = True
210.9795 	EXP 	text_4: autoDraw = False
210.9795 	EXP 	text_4: autoDraw = False
