69.4381 	WARNING 	Speech-to-text recognition module not available (use command `pip install SpeechRecognition` to get it. Transcription will be unavailable.
69.4943 	WARNING 	We strongly recommend you activate the PTB sound engine in PsychoPy prefs as the preferred audio engine. Its timing is vastly superior. Your prefs are currently set to use ['sounddevice', 'PTB', 'pyo', 'pygame'] (in that order).
69.5337 	WARNING 	Monitor specification not found. Creating a temporary one...
75.3455 	EXP 	window1: recordFrameIntervals = False
75.4765 	EXP 	window1: recordFrameIntervals = True
75.7826 	EXP 	window1: recordFrameIntervals = False
76.3110 	EXP 	Created memoryPrompt = TextStim(__class__=<class 'psychopy.visual.text.TextStim'>, alignHoriz=method-wrapper(...), alignText='center', alignVert=method-wrapper(...), anchorHoriz='center', anchorVert='center', antialias=True, autoLog=True, bold=False, color=array([-1., -1., -1.]), colorSpace='rgb', contrast=1.0, depth=0.0, flipHoriz=False, flipVert=False, font='Open Sans', fontFiles=[], height=0.1, italic=False, languageStyle='LTR', name='memoryPrompt', opacity=1, ori=0.0, pos=array([0., 0.]), rgb=UNKNOWN, text='', units='norm', win=Window(...), wrapWidth=1)
76.4097 	EXP 	Created text = TextStim(__class__=<class 'psychopy.visual.text.TextStim'>, alignHoriz=method-wrapper(...), alignText='center', alignVert=method-wrapper(...), anchorHoriz='center', anchorVert='center', antialias=True, autoLog=True, bold=False, color=array([-1., -1., -1.]), colorSpace='rgb', contrast=1.0, depth=0.0, flipHoriz=False, flipVert=False, font='Open Sans', fontFiles=[], height=0.1, italic=False, languageStyle='LTR', name='text', opacity=1, ori=0.0, pos=array([0., 0.]), rgb=UNKNOWN, text='+', units='norm', win=Window(...), wrapWidth=1)
76.4544 	EXP 	Created text_3 = TextStim(__class__=<class 'psychopy.visual.text.TextStim'>, alignHoriz=method-wrapper(...), alignText='center', alignVert=method-wrapper(...), anchorHoriz='center', anchorVert='center', antialias=True, autoLog=True, bold=False, color=array([-1., -1., -1.]), colorSpace='rgb', contrast=1.0, depth=0.0, flipHoriz=False, flipVert=False, font='Open Sans', fontFiles=[], height=0.1, italic=False, languageStyle='LTR', name='text_3', opacity=1, ori=0.0, pos=array([0., 0.]), rgb=UNKNOWN, text=str(...), units='norm', win=Window(...), wrapWidth=1)
76.4602 	EXP 	Created text = TextStim(__class__=<class 'psychopy.visual.text.TextStim'>, alignHoriz=method-wrapper(...), alignText='center', alignVert=method-wrapper(...), anchorHoriz='center', anchorVert='center', antialias=True, autoLog=True, bold=False, color=array([-1., -1., -1.]), colorSpace='rgb', contrast=1.0, depth=0.0, flipHoriz=False, flipVert=False, font='Open Sans', fontFiles=[], height=0.1, italic=False, languageStyle='LTR', name='text', opacity=1, ori=0.0, pos=array([0., 0.]), rgb=UNKNOWN, text='+', units='norm', win=Window(...), wrapWidth=1)
76.4737 	EXP 	Created text_4 = TextStim(__class__=<class 'psychopy.visual.text.TextStim'>, alignHoriz=method-wrapper(...), alignText='center', alignVert=method-wrapper(...), anchorHoriz='center', anchorVert='center', antialias=True, autoLog=True, bold=False, color=array([-1., -1., -1.]), colorSpace='rgb', contrast=1.0, depth=0.0, flipHoriz=False, flipVert=False, font='Open Sans', fontFiles=[], height=0.1, italic=False, languageStyle='LTR', name='text_4', opacity=1, ori=0.0, pos=array([0., 0.]), rgb=UNKNOWN, text='You may now stop.', units='norm', win=Window(...), wrapWidth=1)
76.4826 	EXP 	Created text_4 = TextStim(__class__=<class 'psychopy.visual.text.TextStim'>, alignHoriz=method-wrapper(...), alignText='center', alignVert=method-wrapper(...), anchorHoriz='center', anchorVert='center', antialias=True, autoLog=True, bold=False, color=array([-1., -1., -1.]), colorSpace='rgb', contrast=1.0, depth=0.0, flipHoriz=False, flipVert=False, font='Open Sans', fontFiles=[], height=0.1, italic=False, languageStyle='LTR', name='text_4', opacity=1, ori=0.0, pos=array([0., 0.]), rgb=UNKNOWN, text='You may now stop.', units='norm', win=Window(...), wrapWidth=1)
76.5295 	DATA 	Mouse: Left button down, pos=(863,67)
76.5315 	DATA 	Mouse:  Left button up, pos=(863,67)
76.5456 	EXP 	textbox: autoLog = True
76.5456 	EXP 	text_4: text = 'In this task, you will be asked to imagine an event that has either already happened or may happen in the future. '
76.9822 	DATA 	Keypress: return
77.0499 	EXP 	text_4: text = 'On each trial, you will be asked to first decide about a specific event, \nand after that you will be asked to try to imagine that event in as much detail as possible. \nOnce you have an event in mind, type a codeword into a box that you will be able to remember. \nAfter this you will be asked to imagine those events as best you can. '
77.2432 	DATA 	Keypress: return
77.3060 	EXP 	text_4: text = 'To summarize, think of a past or upcoming event. Then, create a codeword and enter it into a box. \nWhen the codeword appears, try to remember the details of the event as best as you can.'
77.4334 	DATA 	Keypress: return
77.4367 	EXP 	Created sequence: random, trialTypes=1, nReps=1, seed=None
77.4372 	EXP 	New trial (rep=0, index=0): None
77.4799 	EXP 	memoryPrompt: text = 'Prompt One'
77.4799 	EXP 	memoryPrompt: autoDraw = True
77.4799 	EXP 	textbox: autoDraw = True
77.6445 	DATA 	Keypress: return
77.6505 	EXP 	memoryPrompt: autoDraw = False
77.6505 	EXP 	textbox: autoDraw = False
77.6505 	EXP 	text: autoDraw = True
81.6650 	EXP 	text: autoDraw = False
81.6650 	EXP 	text: autoDraw = False
81.6650 	EXP 	text_3: text = 'Press return when you are ready to remember:\n\nType response here\n'
81.6650 	EXP 	text_3: autoDraw = True
82.1655 	DATA 	Keypress: return
82.1739 	EXP 	text_3: autoDraw = False
82.1739 	EXP 	text: autoDraw = True
82.5372 	DATA 	Keypress: return
87.1870 	EXP 	text: autoDraw = False
87.1870 	EXP 	text: autoDraw = False
87.1870 	EXP 	text_4: autoDraw = True
88.2005 	EXP 	text_4: autoDraw = False
88.2334 	EXP 	Created instruction = TextStim(__class__=<class 'psychopy.visual.text.TextStim'>, alignHoriz=method-wrapper(...), alignText='center', alignVert=method-wrapper(...), anchorHoriz='center', anchorVert='center', antialias=True, autoLog=True, bold=False, color=array([-1., -1., -1.]), colorSpace='rgb', contrast=1.0, depth=0, flipHoriz=False, flipVert=False, font='sans', fontFiles=[], height=0.1, italic=False, languageStyle='LTR', name='instruction', opacity=1.0, ori=0.0, pos=array([0., 0.]), rgb=UNKNOWN, text='default text', units='norm', win=Window(...), wrapWidth=1)
88.2964 	EXP 	instruction: text = 'Please answer the questions honestly.\n\nA list of descriptions and a rating scale ranging from 1 to 10 will be presented on the screen.\n\nPlease use the left and right arrow keys to select your answer, and the enter button to confirm.'
129.2863 	DATA 	Mouse: Left button down, pos=(944,216)
129.3790 	DATA 	Mouse:  Left button up, pos=(944,216)
129.9083 	DATA 	Keypress: return
129.9706 	EXP 	Imported c:\Users\gooda\Documents\GitHub\THINCLabTestRepo\Tasks\taskScripts//resources//ESQ//ESQ_Questions.csv as conditions, 14 conditions, 4 params
129.9711 	EXP 	Created sequence: sequential, trialTypes=14, nReps=1, seed=None
130.2159 	WARNING 	RatingScale unnamed RatingScale: len(labels) not equal to len(tickMarks)
130.2161 	EXP 	window1: mouseVisible = True
130.2887 	EXP 	Created unnamed RatingScale = RatingScale(__class__=type(...), acceptKeys=['return'], acceptPreText=UNKNOWN, acceptSize=UNKNOWN, acceptText='accept?', autoLog=True, choices=False, colorSpace='rgb', depth=0, disappear=False, flipVert=False, high=10, kwargs=UNKNOWN, labels=list(...), leftKeys=['left'], lineColor='black', low=1, marker=ShapeStim(...), markerColor='black', markerExpansion=UNKNOWN, markerStart=4.5, maxTime=0.0, minTime=0.4, mouseOnly=False, name='unnamed RatingScale', noMouse=False, pos=[0.0, -0.4], precision=10, respKeys=[], rightKeys=['right'], scale=False, self=UNKNOWN, showAccept=True, showValue=True, singleClick=False, size=0.6, skipKeys=['tab'], stretch=1.0, textColor='black', textFont='Helvetica Bold', textSize=0.12, tickHeight=1.0, tickMarks=9.0, win=Window(...))
130.2974 	EXP 	Created unnamed TextStim = TextStim(__class__=<class 'psychopy.visual.text.TextStim'>, alignHoriz=method-wrapper(...), alignText='center', alignVert=method-wrapper(...), anchorHoriz='center', anchorVert='top', antialias=True, autoLog=True, bold=False, color=array([-1., -1., -1.]), colorSpace='rgb', contrast=1.0, depth=0, flipHoriz=False, flipVert=False, font='', fontFiles=[], height=0.1, italic=False, languageStyle='LTR', name='unnamed TextStim', opacity=1.0, ori=0.0, pos=array([0., 0.]), rgb=UNKNOWN, text='', units='norm', win=Window(...), wrapWidth=1)
130.3012 	EXP 	Created unnamed TextStim = TextStim(__class__=<class 'psychopy.visual.text.TextStim'>, alignHoriz=method-wrapper(...), alignText='center', alignVert=method-wrapper(...), anchorHoriz='center', anchorVert='center', antialias=True, autoLog=True, bold=False, color=array([-1., -1., -1.]), colorSpace='rgb', contrast=1.0, depth=0, flipHoriz=False, flipVert=False, font='', fontFiles=[], height=0.1, italic=False, languageStyle='LTR', name='unnamed TextStim', opacity=1.0, ori=0.0, pos=array([ 0.5, -0.5]), rgb=UNKNOWN, text='', units='norm', win=Window(...), wrapWidth=1)
130.3051 	EXP 	Created unnamed TextStim = TextStim(__class__=<class 'psychopy.visual.text.TextStim'>, alignHoriz=method-wrapper(...), alignText='center', alignVert=method-wrapper(...), anchorHoriz='center', anchorVert='center', antialias=True, autoLog=True, bold=False, color=array([-1., -1., -1.]), colorSpace='rgb', contrast=1.0, depth=0, flipHoriz=False, flipVert=False, font='', fontFiles=[], height=0.1, italic=False, languageStyle='LTR', name='unnamed TextStim', opacity=1.0, ori=0.0, pos=array([-0.5, -0.5]), rgb=UNKNOWN, text='', units='norm', win=Window(...), wrapWidth=1)
130.3055 	EXP 	New trial (rep=0, index=0): OrderedDict([('Questions', 'My thoughts were:'), ('Label', 'Deliberate'), ('Scale_low', 'Spontaneous'), ('Scale_high', 'Deliberate')])
130.3922 	DATA 	Keypress: return
130.4021 	EXP 	unnamed RatingScale: flipVert = False
130.4021 	EXP 	unnamed RatingScale: autoLog = True
130.4021 	EXP 	unnamed TextStim: text = 'My thoughts were:'
130.4021 	EXP 	unnamed TextStim: text = 'Deliberate'
130.4021 	EXP 	unnamed TextStim: text = 'Spontaneous'
130.4298 	EXP 	unnamed TextStim: text = 'My thoughts were:'
130.4298 	EXP 	unnamed TextStim: text = 'Deliberate'
130.4298 	EXP 	unnamed TextStim: text = 'Spontaneous'
130.4549 	EXP 	unnamed TextStim: text = 'My thoughts were:'
130.4549 	EXP 	unnamed TextStim: text = 'Deliberate'
130.4549 	EXP 	unnamed TextStim: text = 'Spontaneous'
130.4960 	EXP 	unnamed TextStim: text = 'My thoughts were:'
130.4960 	EXP 	unnamed TextStim: text = 'Deliberate'
130.4960 	EXP 	unnamed TextStim: text = 'Spontaneous'
130.5232 	EXP 	unnamed TextStim: text = 'My thoughts were:'
130.5232 	EXP 	unnamed TextStim: text = 'Deliberate'
130.5232 	EXP 	unnamed TextStim: text = 'Spontaneous'
130.5481 	EXP 	unnamed TextStim: text = 'My thoughts were:'
130.5481 	EXP 	unnamed TextStim: text = 'Deliberate'
130.5481 	EXP 	unnamed TextStim: text = 'Spontaneous'
130.6161 	EXP 	unnamed TextStim: text = 'My thoughts were:'
130.6161 	EXP 	unnamed TextStim: text = 'Deliberate'
130.6161 	EXP 	unnamed TextStim: text = 'Spontaneous'
130.6422 	EXP 	unnamed TextStim: text = 'My thoughts were:'
130.6422 	EXP 	unnamed TextStim: text = 'Deliberate'
130.6422 	EXP 	unnamed TextStim: text = 'Spontaneous'
130.6823 	EXP 	unnamed TextStim: text = 'My thoughts were:'
130.6823 	EXP 	unnamed TextStim: text = 'Deliberate'
130.6823 	EXP 	unnamed TextStim: text = 'Spontaneous'
130.7215 	EXP 	unnamed TextStim: text = 'My thoughts were:'
130.7215 	EXP 	unnamed TextStim: text = 'Deliberate'
130.7215 	EXP 	unnamed TextStim: text = 'Spontaneous'
130.7486 	EXP 	unnamed TextStim: text = 'My thoughts were:'
130.7486 	EXP 	unnamed TextStim: text = 'Deliberate'
130.7486 	EXP 	unnamed TextStim: text = 'Spontaneous'
130.7902 	EXP 	unnamed TextStim: text = 'My thoughts were:'
130.7902 	EXP 	unnamed TextStim: text = 'Deliberate'
130.7902 	EXP 	unnamed TextStim: text = 'Spontaneous'
130.8149 	EXP 	unnamed TextStim: text = 'My thoughts were:'
130.8149 	EXP 	unnamed TextStim: text = 'Deliberate'
130.8149 	EXP 	unnamed TextStim: text = 'Spontaneous'
130.8418 	EXP 	unnamed TextStim: text = 'My thoughts were:'
130.8418 	EXP 	unnamed TextStim: text = 'Deliberate'
130.8418 	EXP 	unnamed TextStim: text = 'Spontaneous'
130.8685 	EXP 	unnamed TextStim: text = 'My thoughts were:'
130.8685 	EXP 	unnamed TextStim: text = 'Deliberate'
130.8685 	EXP 	unnamed TextStim: text = 'Spontaneous'
130.9088 	EXP 	unnamed TextStim: text = 'My thoughts were:'
130.9088 	EXP 	unnamed TextStim: text = 'Deliberate'
130.9088 	EXP 	unnamed TextStim: text = 'Spontaneous'
130.9360 	EXP 	unnamed TextStim: text = 'My thoughts were:'
130.9360 	EXP 	unnamed TextStim: text = 'Deliberate'
130.9360 	EXP 	unnamed TextStim: text = 'Spontaneous'
130.9622 	EXP 	unnamed TextStim: text = 'My thoughts were:'
130.9622 	EXP 	unnamed TextStim: text = 'Deliberate'
130.9622 	EXP 	unnamed TextStim: text = 'Spontaneous'
130.9882 	EXP 	unnamed TextStim: text = 'My thoughts were:'
130.9882 	EXP 	unnamed TextStim: text = 'Deliberate'
130.9882 	EXP 	unnamed TextStim: text = 'Spontaneous'
131.0157 	EXP 	unnamed TextStim: text = 'My thoughts were:'
131.0157 	EXP 	unnamed TextStim: text = 'Deliberate'
131.0157 	EXP 	unnamed TextStim: text = 'Spontaneous'
131.0420 	EXP 	unnamed TextStim: text = 'My thoughts were:'
131.0420 	EXP 	unnamed TextStim: text = 'Deliberate'
131.0420 	EXP 	unnamed TextStim: text = 'Spontaneous'
131.0688 	EXP 	unnamed TextStim: text = 'My thoughts were:'
131.0688 	EXP 	unnamed TextStim: text = 'Deliberate'
131.0688 	EXP 	unnamed TextStim: text = 'Spontaneous'
131.0954 	EXP 	unnamed TextStim: text = 'My thoughts were:'
131.0954 	EXP 	unnamed TextStim: text = 'Deliberate'
131.0954 	EXP 	unnamed TextStim: text = 'Spontaneous'
131.1233 	EXP 	unnamed TextStim: text = 'My thoughts were:'
131.1233 	EXP 	unnamed TextStim: text = 'Deliberate'
131.1233 	EXP 	unnamed TextStim: text = 'Spontaneous'
131.1480 	EXP 	unnamed TextStim: text = 'My thoughts were:'
131.1480 	EXP 	unnamed TextStim: text = 'Deliberate'
131.1480 	EXP 	unnamed TextStim: text = 'Spontaneous'
131.1754 	EXP 	unnamed TextStim: text = 'My thoughts were:'
131.1754 	EXP 	unnamed TextStim: text = 'Deliberate'
131.1754 	EXP 	unnamed TextStim: text = 'Spontaneous'
131.2027 	EXP 	unnamed TextStim: text = 'My thoughts were:'
131.2027 	EXP 	unnamed TextStim: text = 'Deliberate'
131.2027 	EXP 	unnamed TextStim: text = 'Spontaneous'
131.2287 	EXP 	unnamed TextStim: text = 'My thoughts were:'
131.2287 	EXP 	unnamed TextStim: text = 'Deliberate'
131.2287 	EXP 	unnamed TextStim: text = 'Spontaneous'
131.2551 	EXP 	unnamed TextStim: text = 'My thoughts were:'
131.2551 	EXP 	unnamed TextStim: text = 'Deliberate'
131.2551 	EXP 	unnamed TextStim: text = 'Spontaneous'
131.2826 	EXP 	unnamed TextStim: text = 'My thoughts were:'
131.2826 	EXP 	unnamed TextStim: text = 'Deliberate'
131.2826 	EXP 	unnamed TextStim: text = 'Spontaneous'
131.3089 	EXP 	unnamed TextStim: text = 'My thoughts were:'
131.3089 	EXP 	unnamed TextStim: text = 'Deliberate'
131.3089 	EXP 	unnamed TextStim: text = 'Spontaneous'
131.3354 	EXP 	unnamed TextStim: text = 'My thoughts were:'
131.3354 	EXP 	unnamed TextStim: text = 'Deliberate'
131.3354 	EXP 	unnamed TextStim: text = 'Spontaneous'
131.3623 	EXP 	unnamed TextStim: text = 'My thoughts were:'
131.3623 	EXP 	unnamed TextStim: text = 'Deliberate'
131.3623 	EXP 	unnamed TextStim: text = 'Spontaneous'
131.3887 	EXP 	unnamed TextStim: text = 'My thoughts were:'
131.3887 	EXP 	unnamed TextStim: text = 'Deliberate'
131.3887 	EXP 	unnamed TextStim: text = 'Spontaneous'
131.4166 	EXP 	unnamed TextStim: text = 'My thoughts were:'
131.4166 	EXP 	unnamed TextStim: text = 'Deliberate'
131.4166 	EXP 	unnamed TextStim: text = 'Spontaneous'
131.4424 	EXP 	unnamed TextStim: text = 'My thoughts were:'
131.4424 	EXP 	unnamed TextStim: text = 'Deliberate'
131.4424 	EXP 	unnamed TextStim: text = 'Spontaneous'
131.4683 	EXP 	unnamed TextStim: text = 'My thoughts were:'
131.4683 	EXP 	unnamed TextStim: text = 'Deliberate'
131.4683 	EXP 	unnamed TextStim: text = 'Spontaneous'
131.4853 	DATA 	Keypress: return
131.4870 	DATA 	RatingScale unnamed RatingScale: (key response) rating=9.0
131.4870 	DATA 	RatingScale unnamed RatingScale: rating RT=1.132
131.4871 	DATA 	RatingScale unnamed RatingScale: history=[(8, 0.0), (9.0, 1.132)]
131.4957 	EXP 	unnamed TextStim: text = 'My thoughts were:'
131.4957 	EXP 	unnamed TextStim: text = 'Deliberate'
131.4957 	EXP 	unnamed TextStim: text = 'Spontaneous'
132.4964 	EXP 	New trial (rep=0, index=1): OrderedDict([('Questions', 'My thoughts involved future events:'), ('Label', 'Future'), ('Scale_low', 'Not at all'), ('Scale_high', 'Completely')])
132.5500 	EXP 	unnamed TextStim: text = 'My thoughts involved future events:'
132.5500 	EXP 	unnamed TextStim: text = 'Completely'
132.5500 	EXP 	unnamed TextStim: text = 'Not at all'
132.5894 	EXP 	unnamed TextStim: text = 'My thoughts involved future events:'
132.5894 	EXP 	unnamed TextStim: text = 'Completely'
132.5894 	EXP 	unnamed TextStim: text = 'Not at all'
132.6161 	EXP 	unnamed TextStim: text = 'My thoughts involved future events:'
132.6161 	EXP 	unnamed TextStim: text = 'Completely'
132.6161 	EXP 	unnamed TextStim: text = 'Not at all'
132.6552 	EXP 	unnamed TextStim: text = 'My thoughts involved future events:'
132.6552 	EXP 	unnamed TextStim: text = 'Completely'
132.6552 	EXP 	unnamed TextStim: text = 'Not at all'
132.6953 	EXP 	unnamed TextStim: text = 'My thoughts involved future events:'
132.6953 	EXP 	unnamed TextStim: text = 'Completely'
132.6953 	EXP 	unnamed TextStim: text = 'Not at all'
132.7221 	EXP 	unnamed TextStim: text = 'My thoughts involved future events:'
132.7221 	EXP 	unnamed TextStim: text = 'Completely'
132.7221 	EXP 	unnamed TextStim: text = 'Not at all'
132.7496 	EXP 	unnamed TextStim: text = 'My thoughts involved future events:'
132.7496 	EXP 	unnamed TextStim: text = 'Completely'
132.7496 	EXP 	unnamed TextStim: text = 'Not at all'
132.7892 	EXP 	unnamed TextStim: text = 'My thoughts involved future events:'
132.7892 	EXP 	unnamed TextStim: text = 'Completely'
132.7892 	EXP 	unnamed TextStim: text = 'Not at all'
132.8164 	EXP 	unnamed TextStim: text = 'My thoughts involved future events:'
132.8164 	EXP 	unnamed TextStim: text = 'Completely'
132.8164 	EXP 	unnamed TextStim: text = 'Not at all'
132.8555 	EXP 	unnamed TextStim: text = 'My thoughts involved future events:'
132.8555 	EXP 	unnamed TextStim: text = 'Completely'
132.8555 	EXP 	unnamed TextStim: text = 'Not at all'
132.8963 	EXP 	unnamed TextStim: text = 'My thoughts involved future events:'
132.8963 	EXP 	unnamed TextStim: text = 'Completely'
132.8963 	EXP 	unnamed TextStim: text = 'Not at all'
132.9228 	EXP 	unnamed TextStim: text = 'My thoughts involved future events:'
132.9228 	EXP 	unnamed TextStim: text = 'Completely'
132.9228 	EXP 	unnamed TextStim: text = 'Not at all'
132.9501 	EXP 	unnamed TextStim: text = 'My thoughts involved future events:'
132.9501 	EXP 	unnamed TextStim: text = 'Completely'
132.9501 	EXP 	unnamed TextStim: text = 'Not at all'
132.9773 	EXP 	unnamed TextStim: text = 'My thoughts involved future events:'
132.9773 	EXP 	unnamed TextStim: text = 'Completely'
132.9773 	EXP 	unnamed TextStim: text = 'Not at all'
133.0021 	EXP 	unnamed TextStim: text = 'My thoughts involved future events:'
133.0021 	EXP 	unnamed TextStim: text = 'Completely'
133.0021 	EXP 	unnamed TextStim: text = 'Not at all'
133.0299 	EXP 	unnamed TextStim: text = 'My thoughts involved future events:'
133.0299 	EXP 	unnamed TextStim: text = 'Completely'
133.0299 	EXP 	unnamed TextStim: text = 'Not at all'
133.0561 	EXP 	unnamed TextStim: text = 'My thoughts involved future events:'
133.0561 	EXP 	unnamed TextStim: text = 'Completely'
133.0561 	EXP 	unnamed TextStim: text = 'Not at all'
133.0824 	EXP 	unnamed TextStim: text = 'My thoughts involved future events:'
133.0824 	EXP 	unnamed TextStim: text = 'Completely'
133.0824 	EXP 	unnamed TextStim: text = 'Not at all'
133.1102 	EXP 	unnamed TextStim: text = 'My thoughts involved future events:'
133.1102 	EXP 	unnamed TextStim: text = 'Completely'
133.1102 	EXP 	unnamed TextStim: text = 'Not at all'
133.1364 	EXP 	unnamed TextStim: text = 'My thoughts involved future events:'
133.1364 	EXP 	unnamed TextStim: text = 'Completely'
133.1364 	EXP 	unnamed TextStim: text = 'Not at all'
133.1631 	EXP 	unnamed TextStim: text = 'My thoughts involved future events:'
133.1631 	EXP 	unnamed TextStim: text = 'Completely'
133.1631 	EXP 	unnamed TextStim: text = 'Not at all'
133.2031 	EXP 	unnamed TextStim: text = 'My thoughts involved future events:'
133.2031 	EXP 	unnamed TextStim: text = 'Completely'
133.2031 	EXP 	unnamed TextStim: text = 'Not at all'
133.2297 	EXP 	unnamed TextStim: text = 'My thoughts involved future events:'
133.2297 	EXP 	unnamed TextStim: text = 'Completely'
133.2297 	EXP 	unnamed TextStim: text = 'Not at all'
133.2552 	EXP 	unnamed TextStim: text = 'My thoughts involved future events:'
133.2552 	EXP 	unnamed TextStim: text = 'Completely'
133.2552 	EXP 	unnamed TextStim: text = 'Not at all'
133.2841 	EXP 	unnamed TextStim: text = 'My thoughts involved future events:'
133.2841 	EXP 	unnamed TextStim: text = 'Completely'
133.2841 	EXP 	unnamed TextStim: text = 'Not at all'
133.3246 	EXP 	unnamed TextStim: text = 'My thoughts involved future events:'
133.3246 	EXP 	unnamed TextStim: text = 'Completely'
133.3246 	EXP 	unnamed TextStim: text = 'Not at all'
133.3621 	EXP 	unnamed TextStim: text = 'My thoughts involved future events:'
133.3621 	EXP 	unnamed TextStim: text = 'Completely'
133.3621 	EXP 	unnamed TextStim: text = 'Not at all'
133.4034 	EXP 	unnamed TextStim: text = 'My thoughts involved future events:'
133.4034 	EXP 	unnamed TextStim: text = 'Completely'
133.4034 	EXP 	unnamed TextStim: text = 'Not at all'
133.4429 	EXP 	unnamed TextStim: text = 'My thoughts involved future events:'
133.4429 	EXP 	unnamed TextStim: text = 'Completely'
133.4429 	EXP 	unnamed TextStim: text = 'Not at all'
133.4696 	EXP 	unnamed TextStim: text = 'My thoughts involved future events:'
133.4696 	EXP 	unnamed TextStim: text = 'Completely'
133.4696 	EXP 	unnamed TextStim: text = 'Not at all'
133.4980 	EXP 	unnamed TextStim: text = 'My thoughts involved future events:'
133.4980 	EXP 	unnamed TextStim: text = 'Completely'
133.4980 	EXP 	unnamed TextStim: text = 'Not at all'
133.5371 	EXP 	unnamed TextStim: text = 'My thoughts involved future events:'
133.5371 	EXP 	unnamed TextStim: text = 'Completely'
133.5371 	EXP 	unnamed TextStim: text = 'Not at all'
133.5625 	EXP 	unnamed TextStim: text = 'My thoughts involved future events:'
133.5625 	EXP 	unnamed TextStim: text = 'Completely'
133.5625 	EXP 	unnamed TextStim: text = 'Not at all'
133.6058 	EXP 	unnamed TextStim: text = 'My thoughts involved future events:'
133.6058 	EXP 	unnamed TextStim: text = 'Completely'
133.6058 	EXP 	unnamed TextStim: text = 'Not at all'
133.6317 	EXP 	unnamed TextStim: text = 'My thoughts involved future events:'
133.6317 	EXP 	unnamed TextStim: text = 'Completely'
133.6317 	EXP 	unnamed TextStim: text = 'Not at all'
133.6565 	EXP 	unnamed TextStim: text = 'My thoughts involved future events:'
133.6565 	EXP 	unnamed TextStim: text = 'Completely'
133.6565 	EXP 	unnamed TextStim: text = 'Not at all'
133.6830 	EXP 	unnamed TextStim: text = 'My thoughts involved future events:'
133.6830 	EXP 	unnamed TextStim: text = 'Completely'
133.6830 	EXP 	unnamed TextStim: text = 'Not at all'
133.7119 	EXP 	unnamed TextStim: text = 'My thoughts involved future events:'
133.7119 	EXP 	unnamed TextStim: text = 'Completely'
133.7119 	EXP 	unnamed TextStim: text = 'Not at all'
133.7377 	EXP 	unnamed TextStim: text = 'My thoughts involved future events:'
133.7377 	EXP 	unnamed TextStim: text = 'Completely'
133.7377 	EXP 	unnamed TextStim: text = 'Not at all'
133.7633 	EXP 	unnamed TextStim: text = 'My thoughts involved future events:'
133.7633 	EXP 	unnamed TextStim: text = 'Completely'
133.7633 	EXP 	unnamed TextStim: text = 'Not at all'
133.7903 	EXP 	unnamed TextStim: text = 'My thoughts involved future events:'
133.7903 	EXP 	unnamed TextStim: text = 'Completely'
133.7903 	EXP 	unnamed TextStim: text = 'Not at all'
133.8183 	EXP 	unnamed TextStim: text = 'My thoughts involved future events:'
133.8183 	EXP 	unnamed TextStim: text = 'Completely'
133.8183 	EXP 	unnamed TextStim: text = 'Not at all'
133.8425 	EXP 	unnamed TextStim: text = 'My thoughts involved future events:'
133.8425 	EXP 	unnamed TextStim: text = 'Completely'
133.8425 	EXP 	unnamed TextStim: text = 'Not at all'
133.8698 	EXP 	unnamed TextStim: text = 'My thoughts involved future events:'
133.8698 	EXP 	unnamed TextStim: text = 'Completely'
133.8698 	EXP 	unnamed TextStim: text = 'Not at all'
133.8980 	EXP 	unnamed TextStim: text = 'My thoughts involved future events:'
133.8980 	EXP 	unnamed TextStim: text = 'Completely'
133.8980 	EXP 	unnamed TextStim: text = 'Not at all'
133.9274 	EXP 	unnamed TextStim: text = 'My thoughts involved future events:'
133.9274 	EXP 	unnamed TextStim: text = 'Completely'
133.9274 	EXP 	unnamed TextStim: text = 'Not at all'
133.9632 	EXP 	unnamed TextStim: text = 'My thoughts involved future events:'
133.9632 	EXP 	unnamed TextStim: text = 'Completely'
133.9632 	EXP 	unnamed TextStim: text = 'Not at all'
133.9909 	EXP 	unnamed TextStim: text = 'My thoughts involved future events:'
133.9909 	EXP 	unnamed TextStim: text = 'Completely'
133.9909 	EXP 	unnamed TextStim: text = 'Not at all'
134.0180 	EXP 	unnamed TextStim: text = 'My thoughts involved future events:'
134.0180 	EXP 	unnamed TextStim: text = 'Completely'
134.0180 	EXP 	unnamed TextStim: text = 'Not at all'
134.0442 	EXP 	unnamed TextStim: text = 'My thoughts involved future events:'
134.0442 	EXP 	unnamed TextStim: text = 'Completely'
134.0442 	EXP 	unnamed TextStim: text = 'Not at all'
134.0695 	EXP 	unnamed TextStim: text = 'My thoughts involved future events:'
134.0695 	EXP 	unnamed TextStim: text = 'Completely'
134.0695 	EXP 	unnamed TextStim: text = 'Not at all'
134.0970 	EXP 	unnamed TextStim: text = 'My thoughts involved future events:'
134.0970 	EXP 	unnamed TextStim: text = 'Completely'
134.0970 	EXP 	unnamed TextStim: text = 'Not at all'
134.1256 	EXP 	unnamed TextStim: text = 'My thoughts involved future events:'
134.1256 	EXP 	unnamed TextStim: text = 'Completely'
134.1256 	EXP 	unnamed TextStim: text = 'Not at all'
134.1501 	EXP 	unnamed TextStim: text = 'My thoughts involved future events:'
134.1501 	EXP 	unnamed TextStim: text = 'Completely'
134.1501 	EXP 	unnamed TextStim: text = 'Not at all'
134.1764 	EXP 	unnamed TextStim: text = 'My thoughts involved future events:'
134.1764 	EXP 	unnamed TextStim: text = 'Completely'
134.1764 	EXP 	unnamed TextStim: text = 'Not at all'
134.2076 	EXP 	unnamed TextStim: text = 'My thoughts involved future events:'
134.2076 	EXP 	unnamed TextStim: text = 'Completely'
134.2076 	EXP 	unnamed TextStim: text = 'Not at all'
134.2463 	EXP 	unnamed TextStim: text = 'My thoughts involved future events:'
134.2463 	EXP 	unnamed TextStim: text = 'Completely'
134.2463 	EXP 	unnamed TextStim: text = 'Not at all'
134.2699 	EXP 	unnamed TextStim: text = 'My thoughts involved future events:'
134.2699 	EXP 	unnamed TextStim: text = 'Completely'
134.2699 	EXP 	unnamed TextStim: text = 'Not at all'
134.2992 	EXP 	unnamed TextStim: text = 'My thoughts involved future events:'
134.2992 	EXP 	unnamed TextStim: text = 'Completely'
134.2992 	EXP 	unnamed TextStim: text = 'Not at all'
134.3245 	EXP 	unnamed TextStim: text = 'My thoughts involved future events:'
134.3245 	EXP 	unnamed TextStim: text = 'Completely'
134.3245 	EXP 	unnamed TextStim: text = 'Not at all'
134.3503 	EXP 	unnamed TextStim: text = 'My thoughts involved future events:'
134.3503 	EXP 	unnamed TextStim: text = 'Completely'
134.3503 	EXP 	unnamed TextStim: text = 'Not at all'
134.3780 	EXP 	unnamed TextStim: text = 'My thoughts involved future events:'
134.3780 	EXP 	unnamed TextStim: text = 'Completely'
134.3780 	EXP 	unnamed TextStim: text = 'Not at all'
134.4027 	EXP 	unnamed TextStim: text = 'My thoughts involved future events:'
134.4027 	EXP 	unnamed TextStim: text = 'Completely'
134.4027 	EXP 	unnamed TextStim: text = 'Not at all'
134.4312 	EXP 	unnamed TextStim: text = 'My thoughts involved future events:'
134.4312 	EXP 	unnamed TextStim: text = 'Completely'
134.4312 	EXP 	unnamed TextStim: text = 'Not at all'
134.4575 	EXP 	unnamed TextStim: text = 'My thoughts involved future events:'
134.4575 	EXP 	unnamed TextStim: text = 'Completely'
134.4575 	EXP 	unnamed TextStim: text = 'Not at all'
134.4835 	EXP 	unnamed TextStim: text = 'My thoughts involved future events:'
134.4835 	EXP 	unnamed TextStim: text = 'Completely'
134.4835 	EXP 	unnamed TextStim: text = 'Not at all'
134.5131 	EXP 	unnamed TextStim: text = 'My thoughts involved future events:'
134.5131 	EXP 	unnamed TextStim: text = 'Completely'
134.5131 	EXP 	unnamed TextStim: text = 'Not at all'
134.5370 	EXP 	unnamed TextStim: text = 'My thoughts involved future events:'
134.5370 	EXP 	unnamed TextStim: text = 'Completely'
134.5370 	EXP 	unnamed TextStim: text = 'Not at all'
134.5629 	EXP 	unnamed TextStim: text = 'My thoughts involved future events:'
134.5629 	EXP 	unnamed TextStim: text = 'Completely'
134.5629 	EXP 	unnamed TextStim: text = 'Not at all'
134.6041 	EXP 	unnamed TextStim: text = 'My thoughts involved future events:'
134.6041 	EXP 	unnamed TextStim: text = 'Completely'
134.6041 	EXP 	unnamed TextStim: text = 'Not at all'
134.6441 	EXP 	unnamed TextStim: text = 'My thoughts involved future events:'
134.6441 	EXP 	unnamed TextStim: text = 'Completely'
134.6441 	EXP 	unnamed TextStim: text = 'Not at all'
134.6694 	EXP 	unnamed TextStim: text = 'My thoughts involved future events:'
134.6694 	EXP 	unnamed TextStim: text = 'Completely'
134.6694 	EXP 	unnamed TextStim: text = 'Not at all'
134.7114 	EXP 	unnamed TextStim: text = 'My thoughts involved future events:'
134.7114 	EXP 	unnamed TextStim: text = 'Completely'
134.7114 	EXP 	unnamed TextStim: text = 'Not at all'
134.7404 	EXP 	unnamed TextStim: text = 'My thoughts involved future events:'
134.7404 	EXP 	unnamed TextStim: text = 'Completely'
134.7404 	EXP 	unnamed TextStim: text = 'Not at all'
134.7767 	EXP 	unnamed TextStim: text = 'My thoughts involved future events:'
134.7767 	EXP 	unnamed TextStim: text = 'Completely'
134.7767 	EXP 	unnamed TextStim: text = 'Not at all'
134.8043 	EXP 	unnamed TextStim: text = 'My thoughts involved future events:'
134.8043 	EXP 	unnamed TextStim: text = 'Completely'
134.8043 	EXP 	unnamed TextStim: text = 'Not at all'
134.8450 	EXP 	unnamed TextStim: text = 'My thoughts involved future events:'
134.8450 	EXP 	unnamed TextStim: text = 'Completely'
134.8450 	EXP 	unnamed TextStim: text = 'Not at all'
134.8969 	EXP 	unnamed TextStim: text = 'My thoughts involved future events:'
134.8969 	EXP 	unnamed TextStim: text = 'Completely'
134.8969 	EXP 	unnamed TextStim: text = 'Not at all'
134.9246 	EXP 	unnamed TextStim: text = 'My thoughts involved future events:'
134.9246 	EXP 	unnamed TextStim: text = 'Completely'
134.9246 	EXP 	unnamed TextStim: text = 'Not at all'
134.9502 	EXP 	unnamed TextStim: text = 'My thoughts involved future events:'
134.9502 	EXP 	unnamed TextStim: text = 'Completely'
134.9502 	EXP 	unnamed TextStim: text = 'Not at all'
134.9781 	EXP 	unnamed TextStim: text = 'My thoughts involved future events:'
134.9781 	EXP 	unnamed TextStim: text = 'Completely'
134.9781 	EXP 	unnamed TextStim: text = 'Not at all'
135.0032 	EXP 	unnamed TextStim: text = 'My thoughts involved future events:'
135.0032 	EXP 	unnamed TextStim: text = 'Completely'
135.0032 	EXP 	unnamed TextStim: text = 'Not at all'
135.0292 	EXP 	unnamed TextStim: text = 'My thoughts involved future events:'
135.0292 	EXP 	unnamed TextStim: text = 'Completely'
135.0292 	EXP 	unnamed TextStim: text = 'Not at all'
135.0714 	EXP 	unnamed TextStim: text = 'My thoughts involved future events:'
135.0714 	EXP 	unnamed TextStim: text = 'Completely'
135.0714 	EXP 	unnamed TextStim: text = 'Not at all'
135.1155 	EXP 	unnamed TextStim: text = 'My thoughts involved future events:'
135.1155 	EXP 	unnamed TextStim: text = 'Completely'
135.1155 	EXP 	unnamed TextStim: text = 'Not at all'
135.1380 	EXP 	unnamed TextStim: text = 'My thoughts involved future events:'
135.1380 	EXP 	unnamed TextStim: text = 'Completely'
135.1380 	EXP 	unnamed TextStim: text = 'Not at all'
135.1640 	EXP 	unnamed TextStim: text = 'My thoughts involved future events:'
135.1640 	EXP 	unnamed TextStim: text = 'Completely'
135.1640 	EXP 	unnamed TextStim: text = 'Not at all'
135.1935 	EXP 	unnamed TextStim: text = 'My thoughts involved future events:'
135.1935 	EXP 	unnamed TextStim: text = 'Completely'
135.1935 	EXP 	unnamed TextStim: text = 'Not at all'
135.2343 	EXP 	unnamed TextStim: text = 'My thoughts involved future events:'
135.2343 	EXP 	unnamed TextStim: text = 'Completely'
135.2343 	EXP 	unnamed TextStim: text = 'Not at all'
135.2716 	EXP 	unnamed TextStim: text = 'My thoughts involved future events:'
135.2716 	EXP 	unnamed TextStim: text = 'Completely'
135.2716 	EXP 	unnamed TextStim: text = 'Not at all'
135.3133 	EXP 	unnamed TextStim: text = 'My thoughts involved future events:'
135.3133 	EXP 	unnamed TextStim: text = 'Completely'
135.3133 	EXP 	unnamed TextStim: text = 'Not at all'
135.3570 	EXP 	unnamed TextStim: text = 'My thoughts involved future events:'
135.3570 	EXP 	unnamed TextStim: text = 'Completely'
135.3570 	EXP 	unnamed TextStim: text = 'Not at all'
135.3968 	EXP 	unnamed TextStim: text = 'My thoughts involved future events:'
135.3968 	EXP 	unnamed TextStim: text = 'Completely'
135.3968 	EXP 	unnamed TextStim: text = 'Not at all'
135.4326 	EXP 	unnamed TextStim: text = 'My thoughts involved future events:'
135.4326 	EXP 	unnamed TextStim: text = 'Completely'
135.4326 	EXP 	unnamed TextStim: text = 'Not at all'
135.4576 	EXP 	unnamed TextStim: text = 'My thoughts involved future events:'
135.4576 	EXP 	unnamed TextStim: text = 'Completely'
135.4576 	EXP 	unnamed TextStim: text = 'Not at all'
135.4991 	EXP 	unnamed TextStim: text = 'My thoughts involved future events:'
135.4991 	EXP 	unnamed TextStim: text = 'Completely'
135.4991 	EXP 	unnamed TextStim: text = 'Not at all'
135.5242 	EXP 	unnamed TextStim: text = 'My thoughts involved future events:'
135.5242 	EXP 	unnamed TextStim: text = 'Completely'
135.5242 	EXP 	unnamed TextStim: text = 'Not at all'
135.5516 	EXP 	unnamed TextStim: text = 'My thoughts involved future events:'
135.5516 	EXP 	unnamed TextStim: text = 'Completely'
135.5516 	EXP 	unnamed TextStim: text = 'Not at all'
135.5791 	EXP 	unnamed TextStim: text = 'My thoughts involved future events:'
135.5791 	EXP 	unnamed TextStim: text = 'Completely'
135.5791 	EXP 	unnamed TextStim: text = 'Not at all'
135.6047 	EXP 	unnamed TextStim: text = 'My thoughts involved future events:'
135.6047 	EXP 	unnamed TextStim: text = 'Completely'
135.6047 	EXP 	unnamed TextStim: text = 'Not at all'
135.6323 	EXP 	unnamed TextStim: text = 'My thoughts involved future events:'
135.6323 	EXP 	unnamed TextStim: text = 'Completely'
135.6323 	EXP 	unnamed TextStim: text = 'Not at all'
135.6577 	EXP 	unnamed TextStim: text = 'My thoughts involved future events:'
135.6577 	EXP 	unnamed TextStim: text = 'Completely'
135.6577 	EXP 	unnamed TextStim: text = 'Not at all'
135.6861 	EXP 	unnamed TextStim: text = 'My thoughts involved future events:'
135.6861 	EXP 	unnamed TextStim: text = 'Completely'
135.6861 	EXP 	unnamed TextStim: text = 'Not at all'
135.7104 	EXP 	unnamed TextStim: text = 'My thoughts involved future events:'
135.7104 	EXP 	unnamed TextStim: text = 'Completely'
135.7104 	EXP 	unnamed TextStim: text = 'Not at all'
135.7378 	EXP 	unnamed TextStim: text = 'My thoughts involved future events:'
135.7378 	EXP 	unnamed TextStim: text = 'Completely'
135.7378 	EXP 	unnamed TextStim: text = 'Not at all'
135.7644 	EXP 	unnamed TextStim: text = 'My thoughts involved future events:'
135.7644 	EXP 	unnamed TextStim: text = 'Completely'
135.7644 	EXP 	unnamed TextStim: text = 'Not at all'
135.7907 	EXP 	unnamed TextStim: text = 'My thoughts involved future events:'
135.7907 	EXP 	unnamed TextStim: text = 'Completely'
135.7907 	EXP 	unnamed TextStim: text = 'Not at all'
135.8173 	EXP 	unnamed TextStim: text = 'My thoughts involved future events:'
135.8173 	EXP 	unnamed TextStim: text = 'Completely'
135.8173 	EXP 	unnamed TextStim: text = 'Not at all'
135.8439 	EXP 	unnamed TextStim: text = 'My thoughts involved future events:'
135.8439 	EXP 	unnamed TextStim: text = 'Completely'
135.8439 	EXP 	unnamed TextStim: text = 'Not at all'
135.8705 	EXP 	unnamed TextStim: text = 'My thoughts involved future events:'
135.8705 	EXP 	unnamed TextStim: text = 'Completely'
135.8705 	EXP 	unnamed TextStim: text = 'Not at all'
135.9125 	EXP 	unnamed TextStim: text = 'My thoughts involved future events:'
135.9125 	EXP 	unnamed TextStim: text = 'Completely'
135.9125 	EXP 	unnamed TextStim: text = 'Not at all'
135.9386 	EXP 	unnamed TextStim: text = 'My thoughts involved future events:'
135.9386 	EXP 	unnamed TextStim: text = 'Completely'
135.9386 	EXP 	unnamed TextStim: text = 'Not at all'
135.9785 	EXP 	unnamed TextStim: text = 'My thoughts involved future events:'
135.9785 	EXP 	unnamed TextStim: text = 'Completely'
135.9785 	EXP 	unnamed TextStim: text = 'Not at all'
136.0202 	EXP 	unnamed TextStim: text = 'My thoughts involved future events:'
136.0202 	EXP 	unnamed TextStim: text = 'Completely'
136.0202 	EXP 	unnamed TextStim: text = 'Not at all'
136.0579 	EXP 	unnamed TextStim: text = 'My thoughts involved future events:'
136.0579 	EXP 	unnamed TextStim: text = 'Completely'
136.0579 	EXP 	unnamed TextStim: text = 'Not at all'
136.0857 	EXP 	unnamed TextStim: text = 'My thoughts involved future events:'
136.0857 	EXP 	unnamed TextStim: text = 'Completely'
136.0857 	EXP 	unnamed TextStim: text = 'Not at all'
136.1124 	EXP 	unnamed TextStim: text = 'My thoughts involved future events:'
136.1124 	EXP 	unnamed TextStim: text = 'Completely'
136.1124 	EXP 	unnamed TextStim: text = 'Not at all'
136.1379 	EXP 	unnamed TextStim: text = 'My thoughts involved future events:'
136.1379 	EXP 	unnamed TextStim: text = 'Completely'
136.1379 	EXP 	unnamed TextStim: text = 'Not at all'
136.1654 	EXP 	unnamed TextStim: text = 'My thoughts involved future events:'
136.1654 	EXP 	unnamed TextStim: text = 'Completely'
136.1654 	EXP 	unnamed TextStim: text = 'Not at all'
136.1908 	EXP 	unnamed TextStim: text = 'My thoughts involved future events:'
136.1908 	EXP 	unnamed TextStim: text = 'Completely'
136.1908 	EXP 	unnamed TextStim: text = 'Not at all'
136.2175 	EXP 	unnamed TextStim: text = 'My thoughts involved future events:'
136.2175 	EXP 	unnamed TextStim: text = 'Completely'
136.2175 	EXP 	unnamed TextStim: text = 'Not at all'
136.2447 	EXP 	unnamed TextStim: text = 'My thoughts involved future events:'
136.2447 	EXP 	unnamed TextStim: text = 'Completely'
136.2447 	EXP 	unnamed TextStim: text = 'Not at all'
136.2713 	EXP 	unnamed TextStim: text = 'My thoughts involved future events:'
136.2713 	EXP 	unnamed TextStim: text = 'Completely'
136.2713 	EXP 	unnamed TextStim: text = 'Not at all'
136.2990 	EXP 	unnamed TextStim: text = 'My thoughts involved future events:'
136.2990 	EXP 	unnamed TextStim: text = 'Completely'
136.2990 	EXP 	unnamed TextStim: text = 'Not at all'
136.3243 	EXP 	unnamed TextStim: text = 'My thoughts involved future events:'
136.3243 	EXP 	unnamed TextStim: text = 'Completely'
136.3243 	EXP 	unnamed TextStim: text = 'Not at all'
136.3528 	EXP 	unnamed TextStim: text = 'My thoughts involved future events:'
136.3528 	EXP 	unnamed TextStim: text = 'Completely'
136.3528 	EXP 	unnamed TextStim: text = 'Not at all'
136.3780 	EXP 	unnamed TextStim: text = 'My thoughts involved future events:'
136.3780 	EXP 	unnamed TextStim: text = 'Completely'
136.3780 	EXP 	unnamed TextStim: text = 'Not at all'
136.4049 	EXP 	unnamed TextStim: text = 'My thoughts involved future events:'
136.4049 	EXP 	unnamed TextStim: text = 'Completely'
136.4049 	EXP 	unnamed TextStim: text = 'Not at all'
136.4325 	EXP 	unnamed TextStim: text = 'My thoughts involved future events:'
136.4325 	EXP 	unnamed TextStim: text = 'Completely'
136.4325 	EXP 	unnamed TextStim: text = 'Not at all'
136.4578 	EXP 	unnamed TextStim: text = 'My thoughts involved future events:'
136.4578 	EXP 	unnamed TextStim: text = 'Completely'
136.4578 	EXP 	unnamed TextStim: text = 'Not at all'
136.4863 	EXP 	unnamed TextStim: text = 'My thoughts involved future events:'
136.4863 	EXP 	unnamed TextStim: text = 'Completely'
136.4863 	EXP 	unnamed TextStim: text = 'Not at all'
136.5109 	EXP 	unnamed TextStim: text = 'My thoughts involved future events:'
136.5109 	EXP 	unnamed TextStim: text = 'Completely'
136.5109 	EXP 	unnamed TextStim: text = 'Not at all'
136.5394 	EXP 	unnamed TextStim: text = 'My thoughts involved future events:'
136.5394 	EXP 	unnamed TextStim: text = 'Completely'
136.5394 	EXP 	unnamed TextStim: text = 'Not at all'
136.5661 	EXP 	unnamed TextStim: text = 'My thoughts involved future events:'
136.5661 	EXP 	unnamed TextStim: text = 'Completely'
136.5661 	EXP 	unnamed TextStim: text = 'Not at all'
136.5914 	EXP 	unnamed TextStim: text = 'My thoughts involved future events:'
136.5914 	EXP 	unnamed TextStim: text = 'Completely'
136.5914 	EXP 	unnamed TextStim: text = 'Not at all'
136.6205 	EXP 	unnamed TextStim: text = 'My thoughts involved future events:'
136.6205 	EXP 	unnamed TextStim: text = 'Completely'
136.6205 	EXP 	unnamed TextStim: text = 'Not at all'
136.6449 	DATA 	Mouse: Left button down, pos=(919,36)
136.6612 	EXP 	unnamed TextStim: text = 'My thoughts involved future events:'
136.6612 	EXP 	unnamed TextStim: text = 'Completely'
136.6612 	EXP 	unnamed TextStim: text = 'Not at all'
136.6978 	EXP 	unnamed TextStim: text = 'My thoughts involved future events:'
136.6978 	EXP 	unnamed TextStim: text = 'Completely'
136.6978 	EXP 	unnamed TextStim: text = 'Not at all'
136.7143 	DATA 	Mouse:  Left button up, pos=(919,36)
136.7253 	EXP 	unnamed TextStim: text = 'My thoughts involved future events:'
136.7253 	EXP 	unnamed TextStim: text = 'Completely'
136.7253 	EXP 	unnamed TextStim: text = 'Not at all'
136.7509 	EXP 	unnamed TextStim: text = 'My thoughts involved future events:'
136.7509 	EXP 	unnamed TextStim: text = 'Completely'
136.7509 	EXP 	unnamed TextStim: text = 'Not at all'
136.7783 	EXP 	unnamed TextStim: text = 'My thoughts involved future events:'
136.7783 	EXP 	unnamed TextStim: text = 'Completely'
136.7783 	EXP 	unnamed TextStim: text = 'Not at all'
136.8178 	EXP 	unnamed TextStim: text = 'My thoughts involved future events:'
136.8178 	EXP 	unnamed TextStim: text = 'Completely'
136.8178 	EXP 	unnamed TextStim: text = 'Not at all'
136.8445 	EXP 	unnamed TextStim: text = 'My thoughts involved future events:'
136.8445 	EXP 	unnamed TextStim: text = 'Completely'
136.8445 	EXP 	unnamed TextStim: text = 'Not at all'
136.8714 	EXP 	unnamed TextStim: text = 'My thoughts involved future events:'
136.8714 	EXP 	unnamed TextStim: text = 'Completely'
136.8714 	EXP 	unnamed TextStim: text = 'Not at all'
136.9113 	EXP 	unnamed TextStim: text = 'My thoughts involved future events:'
136.9113 	EXP 	unnamed TextStim: text = 'Completely'
136.9113 	EXP 	unnamed TextStim: text = 'Not at all'
136.9503 	EXP 	unnamed TextStim: text = 'My thoughts involved future events:'
136.9503 	EXP 	unnamed TextStim: text = 'Completely'
136.9503 	EXP 	unnamed TextStim: text = 'Not at all'
136.9768 	EXP 	unnamed TextStim: text = 'My thoughts involved future events:'
136.9768 	EXP 	unnamed TextStim: text = 'Completely'
136.9768 	EXP 	unnamed TextStim: text = 'Not at all'
137.0043 	EXP 	unnamed TextStim: text = 'My thoughts involved future events:'
137.0043 	EXP 	unnamed TextStim: text = 'Completely'
137.0043 	EXP 	unnamed TextStim: text = 'Not at all'
137.0309 	EXP 	unnamed TextStim: text = 'My thoughts involved future events:'
137.0309 	EXP 	unnamed TextStim: text = 'Completely'
137.0309 	EXP 	unnamed TextStim: text = 'Not at all'
137.0579 	EXP 	unnamed TextStim: text = 'My thoughts involved future events:'
137.0579 	EXP 	unnamed TextStim: text = 'Completely'
137.0579 	EXP 	unnamed TextStim: text = 'Not at all'
137.0836 	EXP 	unnamed TextStim: text = 'My thoughts involved future events:'
137.0836 	EXP 	unnamed TextStim: text = 'Completely'
137.0836 	EXP 	unnamed TextStim: text = 'Not at all'
137.1110 	EXP 	unnamed TextStim: text = 'My thoughts involved future events:'
137.1110 	EXP 	unnamed TextStim: text = 'Completely'
137.1110 	EXP 	unnamed TextStim: text = 'Not at all'
137.1378 	EXP 	unnamed TextStim: text = 'My thoughts involved future events:'
137.1378 	EXP 	unnamed TextStim: text = 'Completely'
137.1378 	EXP 	unnamed TextStim: text = 'Not at all'
137.1649 	EXP 	unnamed TextStim: text = 'My thoughts involved future events:'
137.1649 	EXP 	unnamed TextStim: text = 'Completely'
137.1649 	EXP 	unnamed TextStim: text = 'Not at all'
137.1914 	EXP 	unnamed TextStim: text = 'My thoughts involved future events:'
137.1914 	EXP 	unnamed TextStim: text = 'Completely'
137.1914 	EXP 	unnamed TextStim: text = 'Not at all'
137.2173 	EXP 	unnamed TextStim: text = 'My thoughts involved future events:'
137.2173 	EXP 	unnamed TextStim: text = 'Completely'
137.2173 	EXP 	unnamed TextStim: text = 'Not at all'
137.2391 	DATA 	Keypress: return
137.2410 	DATA 	RatingScale unnamed RatingScale: (key response) rating=8.0
137.2437 	EXP 	unnamed TextStim: text = 'My thoughts involved future events:'
137.2437 	EXP 	unnamed TextStim: text = 'Completely'
137.2437 	EXP 	unnamed TextStim: text = 'Not at all'
138.2620 	EXP 	Created instruction = TextStim(__class__=<class 'psychopy.visual.text.TextStim'>, alignHoriz=method-wrapper(...), alignText='center', alignVert=method-wrapper(...), anchorHoriz='center', anchorVert='center', antialias=True, autoLog=True, bold=False, color=array([-1., -1., -1.]), colorSpace='rgb', contrast=1.0, depth=0, flipHoriz=False, flipVert=False, font='sans', fontFiles=[], height=0.1, italic=False, languageStyle='LTR', name='instruction', opacity=1.0, ori=0.0, pos=array([0., 0.]), rgb=UNKNOWN, text='default text', units='norm', win=Window(...), wrapWidth=1)
138.3497 	EXP 	window1: mouseVisible = True
