67.7991 	WARNING 	Speech-to-text recognition module not available (use command `pip install SpeechRecognition` to get it. Transcription will be unavailable.
67.8543 	WARNING 	We strongly recommend you activate the PTB sound engine in PsychoPy prefs as the preferred audio engine. Its timing is vastly superior. Your prefs are currently set to use ['sounddevice', 'PTB', 'pyo', 'pygame'] (in that order).
67.8915 	WARNING 	Monitor specification not found. Creating a temporary one...
705.2722 	WARNING 	RatingScale unnamed RatingScale: len(labels) not equal to len(tickMarks)
724.5430 	EXP 	window1: recordFrameIntervals = False
724.6761 	EXP 	window1: recordFrameIntervals = True
724.8226 	EXP 	window1: recordFrameIntervals = False
725.3959 	EXP 	Created memoryPrompt = TextStim(__class__=<class 'psychopy.visual.text.TextStim'>, alignHoriz=method-wrapper(...), alignText='center', alignVert=method-wrapper(...), anchorHoriz='center', anchorVert='center', antialias=True, autoLog=True, bold=False, color=array([-1., -1., -1.]), colorSpace='rgb', contrast=1.0, depth=0.0, flipHoriz=False, flipVert=False, font='Open Sans', fontFiles=[], height=0.1, italic=False, languageStyle='LTR', name='memoryPrompt', opacity=1, ori=0.0, pos=array([0., 0.]), rgb=UNKNOWN, text='', units='norm', win=Window(...), wrapWidth=1)
725.4439 	EXP 	Created text = TextStim(__class__=<class 'psychopy.visual.text.TextStim'>, alignHoriz=method-wrapper(...), alignText='center', alignVert=method-wrapper(...), anchorHoriz='center', anchorVert='center', antialias=True, autoLog=True, bold=False, color=array([-1., -1., -1.]), colorSpace='rgb', contrast=1.0, depth=0.0, flipHoriz=False, flipVert=False, font='Open Sans', fontFiles=[], height=0.1, italic=False, languageStyle='LTR', name='text', opacity=1, ori=0.0, pos=array([0., 0.]), rgb=UNKNOWN, text='+', units='norm', win=Window(...), wrapWidth=1)
725.4760 	EXP 	Created text_3 = TextStim(__class__=<class 'psychopy.visual.text.TextStim'>, alignHoriz=method-wrapper(...), alignText='center', alignVert=method-wrapper(...), anchorHoriz='center', anchorVert='center', antialias=True, autoLog=True, bold=False, color=array([-1., -1., -1.]), colorSpace='rgb', contrast=1.0, depth=0.0, flipHoriz=False, flipVert=False, font='Open Sans', fontFiles=[], height=0.1, italic=False, languageStyle='LTR', name='text_3', opacity=1, ori=0.0, pos=array([0., 0.]), rgb=UNKNOWN, text=str(...), units='norm', win=Window(...), wrapWidth=1)
725.4827 	EXP 	Created text = TextStim(__class__=<class 'psychopy.visual.text.TextStim'>, alignHoriz=method-wrapper(...), alignText='center', alignVert=method-wrapper(...), anchorHoriz='center', anchorVert='center', antialias=True, autoLog=True, bold=False, color=array([-1., -1., -1.]), colorSpace='rgb', contrast=1.0, depth=0.0, flipHoriz=False, flipVert=False, font='Open Sans', fontFiles=[], height=0.1, italic=False, languageStyle='LTR', name='text', opacity=1, ori=0.0, pos=array([0., 0.]), rgb=UNKNOWN, text='+', units='norm', win=Window(...), wrapWidth=1)
725.4948 	EXP 	Created text_4 = TextStim(__class__=<class 'psychopy.visual.text.TextStim'>, alignHoriz=method-wrapper(...), alignText='center', alignVert=method-wrapper(...), anchorHoriz='center', anchorVert='center', antialias=True, autoLog=True, bold=False, color=array([-1., -1., -1.]), colorSpace='rgb', contrast=1.0, depth=0.0, flipHoriz=False, flipVert=False, font='Open Sans', fontFiles=[], height=0.1, italic=False, languageStyle='LTR', name='text_4', opacity=1, ori=0.0, pos=array([0., 0.]), rgb=UNKNOWN, text='You may now stop.', units='norm', win=Window(...), wrapWidth=1)
725.5035 	EXP 	Created text_4 = TextStim(__class__=<class 'psychopy.visual.text.TextStim'>, alignHoriz=method-wrapper(...), alignText='center', alignVert=method-wrapper(...), anchorHoriz='center', anchorVert='center', antialias=True, autoLog=True, bold=False, color=array([-1., -1., -1.]), colorSpace='rgb', contrast=1.0, depth=0.0, flipHoriz=False, flipVert=False, font='Open Sans', fontFiles=[], height=0.1, italic=False, languageStyle='LTR', name='text_4', opacity=1, ori=0.0, pos=array([0., 0.]), rgb=UNKNOWN, text='You may now stop.', units='norm', win=Window(...), wrapWidth=1)
725.5424 	EXP 	textbox: autoLog = True
725.5424 	EXP 	text_4: text = 'In this task, you will be asked to imagine an event that has either already happened or may happen in the future. '
1586.1646 	DATA 	Mouse: Left button down, pos=(221,259)
1586.2073 	DATA 	Mouse:  Left button up, pos=(221,259)
1586.7825 	DATA 	Keypress: return
1586.9053 	EXP 	text_4: text = 'On each trial, you will be asked to first decide about a specific event, \nand after that you will be asked to try to imagine that event in as much detail as possible. \nOnce you have an event in mind, type a codeword into a box that you will be able to remember. \nAfter this you will be asked to imagine those events as best you can. '
1586.9984 	DATA 	Keypress: return
1587.0387 	EXP 	text_4: text = 'To summarize, think of a past or upcoming event. Then, create a codeword and enter it into a box. \nWhen the codeword appears, try to remember the details of the event as best as you can.'
1587.1735 	DATA 	Keypress: return
1587.1770 	EXP 	Created sequence: random, trialTypes=1, nReps=1, seed=None
1587.1775 	EXP 	New trial (rep=0, index=0): None
1587.2150 	EXP 	memoryPrompt: text = 'Prompt One'
1587.2150 	EXP 	memoryPrompt: autoDraw = True
1587.2150 	EXP 	textbox: autoDraw = True
1588.9819 	DATA 	Keypress: return
1588.9867 	EXP 	memoryPrompt: autoDraw = False
1588.9867 	EXP 	textbox: autoDraw = False
1588.9867 	EXP 	text: autoDraw = True
1589.3487 	DATA 	Keypress: return
1593.0143 	EXP 	text: autoDraw = False
1593.0143 	EXP 	text: autoDraw = False
1593.0143 	EXP 	text_3: text = 'Press return when you are ready to remember:\n\nType response here\n\n'
1593.0143 	EXP 	text_3: autoDraw = True
1599.6772 	DATA 	Mouse: Left button down, pos=(958,604)
1599.7550 	DATA 	Mouse:  Left button up, pos=(954,601)
1600.2490 	DATA 	Keypress: return
1600.2565 	EXP 	text_3: autoDraw = False
1600.2565 	EXP 	text: autoDraw = True
1604.2583 	EXP 	text: autoDraw = False
1604.2583 	EXP 	text: autoDraw = False
1604.2583 	EXP 	text_4: autoDraw = True
1609.2595 	EXP 	text_4: autoDraw = False
1609.2595 	EXP 	text_4: autoDraw = False
