58.7308 	WARNING 	RatingScale unnamed RatingScale: len(labels) not equal to len(tickMarks)
62.4049 	EXP 	window1: recordFrameIntervals = False
62.4904 	EXP 	window1: recordFrameIntervals = True
62.5656 	EXP 	window1: recordFrameIntervals = False
62.9956 	EXP 	Created text_2 = TextStim(__class__=<class 'psychopy.visual.text.TextStim'>, alignHoriz=method-wrapper(...), alignText='center', alignVert=method-wrapper(...), anchorHoriz='center', anchorVert='center', antialias=True, autoLog=True, bold=False, color=array([-1., -1., -1.]), colorSpace='rgb', contrast=1.0, depth=0.0, flipHoriz=False, flipVert=False, font='Open Sans', fontFiles=[], height=0.1, italic=False, languageStyle='LTR', name='text_2', opacity=1, ori=0.0, pos=array([0., 0.]), rgb=UNKNOWN, text='Insert text here', units='norm', win=Window(...), wrapWidth=1)
63.0060 	EXP 	Created memoryPrompt = TextStim(__class__=<class 'psychopy.visual.text.TextStim'>, alignHoriz=method-wrapper(...), alignText='center', alignVert=method-wrapper(...), anchorHoriz='center', anchorVert='center', antialias=True, autoLog=True, bold=False, color=array([-1., -1., -1.]), colorSpace='rgb', contrast=1.0, depth=0.0, flipHoriz=False, flipVert=False, font='Open Sans', fontFiles=[], height=0.1, italic=False, languageStyle='LTR', name='memoryPrompt', opacity=1, ori=0.0, pos=array([0., 0.]), rgb=UNKNOWN, text='', units='norm', win=Window(...), wrapWidth=1)
63.0303 	EXP 	Created text = TextStim(__class__=<class 'psychopy.visual.text.TextStim'>, alignHoriz=method-wrapper(...), alignText='center', alignVert=method-wrapper(...), anchorHoriz='center', anchorVert='center', antialias=True, autoLog=True, bold=False, color=array([-1., -1., -1.]), colorSpace='rgb', contrast=1.0, depth=0.0, flipHoriz=False, flipVert=False, font='Open Sans', fontFiles=[], height=0.1, italic=False, languageStyle='LTR', name='text', opacity=1, ori=0.0, pos=array([0., 0.]), rgb=UNKNOWN, text='+', units='norm', win=Window(...), wrapWidth=1)
63.0449 	EXP 	Created text_3 = TextStim(__class__=<class 'psychopy.visual.text.TextStim'>, alignHoriz=method-wrapper(...), alignText='center', alignVert=method-wrapper(...), anchorHoriz='center', anchorVert='center', antialias=True, autoLog=True, bold=False, color=array([-1., -1., -1.]), colorSpace='rgb', contrast=1.0, depth=0.0, flipHoriz=False, flipVert=False, font='Open Sans', fontFiles=[], height=0.1, italic=False, languageStyle='LTR', name='text_3', opacity=1, ori=0.0, pos=array([0., 0.]), rgb=UNKNOWN, text=str(...), units='norm', win=Window(...), wrapWidth=1)
63.0484 	EXP 	Created text = TextStim(__class__=<class 'psychopy.visual.text.TextStim'>, alignHoriz=method-wrapper(...), alignText='center', alignVert=method-wrapper(...), anchorHoriz='center', anchorVert='center', antialias=True, autoLog=True, bold=False, color=array([-1., -1., -1.]), colorSpace='rgb', contrast=1.0, depth=0.0, flipHoriz=False, flipVert=False, font='Open Sans', fontFiles=[], height=0.1, italic=False, languageStyle='LTR', name='text', opacity=1, ori=0.0, pos=array([0., 0.]), rgb=UNKNOWN, text='+', units='norm', win=Window(...), wrapWidth=1)
63.0549 	EXP 	Created text_4 = TextStim(__class__=<class 'psychopy.visual.text.TextStim'>, alignHoriz=method-wrapper(...), alignText='center', alignVert=method-wrapper(...), anchorHoriz='center', anchorVert='center', antialias=True, autoLog=True, bold=False, color=array([-1., -1., -1.]), colorSpace='rgb', contrast=1.0, depth=0.0, flipHoriz=False, flipVert=False, font='Open Sans', fontFiles=[], height=0.1, italic=False, languageStyle='LTR', name='text_4', opacity=1, ori=0.0, pos=array([0., 0.]), rgb=UNKNOWN, text='You may now stop.', units='norm', win=Window(...), wrapWidth=1)
63.0649 	EXP 	text_2: text = 'Memory Task Instructions\n'
63.0649 	EXP 	textbox: autoLog = True
63.0649 	EXP 	text_2: autoDraw = True
65.4787 	EXP 	Created sequence: random, trialTypes=1, nReps=1, seed=None
65.4790 	EXP 	New trial (rep=0, index=0): None
65.4920 	DATA 	Keypress: return
65.5041 	EXP 	text_2: autoDraw = False
65.5041 	EXP 	memoryPrompt: text = 'Prompt One'
65.5041 	EXP 	memoryPrompt: autoDraw = True
65.5041 	EXP 	textbox: autoDraw = True
66.1893 	DATA 	Keypress: return
66.1971 	EXP 	memoryPrompt: autoDraw = False
66.1971 	EXP 	textbox: autoDraw = False
66.1971 	EXP 	text: autoDraw = True
67.2758 	DATA 	Keypress: return
71.2095 	EXP 	text: autoDraw = False
71.2095 	EXP 	text: autoDraw = False
71.2095 	EXP 	text_3: text = 'Press return when you are ready to remember:\n\nType response here\n\n\n'
71.2095 	EXP 	text_3: autoDraw = True
71.6454 	DATA 	Keypress: return
71.6690 	EXP 	text_3: autoDraw = False
71.6690 	EXP 	text: autoDraw = True
76.6707 	EXP 	text: autoDraw = False
76.6707 	EXP 	text: autoDraw = False
76.6707 	EXP 	text_4: autoDraw = True
81.6718 	EXP 	text_4: autoDraw = False
81.6718 	EXP 	text_4: autoDraw = False
