69.8697 	WARNING 	Speech-to-text recognition module not available (use command `pip install SpeechRecognition` to get it. Transcription will be unavailable.
69.9165 	WARNING 	We strongly recommend you activate the PTB sound engine in PsychoPy prefs as the preferred audio engine. Its timing is vastly superior. Your prefs are currently set to use ['sounddevice', 'PTB', 'pyo', 'pygame'] (in that order).
69.9518 	WARNING 	Monitor specification not found. Creating a temporary one...
73.9488 	EXP 	window1: recordFrameIntervals = False
74.0952 	EXP 	window1: recordFrameIntervals = True
74.2409 	EXP 	window1: recordFrameIntervals = False
74.7507 	EXP 	Created memoryPrompt = TextStim(__class__=<class 'psychopy.visual.text.TextStim'>, alignHoriz=method-wrapper(...), alignText='center', alignVert=method-wrapper(...), anchorHoriz='center', anchorVert='center', antialias=True, autoLog=True, bold=False, color=array([-1., -1., -1.]), colorSpace='rgb', contrast=1.0, depth=0.0, flipHoriz=False, flipVert=False, font='Open Sans', fontFiles=[], height=0.1, italic=False, languageStyle='LTR', name='memoryPrompt', opacity=1, ori=0.0, pos=array([0., 0.]), rgb=UNKNOWN, text='', units='norm', win=Window(...), wrapWidth=1)
74.8538 	EXP 	Created text = TextStim(__class__=<class 'psychopy.visual.text.TextStim'>, alignHoriz=method-wrapper(...), alignText='center', alignVert=method-wrapper(...), anchorHoriz='center', anchorVert='center', antialias=True, autoLog=True, bold=False, color=array([-1., -1., -1.]), colorSpace='rgb', contrast=1.0, depth=0.0, flipHoriz=False, flipVert=False, font='Open Sans', fontFiles=[], height=0.1, italic=False, languageStyle='LTR', name='text', opacity=1, ori=0.0, pos=array([0., 0.]), rgb=UNKNOWN, text='+', units='norm', win=Window(...), wrapWidth=1)
74.9087 	EXP 	Created text_3 = TextStim(__class__=<class 'psychopy.visual.text.TextStim'>, alignHoriz=method-wrapper(...), alignText='center', alignVert=method-wrapper(...), anchorHoriz='center', anchorVert='center', antialias=True, autoLog=True, bold=False, color=array([-1., -1., -1.]), colorSpace='rgb', contrast=1.0, depth=0.0, flipHoriz=False, flipVert=False, font='Open Sans', fontFiles=[], height=0.1, italic=False, languageStyle='LTR', name='text_3', opacity=1, ori=0.0, pos=array([0., 0.]), rgb=UNKNOWN, text=str(...), units='norm', win=Window(...), wrapWidth=1)
74.9172 	EXP 	Created text = TextStim(__class__=<class 'psychopy.visual.text.TextStim'>, alignHoriz=method-wrapper(...), alignText='center', alignVert=method-wrapper(...), anchorHoriz='center', anchorVert='center', antialias=True, autoLog=True, bold=False, color=array([-1., -1., -1.]), colorSpace='rgb', contrast=1.0, depth=0.0, flipHoriz=False, flipVert=False, font='Open Sans', fontFiles=[], height=0.1, italic=False, languageStyle='LTR', name='text', opacity=1, ori=0.0, pos=array([0., 0.]), rgb=UNKNOWN, text='+', units='norm', win=Window(...), wrapWidth=1)
74.9346 	EXP 	Created text_4 = TextStim(__class__=<class 'psychopy.visual.text.TextStim'>, alignHoriz=method-wrapper(...), alignText='center', alignVert=method-wrapper(...), anchorHoriz='center', anchorVert='center', antialias=True, autoLog=True, bold=False, color=array([-1., -1., -1.]), colorSpace='rgb', contrast=1.0, depth=0.0, flipHoriz=False, flipVert=False, font='Open Sans', fontFiles=[], height=0.1, italic=False, languageStyle='LTR', name='text_4', opacity=1, ori=0.0, pos=array([0., 0.]), rgb=UNKNOWN, text='You may now stop.', units='norm', win=Window(...), wrapWidth=1)
74.9445 	EXP 	Created text_4 = TextStim(__class__=<class 'psychopy.visual.text.TextStim'>, alignHoriz=method-wrapper(...), alignText='center', alignVert=method-wrapper(...), anchorHoriz='center', anchorVert='center', antialias=True, autoLog=True, bold=False, color=array([-1., -1., -1.]), colorSpace='rgb', contrast=1.0, depth=0.0, flipHoriz=False, flipVert=False, font='Open Sans', fontFiles=[], height=0.1, italic=False, languageStyle='LTR', name='text_4', opacity=1, ori=0.0, pos=array([0., 0.]), rgb=UNKNOWN, text='You may now stop.', units='norm', win=Window(...), wrapWidth=1)
75.0017 	EXP 	textbox: autoLog = True
75.0017 	EXP 	text_4: text = 'In this task, you will be asked to imagine an event that has either already happened or may happen in the future. '
76.0631 	DATA 	Mouse: Left button down, pos=(881,252)
76.1349 	DATA 	Mouse:  Left button up, pos=(881,252)
76.7578 	DATA 	Keypress: return
76.8326 	EXP 	text_4: text = 'On each trial, you will be asked to first decide about a specific event, \nand after that you will be asked to try to imagine that event in as much detail as possible. \nOnce you have an event in mind, type a codeword into a box that you will be able to remember. \nAfter this you will be asked to imagine those events as best you can. '
77.2399 	DATA 	Keypress: return
77.2836 	EXP 	text_4: text = 'To summarize, think of a past or upcoming event. Then, create a codeword and enter it into a box. \nWhen the codeword appears, try to remember the details of the event as best as you can.'
77.6346 	DATA 	Keypress: return
77.6379 	EXP 	Created sequence: random, trialTypes=1, nReps=1, seed=None
77.6385 	EXP 	New trial (rep=0, index=0): None
77.6859 	EXP 	memoryPrompt: text = 'Prompt One'
77.6859 	EXP 	memoryPrompt: autoDraw = True
77.6859 	EXP 	textbox: autoDraw = True
78.4509 	DATA 	Keypress: return
78.4711 	EXP 	memoryPrompt: autoDraw = False
78.4711 	EXP 	textbox: autoDraw = False
78.4711 	EXP 	text: autoDraw = True
82.4986 	EXP 	text: autoDraw = False
82.4986 	EXP 	text: autoDraw = False
82.4986 	EXP 	text_3: text = 'Press return when you are ready to remember:\n\nType response here\n'
82.4986 	EXP 	text_3: autoDraw = True
84.1688 	DATA 	Mouse: Left button down, pos=(826,473)
84.2485 	DATA 	Mouse:  Left button up, pos=(826,473)
85.0227 	DATA 	Keypress: return
85.0445 	EXP 	text_3: autoDraw = False
85.0445 	EXP 	text: autoDraw = True
89.0457 	EXP 	text: autoDraw = False
89.0457 	EXP 	text: autoDraw = False
89.0457 	EXP 	text_4: autoDraw = True
90.0595 	EXP 	text_4: autoDraw = False
