9083.7150 	WARNING 	RatingScale unnamed RatingScale: len(labels) not equal to len(tickMarks)
9157.5775 	WARNING 	RatingScale unnamed RatingScale: len(labels) not equal to len(tickMarks)
9160.5798 	EXP 	window1: recordFrameIntervals = False
9160.6478 	EXP 	window1: recordFrameIntervals = True
9160.7237 	EXP 	window1: recordFrameIntervals = False
9160.7337 	EXP 	Created text_2 = TextStim(__class__=<class 'psychopy.visual.text.TextStim'>, alignHoriz=method-wrapper(...), alignText='center', alignVert=method-wrapper(...), anchorHoriz='center', anchorVert='center', antialias=True, autoLog=True, bold=False, color=array([-1., -1., -1.]), colorSpace='rgb', contrast=1.0, depth=0.0, flipHoriz=False, flipVert=False, font='Open Sans', fontFiles=[], height=0.1, italic=False, languageStyle='LTR', name='text_2', opacity=1, ori=0.0, pos=array([0., 0.]), rgb=UNKNOWN, text='Insert text here', units='norm', win=Window(...), wrapWidth=1)
9160.7442 	EXP 	Created memoryPrompt = TextStim(__class__=<class 'psychopy.visual.text.TextStim'>, alignHoriz=method-wrapper(...), alignText='center', alignVert=method-wrapper(...), anchorHoriz='center', anchorVert='center', antialias=True, autoLog=True, bold=False, color=array([-1., -1., -1.]), colorSpace='rgb', contrast=1.0, depth=0.0, flipHoriz=False, flipVert=False, font='Open Sans', fontFiles=[], height=0.1, italic=False, languageStyle='LTR', name='memoryPrompt', opacity=1, ori=0.0, pos=array([0., 0.]), rgb=UNKNOWN, text='', units='norm', win=Window(...), wrapWidth=1)
9160.7928 	EXP 	Created text = TextStim(__class__=<class 'psychopy.visual.text.TextStim'>, alignHoriz=method-wrapper(...), alignText='center', alignVert=method-wrapper(...), anchorHoriz='center', anchorVert='center', antialias=True, autoLog=True, bold=False, color=array([-1., -1., -1.]), colorSpace='rgb', contrast=1.0, depth=0.0, flipHoriz=False, flipVert=False, font='Open Sans', fontFiles=[], height=0.1, italic=False, languageStyle='LTR', name='text', opacity=1, ori=0.0, pos=array([0., 0.]), rgb=UNKNOWN, text='+', units='norm', win=Window(...), wrapWidth=1)
9160.8076 	EXP 	Created text_3 = TextStim(__class__=<class 'psychopy.visual.text.TextStim'>, alignHoriz=method-wrapper(...), alignText='center', alignVert=method-wrapper(...), anchorHoriz='center', anchorVert='center', antialias=True, autoLog=True, bold=False, color=array([-1., -1., -1.]), colorSpace='rgb', contrast=1.0, depth=0.0, flipHoriz=False, flipVert=False, font='Open Sans', fontFiles=[], height=0.1, italic=False, languageStyle='LTR', name='text_3', opacity=1, ori=0.0, pos=array([0., 0.]), rgb=UNKNOWN, text=str(...), units='norm', win=Window(...), wrapWidth=1)
9160.8117 	EXP 	Created text = TextStim(__class__=<class 'psychopy.visual.text.TextStim'>, alignHoriz=method-wrapper(...), alignText='center', alignVert=method-wrapper(...), anchorHoriz='center', anchorVert='center', antialias=True, autoLog=True, bold=False, color=array([-1., -1., -1.]), colorSpace='rgb', contrast=1.0, depth=0.0, flipHoriz=False, flipVert=False, font='Open Sans', fontFiles=[], height=0.1, italic=False, languageStyle='LTR', name='text', opacity=1, ori=0.0, pos=array([0., 0.]), rgb=UNKNOWN, text='+', units='norm', win=Window(...), wrapWidth=1)
9160.8194 	EXP 	Created text_4 = TextStim(__class__=<class 'psychopy.visual.text.TextStim'>, alignHoriz=method-wrapper(...), alignText='center', alignVert=method-wrapper(...), anchorHoriz='center', anchorVert='center', antialias=True, autoLog=True, bold=False, color=array([-1., -1., -1.]), colorSpace='rgb', contrast=1.0, depth=0.0, flipHoriz=False, flipVert=False, font='Open Sans', fontFiles=[], height=0.1, italic=False, languageStyle='LTR', name='text_4', opacity=1, ori=0.0, pos=array([0., 0.]), rgb=UNKNOWN, text='You may now stop.', units='norm', win=Window(...), wrapWidth=1)
9160.8269 	EXP 	text_2: text = 'Memory Task Instructions\n'
9160.8269 	EXP 	textbox: autoLog = True
9160.8269 	EXP 	text_2: autoDraw = True
9161.4199 	EXP 	Created sequence: random, trialTypes=1, nReps=1, seed=None
9161.4201 	EXP 	New trial (rep=0, index=0): None
9161.4440 	DATA 	Keypress: return
9161.4535 	EXP 	text_2: autoDraw = False
9161.4535 	EXP 	memoryPrompt: text = 'Prompt One'
9161.4535 	EXP 	memoryPrompt: autoDraw = True
9161.4535 	EXP 	textbox: autoDraw = True
9162.8980 	DATA 	Keypress: return
9162.9104 	EXP 	memoryPrompt: autoDraw = False
9162.9104 	EXP 	textbox: autoDraw = False
9162.9104 	EXP 	text: autoDraw = True
9166.9263 	EXP 	text: autoDraw = False
9166.9263 	EXP 	text: autoDraw = False
9166.9263 	EXP 	text_3: text = 'Press return when you are ready to remember:\n\nType response here\n\n'
9166.9263 	EXP 	text_3: autoDraw = True
9167.5681 	DATA 	Keypress: return
9167.5842 	EXP 	text_3: autoDraw = False
9167.5842 	EXP 	text: autoDraw = True
9171.3577 	DATA 	Keypress: return
9171.5841 	EXP 	text: autoDraw = False
9171.5841 	EXP 	text: autoDraw = False
9171.5841 	EXP 	text_4: autoDraw = True
9172.2464 	DATA 	Keypress: return
9172.6907 	DATA 	Keypress: return
9173.4826 	DATA 	Keypress: return
9176.5841 	EXP 	text_4: autoDraw = False
9176.5841 	EXP 	text_4: autoDraw = False
9176.6048 	EXP 	Created instruction = TextStim(__class__=<class 'psychopy.visual.text.TextStim'>, alignHoriz=method-wrapper(...), alignText='center', alignVert=method-wrapper(...), anchorHoriz='center', anchorVert='center', antialias=True, autoLog=True, bold=False, color=array([-1., -1., -1.]), colorSpace='rgb', contrast=1.0, depth=0, flipHoriz=False, flipVert=False, font='sans', fontFiles=[], height=0.1, italic=False, languageStyle='LTR', name='instruction', opacity=1.0, ori=0.0, pos=array([0., 0.]), rgb=UNKNOWN, text='default text', units='norm', win=Window(...), wrapWidth=1)
9176.6394 	EXP 	instruction: text = 'Please answer the questions honestly.\n\nA list of descriptions and a rating scale ranging from 1 to 10 will be presented on the screen.\n\nPlease use the left and right arrow keys to select your answer, and the enter button to confirm.'
9177.8674 	DATA 	Keypress: return
9177.8828 	EXP 	Imported c:\Users\Ian\Documents\GitHub\THINCLabTestRepo\Tasks\taskScripts//resources//ESQ//ESQ_Questions.csv as conditions, 14 conditions, 4 params
9177.8831 	EXP 	Created sequence: sequential, trialTypes=14, nReps=1, seed=None
9177.8890 	WARNING 	RatingScale unnamed RatingScale: len(labels) not equal to len(tickMarks)
9177.8891 	EXP 	window1: mouseVisible = True
9177.9258 	EXP 	Created unnamed RatingScale = RatingScale(__class__=type(...), acceptKeys=['return'], acceptPreText=UNKNOWN, acceptSize=UNKNOWN, acceptText='accept?', autoLog=True, choices=False, colorSpace='rgb', depth=0, disappear=False, flipVert=False, high=10, kwargs=UNKNOWN, labels=list(...), leftKeys=['left'], lineColor='black', low=1, marker=ShapeStim(...), markerColor='black', markerExpansion=UNKNOWN, markerStart=4.5, maxTime=0.0, minTime=0.4, mouseOnly=False, name='unnamed RatingScale', noMouse=False, pos=[0.0, -0.4], precision=10, respKeys=[], rightKeys=['right'], scale=False, self=UNKNOWN, showAccept=True, showValue=True, singleClick=False, size=0.6, skipKeys=['tab'], stretch=1.0, textColor='black', textFont='Helvetica Bold', textSize=0.12, tickHeight=1.0, tickMarks=9.0, win=Window(...))
9177.9283 	EXP 	Created unnamed TextStim = TextStim(__class__=<class 'psychopy.visual.text.TextStim'>, alignHoriz=method-wrapper(...), alignText='center', alignVert=method-wrapper(...), anchorHoriz='center', anchorVert='top', antialias=True, autoLog=True, bold=False, color=array([-1., -1., -1.]), colorSpace='rgb', contrast=1.0, depth=0, flipHoriz=False, flipVert=False, font='', fontFiles=[], height=0.1, italic=False, languageStyle='LTR', name='unnamed TextStim', opacity=1.0, ori=0.0, pos=array([0., 0.]), rgb=UNKNOWN, text='', units='norm', win=Window(...), wrapWidth=1)
9177.9306 	EXP 	Created unnamed TextStim = TextStim(__class__=<class 'psychopy.visual.text.TextStim'>, alignHoriz=method-wrapper(...), alignText='center', alignVert=method-wrapper(...), anchorHoriz='center', anchorVert='center', antialias=True, autoLog=True, bold=False, color=array([-1., -1., -1.]), colorSpace='rgb', contrast=1.0, depth=0, flipHoriz=False, flipVert=False, font='', fontFiles=[], height=0.1, italic=False, languageStyle='LTR', name='unnamed TextStim', opacity=1.0, ori=0.0, pos=array([ 0.5, -0.5]), rgb=UNKNOWN, text='', units='norm', win=Window(...), wrapWidth=1)
9177.9326 	EXP 	Created unnamed TextStim = TextStim(__class__=<class 'psychopy.visual.text.TextStim'>, alignHoriz=method-wrapper(...), alignText='center', alignVert=method-wrapper(...), anchorHoriz='center', anchorVert='center', antialias=True, autoLog=True, bold=False, color=array([-1., -1., -1.]), colorSpace='rgb', contrast=1.0, depth=0, flipHoriz=False, flipVert=False, font='', fontFiles=[], height=0.1, italic=False, languageStyle='LTR', name='unnamed TextStim', opacity=1.0, ori=0.0, pos=array([-0.5, -0.5]), rgb=UNKNOWN, text='', units='norm', win=Window(...), wrapWidth=1)
9177.9328 	EXP 	New trial (rep=0, index=0): OrderedDict([('Questions', 'My thoughts were focused on an external task or activity:'), ('Label', 'Focus'), ('Scale_low', 'Not at all'), ('Scale_high', 'Completely')])
9177.9799 	EXP 	unnamed RatingScale: flipVert = False
9177.9799 	EXP 	unnamed RatingScale: autoLog = True
9177.9799 	EXP 	unnamed TextStim: text = 'My thoughts were focused on an external task or activity:'
9177.9799 	EXP 	unnamed TextStim: text = 'Completely'
9177.9799 	EXP 	unnamed TextStim: text = 'Not at all'
9177.9935 	EXP 	unnamed TextStim: text = 'My thoughts were focused on an external task or activity:'
9177.9935 	EXP 	unnamed TextStim: text = 'Completely'
9177.9935 	EXP 	unnamed TextStim: text = 'Not at all'
9178.0073 	EXP 	unnamed TextStim: text = 'My thoughts were focused on an external task or activity:'
9178.0073 	EXP 	unnamed TextStim: text = 'Completely'
9178.0073 	EXP 	unnamed TextStim: text = 'Not at all'
9178.0211 	EXP 	unnamed TextStim: text = 'My thoughts were focused on an external task or activity:'
9178.0211 	EXP 	unnamed TextStim: text = 'Completely'
9178.0211 	EXP 	unnamed TextStim: text = 'Not at all'
9178.0354 	EXP 	unnamed TextStim: text = 'My thoughts were focused on an external task or activity:'
9178.0354 	EXP 	unnamed TextStim: text = 'Completely'
9178.0354 	EXP 	unnamed TextStim: text = 'Not at all'
9178.0489 	EXP 	unnamed TextStim: text = 'My thoughts were focused on an external task or activity:'
9178.0489 	EXP 	unnamed TextStim: text = 'Completely'
9178.0489 	EXP 	unnamed TextStim: text = 'Not at all'
9178.0628 	EXP 	unnamed TextStim: text = 'My thoughts were focused on an external task or activity:'
9178.0628 	EXP 	unnamed TextStim: text = 'Completely'
9178.0628 	EXP 	unnamed TextStim: text = 'Not at all'
9178.0774 	EXP 	unnamed TextStim: text = 'My thoughts were focused on an external task or activity:'
9178.0774 	EXP 	unnamed TextStim: text = 'Completely'
9178.0774 	EXP 	unnamed TextStim: text = 'Not at all'
9178.0906 	EXP 	unnamed TextStim: text = 'My thoughts were focused on an external task or activity:'
9178.0906 	EXP 	unnamed TextStim: text = 'Completely'
9178.0906 	EXP 	unnamed TextStim: text = 'Not at all'
9178.1044 	EXP 	unnamed TextStim: text = 'My thoughts were focused on an external task or activity:'
9178.1044 	EXP 	unnamed TextStim: text = 'Completely'
9178.1044 	EXP 	unnamed TextStim: text = 'Not at all'
9178.1199 	EXP 	unnamed TextStim: text = 'My thoughts were focused on an external task or activity:'
9178.1199 	EXP 	unnamed TextStim: text = 'Completely'
9178.1199 	EXP 	unnamed TextStim: text = 'Not at all'
9178.1328 	EXP 	unnamed TextStim: text = 'My thoughts were focused on an external task or activity:'
9178.1328 	EXP 	unnamed TextStim: text = 'Completely'
9178.1328 	EXP 	unnamed TextStim: text = 'Not at all'
9178.1476 	EXP 	unnamed TextStim: text = 'My thoughts were focused on an external task or activity:'
9178.1476 	EXP 	unnamed TextStim: text = 'Completely'
9178.1476 	EXP 	unnamed TextStim: text = 'Not at all'
9178.1604 	EXP 	unnamed TextStim: text = 'My thoughts were focused on an external task or activity:'
9178.1604 	EXP 	unnamed TextStim: text = 'Completely'
9178.1604 	EXP 	unnamed TextStim: text = 'Not at all'
9178.1745 	EXP 	unnamed TextStim: text = 'My thoughts were focused on an external task or activity:'
9178.1745 	EXP 	unnamed TextStim: text = 'Completely'
9178.1745 	EXP 	unnamed TextStim: text = 'Not at all'
9178.1881 	EXP 	unnamed TextStim: text = 'My thoughts were focused on an external task or activity:'
9178.1881 	EXP 	unnamed TextStim: text = 'Completely'
9178.1881 	EXP 	unnamed TextStim: text = 'Not at all'
9178.2033 	EXP 	unnamed TextStim: text = 'My thoughts were focused on an external task or activity:'
9178.2033 	EXP 	unnamed TextStim: text = 'Completely'
9178.2033 	EXP 	unnamed TextStim: text = 'Not at all'
9178.2158 	EXP 	unnamed TextStim: text = 'My thoughts were focused on an external task or activity:'
9178.2158 	EXP 	unnamed TextStim: text = 'Completely'
9178.2158 	EXP 	unnamed TextStim: text = 'Not at all'
9178.2298 	EXP 	unnamed TextStim: text = 'My thoughts were focused on an external task or activity:'
9178.2298 	EXP 	unnamed TextStim: text = 'Completely'
9178.2298 	EXP 	unnamed TextStim: text = 'Not at all'
9178.2448 	EXP 	unnamed TextStim: text = 'My thoughts were focused on an external task or activity:'
9178.2448 	EXP 	unnamed TextStim: text = 'Completely'
9178.2448 	EXP 	unnamed TextStim: text = 'Not at all'
9178.2575 	EXP 	unnamed TextStim: text = 'My thoughts were focused on an external task or activity:'
9178.2575 	EXP 	unnamed TextStim: text = 'Completely'
9178.2575 	EXP 	unnamed TextStim: text = 'Not at all'
9178.2711 	EXP 	unnamed TextStim: text = 'My thoughts were focused on an external task or activity:'
9178.2711 	EXP 	unnamed TextStim: text = 'Completely'
9178.2711 	EXP 	unnamed TextStim: text = 'Not at all'
9178.2856 	EXP 	unnamed TextStim: text = 'My thoughts were focused on an external task or activity:'
9178.2856 	EXP 	unnamed TextStim: text = 'Completely'
9178.2856 	EXP 	unnamed TextStim: text = 'Not at all'
9178.2990 	EXP 	unnamed TextStim: text = 'My thoughts were focused on an external task or activity:'
9178.2990 	EXP 	unnamed TextStim: text = 'Completely'
9178.2990 	EXP 	unnamed TextStim: text = 'Not at all'
9178.3134 	EXP 	unnamed TextStim: text = 'My thoughts were focused on an external task or activity:'
9178.3134 	EXP 	unnamed TextStim: text = 'Completely'
9178.3134 	EXP 	unnamed TextStim: text = 'Not at all'
9178.3270 	EXP 	unnamed TextStim: text = 'My thoughts were focused on an external task or activity:'
9178.3270 	EXP 	unnamed TextStim: text = 'Completely'
9178.3270 	EXP 	unnamed TextStim: text = 'Not at all'
9178.3411 	EXP 	unnamed TextStim: text = 'My thoughts were focused on an external task or activity:'
9178.3411 	EXP 	unnamed TextStim: text = 'Completely'
9178.3411 	EXP 	unnamed TextStim: text = 'Not at all'
9178.3546 	EXP 	unnamed TextStim: text = 'My thoughts were focused on an external task or activity:'
9178.3546 	EXP 	unnamed TextStim: text = 'Completely'
9178.3546 	EXP 	unnamed TextStim: text = 'Not at all'
9178.3687 	EXP 	unnamed TextStim: text = 'My thoughts were focused on an external task or activity:'
9178.3687 	EXP 	unnamed TextStim: text = 'Completely'
9178.3687 	EXP 	unnamed TextStim: text = 'Not at all'
9178.3824 	EXP 	unnamed TextStim: text = 'My thoughts were focused on an external task or activity:'
9178.3824 	EXP 	unnamed TextStim: text = 'Completely'
9178.3824 	EXP 	unnamed TextStim: text = 'Not at all'
9178.3960 	EXP 	unnamed TextStim: text = 'My thoughts were focused on an external task or activity:'
9178.3960 	EXP 	unnamed TextStim: text = 'Completely'
9178.3960 	EXP 	unnamed TextStim: text = 'Not at all'
9178.4104 	EXP 	unnamed TextStim: text = 'My thoughts were focused on an external task or activity:'
9178.4104 	EXP 	unnamed TextStim: text = 'Completely'
9178.4104 	EXP 	unnamed TextStim: text = 'Not at all'
9178.4238 	EXP 	unnamed TextStim: text = 'My thoughts were focused on an external task or activity:'
9178.4238 	EXP 	unnamed TextStim: text = 'Completely'
9178.4238 	EXP 	unnamed TextStim: text = 'Not at all'
9178.4381 	EXP 	unnamed TextStim: text = 'My thoughts were focused on an external task or activity:'
9178.4381 	EXP 	unnamed TextStim: text = 'Completely'
9178.4381 	EXP 	unnamed TextStim: text = 'Not at all'
9178.4539 	EXP 	unnamed TextStim: text = 'My thoughts were focused on an external task or activity:'
9178.4539 	EXP 	unnamed TextStim: text = 'Completely'
9178.4539 	EXP 	unnamed TextStim: text = 'Not at all'
9178.4658 	EXP 	unnamed TextStim: text = 'My thoughts were focused on an external task or activity:'
9178.4658 	EXP 	unnamed TextStim: text = 'Completely'
9178.4658 	EXP 	unnamed TextStim: text = 'Not at all'
9178.4802 	EXP 	unnamed TextStim: text = 'My thoughts were focused on an external task or activity:'
9178.4802 	EXP 	unnamed TextStim: text = 'Completely'
9178.4802 	EXP 	unnamed TextStim: text = 'Not at all'
9178.4938 	EXP 	unnamed TextStim: text = 'My thoughts were focused on an external task or activity:'
9178.4938 	EXP 	unnamed TextStim: text = 'Completely'
9178.4938 	EXP 	unnamed TextStim: text = 'Not at all'
9178.5074 	EXP 	unnamed TextStim: text = 'My thoughts were focused on an external task or activity:'
9178.5074 	EXP 	unnamed TextStim: text = 'Completely'
9178.5074 	EXP 	unnamed TextStim: text = 'Not at all'
9178.5212 	EXP 	unnamed TextStim: text = 'My thoughts were focused on an external task or activity:'
9178.5212 	EXP 	unnamed TextStim: text = 'Completely'
9178.5212 	EXP 	unnamed TextStim: text = 'Not at all'
9178.5356 	EXP 	unnamed TextStim: text = 'My thoughts were focused on an external task or activity:'
9178.5356 	EXP 	unnamed TextStim: text = 'Completely'
9178.5356 	EXP 	unnamed TextStim: text = 'Not at all'
9178.5490 	EXP 	unnamed TextStim: text = 'My thoughts were focused on an external task or activity:'
9178.5490 	EXP 	unnamed TextStim: text = 'Completely'
9178.5490 	EXP 	unnamed TextStim: text = 'Not at all'
9178.5633 	EXP 	unnamed TextStim: text = 'My thoughts were focused on an external task or activity:'
9178.5633 	EXP 	unnamed TextStim: text = 'Completely'
9178.5633 	EXP 	unnamed TextStim: text = 'Not at all'
9178.5773 	EXP 	unnamed TextStim: text = 'My thoughts were focused on an external task or activity:'
9178.5773 	EXP 	unnamed TextStim: text = 'Completely'
9178.5773 	EXP 	unnamed TextStim: text = 'Not at all'
9178.5907 	EXP 	unnamed TextStim: text = 'My thoughts were focused on an external task or activity:'
9178.5907 	EXP 	unnamed TextStim: text = 'Completely'
9178.5907 	EXP 	unnamed TextStim: text = 'Not at all'
9178.6054 	EXP 	unnamed TextStim: text = 'My thoughts were focused on an external task or activity:'
9178.6054 	EXP 	unnamed TextStim: text = 'Completely'
9178.6054 	EXP 	unnamed TextStim: text = 'Not at all'
9178.6145 	DATA 	Keypress: return
9178.6155 	DATA 	RatingScale unnamed RatingScale: (key response) rating=4.0
9178.6156 	DATA 	RatingScale unnamed RatingScale: rating RT=0.656
9178.6156 	DATA 	RatingScale unnamed RatingScale: history=[(3, 0.0), (4.0, 0.656)]
9178.6185 	EXP 	unnamed TextStim: text = 'My thoughts were focused on an external task or activity:'
9178.6185 	EXP 	unnamed TextStim: text = 'Completely'
9178.6185 	EXP 	unnamed TextStim: text = 'Not at all'
9179.6197 	EXP 	New trial (rep=0, index=1): OrderedDict([('Questions', 'My thoughts involved future events:'), ('Label', 'Future'), ('Scale_low', 'Not at all'), ('Scale_high', 'Completely')])
9179.6399 	EXP 	unnamed TextStim: text = 'My thoughts involved future events:'
9179.6399 	EXP 	unnamed TextStim: text = 'Completely'
9179.6399 	EXP 	unnamed TextStim: text = 'Not at all'
9179.6539 	EXP 	unnamed TextStim: text = 'My thoughts involved future events:'
9179.6539 	EXP 	unnamed TextStim: text = 'Completely'
9179.6539 	EXP 	unnamed TextStim: text = 'Not at all'
9179.6675 	EXP 	unnamed TextStim: text = 'My thoughts involved future events:'
9179.6675 	EXP 	unnamed TextStim: text = 'Completely'
9179.6675 	EXP 	unnamed TextStim: text = 'Not at all'
9179.6811 	EXP 	unnamed TextStim: text = 'My thoughts involved future events:'
9179.6811 	EXP 	unnamed TextStim: text = 'Completely'
9179.6811 	EXP 	unnamed TextStim: text = 'Not at all'
9179.6952 	EXP 	unnamed TextStim: text = 'My thoughts involved future events:'
9179.6952 	EXP 	unnamed TextStim: text = 'Completely'
9179.6952 	EXP 	unnamed TextStim: text = 'Not at all'
9179.7087 	EXP 	unnamed TextStim: text = 'My thoughts involved future events:'
9179.7087 	EXP 	unnamed TextStim: text = 'Completely'
9179.7087 	EXP 	unnamed TextStim: text = 'Not at all'
9179.7226 	EXP 	unnamed TextStim: text = 'My thoughts involved future events:'
9179.7226 	EXP 	unnamed TextStim: text = 'Completely'
9179.7226 	EXP 	unnamed TextStim: text = 'Not at all'
9179.7366 	EXP 	unnamed TextStim: text = 'My thoughts involved future events:'
9179.7366 	EXP 	unnamed TextStim: text = 'Completely'
9179.7366 	EXP 	unnamed TextStim: text = 'Not at all'
9179.7503 	EXP 	unnamed TextStim: text = 'My thoughts involved future events:'
9179.7503 	EXP 	unnamed TextStim: text = 'Completely'
9179.7503 	EXP 	unnamed TextStim: text = 'Not at all'
9179.7642 	EXP 	unnamed TextStim: text = 'My thoughts involved future events:'
9179.7642 	EXP 	unnamed TextStim: text = 'Completely'
9179.7642 	EXP 	unnamed TextStim: text = 'Not at all'
9179.7783 	EXP 	unnamed TextStim: text = 'My thoughts involved future events:'
9179.7783 	EXP 	unnamed TextStim: text = 'Completely'
9179.7783 	EXP 	unnamed TextStim: text = 'Not at all'
9179.7920 	EXP 	unnamed TextStim: text = 'My thoughts involved future events:'
9179.7920 	EXP 	unnamed TextStim: text = 'Completely'
9179.7920 	EXP 	unnamed TextStim: text = 'Not at all'
9179.8059 	EXP 	unnamed TextStim: text = 'My thoughts involved future events:'
9179.8059 	EXP 	unnamed TextStim: text = 'Completely'
9179.8059 	EXP 	unnamed TextStim: text = 'Not at all'
9179.8199 	EXP 	unnamed TextStim: text = 'My thoughts involved future events:'
9179.8199 	EXP 	unnamed TextStim: text = 'Completely'
9179.8199 	EXP 	unnamed TextStim: text = 'Not at all'
9179.8335 	EXP 	unnamed TextStim: text = 'My thoughts involved future events:'
9179.8335 	EXP 	unnamed TextStim: text = 'Completely'
9179.8335 	EXP 	unnamed TextStim: text = 'Not at all'
9179.8484 	EXP 	unnamed TextStim: text = 'My thoughts involved future events:'
9179.8484 	EXP 	unnamed TextStim: text = 'Completely'
9179.8484 	EXP 	unnamed TextStim: text = 'Not at all'
9179.8620 	EXP 	unnamed TextStim: text = 'My thoughts involved future events:'
9179.8620 	EXP 	unnamed TextStim: text = 'Completely'
9179.8620 	EXP 	unnamed TextStim: text = 'Not at all'
9179.8754 	EXP 	unnamed TextStim: text = 'My thoughts involved future events:'
9179.8754 	EXP 	unnamed TextStim: text = 'Completely'
9179.8754 	EXP 	unnamed TextStim: text = 'Not at all'
9179.8893 	EXP 	unnamed TextStim: text = 'My thoughts involved future events:'
9179.8893 	EXP 	unnamed TextStim: text = 'Completely'
9179.8893 	EXP 	unnamed TextStim: text = 'Not at all'
9179.9049 	EXP 	unnamed TextStim: text = 'My thoughts involved future events:'
9179.9049 	EXP 	unnamed TextStim: text = 'Completely'
9179.9049 	EXP 	unnamed TextStim: text = 'Not at all'
9179.9171 	EXP 	unnamed TextStim: text = 'My thoughts involved future events:'
9179.9171 	EXP 	unnamed TextStim: text = 'Completely'
9179.9171 	EXP 	unnamed TextStim: text = 'Not at all'
9179.9309 	EXP 	unnamed TextStim: text = 'My thoughts involved future events:'
9179.9309 	EXP 	unnamed TextStim: text = 'Completely'
9179.9309 	EXP 	unnamed TextStim: text = 'Not at all'
9179.9458 	EXP 	unnamed TextStim: text = 'My thoughts involved future events:'
9179.9458 	EXP 	unnamed TextStim: text = 'Completely'
9179.9458 	EXP 	unnamed TextStim: text = 'Not at all'
9179.9594 	EXP 	unnamed TextStim: text = 'My thoughts involved future events:'
9179.9594 	EXP 	unnamed TextStim: text = 'Completely'
9179.9594 	EXP 	unnamed TextStim: text = 'Not at all'
9179.9726 	EXP 	unnamed TextStim: text = 'My thoughts involved future events:'
9179.9726 	EXP 	unnamed TextStim: text = 'Completely'
9179.9726 	EXP 	unnamed TextStim: text = 'Not at all'
9179.9869 	EXP 	unnamed TextStim: text = 'My thoughts involved future events:'
9179.9869 	EXP 	unnamed TextStim: text = 'Completely'
9179.9869 	EXP 	unnamed TextStim: text = 'Not at all'
9180.0005 	EXP 	unnamed TextStim: text = 'My thoughts involved future events:'
9180.0005 	EXP 	unnamed TextStim: text = 'Completely'
9180.0005 	EXP 	unnamed TextStim: text = 'Not at all'
9180.0143 	EXP 	unnamed TextStim: text = 'My thoughts involved future events:'
9180.0143 	EXP 	unnamed TextStim: text = 'Completely'
9180.0143 	EXP 	unnamed TextStim: text = 'Not at all'
9180.0286 	EXP 	unnamed TextStim: text = 'My thoughts involved future events:'
9180.0286 	EXP 	unnamed TextStim: text = 'Completely'
9180.0286 	EXP 	unnamed TextStim: text = 'Not at all'
9180.0422 	EXP 	unnamed TextStim: text = 'My thoughts involved future events:'
9180.0422 	EXP 	unnamed TextStim: text = 'Completely'
9180.0422 	EXP 	unnamed TextStim: text = 'Not at all'
9180.0558 	EXP 	unnamed TextStim: text = 'My thoughts involved future events:'
9180.0558 	EXP 	unnamed TextStim: text = 'Completely'
9180.0558 	EXP 	unnamed TextStim: text = 'Not at all'
9180.0700 	EXP 	unnamed TextStim: text = 'My thoughts involved future events:'
9180.0700 	EXP 	unnamed TextStim: text = 'Completely'
9180.0700 	EXP 	unnamed TextStim: text = 'Not at all'
9180.0838 	EXP 	unnamed TextStim: text = 'My thoughts involved future events:'
9180.0838 	EXP 	unnamed TextStim: text = 'Completely'
9180.0838 	EXP 	unnamed TextStim: text = 'Not at all'
9180.0976 	EXP 	unnamed TextStim: text = 'My thoughts involved future events:'
9180.0976 	EXP 	unnamed TextStim: text = 'Completely'
9180.0976 	EXP 	unnamed TextStim: text = 'Not at all'
9180.1124 	EXP 	unnamed TextStim: text = 'My thoughts involved future events:'
9180.1124 	EXP 	unnamed TextStim: text = 'Completely'
9180.1124 	EXP 	unnamed TextStim: text = 'Not at all'
9180.1260 	EXP 	unnamed TextStim: text = 'My thoughts involved future events:'
9180.1260 	EXP 	unnamed TextStim: text = 'Completely'
9180.1260 	EXP 	unnamed TextStim: text = 'Not at all'
9180.1396 	EXP 	unnamed TextStim: text = 'My thoughts involved future events:'
9180.1396 	EXP 	unnamed TextStim: text = 'Completely'
9180.1396 	EXP 	unnamed TextStim: text = 'Not at all'
9180.1535 	EXP 	unnamed TextStim: text = 'My thoughts involved future events:'
9180.1535 	EXP 	unnamed TextStim: text = 'Completely'
9180.1535 	EXP 	unnamed TextStim: text = 'Not at all'
9180.1622 	DATA 	Keypress: return
9180.1633 	DATA 	RatingScale unnamed RatingScale: (key response) rating=6.0
9180.1670 	EXP 	unnamed TextStim: text = 'My thoughts involved future events:'
9180.1670 	EXP 	unnamed TextStim: text = 'Completely'
9180.1670 	EXP 	unnamed TextStim: text = 'Not at all'
9181.1778 	EXP 	Created instruction = TextStim(__class__=<class 'psychopy.visual.text.TextStim'>, alignHoriz=method-wrapper(...), alignText='center', alignVert=method-wrapper(...), anchorHoriz='center', anchorVert='center', antialias=True, autoLog=True, bold=False, color=array([-1., -1., -1.]), colorSpace='rgb', contrast=1.0, depth=0, flipHoriz=False, flipVert=False, font='sans', fontFiles=[], height=0.1, italic=False, languageStyle='LTR', name='instruction', opacity=1.0, ori=0.0, pos=array([0., 0.]), rgb=UNKNOWN, text='default text', units='norm', win=Window(...), wrapWidth=1)
9181.7514 	EXP 	window1: mouseVisible = True
