0.3942 	WARNING 	Speech-to-text recognition module not available (use command `pip install SpeechRecognition` to get it. Transcription will be unavailable.
1.1670 	WARNING 	We strongly recommend you activate the PTB sound engine in PsychoPy prefs as the preferred audio engine. Its timing is vastly superior. Your prefs are currently set to use ['sounddevice', 'PTB', 'pyo', 'pygame'] (in that order).
9.4015 	EXP 	Created window1 = Window(allowGUI=True, allowStencil=False, autoLog=True, backendConf=UNKNOWN, bitsMode=UNKNOWN, blendMode='avg', bpc=(8, 8, 8), color=array([0, 0, 0]), colorSpace='rgb', depthBits=8, fullscr=<method-wrapper '__getattribute__' of attributeSetter object at 0x0000025A76878AC0>, gamma=None, gammaErrorPolicy='raise', lms=UNKNOWN, monitor=<psychopy.monitors.calibTools.Monitor object at 0x0000025A768C6190>, multiSample=False, name='window1', numSamples=2, pos=[0.0, 0.0], screen=0, size=array([1920, 1080]), stencilBits=0, stereo=False, units='height', useFBO=True, useRetina=False, viewOri=0.0, viewPos=None, viewScale=None, waitBlanking=True, winType='pyglet')
9.4016 	EXP 	window1: mouseVisible = True
9.4017 	EXP 	window1: recordFrameIntervals = False
9.4698 	EXP 	window1: recordFrameIntervals = True
9.5461 	EXP 	window1: recordFrameIntervals = False
9.9091 	EXP 	Created memoryPrompt = TextStim(__class__=<class 'psychopy.visual.text.TextStim'>, alignHoriz=method-wrapper(...), alignText='center', alignVert=method-wrapper(...), anchorHoriz='center', anchorVert='center', antialias=True, autoLog=True, bold=False, color=array([1., 1., 1.]), colorSpace='rgb', contrast=1.0, depth=0.0, flipHoriz=False, flipVert=False, font='Open Sans', fontFiles=[], height=0.1, italic=False, languageStyle='LTR', name='memoryPrompt', opacity=1, ori=0.0, pos=array([0., 0.]), rgb=UNKNOWN, text='Please recall (PROMPT)', units='height', win=Window(...), wrapWidth=1)
9.9412 	EXP 	Created text = TextStim(__class__=<class 'psychopy.visual.text.TextStim'>, alignHoriz=method-wrapper(...), alignText='center', alignVert=method-wrapper(...), anchorHoriz='center', anchorVert='center', antialias=True, autoLog=True, bold=False, color=array([1., 1., 1.]), colorSpace='rgb', contrast=1.0, depth=0.0, flipHoriz=False, flipVert=False, font='Open Sans', fontFiles=[], height=0.1, italic=False, languageStyle='LTR', name='text', opacity=1, ori=0.0, pos=array([0., 0.]), rgb=UNKNOWN, text='', units='height', win=Window(...), wrapWidth=1)
9.9418 	EXP 	Created sequence: random, trialTypes=1, nReps=5, seed=None
9.9420 	EXP 	New trial (rep=0, index=0): None
9.9826 	EXP 	textbox: autoLog = True
9.9826 	EXP 	memoryPrompt: autoDraw = True
9.9826 	EXP 	textbox: autoDraw = True
13.0444 	DATA 	Keypress: backspace
14.4751 	DATA 	Keypress: lshift
18.4611 	DATA 	Keypress: m
18.6565 	DATA 	Keypress: y
18.8114 	DATA 	Keypress: space
19.9199 	DATA 	Keypress: c
20.0315 	DATA 	Keypress: a
20.3099 	DATA 	Keypress: r
20.6011 	DATA 	Keypress: u
20.7258 	DATA 	Keypress: b
20.8854 	DATA 	Keypress: a
21.1367 	DATA 	Keypress: return
21.1576 	EXP 	memoryPrompt: autoDraw = False
21.1576 	EXP 	textbox: autoDraw = False
21.1576 	EXP 	text: autoDraw = True
23.9025 	DATA 	Keypress: return
24.0836 	DATA 	Keypress: escape
24.2071 	EXP 	window1: mouseVisible = True
