37.6846 	WARNING 	Speech-to-text recognition module not available (use command `pip install SpeechRecognition` to get it. Transcription will be unavailable.
37.7644 	WARNING 	We strongly recommend you activate the PTB sound engine in PsychoPy prefs as the preferred audio engine. Its timing is vastly superior. Your prefs are currently set to use ['sounddevice', 'PTB', 'pyo', 'pygame'] (in that order).
37.7851 	WARNING 	Monitor specification not found. Creating a temporary one...
45.5615 	EXP 	window1: mouseVisible = False
45.6157 	EXP 	Created instruction = TextStim(__class__=<class 'psychopy.visual.text.TextStim'>, alignHoriz=method-wrapper(...), alignText='center', alignVert=method-wrapper(...), anchorHoriz='center', anchorVert='center', antialias=True, autoLog=True, bold=False, color=array([-1., -1., -1.]), colorSpace='rgb', contrast=1.0, depth=0, flipHoriz=False, flipVert=False, font=list(...), fontFiles=[], height=0.08, italic=False, languageStyle='LTR', name='instruction', opacity=1.0, ori=0.0, pos=array([0., 0.]), rgb=UNKNOWN, text='default text', units='norm', win=Window(...), wrapWidth=1100)
45.6514 	EXP 	instruction: size = 0.8
45.6514 	EXP 	instruction: text = 'Advance to instructions...\r\n'
47.3519 	EXP 	instruction: text = '\r\nWelcome to our experiment.\r\n\r\nIn it you will be asked to attend to pairs of different shapes \r\ndivided by a vertical line in the middle of the screen.\r\n\r\nYou will only be required to keep your eyes in the \r\ncentre of the screen and attend to the shapes most of the time.\r\n\r\nWhen a reaction is required, the vertical line will change colour.\r\n\r\n\r\nPress "1" to continue reading.\r\n'
65.8836 	DATA 	Keypress: return
65.9221 	EXP 	instruction: text = '\r\nThe condition will switch between blocks.\r\nThe two types of conditions are 0-back and 1-back.\r\n\r\nIf the line is BLUE, the trial is a 0-back block.\r\nIf the line is RED, the trial is a 1-back block.\r\n\r\n\r\nPress "1" to continue reading.\r\n'
66.1382 	DATA 	Keypress: return
66.1927 	EXP 	instruction: text = '\r\nWhen an event occurs in a 0-back block, \r\nthe screen displays a pair of shapes and a smaller target item in the middle.\r\nYou answer according to the CURRENT screen.\r\n\r\nWhen an event occurs in a 1-back block, \r\nthe screen displays a pair of "?" and a smaller target item in the middle.\r\nYou answer according to the PREVIOUS screen.\r\n\r\nYou are using key "1" and "2" to indicate LEFT or RIGHT.\r\nYou should try to be as quick and accurate as possible.\r\n\r\n\r\nPress "1" to continue reading.\r\n'
66.3248 	DATA 	Keypress: return
66.3799 	EXP 	instruction: text = '\r\nWe are interested in the thoughts that you experienced \r\nduring the rest period. A list of descriptions and a rating scale \r\nwill be presented on the screen. Please use the four buttons to indicate how \r\nmuch each description reflects your experience.\r\n\r\nPress "1" to move the tick mark towards 1, indicates "not at all".\r\nPress "2" to move the tick mark towards 10, indicates "completely".\r\nPress "4" to confirm the rating.\r\n\r\nPlease note that there are no right or wrong answers.\r\nAnswer the questions as fast as possible.\r\n\r\n\r\nPress "1" to start the task.\r\n'
66.5261 	DATA 	Keypress: return
66.5332 	EXP 	Created unnamed TextStim = TextStim(__class__=<class 'psychopy.visual.text.TextStim'>, alignHoriz=method-wrapper(...), alignText='center', alignVert=method-wrapper(...), anchorHoriz='center', anchorVert='center', antialias=True, autoLog=True, bold=False, color=array([-1., -1., -1.]), colorSpace='rgb', contrast=1.0, depth=0, flipHoriz=False, flipVert=False, font=list(...), fontFiles=[], height=0.1, italic=False, languageStyle='LTR', name='unnamed TextStim', opacity=1.0, ori=0.0, pos=array([0., 0.]), rgb=UNKNOWN, text='+', units='norm', win=Window(...), wrapWidth=1100)
66.5378 	EXP 	Created verticle line = Line(__class__=<class 'psychopy.visual.line.Line'>, autoDraw=False, autoLog=True, closeShape=False, color=array([-1., -1., -1.]), colorSpace='rgb', contrast=None, depth=0, fillColor=array([0, 0, 0]), fillColorSpace='rgb', fillRGB=array([0, 0, 0]), interpolate=True, lineColor=array([-1., -1., -1.]), lineColorSpace='rgb', lineRGB=array([-1, -1, -1]), lineWidth=3, name='verticle line', opacity=0.5, ori=0.0, pos=array([0., 0.]), size=array([1., 1.]), units='norm', vertices=array([[ 0.  ,  0.75],
       [ 0.  , -0.75]]), win=Window(...), windingRule=None)
66.5407 	EXP 	Created dash line = ShapeStim(__class__=<class 'psychopy.visual.shape.ShapeStim'>, autoDraw=False, autoLog=True, closeShape=True, color=method-wrapper(...), colorSpace='rgb', contrast=None, depth=0, fillColor=array([-1, -1, -1]), fillColorSpace='rgb', fillRGB=array([-1, -1, -1]), interpolate=True, lineColor=array([0., 0., 0.]), lineColorSpace='rgb', lineRGB=array([0, 0, 0]), lineWidth=1.5, name='dash line', opacity=0.5, ori=0.0, pos=array([0. , 2.5]), size=array([1., 1.]), units='norm', vertices=ndarray(...), win=Window(...), windingRule=None)
66.5475 	EXP 	Created stimPic-left = ImageStim(__class__=<class 'psychopy.visual.image.ImageStim'>, autoLog=True, color=array([1., 1., 1.]), colorSpace='rgb', contrast=1.0, depth=0, flipHoriz=False, flipVert=False, image=None, interpolate=False, mask=None, maskParams=None, name='stimPic-left', opacity=1, ori=0.0, pos=array([-0.5,  0. ]), size=array([0.5 , 0.75]), texRes=128, units='norm', win=Window(...))
66.5499 	EXP 	Created stimPic-right = ImageStim(__class__=<class 'psychopy.visual.image.ImageStim'>, autoLog=True, color=array([1., 1., 1.]), colorSpace='rgb', contrast=1.0, depth=0, flipHoriz=False, flipVert=False, image=None, interpolate=False, mask=None, maskParams=None, name='stimPic-right', opacity=1, ori=0.0, pos=array([0.5, 0. ]), size=array([0.5 , 0.75]), texRes=128, units='norm', win=Window(...))
66.5519 	EXP 	Created stimPic-middle = ImageStim(__class__=<class 'psychopy.visual.image.ImageStim'>, autoLog=True, color=array([1., 1., 1.]), colorSpace='rgb', contrast=1.0, depth=0, flipHoriz=False, flipVert=False, image=None, interpolate=False, mask=None, maskParams=None, name='stimPic-middle', opacity=1, ori=0.0, pos=array([0., 0.]), size=array([0.25, 0.4 ]), texRes=128, units='norm', win=Window(...))
66.5588 	EXP 	Created unnamed TextStim = TextStim(__class__=<class 'psychopy.visual.text.TextStim'>, alignHoriz=method-wrapper(...), alignText='center', alignVert=method-wrapper(...), anchorHoriz='center', anchorVert='center', antialias=True, autoLog=True, bold=False, color=array([-1., -1., -1.]), colorSpace='rgb', contrast=1.0, depth=0, flipHoriz=False, flipVert=False, font='', fontFiles=[], height=0.1, italic=False, languageStyle='LTR', name='unnamed TextStim', opacity=1.0, ori=0.0, pos=array([-0.5,  0. ]), rgb=UNKNOWN, text='?', units='norm', win=Window(...), wrapWidth=500)
66.5626 	EXP 	Created unnamed TextStim = TextStim(__class__=<class 'psychopy.visual.text.TextStim'>, alignHoriz=method-wrapper(...), alignText='center', alignVert=method-wrapper(...), anchorHoriz='center', anchorVert='center', antialias=True, autoLog=True, bold=False, color=array([-1., -1., -1.]), colorSpace='rgb', contrast=1.0, depth=0, flipHoriz=False, flipVert=False, font='', fontFiles=[], height=0.1, italic=False, languageStyle='LTR', name='unnamed TextStim', opacity=1.0, ori=0.0, pos=array([0.5, 0. ]), rgb=UNKNOWN, text='?', units='norm', win=Window(...), wrapWidth=500)
66.5663 	EXP 	Created unnamed TextStim = TextStim(__class__=<class 'psychopy.visual.text.TextStim'>, alignHoriz=method-wrapper(...), alignText='center', alignVert=method-wrapper(...), anchorHoriz='center', anchorVert='center', antialias=True, autoLog=True, bold=False, color=array([1., 1., 1.]), colorSpace='rgb', contrast=1.0, depth=0, flipHoriz=False, flipVert=False, font='', fontFiles=[], height=0.1, italic=False, languageStyle='LTR', name='unnamed TextStim', opacity=1.0, ori=0.0, pos=array([0., 0.]), rgb=UNKNOWN, text='?', units='norm', win=Window(...), wrapWidth=200)
66.5750 	EXP 	Created unnamed TextStim = TextStim(__class__=<class 'psychopy.visual.text.TextStim'>, alignHoriz=method-wrapper(...), alignText='center', alignVert=method-wrapper(...), anchorHoriz='center', anchorVert='center', antialias=True, autoLog=True, bold=False, color=array([-1., -1., -1.]), colorSpace='rgb', contrast=1.0, depth=0, flipHoriz=False, flipVert=False, font=list(...), fontFiles=[], height=0.1, italic=False, languageStyle='LTR', name='unnamed TextStim', opacity=1.0, ori=0.0, pos=array([0., 0.]), rgb=UNKNOWN, text='Switch', units='norm', win=Window(...), wrapWidth=1100)
66.5962 	EXP 	Created unnamed TextStim = TextStim(__class__=<class 'psychopy.visual.text.TextStim'>, alignHoriz=method-wrapper(...), alignText='center', alignVert=method-wrapper(...), anchorHoriz='center', anchorVert='center', antialias=True, autoLog=True, bold=False, color=array([-1., -1., -1.]), colorSpace='rgb', contrast=1.0, depth=0, flipHoriz=False, flipVert=False, font='', fontFiles=[], height=0.1, italic=False, languageStyle='LTR', name='unnamed TextStim', opacity=1.0, ori=0.0, pos=array([0., 0.]), rgb=UNKNOWN, text=str(...), units='norm', win=Window(...), wrapWidth=1100)
68.2766 	DATA 	Keypress: return
68.5192 	EXP 	stimPic-left: image = 'c:\\Users\\Ian\\Documents\\GitHub\\THINCLabTestRepo\\TaskFiles\\taskScripts//resources//ZeroBack_Task//stimuli//circle.png'
68.5192 	EXP 	stimPic-right: image = 'c:\\Users\\Ian\\Documents\\GitHub\\THINCLabTestRepo\\TaskFiles\\taskScripts//resources//ZeroBack_Task//stimuli//square.png'
68.9727 	DATA 	Keypress: return
72.2655 	EXP 	stimPic-left: image = 'c:\\Users\\Ian\\Documents\\GitHub\\THINCLabTestRepo\\TaskFiles\\taskScripts//resources//ZeroBack_Task//stimuli//square.png'
72.2655 	EXP 	stimPic-right: image = 'c:\\Users\\Ian\\Documents\\GitHub\\THINCLabTestRepo\\TaskFiles\\taskScripts//resources//ZeroBack_Task//stimuli//circle.png'
76.4321 	DATA 	Keypress: return
76.4544 	EXP 	Created instruction = TextStim(__class__=<class 'psychopy.visual.text.TextStim'>, alignHoriz=method-wrapper(...), alignText='center', alignVert=method-wrapper(...), anchorHoriz='center', anchorVert='center', antialias=True, autoLog=True, bold=False, color=array([-1., -1., -1.]), colorSpace='rgb', contrast=1.0, depth=0, flipHoriz=False, flipVert=False, font='sans', fontFiles=[], height=0.1, italic=False, languageStyle='LTR', name='instruction', opacity=1.0, ori=0.0, pos=array([0., 0.]), rgb=UNKNOWN, text='default text', units='norm', win=Window(...), wrapWidth=1)
76.4912 	EXP 	instruction: text = 'Please answer the questions honestly.\n\nA list of descriptions and a rating scale ranging from 1 to 10 will be presented on the screen.\n\nPlease use the left and right arrow keys to select your answer, and the enter button to confirm.'
77.9613 	DATA 	Keypress: rshift
78.1975 	DATA 	Keypress: return
78.2377 	EXP 	Imported c:\Users\Ian\Documents\GitHub\THINCLabTestRepo\TaskFiles\taskScripts//resources//ESQ//ESQ_Questions.csv as conditions, 14 conditions, 4 params
78.2392 	EXP 	Created sequence: sequential, trialTypes=14, nReps=1, seed=None
78.3597 	WARNING 	RatingScale unnamed RatingScale: len(labels) not equal to len(tickMarks)
78.3602 	EXP 	window1: mouseVisible = True
78.3967 	EXP 	Created unnamed RatingScale = RatingScale(__class__=type(...), acceptKeys=['return'], acceptPreText=UNKNOWN, acceptSize=UNKNOWN, acceptText='accept?', autoLog=True, choices=False, colorSpace='rgb', depth=0, disappear=False, flipVert=False, high=10, kwargs=UNKNOWN, labels=list(...), leftKeys=['left'], lineColor='black', low=1, marker=ShapeStim(...), markerColor='black', markerExpansion=UNKNOWN, markerStart=4.5, maxTime=0.0, minTime=0.4, mouseOnly=False, name='unnamed RatingScale', noMouse=False, pos=[0.0, -0.4], precision=10, respKeys=[], rightKeys=['right'], scale=False, self=UNKNOWN, showAccept=True, showValue=True, singleClick=False, size=0.6, skipKeys=['tab'], stretch=1.0, textColor='black', textFont='Helvetica Bold', textSize=0.12, tickHeight=1.0, tickMarks=9.0, win=Window(...))
78.3990 	EXP 	Created unnamed TextStim = TextStim(__class__=<class 'psychopy.visual.text.TextStim'>, alignHoriz=method-wrapper(...), alignText='center', alignVert=method-wrapper(...), anchorHoriz='center', anchorVert='top', antialias=True, autoLog=True, bold=False, color=array([-1., -1., -1.]), colorSpace='rgb', contrast=1.0, depth=0, flipHoriz=False, flipVert=False, font='', fontFiles=[], height=0.1, italic=False, languageStyle='LTR', name='unnamed TextStim', opacity=1.0, ori=0.0, pos=array([0., 0.]), rgb=UNKNOWN, text='', units='norm', win=Window(...), wrapWidth=1)
78.4010 	EXP 	Created unnamed TextStim = TextStim(__class__=<class 'psychopy.visual.text.TextStim'>, alignHoriz=method-wrapper(...), alignText='center', alignVert=method-wrapper(...), anchorHoriz='center', anchorVert='center', antialias=True, autoLog=True, bold=False, color=array([-1., -1., -1.]), colorSpace='rgb', contrast=1.0, depth=0, flipHoriz=False, flipVert=False, font='', fontFiles=[], height=0.1, italic=False, languageStyle='LTR', name='unnamed TextStim', opacity=1.0, ori=0.0, pos=array([ 0.5, -0.5]), rgb=UNKNOWN, text='', units='norm', win=Window(...), wrapWidth=1)
78.4028 	EXP 	Created unnamed TextStim = TextStim(__class__=<class 'psychopy.visual.text.TextStim'>, alignHoriz=method-wrapper(...), alignText='center', alignVert=method-wrapper(...), anchorHoriz='center', anchorVert='center', antialias=True, autoLog=True, bold=False, color=array([-1., -1., -1.]), colorSpace='rgb', contrast=1.0, depth=0, flipHoriz=False, flipVert=False, font='', fontFiles=[], height=0.1, italic=False, languageStyle='LTR', name='unnamed TextStim', opacity=1.0, ori=0.0, pos=array([-0.5, -0.5]), rgb=UNKNOWN, text='', units='norm', win=Window(...), wrapWidth=1)
78.4032 	EXP 	New trial (rep=0, index=0): OrderedDict([('Questions', 'My thoughts were focused on an external task or activity:'), ('Label', 'Focus'), ('Scale_low', 'Not at all'), ('Scale_high', 'Completely')])
78.4487 	EXP 	unnamed RatingScale: flipVert = False
78.4487 	EXP 	unnamed RatingScale: autoLog = True
78.4487 	EXP 	unnamed TextStim: text = 'My thoughts were focused on an external task or activity:'
78.4487 	EXP 	unnamed TextStim: text = 'Completely'
78.4487 	EXP 	unnamed TextStim: text = 'Not at all'
78.4624 	EXP 	unnamed TextStim: text = 'My thoughts were focused on an external task or activity:'
78.4624 	EXP 	unnamed TextStim: text = 'Completely'
78.4624 	EXP 	unnamed TextStim: text = 'Not at all'
78.4765 	EXP 	unnamed TextStim: text = 'My thoughts were focused on an external task or activity:'
78.4765 	EXP 	unnamed TextStim: text = 'Completely'
78.4765 	EXP 	unnamed TextStim: text = 'Not at all'
78.4854 	DATA 	Keypress: return
78.4903 	EXP 	unnamed TextStim: text = 'My thoughts were focused on an external task or activity:'
78.4903 	EXP 	unnamed TextStim: text = 'Completely'
78.4903 	EXP 	unnamed TextStim: text = 'Not at all'
78.5052 	EXP 	unnamed TextStim: text = 'My thoughts were focused on an external task or activity:'
78.5052 	EXP 	unnamed TextStim: text = 'Completely'
78.5052 	EXP 	unnamed TextStim: text = 'Not at all'
78.5182 	EXP 	unnamed TextStim: text = 'My thoughts were focused on an external task or activity:'
78.5182 	EXP 	unnamed TextStim: text = 'Completely'
78.5182 	EXP 	unnamed TextStim: text = 'Not at all'
78.5321 	EXP 	unnamed TextStim: text = 'My thoughts were focused on an external task or activity:'
78.5321 	EXP 	unnamed TextStim: text = 'Completely'
78.5321 	EXP 	unnamed TextStim: text = 'Not at all'
78.5461 	EXP 	unnamed TextStim: text = 'My thoughts were focused on an external task or activity:'
78.5461 	EXP 	unnamed TextStim: text = 'Completely'
78.5461 	EXP 	unnamed TextStim: text = 'Not at all'
78.5608 	EXP 	unnamed TextStim: text = 'My thoughts were focused on an external task or activity:'
78.5608 	EXP 	unnamed TextStim: text = 'Completely'
78.5608 	EXP 	unnamed TextStim: text = 'Not at all'
78.5739 	EXP 	unnamed TextStim: text = 'My thoughts were focused on an external task or activity:'
78.5739 	EXP 	unnamed TextStim: text = 'Completely'
78.5739 	EXP 	unnamed TextStim: text = 'Not at all'
78.5885 	EXP 	unnamed TextStim: text = 'My thoughts were focused on an external task or activity:'
78.5885 	EXP 	unnamed TextStim: text = 'Completely'
78.5885 	EXP 	unnamed TextStim: text = 'Not at all'
78.6015 	EXP 	unnamed TextStim: text = 'My thoughts were focused on an external task or activity:'
78.6015 	EXP 	unnamed TextStim: text = 'Completely'
78.6015 	EXP 	unnamed TextStim: text = 'Not at all'
78.6155 	EXP 	unnamed TextStim: text = 'My thoughts were focused on an external task or activity:'
78.6155 	EXP 	unnamed TextStim: text = 'Completely'
78.6155 	EXP 	unnamed TextStim: text = 'Not at all'
78.6302 	EXP 	unnamed TextStim: text = 'My thoughts were focused on an external task or activity:'
78.6302 	EXP 	unnamed TextStim: text = 'Completely'
78.6302 	EXP 	unnamed TextStim: text = 'Not at all'
78.6432 	EXP 	unnamed TextStim: text = 'My thoughts were focused on an external task or activity:'
78.6432 	EXP 	unnamed TextStim: text = 'Completely'
78.6432 	EXP 	unnamed TextStim: text = 'Not at all'
78.6580 	EXP 	unnamed TextStim: text = 'My thoughts were focused on an external task or activity:'
78.6580 	EXP 	unnamed TextStim: text = 'Completely'
78.6580 	EXP 	unnamed TextStim: text = 'Not at all'
78.6710 	EXP 	unnamed TextStim: text = 'My thoughts were focused on an external task or activity:'
78.6710 	EXP 	unnamed TextStim: text = 'Completely'
78.6710 	EXP 	unnamed TextStim: text = 'Not at all'
78.6856 	EXP 	unnamed TextStim: text = 'My thoughts were focused on an external task or activity:'
78.6856 	EXP 	unnamed TextStim: text = 'Completely'
78.6856 	EXP 	unnamed TextStim: text = 'Not at all'
78.6988 	EXP 	unnamed TextStim: text = 'My thoughts were focused on an external task or activity:'
78.6988 	EXP 	unnamed TextStim: text = 'Completely'
78.6988 	EXP 	unnamed TextStim: text = 'Not at all'
78.7127 	EXP 	unnamed TextStim: text = 'My thoughts were focused on an external task or activity:'
78.7127 	EXP 	unnamed TextStim: text = 'Completely'
78.7127 	EXP 	unnamed TextStim: text = 'Not at all'
78.7275 	EXP 	unnamed TextStim: text = 'My thoughts were focused on an external task or activity:'
78.7275 	EXP 	unnamed TextStim: text = 'Completely'
78.7275 	EXP 	unnamed TextStim: text = 'Not at all'
78.7405 	EXP 	unnamed TextStim: text = 'My thoughts were focused on an external task or activity:'
78.7405 	EXP 	unnamed TextStim: text = 'Completely'
78.7405 	EXP 	unnamed TextStim: text = 'Not at all'
78.7542 	EXP 	unnamed TextStim: text = 'My thoughts were focused on an external task or activity:'
78.7542 	EXP 	unnamed TextStim: text = 'Completely'
78.7542 	EXP 	unnamed TextStim: text = 'Not at all'
78.7682 	EXP 	unnamed TextStim: text = 'My thoughts were focused on an external task or activity:'
78.7682 	EXP 	unnamed TextStim: text = 'Completely'
78.7682 	EXP 	unnamed TextStim: text = 'Not at all'
78.7832 	EXP 	unnamed TextStim: text = 'My thoughts were focused on an external task or activity:'
78.7832 	EXP 	unnamed TextStim: text = 'Completely'
78.7832 	EXP 	unnamed TextStim: text = 'Not at all'
78.7969 	EXP 	unnamed TextStim: text = 'My thoughts were focused on an external task or activity:'
78.7969 	EXP 	unnamed TextStim: text = 'Completely'
78.7969 	EXP 	unnamed TextStim: text = 'Not at all'
78.8101 	EXP 	unnamed TextStim: text = 'My thoughts were focused on an external task or activity:'
78.8101 	EXP 	unnamed TextStim: text = 'Completely'
78.8101 	EXP 	unnamed TextStim: text = 'Not at all'
78.8246 	EXP 	unnamed TextStim: text = 'My thoughts were focused on an external task or activity:'
78.8246 	EXP 	unnamed TextStim: text = 'Completely'
78.8246 	EXP 	unnamed TextStim: text = 'Not at all'
78.8376 	EXP 	unnamed TextStim: text = 'My thoughts were focused on an external task or activity:'
78.8376 	EXP 	unnamed TextStim: text = 'Completely'
78.8376 	EXP 	unnamed TextStim: text = 'Not at all'
78.8523 	EXP 	unnamed TextStim: text = 'My thoughts were focused on an external task or activity:'
78.8523 	EXP 	unnamed TextStim: text = 'Completely'
78.8523 	EXP 	unnamed TextStim: text = 'Not at all'
78.8654 	EXP 	unnamed TextStim: text = 'My thoughts were focused on an external task or activity:'
78.8654 	EXP 	unnamed TextStim: text = 'Completely'
78.8654 	EXP 	unnamed TextStim: text = 'Not at all'
78.8805 	EXP 	unnamed TextStim: text = 'My thoughts were focused on an external task or activity:'
78.8805 	EXP 	unnamed TextStim: text = 'Completely'
78.8805 	EXP 	unnamed TextStim: text = 'Not at all'
78.8941 	EXP 	unnamed TextStim: text = 'My thoughts were focused on an external task or activity:'
78.8941 	EXP 	unnamed TextStim: text = 'Completely'
78.8941 	EXP 	unnamed TextStim: text = 'Not at all'
78.9082 	EXP 	unnamed TextStim: text = 'My thoughts were focused on an external task or activity:'
78.9082 	EXP 	unnamed TextStim: text = 'Completely'
78.9082 	EXP 	unnamed TextStim: text = 'Not at all'
78.9218 	EXP 	unnamed TextStim: text = 'My thoughts were focused on an external task or activity:'
78.9218 	EXP 	unnamed TextStim: text = 'Completely'
78.9218 	EXP 	unnamed TextStim: text = 'Not at all'
78.9349 	EXP 	unnamed TextStim: text = 'My thoughts were focused on an external task or activity:'
78.9349 	EXP 	unnamed TextStim: text = 'Completely'
78.9349 	EXP 	unnamed TextStim: text = 'Not at all'
78.9488 	EXP 	unnamed TextStim: text = 'My thoughts were focused on an external task or activity:'
78.9488 	EXP 	unnamed TextStim: text = 'Completely'
78.9488 	EXP 	unnamed TextStim: text = 'Not at all'
78.9639 	EXP 	unnamed TextStim: text = 'My thoughts were focused on an external task or activity:'
78.9639 	EXP 	unnamed TextStim: text = 'Completely'
78.9639 	EXP 	unnamed TextStim: text = 'Not at all'
78.9766 	EXP 	unnamed TextStim: text = 'My thoughts were focused on an external task or activity:'
78.9766 	EXP 	unnamed TextStim: text = 'Completely'
78.9766 	EXP 	unnamed TextStim: text = 'Not at all'
78.9912 	EXP 	unnamed TextStim: text = 'My thoughts were focused on an external task or activity:'
78.9912 	EXP 	unnamed TextStim: text = 'Completely'
78.9912 	EXP 	unnamed TextStim: text = 'Not at all'
79.0044 	EXP 	unnamed TextStim: text = 'My thoughts were focused on an external task or activity:'
79.0044 	EXP 	unnamed TextStim: text = 'Completely'
79.0044 	EXP 	unnamed TextStim: text = 'Not at all'
79.0189 	EXP 	unnamed TextStim: text = 'My thoughts were focused on an external task or activity:'
79.0189 	EXP 	unnamed TextStim: text = 'Completely'
79.0189 	EXP 	unnamed TextStim: text = 'Not at all'
79.0334 	EXP 	unnamed TextStim: text = 'My thoughts were focused on an external task or activity:'
79.0334 	EXP 	unnamed TextStim: text = 'Completely'
79.0334 	EXP 	unnamed TextStim: text = 'Not at all'
79.0459 	EXP 	unnamed TextStim: text = 'My thoughts were focused on an external task or activity:'
79.0459 	EXP 	unnamed TextStim: text = 'Completely'
79.0459 	EXP 	unnamed TextStim: text = 'Not at all'
79.0609 	EXP 	unnamed TextStim: text = 'My thoughts were focused on an external task or activity:'
79.0609 	EXP 	unnamed TextStim: text = 'Completely'
79.0609 	EXP 	unnamed TextStim: text = 'Not at all'
79.0737 	EXP 	unnamed TextStim: text = 'My thoughts were focused on an external task or activity:'
79.0737 	EXP 	unnamed TextStim: text = 'Completely'
79.0737 	EXP 	unnamed TextStim: text = 'Not at all'
79.0885 	EXP 	unnamed TextStim: text = 'My thoughts were focused on an external task or activity:'
79.0885 	EXP 	unnamed TextStim: text = 'Completely'
79.0885 	EXP 	unnamed TextStim: text = 'Not at all'
79.1025 	EXP 	unnamed TextStim: text = 'My thoughts were focused on an external task or activity:'
79.1025 	EXP 	unnamed TextStim: text = 'Completely'
79.1025 	EXP 	unnamed TextStim: text = 'Not at all'
79.1156 	EXP 	unnamed TextStim: text = 'My thoughts were focused on an external task or activity:'
79.1156 	EXP 	unnamed TextStim: text = 'Completely'
79.1156 	EXP 	unnamed TextStim: text = 'Not at all'
79.1302 	EXP 	unnamed TextStim: text = 'My thoughts were focused on an external task or activity:'
79.1302 	EXP 	unnamed TextStim: text = 'Completely'
79.1302 	EXP 	unnamed TextStim: text = 'Not at all'
79.1432 	EXP 	unnamed TextStim: text = 'My thoughts were focused on an external task or activity:'
79.1432 	EXP 	unnamed TextStim: text = 'Completely'
79.1432 	EXP 	unnamed TextStim: text = 'Not at all'
79.1579 	EXP 	unnamed TextStim: text = 'My thoughts were focused on an external task or activity:'
79.1579 	EXP 	unnamed TextStim: text = 'Completely'
79.1579 	EXP 	unnamed TextStim: text = 'Not at all'
79.1712 	EXP 	unnamed TextStim: text = 'My thoughts were focused on an external task or activity:'
79.1712 	EXP 	unnamed TextStim: text = 'Completely'
79.1712 	EXP 	unnamed TextStim: text = 'Not at all'
79.1855 	EXP 	unnamed TextStim: text = 'My thoughts were focused on an external task or activity:'
79.1855 	EXP 	unnamed TextStim: text = 'Completely'
79.1855 	EXP 	unnamed TextStim: text = 'Not at all'
79.1988 	EXP 	unnamed TextStim: text = 'My thoughts were focused on an external task or activity:'
79.1988 	EXP 	unnamed TextStim: text = 'Completely'
79.1988 	EXP 	unnamed TextStim: text = 'Not at all'
79.2127 	EXP 	unnamed TextStim: text = 'My thoughts were focused on an external task or activity:'
79.2127 	EXP 	unnamed TextStim: text = 'Completely'
79.2127 	EXP 	unnamed TextStim: text = 'Not at all'
79.2276 	EXP 	unnamed TextStim: text = 'My thoughts were focused on an external task or activity:'
79.2276 	EXP 	unnamed TextStim: text = 'Completely'
79.2276 	EXP 	unnamed TextStim: text = 'Not at all'
79.2405 	EXP 	unnamed TextStim: text = 'My thoughts were focused on an external task or activity:'
79.2405 	EXP 	unnamed TextStim: text = 'Completely'
79.2405 	EXP 	unnamed TextStim: text = 'Not at all'
79.2551 	EXP 	unnamed TextStim: text = 'My thoughts were focused on an external task or activity:'
79.2551 	EXP 	unnamed TextStim: text = 'Completely'
79.2551 	EXP 	unnamed TextStim: text = 'Not at all'
79.2684 	EXP 	unnamed TextStim: text = 'My thoughts were focused on an external task or activity:'
79.2684 	EXP 	unnamed TextStim: text = 'Completely'
79.2684 	EXP 	unnamed TextStim: text = 'Not at all'
79.2822 	EXP 	unnamed TextStim: text = 'My thoughts were focused on an external task or activity:'
79.2822 	EXP 	unnamed TextStim: text = 'Completely'
79.2822 	EXP 	unnamed TextStim: text = 'Not at all'
79.2970 	EXP 	unnamed TextStim: text = 'My thoughts were focused on an external task or activity:'
79.2970 	EXP 	unnamed TextStim: text = 'Completely'
79.2970 	EXP 	unnamed TextStim: text = 'Not at all'
79.3099 	EXP 	unnamed TextStim: text = 'My thoughts were focused on an external task or activity:'
79.3099 	EXP 	unnamed TextStim: text = 'Completely'
79.3099 	EXP 	unnamed TextStim: text = 'Not at all'
79.3245 	EXP 	unnamed TextStim: text = 'My thoughts were focused on an external task or activity:'
79.3245 	EXP 	unnamed TextStim: text = 'Completely'
79.3245 	EXP 	unnamed TextStim: text = 'Not at all'
79.3384 	EXP 	unnamed TextStim: text = 'My thoughts were focused on an external task or activity:'
79.3384 	EXP 	unnamed TextStim: text = 'Completely'
79.3384 	EXP 	unnamed TextStim: text = 'Not at all'
79.3522 	EXP 	unnamed TextStim: text = 'My thoughts were focused on an external task or activity:'
79.3522 	EXP 	unnamed TextStim: text = 'Completely'
79.3522 	EXP 	unnamed TextStim: text = 'Not at all'
79.3653 	EXP 	unnamed TextStim: text = 'My thoughts were focused on an external task or activity:'
79.3653 	EXP 	unnamed TextStim: text = 'Completely'
79.3653 	EXP 	unnamed TextStim: text = 'Not at all'
79.3794 	EXP 	unnamed TextStim: text = 'My thoughts were focused on an external task or activity:'
79.3794 	EXP 	unnamed TextStim: text = 'Completely'
79.3794 	EXP 	unnamed TextStim: text = 'Not at all'
79.3941 	EXP 	unnamed TextStim: text = 'My thoughts were focused on an external task or activity:'
79.3941 	EXP 	unnamed TextStim: text = 'Completely'
79.3941 	EXP 	unnamed TextStim: text = 'Not at all'
79.4072 	EXP 	unnamed TextStim: text = 'My thoughts were focused on an external task or activity:'
79.4072 	EXP 	unnamed TextStim: text = 'Completely'
79.4072 	EXP 	unnamed TextStim: text = 'Not at all'
79.4223 	EXP 	unnamed TextStim: text = 'My thoughts were focused on an external task or activity:'
79.4223 	EXP 	unnamed TextStim: text = 'Completely'
79.4223 	EXP 	unnamed TextStim: text = 'Not at all'
79.4349 	EXP 	unnamed TextStim: text = 'My thoughts were focused on an external task or activity:'
79.4349 	EXP 	unnamed TextStim: text = 'Completely'
79.4349 	EXP 	unnamed TextStim: text = 'Not at all'
79.4488 	EXP 	unnamed TextStim: text = 'My thoughts were focused on an external task or activity:'
79.4488 	EXP 	unnamed TextStim: text = 'Completely'
79.4488 	EXP 	unnamed TextStim: text = 'Not at all'
79.4636 	EXP 	unnamed TextStim: text = 'My thoughts were focused on an external task or activity:'
79.4636 	EXP 	unnamed TextStim: text = 'Completely'
79.4636 	EXP 	unnamed TextStim: text = 'Not at all'
79.4764 	EXP 	unnamed TextStim: text = 'My thoughts were focused on an external task or activity:'
79.4764 	EXP 	unnamed TextStim: text = 'Completely'
79.4764 	EXP 	unnamed TextStim: text = 'Not at all'
79.4906 	EXP 	unnamed TextStim: text = 'My thoughts were focused on an external task or activity:'
79.4906 	EXP 	unnamed TextStim: text = 'Completely'
79.4906 	EXP 	unnamed TextStim: text = 'Not at all'
79.5043 	EXP 	unnamed TextStim: text = 'My thoughts were focused on an external task or activity:'
79.5043 	EXP 	unnamed TextStim: text = 'Completely'
79.5043 	EXP 	unnamed TextStim: text = 'Not at all'
79.5206 	EXP 	unnamed TextStim: text = 'My thoughts were focused on an external task or activity:'
79.5206 	EXP 	unnamed TextStim: text = 'Completely'
79.5206 	EXP 	unnamed TextStim: text = 'Not at all'
79.5321 	EXP 	unnamed TextStim: text = 'My thoughts were focused on an external task or activity:'
79.5321 	EXP 	unnamed TextStim: text = 'Completely'
79.5321 	EXP 	unnamed TextStim: text = 'Not at all'
79.5461 	EXP 	unnamed TextStim: text = 'My thoughts were focused on an external task or activity:'
79.5461 	EXP 	unnamed TextStim: text = 'Completely'
79.5461 	EXP 	unnamed TextStim: text = 'Not at all'
79.5608 	EXP 	unnamed TextStim: text = 'My thoughts were focused on an external task or activity:'
79.5608 	EXP 	unnamed TextStim: text = 'Completely'
79.5608 	EXP 	unnamed TextStim: text = 'Not at all'
79.5739 	EXP 	unnamed TextStim: text = 'My thoughts were focused on an external task or activity:'
79.5739 	EXP 	unnamed TextStim: text = 'Completely'
79.5739 	EXP 	unnamed TextStim: text = 'Not at all'
79.5884 	EXP 	unnamed TextStim: text = 'My thoughts were focused on an external task or activity:'
79.5884 	EXP 	unnamed TextStim: text = 'Completely'
79.5884 	EXP 	unnamed TextStim: text = 'Not at all'
79.6016 	EXP 	unnamed TextStim: text = 'My thoughts were focused on an external task or activity:'
79.6016 	EXP 	unnamed TextStim: text = 'Completely'
79.6016 	EXP 	unnamed TextStim: text = 'Not at all'
79.6157 	EXP 	unnamed TextStim: text = 'My thoughts were focused on an external task or activity:'
79.6157 	EXP 	unnamed TextStim: text = 'Completely'
79.6157 	EXP 	unnamed TextStim: text = 'Not at all'
79.6303 	EXP 	unnamed TextStim: text = 'My thoughts were focused on an external task or activity:'
79.6303 	EXP 	unnamed TextStim: text = 'Completely'
79.6303 	EXP 	unnamed TextStim: text = 'Not at all'
79.6433 	EXP 	unnamed TextStim: text = 'My thoughts were focused on an external task or activity:'
79.6433 	EXP 	unnamed TextStim: text = 'Completely'
79.6433 	EXP 	unnamed TextStim: text = 'Not at all'
79.6580 	EXP 	unnamed TextStim: text = 'My thoughts were focused on an external task or activity:'
79.6580 	EXP 	unnamed TextStim: text = 'Completely'
79.6580 	EXP 	unnamed TextStim: text = 'Not at all'
79.6711 	EXP 	unnamed TextStim: text = 'My thoughts were focused on an external task or activity:'
79.6711 	EXP 	unnamed TextStim: text = 'Completely'
79.6711 	EXP 	unnamed TextStim: text = 'Not at all'
79.6858 	EXP 	unnamed TextStim: text = 'My thoughts were focused on an external task or activity:'
79.6858 	EXP 	unnamed TextStim: text = 'Completely'
79.6858 	EXP 	unnamed TextStim: text = 'Not at all'
79.6986 	EXP 	unnamed TextStim: text = 'My thoughts were focused on an external task or activity:'
79.6986 	EXP 	unnamed TextStim: text = 'Completely'
79.6986 	EXP 	unnamed TextStim: text = 'Not at all'
79.7126 	EXP 	unnamed TextStim: text = 'My thoughts were focused on an external task or activity:'
79.7126 	EXP 	unnamed TextStim: text = 'Completely'
79.7126 	EXP 	unnamed TextStim: text = 'Not at all'
79.7274 	EXP 	unnamed TextStim: text = 'My thoughts were focused on an external task or activity:'
79.7274 	EXP 	unnamed TextStim: text = 'Completely'
79.7274 	EXP 	unnamed TextStim: text = 'Not at all'
79.7405 	EXP 	unnamed TextStim: text = 'My thoughts were focused on an external task or activity:'
79.7405 	EXP 	unnamed TextStim: text = 'Completely'
79.7405 	EXP 	unnamed TextStim: text = 'Not at all'
79.7552 	EXP 	unnamed TextStim: text = 'My thoughts were focused on an external task or activity:'
79.7552 	EXP 	unnamed TextStim: text = 'Completely'
79.7552 	EXP 	unnamed TextStim: text = 'Not at all'
79.7683 	EXP 	unnamed TextStim: text = 'My thoughts were focused on an external task or activity:'
79.7683 	EXP 	unnamed TextStim: text = 'Completely'
79.7683 	EXP 	unnamed TextStim: text = 'Not at all'
79.7821 	EXP 	unnamed TextStim: text = 'My thoughts were focused on an external task or activity:'
79.7821 	EXP 	unnamed TextStim: text = 'Completely'
79.7821 	EXP 	unnamed TextStim: text = 'Not at all'
79.7971 	EXP 	unnamed TextStim: text = 'My thoughts were focused on an external task or activity:'
79.7971 	EXP 	unnamed TextStim: text = 'Completely'
79.7971 	EXP 	unnamed TextStim: text = 'Not at all'
79.8099 	EXP 	unnamed TextStim: text = 'My thoughts were focused on an external task or activity:'
79.8099 	EXP 	unnamed TextStim: text = 'Completely'
79.8099 	EXP 	unnamed TextStim: text = 'Not at all'
79.8245 	EXP 	unnamed TextStim: text = 'My thoughts were focused on an external task or activity:'
79.8245 	EXP 	unnamed TextStim: text = 'Completely'
79.8245 	EXP 	unnamed TextStim: text = 'Not at all'
79.8330 	DATA 	Keypress: return
79.8332 	DATA 	RatingScale unnamed RatingScale: (key response) rating=10.0
79.8333 	DATA 	RatingScale unnamed RatingScale: rating RT=1.401
79.8333 	DATA 	RatingScale unnamed RatingScale: history=[(9, 0.0), (10.0, 1.401)]
79.8378 	EXP 	unnamed TextStim: text = 'My thoughts were focused on an external task or activity:'
79.8378 	EXP 	unnamed TextStim: text = 'Completely'
79.8378 	EXP 	unnamed TextStim: text = 'Not at all'
80.8376 	EXP 	New trial (rep=0, index=1): OrderedDict([('Questions', 'My thoughts involved future events:'), ('Label', 'Future'), ('Scale_low', 'Not at all'), ('Scale_high', 'Completely')])
80.8587 	EXP 	unnamed TextStim: text = 'My thoughts involved future events:'
80.8587 	EXP 	unnamed TextStim: text = 'Completely'
80.8587 	EXP 	unnamed TextStim: text = 'Not at all'
80.8724 	EXP 	unnamed TextStim: text = 'My thoughts involved future events:'
80.8724 	EXP 	unnamed TextStim: text = 'Completely'
80.8724 	EXP 	unnamed TextStim: text = 'Not at all'
80.8872 	EXP 	unnamed TextStim: text = 'My thoughts involved future events:'
80.8872 	EXP 	unnamed TextStim: text = 'Completely'
80.8872 	EXP 	unnamed TextStim: text = 'Not at all'
80.9002 	EXP 	unnamed TextStim: text = 'My thoughts involved future events:'
80.9002 	EXP 	unnamed TextStim: text = 'Completely'
80.9002 	EXP 	unnamed TextStim: text = 'Not at all'
80.9150 	EXP 	unnamed TextStim: text = 'My thoughts involved future events:'
80.9150 	EXP 	unnamed TextStim: text = 'Completely'
80.9150 	EXP 	unnamed TextStim: text = 'Not at all'
80.9282 	EXP 	unnamed TextStim: text = 'My thoughts involved future events:'
80.9282 	EXP 	unnamed TextStim: text = 'Completely'
80.9282 	EXP 	unnamed TextStim: text = 'Not at all'
80.9426 	EXP 	unnamed TextStim: text = 'My thoughts involved future events:'
80.9426 	EXP 	unnamed TextStim: text = 'Completely'
80.9426 	EXP 	unnamed TextStim: text = 'Not at all'
80.9559 	EXP 	unnamed TextStim: text = 'My thoughts involved future events:'
80.9559 	EXP 	unnamed TextStim: text = 'Completely'
80.9559 	EXP 	unnamed TextStim: text = 'Not at all'
80.9698 	EXP 	unnamed TextStim: text = 'My thoughts involved future events:'
80.9698 	EXP 	unnamed TextStim: text = 'Completely'
80.9698 	EXP 	unnamed TextStim: text = 'Not at all'
80.9852 	EXP 	unnamed TextStim: text = 'My thoughts involved future events:'
80.9852 	EXP 	unnamed TextStim: text = 'Completely'
80.9852 	EXP 	unnamed TextStim: text = 'Not at all'
80.9973 	EXP 	unnamed TextStim: text = 'My thoughts involved future events:'
80.9973 	EXP 	unnamed TextStim: text = 'Completely'
80.9973 	EXP 	unnamed TextStim: text = 'Not at all'
81.0120 	EXP 	unnamed TextStim: text = 'My thoughts involved future events:'
81.0120 	EXP 	unnamed TextStim: text = 'Completely'
81.0120 	EXP 	unnamed TextStim: text = 'Not at all'
81.0252 	EXP 	unnamed TextStim: text = 'My thoughts involved future events:'
81.0252 	EXP 	unnamed TextStim: text = 'Completely'
81.0252 	EXP 	unnamed TextStim: text = 'Not at all'
81.0390 	EXP 	unnamed TextStim: text = 'My thoughts involved future events:'
81.0390 	EXP 	unnamed TextStim: text = 'Completely'
81.0390 	EXP 	unnamed TextStim: text = 'Not at all'
81.0541 	EXP 	unnamed TextStim: text = 'My thoughts involved future events:'
81.0541 	EXP 	unnamed TextStim: text = 'Completely'
81.0541 	EXP 	unnamed TextStim: text = 'Not at all'
81.0670 	EXP 	unnamed TextStim: text = 'My thoughts involved future events:'
81.0670 	EXP 	unnamed TextStim: text = 'Completely'
81.0670 	EXP 	unnamed TextStim: text = 'Not at all'
81.0827 	EXP 	unnamed TextStim: text = 'My thoughts involved future events:'
81.0827 	EXP 	unnamed TextStim: text = 'Completely'
81.0827 	EXP 	unnamed TextStim: text = 'Not at all'
81.0946 	EXP 	unnamed TextStim: text = 'My thoughts involved future events:'
81.0946 	EXP 	unnamed TextStim: text = 'Completely'
81.0946 	EXP 	unnamed TextStim: text = 'Not at all'
81.1093 	EXP 	unnamed TextStim: text = 'My thoughts involved future events:'
81.1093 	EXP 	unnamed TextStim: text = 'Completely'
81.1093 	EXP 	unnamed TextStim: text = 'Not at all'
81.1225 	EXP 	unnamed TextStim: text = 'My thoughts involved future events:'
81.1225 	EXP 	unnamed TextStim: text = 'Completely'
81.1225 	EXP 	unnamed TextStim: text = 'Not at all'
81.1367 	EXP 	unnamed TextStim: text = 'My thoughts involved future events:'
81.1367 	EXP 	unnamed TextStim: text = 'Completely'
81.1367 	EXP 	unnamed TextStim: text = 'Not at all'
81.1525 	EXP 	unnamed TextStim: text = 'My thoughts involved future events:'
81.1525 	EXP 	unnamed TextStim: text = 'Completely'
81.1525 	EXP 	unnamed TextStim: text = 'Not at all'
81.1642 	EXP 	unnamed TextStim: text = 'My thoughts involved future events:'
81.1642 	EXP 	unnamed TextStim: text = 'Completely'
81.1642 	EXP 	unnamed TextStim: text = 'Not at all'
81.1786 	EXP 	unnamed TextStim: text = 'My thoughts involved future events:'
81.1786 	EXP 	unnamed TextStim: text = 'Completely'
81.1786 	EXP 	unnamed TextStim: text = 'Not at all'
81.1917 	EXP 	unnamed TextStim: text = 'My thoughts involved future events:'
81.1917 	EXP 	unnamed TextStim: text = 'Completely'
81.1917 	EXP 	unnamed TextStim: text = 'Not at all'
81.2058 	EXP 	unnamed TextStim: text = 'My thoughts involved future events:'
81.2058 	EXP 	unnamed TextStim: text = 'Completely'
81.2058 	EXP 	unnamed TextStim: text = 'Not at all'
81.2207 	EXP 	unnamed TextStim: text = 'My thoughts involved future events:'
81.2207 	EXP 	unnamed TextStim: text = 'Completely'
81.2207 	EXP 	unnamed TextStim: text = 'Not at all'
81.2337 	EXP 	unnamed TextStim: text = 'My thoughts involved future events:'
81.2337 	EXP 	unnamed TextStim: text = 'Completely'
81.2337 	EXP 	unnamed TextStim: text = 'Not at all'
81.2475 	EXP 	unnamed TextStim: text = 'My thoughts involved future events:'
81.2475 	EXP 	unnamed TextStim: text = 'Completely'
81.2475 	EXP 	unnamed TextStim: text = 'Not at all'
81.2613 	EXP 	unnamed TextStim: text = 'My thoughts involved future events:'
81.2613 	EXP 	unnamed TextStim: text = 'Completely'
81.2613 	EXP 	unnamed TextStim: text = 'Not at all'
81.2759 	EXP 	unnamed TextStim: text = 'My thoughts involved future events:'
81.2759 	EXP 	unnamed TextStim: text = 'Completely'
81.2759 	EXP 	unnamed TextStim: text = 'Not at all'
81.2891 	EXP 	unnamed TextStim: text = 'My thoughts involved future events:'
81.2891 	EXP 	unnamed TextStim: text = 'Completely'
81.2891 	EXP 	unnamed TextStim: text = 'Not at all'
81.3029 	EXP 	unnamed TextStim: text = 'My thoughts involved future events:'
81.3029 	EXP 	unnamed TextStim: text = 'Completely'
81.3029 	EXP 	unnamed TextStim: text = 'Not at all'
81.3178 	EXP 	unnamed TextStim: text = 'My thoughts involved future events:'
81.3178 	EXP 	unnamed TextStim: text = 'Completely'
81.3178 	EXP 	unnamed TextStim: text = 'Not at all'
81.3308 	EXP 	unnamed TextStim: text = 'My thoughts involved future events:'
81.3308 	EXP 	unnamed TextStim: text = 'Completely'
81.3308 	EXP 	unnamed TextStim: text = 'Not at all'
81.3454 	EXP 	unnamed TextStim: text = 'My thoughts involved future events:'
81.3454 	EXP 	unnamed TextStim: text = 'Completely'
81.3454 	EXP 	unnamed TextStim: text = 'Not at all'
81.3586 	EXP 	unnamed TextStim: text = 'My thoughts involved future events:'
81.3586 	EXP 	unnamed TextStim: text = 'Completely'
81.3586 	EXP 	unnamed TextStim: text = 'Not at all'
81.3726 	EXP 	unnamed TextStim: text = 'My thoughts involved future events:'
81.3726 	EXP 	unnamed TextStim: text = 'Completely'
81.3726 	EXP 	unnamed TextStim: text = 'Not at all'
81.3875 	EXP 	unnamed TextStim: text = 'My thoughts involved future events:'
81.3875 	EXP 	unnamed TextStim: text = 'Completely'
81.3875 	EXP 	unnamed TextStim: text = 'Not at all'
81.3958 	DATA 	Keypress: return
81.3959 	DATA 	RatingScale unnamed RatingScale: (key response) rating=5.0
81.4001 	EXP 	unnamed TextStim: text = 'My thoughts involved future events:'
81.4001 	EXP 	unnamed TextStim: text = 'Completely'
81.4001 	EXP 	unnamed TextStim: text = 'Not at all'
82.4100 	EXP 	Created instruction = TextStim(__class__=<class 'psychopy.visual.text.TextStim'>, alignHoriz=method-wrapper(...), alignText='center', alignVert=method-wrapper(...), anchorHoriz='center', anchorVert='center', antialias=True, autoLog=True, bold=False, color=array([-1., -1., -1.]), colorSpace='rgb', contrast=1.0, depth=0, flipHoriz=False, flipVert=False, font='sans', fontFiles=[], height=0.1, italic=False, languageStyle='LTR', name='instruction', opacity=1.0, ori=0.0, pos=array([0., 0.]), rgb=UNKNOWN, text='default text', units='norm', win=Window(...), wrapWidth=1)
82.9357 	EXP 	window1: mouseVisible = True
