38.5882 	WARNING 	Speech-to-text recognition module not available (use command `pip install SpeechRecognition` to get it. Transcription will be unavailable.
38.6743 	WARNING 	We strongly recommend you activate the PTB sound engine in PsychoPy prefs as the preferred audio engine. Its timing is vastly superior. Your prefs are currently set to use ['sounddevice', 'PTB', 'pyo', 'pygame'] (in that order).
38.6862 	WARNING 	Monitor specification not found. Creating a temporary one...
41.9342 	EXP 	window1: mouseVisible = False
41.9899 	EXP 	Created instruction = TextStim(__class__=<class 'psychopy.visual.text.TextStim'>, alignHoriz=method-wrapper(...), alignText='center', alignVert=method-wrapper(...), anchorHoriz='center', anchorVert='center', antialias=True, autoLog=True, bold=False, color=array([-1., -1., -1.]), colorSpace='rgb', contrast=1.0, depth=0, flipHoriz=False, flipVert=False, font=list(...), fontFiles=[], height=0.08, italic=False, languageStyle='LTR', name='instruction', opacity=1.0, ori=0.0, pos=array([0., 0.]), rgb=UNKNOWN, text='default text', units='norm', win=Window(...), wrapWidth=1100)
42.0139 	DATA 	Mouse: Left button down, pos=(712,256)
42.0200 	EXP 	instruction: size = 0.8
42.0200 	EXP 	instruction: text = 'Advance to instructions...\r\n'
43.2949 	DATA 	Mouse:  Left button up, pos=(712,256)
43.5563 	EXP 	instruction: text = '\r\nWelcome to our experiment.\r\n\r\nIn it you will be asked to attend to pairs of different shapes \r\ndivided by a vertical line in the middle of the screen.\r\n\r\nYou will only be required to keep your eyes in the \r\ncentre of the screen and attend to the shapes most of the time.\r\n\r\nWhen a reaction is required, the vertical line will change colour.\r\n\r\n\r\nPress "1" to continue reading.\r\n'
31588.4197 	DATA 	Mouse: Left button down, pos=(334,178)
31588.4820 	DATA 	Mouse:  Left button up, pos=(334,178)
31589.1035 	DATA 	Keypress: return
31589.2948 	EXP 	instruction: text = '\r\nThe condition will switch between blocks.\r\nThe two types of conditions are 0-back and 1-back.\r\n\r\nIf the line is BLUE, the trial is a 0-back block.\r\nIf the line is RED, the trial is a 1-back block.\r\n\r\n\r\nPress "1" to continue reading.\r\n'
31589.3067 	DATA 	Keypress: return
31589.3616 	EXP 	instruction: text = '\r\nWhen an event occurs in a 0-back block, \r\nthe screen displays a pair of shapes and a smaller target item in the middle.\r\nYou answer according to the CURRENT screen.\r\n\r\nWhen an event occurs in a 1-back block, \r\nthe screen displays a pair of "?" and a smaller target item in the middle.\r\nYou answer according to the PREVIOUS screen.\r\n\r\nYou are using key "1" and "2" to indicate LEFT or RIGHT.\r\nYou should try to be as quick and accurate as possible.\r\n\r\n\r\nPress "1" to continue reading.\r\n'
31589.4980 	DATA 	Keypress: return
31589.5487 	EXP 	instruction: text = '\r\nWe are interested in the thoughts that you experienced \r\nduring the rest period. A list of descriptions and a rating scale \r\nwill be presented on the screen. Please use the four buttons to indicate how \r\nmuch each description reflects your experience.\r\n\r\nPress "1" to move the tick mark towards 1, indicates "not at all".\r\nPress "2" to move the tick mark towards 10, indicates "completely".\r\nPress "4" to confirm the rating.\r\n\r\nPlease note that there are no right or wrong answers.\r\nAnswer the questions as fast as possible.\r\n\r\n\r\nPress "1" to start the task.\r\n'
31589.7026 	DATA 	Keypress: return
31589.7219 	EXP 	Created unnamed TextStim = TextStim(__class__=<class 'psychopy.visual.text.TextStim'>, alignHoriz=method-wrapper(...), alignText='center', alignVert=method-wrapper(...), anchorHoriz='center', anchorVert='center', antialias=True, autoLog=True, bold=False, color=array([-1., -1., -1.]), colorSpace='rgb', contrast=1.0, depth=0, flipHoriz=False, flipVert=False, font=list(...), fontFiles=[], height=0.1, italic=False, languageStyle='LTR', name='unnamed TextStim', opacity=1.0, ori=0.0, pos=array([0., 0.]), rgb=UNKNOWN, text='+', units='norm', win=Window(...), wrapWidth=1100)
31589.7319 	EXP 	Created verticle line = Line(__class__=<class 'psychopy.visual.line.Line'>, autoDraw=False, autoLog=True, closeShape=False, color=array([-1., -1., -1.]), colorSpace='rgb', contrast=None, depth=0, fillColor=array([0, 0, 0]), fillColorSpace='rgb', fillRGB=array([0, 0, 0]), interpolate=True, lineColor=array([-1., -1., -1.]), lineColorSpace='rgb', lineRGB=array([-1, -1, -1]), lineWidth=3, name='verticle line', opacity=0.5, ori=0.0, pos=array([0., 0.]), size=array([1., 1.]), units='norm', vertices=array([[ 0.  ,  0.75],
       [ 0.  , -0.75]]), win=Window(...), windingRule=None)
31589.7359 	EXP 	Created dash line = ShapeStim(__class__=<class 'psychopy.visual.shape.ShapeStim'>, autoDraw=False, autoLog=True, closeShape=True, color=method-wrapper(...), colorSpace='rgb', contrast=None, depth=0, fillColor=array([-1, -1, -1]), fillColorSpace='rgb', fillRGB=array([-1, -1, -1]), interpolate=True, lineColor=array([0., 0., 0.]), lineColorSpace='rgb', lineRGB=array([0, 0, 0]), lineWidth=1.5, name='dash line', opacity=0.5, ori=0.0, pos=array([0. , 2.5]), size=array([1., 1.]), units='norm', vertices=ndarray(...), win=Window(...), windingRule=None)
31589.7460 	EXP 	Created stimPic-left = ImageStim(__class__=<class 'psychopy.visual.image.ImageStim'>, autoLog=True, color=array([1., 1., 1.]), colorSpace='rgb', contrast=1.0, depth=0, flipHoriz=False, flipVert=False, image=None, interpolate=False, mask=None, maskParams=None, name='stimPic-left', opacity=1, ori=0.0, pos=array([-0.5,  0. ]), size=array([0.5 , 0.75]), texRes=128, units='norm', win=Window(...))
31589.7484 	EXP 	Created stimPic-right = ImageStim(__class__=<class 'psychopy.visual.image.ImageStim'>, autoLog=True, color=array([1., 1., 1.]), colorSpace='rgb', contrast=1.0, depth=0, flipHoriz=False, flipVert=False, image=None, interpolate=False, mask=None, maskParams=None, name='stimPic-right', opacity=1, ori=0.0, pos=array([0.5, 0. ]), size=array([0.5 , 0.75]), texRes=128, units='norm', win=Window(...))
31589.7509 	EXP 	Created stimPic-middle = ImageStim(__class__=<class 'psychopy.visual.image.ImageStim'>, autoLog=True, color=array([1., 1., 1.]), colorSpace='rgb', contrast=1.0, depth=0, flipHoriz=False, flipVert=False, image=None, interpolate=False, mask=None, maskParams=None, name='stimPic-middle', opacity=1, ori=0.0, pos=array([0., 0.]), size=array([0.25, 0.4 ]), texRes=128, units='norm', win=Window(...))
31589.7596 	EXP 	Created unnamed TextStim = TextStim(__class__=<class 'psychopy.visual.text.TextStim'>, alignHoriz=method-wrapper(...), alignText='center', alignVert=method-wrapper(...), anchorHoriz='center', anchorVert='center', antialias=True, autoLog=True, bold=False, color=array([-1., -1., -1.]), colorSpace='rgb', contrast=1.0, depth=0, flipHoriz=False, flipVert=False, font='', fontFiles=[], height=0.1, italic=False, languageStyle='LTR', name='unnamed TextStim', opacity=1.0, ori=0.0, pos=array([-0.5,  0. ]), rgb=UNKNOWN, text='?', units='norm', win=Window(...), wrapWidth=500)
31589.7641 	EXP 	Created unnamed TextStim = TextStim(__class__=<class 'psychopy.visual.text.TextStim'>, alignHoriz=method-wrapper(...), alignText='center', alignVert=method-wrapper(...), anchorHoriz='center', anchorVert='center', antialias=True, autoLog=True, bold=False, color=array([-1., -1., -1.]), colorSpace='rgb', contrast=1.0, depth=0, flipHoriz=False, flipVert=False, font='', fontFiles=[], height=0.1, italic=False, languageStyle='LTR', name='unnamed TextStim', opacity=1.0, ori=0.0, pos=array([0.5, 0. ]), rgb=UNKNOWN, text='?', units='norm', win=Window(...), wrapWidth=500)
31589.7684 	EXP 	Created unnamed TextStim = TextStim(__class__=<class 'psychopy.visual.text.TextStim'>, alignHoriz=method-wrapper(...), alignText='center', alignVert=method-wrapper(...), anchorHoriz='center', anchorVert='center', antialias=True, autoLog=True, bold=False, color=array([1., 1., 1.]), colorSpace='rgb', contrast=1.0, depth=0, flipHoriz=False, flipVert=False, font='', fontFiles=[], height=0.1, italic=False, languageStyle='LTR', name='unnamed TextStim', opacity=1.0, ori=0.0, pos=array([0., 0.]), rgb=UNKNOWN, text='?', units='norm', win=Window(...), wrapWidth=200)
31589.7796 	EXP 	Created unnamed TextStim = TextStim(__class__=<class 'psychopy.visual.text.TextStim'>, alignHoriz=method-wrapper(...), alignText='center', alignVert=method-wrapper(...), anchorHoriz='center', anchorVert='center', antialias=True, autoLog=True, bold=False, color=array([-1., -1., -1.]), colorSpace='rgb', contrast=1.0, depth=0, flipHoriz=False, flipVert=False, font=list(...), fontFiles=[], height=0.1, italic=False, languageStyle='LTR', name='unnamed TextStim', opacity=1.0, ori=0.0, pos=array([0., 0.]), rgb=UNKNOWN, text='Switch', units='norm', win=Window(...), wrapWidth=1100)
31589.8041 	EXP 	Created unnamed TextStim = TextStim(__class__=<class 'psychopy.visual.text.TextStim'>, alignHoriz=method-wrapper(...), alignText='center', alignVert=method-wrapper(...), anchorHoriz='center', anchorVert='center', antialias=True, autoLog=True, bold=False, color=array([-1., -1., -1.]), colorSpace='rgb', contrast=1.0, depth=0, flipHoriz=False, flipVert=False, font='', fontFiles=[], height=0.1, italic=False, languageStyle='LTR', name='unnamed TextStim', opacity=1.0, ori=0.0, pos=array([0., 0.]), rgb=UNKNOWN, text=str(...), units='norm', win=Window(...), wrapWidth=1100)
31591.8204 	EXP 	stimPic-left: image = 'c:\\Users\\Ian\\Documents\\GitHub\\THINCLabTestRepo\\TaskFiles\\taskScripts//resources//ZeroBack_Task//stimuli//square.png'
31591.8204 	EXP 	stimPic-right: image = 'c:\\Users\\Ian\\Documents\\GitHub\\THINCLabTestRepo\\TaskFiles\\taskScripts//resources//ZeroBack_Task//stimuli//triangle.png'
31594.8926 	EXP 	stimPic-left: image = 'c:\\Users\\Ian\\Documents\\GitHub\\THINCLabTestRepo\\TaskFiles\\taskScripts//resources//ZeroBack_Task//stimuli//triangle.png'
31594.8926 	EXP 	stimPic-right: image = 'c:\\Users\\Ian\\Documents\\GitHub\\THINCLabTestRepo\\TaskFiles\\taskScripts//resources//ZeroBack_Task//stimuli//square.png'
31758.9034 	DATA 	Mouse: Left button down, pos=(606,298)
31758.9633 	DATA 	Mouse:  Left button up, pos=(606,298)
31759.6445 	DATA 	Keypress: return
31759.6659 	EXP 	window1: mouseVisible = True
