65.1702 	WARNING 	Speech-to-text recognition module not available (use command `pip install SpeechRecognition` to get it. Transcription will be unavailable.
65.1969 	WARNING 	We strongly recommend you activate the PTB sound engine in PsychoPy prefs as the preferred audio engine. Its timing is vastly superior. Your prefs are currently set to use ['sounddevice', 'PTB', 'pyo', 'pygame'] (in that order).
65.2045 	WARNING 	Monitor specification not found. Creating a temporary one...
74.6257 	EXP 	window1: recordFrameIntervals = False
74.7971 	EXP 	window1: recordFrameIntervals = True
74.9786 	EXP 	window1: recordFrameIntervals = False
75.1963 	EXP 	Created memoryPrompt = TextStim(__class__=<class 'psychopy.visual.text.TextStim'>, alignHoriz=method-wrapper(...), alignText='center', alignVert=method-wrapper(...), anchorHoriz='center', anchorVert='center', antialias=True, autoLog=True, bold=False, color=array([-1., -1., -1.]), colorSpace='rgb', contrast=1.0, depth=0.0, flipHoriz=False, flipVert=False, font='Open Sans', fontFiles=[], height=0.1, italic=False, languageStyle='LTR', name='memoryPrompt', opacity=1, ori=0.0, pos=array([0., 0.]), rgb=UNKNOWN, text='', units='norm', win=Window(...), wrapWidth=1)
75.2553 	EXP 	Created text = TextStim(__class__=<class 'psychopy.visual.text.TextStim'>, alignHoriz=method-wrapper(...), alignText='center', alignVert=method-wrapper(...), anchorHoriz='center', anchorVert='center', antialias=True, autoLog=True, bold=False, color=array([-1., -1., -1.]), colorSpace='rgb', contrast=1.0, depth=0.0, flipHoriz=False, flipVert=False, font='Open Sans', fontFiles=[], height=0.1, italic=False, languageStyle='LTR', name='text', opacity=1, ori=0.0, pos=array([0., 0.]), rgb=UNKNOWN, text='+', units='norm', win=Window(...), wrapWidth=1)
75.2565 	EXP 	Created sequence: random, trialTypes=1, nReps=2, seed=None
75.2573 	EXP 	New trial (rep=0, index=0): None
75.3116 	EXP 	memoryPrompt: text = 'Prompt One'
75.3116 	EXP 	memoryPrompt: autoDraw = True
80.2782 	EXP 	memoryPrompt: autoDraw = False
80.2782 	EXP 	memoryPrompt: autoDraw = False
80.2782 	EXP 	text: autoDraw = True
85.2643 	EXP 	New trial (rep=1, index=0): None
85.2938 	EXP 	text: autoDraw = False
85.2938 	EXP 	text: autoDraw = False
85.2938 	EXP 	memoryPrompt: text = 'Last week'
85.2938 	EXP 	memoryPrompt: autoDraw = True
90.2777 	EXP 	memoryPrompt: autoDraw = False
90.2777 	EXP 	memoryPrompt: autoDraw = False
90.2777 	EXP 	text: autoDraw = True
95.2774 	EXP 	text: autoDraw = False
95.2774 	EXP 	text: autoDraw = False
