37.5941 	WARNING 	Speech-to-text recognition module not available (use command `pip install SpeechRecognition` to get it. Transcription will be unavailable.
37.6648 	WARNING 	We strongly recommend you activate the PTB sound engine in PsychoPy prefs as the preferred audio engine. Its timing is vastly superior. Your prefs are currently set to use ['sounddevice', 'PTB', 'pyo', 'pygame'] (in that order).
37.6692 	WARNING 	Monitor specification not found. Creating a temporary one...
39.5239 	EXP 	window1: recordFrameIntervals = False
39.6826 	EXP 	window1: recordFrameIntervals = True
39.7250 	WARNING 	t of last frame was 8.54ms (=1/117)
39.7590 	EXP 	window1: recordFrameIntervals = False
40.1095 	EXP 	Created memoryPrompt = TextStim(__class__=<class 'psychopy.visual.text.TextStim'>, alignHoriz=method-wrapper(...), alignText='center', alignVert=method-wrapper(...), anchorHoriz='center', anchorVert='center', antialias=True, autoLog=True, bold=False, color=array([-1., -1., -1.]), colorSpace='rgb', contrast=1.0, depth=0.0, flipHoriz=False, flipVert=False, font='Open Sans', fontFiles=[], height=0.1, italic=False, languageStyle='LTR', name='memoryPrompt', opacity=1, ori=0.0, pos=array([0., 0.]), rgb=UNKNOWN, text='', units='norm', win=Window(...), wrapWidth=1)
40.1333 	EXP 	Created text = TextStim(__class__=<class 'psychopy.visual.text.TextStim'>, alignHoriz=method-wrapper(...), alignText='center', alignVert=method-wrapper(...), anchorHoriz='center', anchorVert='center', antialias=True, autoLog=True, bold=False, color=array([-1., -1., -1.]), colorSpace='rgb', contrast=1.0, depth=0.0, flipHoriz=False, flipVert=False, font='Open Sans', fontFiles=[], height=0.1, italic=False, languageStyle='LTR', name='text', opacity=1, ori=0.0, pos=array([0., 0.]), rgb=UNKNOWN, text='', units='norm', win=Window(...), wrapWidth=1)
40.1340 	EXP 	Created sequence: random, trialTypes=1, nReps=2, seed=None
40.1344 	EXP 	New trial (rep=0, index=0): None
40.2734 	EXP 	memoryPrompt: text = 'Prompt One'
40.2734 	EXP 	memoryPrompt: autoDraw = True
44.1530 	EXP 	memoryPrompt: autoDraw = False
44.1530 	EXP 	memoryPrompt: autoDraw = False
44.1530 	EXP 	text: autoDraw = True
48.1507 	EXP 	New trial (rep=1, index=0): None
48.1603 	EXP 	text: autoDraw = False
48.1603 	EXP 	text: autoDraw = False
48.1603 	EXP 	memoryPrompt: text = 'a a'
48.1603 	EXP 	memoryPrompt: autoDraw = True
52.1533 	EXP 	memoryPrompt: autoDraw = False
52.1533 	EXP 	memoryPrompt: autoDraw = False
52.1533 	EXP 	text: autoDraw = True
56.1548 	EXP 	text: autoDraw = False
56.1548 	EXP 	text: autoDraw = False
