70.4297 	WARNING 	Speech-to-text recognition module not available (use command `pip install SpeechRecognition` to get it. Transcription will be unavailable.
70.4595 	WARNING 	We strongly recommend you activate the PTB sound engine in PsychoPy prefs as the preferred audio engine. Its timing is vastly superior. Your prefs are currently set to use ['sounddevice', 'PTB', 'pyo', 'pygame'] (in that order).
70.4680 	WARNING 	Monitor specification not found. Creating a temporary one...
72.4197 	EXP 	window1: recordFrameIntervals = False
72.5875 	EXP 	window1: recordFrameIntervals = True
72.7681 	EXP 	window1: recordFrameIntervals = False
73.1062 	EXP 	Created memoryPrompt = TextStim(__class__=<class 'psychopy.visual.text.TextStim'>, alignHoriz=method-wrapper(...), alignText='center', alignVert=method-wrapper(...), anchorHoriz='center', anchorVert='center', antialias=True, autoLog=True, bold=False, color=array([-1., -1., -1.]), colorSpace='rgb', contrast=1.0, depth=0.0, flipHoriz=False, flipVert=False, font='Open Sans', fontFiles=[], height=0.1, italic=False, languageStyle='LTR', name='memoryPrompt', opacity=1, ori=0.0, pos=array([0., 0.]), rgb=UNKNOWN, text='', units='norm', win=Window(...), wrapWidth=1)
73.1600 	EXP 	Created text = TextStim(__class__=<class 'psychopy.visual.text.TextStim'>, alignHoriz=method-wrapper(...), alignText='center', alignVert=method-wrapper(...), anchorHoriz='center', anchorVert='center', antialias=True, autoLog=True, bold=False, color=array([-1., -1., -1.]), colorSpace='rgb', contrast=1.0, depth=0.0, flipHoriz=False, flipVert=False, font='Open Sans', fontFiles=[], height=0.1, italic=False, languageStyle='LTR', name='text', opacity=1, ori=0.0, pos=array([0., 0.]), rgb=UNKNOWN, text='', units='norm', win=Window(...), wrapWidth=1)
73.1617 	EXP 	Created sequence: random, trialTypes=1, nReps=2, seed=None
73.1628 	EXP 	New trial (rep=0, index=0): None
73.2841 	EXP 	memoryPrompt: text = 'Prompt One'
73.2841 	EXP 	memoryPrompt: autoDraw = True
78.2009 	EXP 	memoryPrompt: autoDraw = False
78.2009 	EXP 	memoryPrompt: autoDraw = False
78.2009 	EXP 	text: autoDraw = True
83.1874 	EXP 	New trial (rep=1, index=0): None
83.2166 	EXP 	text: autoDraw = False
83.2166 	EXP 	text: autoDraw = False
83.2166 	EXP 	memoryPrompt: text = 'a a'
83.2166 	EXP 	memoryPrompt: autoDraw = True
87.2004 	EXP 	memoryPrompt: autoDraw = False
87.2004 	EXP 	memoryPrompt: autoDraw = False
87.2004 	EXP 	text: autoDraw = True
91.2017 	EXP 	text: autoDraw = False
91.2017 	EXP 	text: autoDraw = False
