38.1510 	WARNING 	Speech-to-text recognition module not available (use command `pip install SpeechRecognition` to get it. Transcription will be unavailable.
38.2148 	WARNING 	We strongly recommend you activate the PTB sound engine in PsychoPy prefs as the preferred audio engine. Its timing is vastly superior. Your prefs are currently set to use ['sounddevice', 'PTB', 'pyo', 'pygame'] (in that order).
38.2183 	WARNING 	Monitor specification not found. Creating a temporary one...
1222.2841 	EXP 	window1: recordFrameIntervals = False
1222.4443 	EXP 	window1: recordFrameIntervals = True
1222.5196 	EXP 	window1: recordFrameIntervals = False
1222.8680 	EXP 	Created memoryPrompt = TextStim(__class__=<class 'psychopy.visual.text.TextStim'>, alignHoriz=method-wrapper(...), alignText='center', alignVert=method-wrapper(...), anchorHoriz='center', anchorVert='center', antialias=True, autoLog=True, bold=False, color=array([-1., -1., -1.]), colorSpace='rgb', contrast=1.0, depth=0.0, flipHoriz=False, flipVert=False, font='Open Sans', fontFiles=[], height=0.1, italic=False, languageStyle='LTR', name='memoryPrompt', opacity=1, ori=0.0, pos=array([0., 0.]), rgb=UNKNOWN, text='', units='norm', win=Window(...), wrapWidth=1)
1222.8879 	EXP 	Created text = TextStim(__class__=<class 'psychopy.visual.text.TextStim'>, alignHoriz=method-wrapper(...), alignText='center', alignVert=method-wrapper(...), anchorHoriz='center', anchorVert='center', antialias=True, autoLog=True, bold=False, color=array([-1., -1., -1.]), colorSpace='rgb', contrast=1.0, depth=0.0, flipHoriz=False, flipVert=False, font='Open Sans', fontFiles=[], height=0.1, italic=False, languageStyle='LTR', name='text', opacity=1, ori=0.0, pos=array([0., 0.]), rgb=UNKNOWN, text='', units='norm', win=Window(...), wrapWidth=1)
1222.8886 	EXP 	Created sequence: random, trialTypes=1, nReps=2, seed=None
1222.8890 	EXP 	New trial (rep=0, index=0): None
1222.9351 	EXP 	memoryPrompt: text = 'Prompt One'
1222.9351 	EXP 	memoryPrompt: autoDraw = True
1227.9163 	EXP 	memoryPrompt: autoDraw = False
1227.9163 	EXP 	memoryPrompt: autoDraw = False
1227.9163 	EXP 	text: autoDraw = True
1229.5403 	DATA 	Mouse: Left button down, pos=(331,611)
1229.6276 	DATA 	Mouse:  Left button up, pos=(331,610)
1232.9177 	EXP 	New trial (rep=1, index=0): None
1232.9279 	EXP 	text: autoDraw = False
1232.9279 	EXP 	text: autoDraw = False
1232.9279 	EXP 	memoryPrompt: text = 'a a'
1232.9279 	EXP 	memoryPrompt: autoDraw = True
1236.9215 	EXP 	memoryPrompt: autoDraw = False
1236.9215 	EXP 	memoryPrompt: autoDraw = False
1236.9215 	EXP 	text: autoDraw = True
1238.7112 	DATA 	Mouse: Left button down, pos=(770,514)
1238.7872 	DATA 	Mouse:  Left button up, pos=(770,514)
1239.0438 	DATA 	Mouse: Left button down, pos=(770,514)
1239.1411 	DATA 	Mouse:  Left button up, pos=(770,514)
1240.9226 	EXP 	text: autoDraw = False
1240.9226 	EXP 	text: autoDraw = False
