65.7211 	WARNING 	Speech-to-text recognition module not available (use command `pip install SpeechRecognition` to get it. Transcription will be unavailable.
65.7480 	WARNING 	We strongly recommend you activate the PTB sound engine in PsychoPy prefs as the preferred audio engine. Its timing is vastly superior. Your prefs are currently set to use ['sounddevice', 'PTB', 'pyo', 'pygame'] (in that order).
65.7553 	WARNING 	Monitor specification not found. Creating a temporary one...
76.9184 	EXP 	window1: recordFrameIntervals = False
77.0888 	EXP 	window1: recordFrameIntervals = True
77.2703 	EXP 	window1: recordFrameIntervals = False
77.4703 	EXP 	Created memoryPrompt = TextStim(__class__=<class 'psychopy.visual.text.TextStim'>, alignHoriz=method-wrapper(...), alignText='center', alignVert=method-wrapper(...), anchorHoriz='center', anchorVert='center', antialias=True, autoLog=True, bold=False, color=array([-1., -1., -1.]), colorSpace='rgb', contrast=1.0, depth=0.0, flipHoriz=False, flipVert=False, font='Open Sans', fontFiles=[], height=0.1, italic=False, languageStyle='LTR', name='memoryPrompt', opacity=1, ori=0.0, pos=array([0., 0.]), rgb=UNKNOWN, text='', units='norm', win=Window(...), wrapWidth=1)
77.5203 	EXP 	Created text = TextStim(__class__=<class 'psychopy.visual.text.TextStim'>, alignHoriz=method-wrapper(...), alignText='center', alignVert=method-wrapper(...), anchorHoriz='center', anchorVert='center', antialias=True, autoLog=True, bold=False, color=array([-1., -1., -1.]), colorSpace='rgb', contrast=1.0, depth=0.0, flipHoriz=False, flipVert=False, font='Open Sans', fontFiles=[], height=0.1, italic=False, languageStyle='LTR', name='text', opacity=1, ori=0.0, pos=array([0., 0.]), rgb=UNKNOWN, text='+', units='norm', win=Window(...), wrapWidth=1)
77.5215 	EXP 	Created sequence: random, trialTypes=1, nReps=2, seed=None
77.5222 	EXP 	New trial (rep=0, index=0): None
77.5865 	EXP 	memoryPrompt: text = 'Prompt One'
77.5865 	EXP 	memoryPrompt: autoDraw = True
82.5365 	EXP 	memoryPrompt: autoDraw = False
82.5365 	EXP 	memoryPrompt: autoDraw = False
82.5365 	EXP 	text: autoDraw = True
87.5227 	EXP 	New trial (rep=1, index=0): None
87.5522 	EXP 	text: autoDraw = False
87.5522 	EXP 	text: autoDraw = False
87.5522 	EXP 	memoryPrompt: text = 'Last week'
87.5522 	EXP 	memoryPrompt: autoDraw = True
92.5360 	EXP 	memoryPrompt: autoDraw = False
92.5360 	EXP 	memoryPrompt: autoDraw = False
92.5360 	EXP 	text: autoDraw = True
97.5358 	EXP 	text: autoDraw = False
97.5358 	EXP 	text: autoDraw = False
