37.5210 	WARNING 	Speech-to-text recognition module not available (use command `pip install SpeechRecognition` to get it. Transcription will be unavailable.
37.5962 	WARNING 	We strongly recommend you activate the PTB sound engine in PsychoPy prefs as the preferred audio engine. Its timing is vastly superior. Your prefs are currently set to use ['sounddevice', 'PTB', 'pyo', 'pygame'] (in that order).
37.6077 	WARNING 	Monitor specification not found. Creating a temporary one...
40.4432 	EXP 	window1: recordFrameIntervals = False
40.6126 	EXP 	window1: recordFrameIntervals = True
40.6246 	WARNING 	t of last frame was 8.91ms (=1/112)
40.6929 	EXP 	window1: recordFrameIntervals = False
41.0561 	EXP 	Created memoryPrompt = TextStim(__class__=<class 'psychopy.visual.text.TextStim'>, alignHoriz=method-wrapper(...), alignText='center', alignVert=method-wrapper(...), anchorHoriz='center', anchorVert='center', antialias=True, autoLog=True, bold=False, color=array([-1., -1., -1.]), colorSpace='rgb', contrast=1.0, depth=0.0, flipHoriz=False, flipVert=False, font='Open Sans', fontFiles=[], height=0.1, italic=False, languageStyle='LTR', name='memoryPrompt', opacity=1, ori=0.0, pos=array([0., 0.]), rgb=UNKNOWN, text='', units='norm', win=Window(...), wrapWidth=1)
41.0858 	EXP 	Created text = TextStim(__class__=<class 'psychopy.visual.text.TextStim'>, alignHoriz=method-wrapper(...), alignText='center', alignVert=method-wrapper(...), anchorHoriz='center', anchorVert='center', antialias=True, autoLog=True, bold=False, color=array([-1., -1., -1.]), colorSpace='rgb', contrast=1.0, depth=0.0, flipHoriz=False, flipVert=False, font='Open Sans', fontFiles=[], height=0.1, italic=False, languageStyle='LTR', name='text', opacity=1, ori=0.0, pos=array([0., 0.]), rgb=UNKNOWN, text='+', units='norm', win=Window(...), wrapWidth=1)
41.0864 	EXP 	Created sequence: random, trialTypes=1, nReps=2, seed=None
41.0868 	EXP 	New trial (rep=0, index=0): None
41.2200 	EXP 	memoryPrompt: text = 'Prompt One'
41.2200 	EXP 	memoryPrompt: autoDraw = True
45.1007 	EXP 	memoryPrompt: autoDraw = False
45.1007 	EXP 	memoryPrompt: autoDraw = False
45.1007 	EXP 	text: autoDraw = True
49.1001 	EXP 	New trial (rep=1, index=0): None
49.1191 	EXP 	text: autoDraw = False
49.1191 	EXP 	text: autoDraw = False
49.1191 	EXP 	memoryPrompt: text = 'Last week'
49.1191 	EXP 	memoryPrompt: autoDraw = True
54.1090 	EXP 	memoryPrompt: autoDraw = False
54.1090 	EXP 	memoryPrompt: autoDraw = False
54.1090 	EXP 	text: autoDraw = True
58.0007 	DATA 	Mouse: Left button down, pos=(1266,608)
58.1564 	DATA 	Mouse:  Left button up, pos=(1266,608)
59.1089 	EXP 	text: autoDraw = False
59.1089 	EXP 	text: autoDraw = False
