3.0112 	WARNING 	Speech-to-text recognition module not available (use command `pip install SpeechRecognition` to get it. Transcription will be unavailable.
3.0329 	WARNING 	We strongly recommend you activate the PTB sound engine in PsychoPy prefs as the preferred audio engine. Its timing is vastly superior. Your prefs are currently set to use ['sounddevice', 'PTB', 'pyo', 'pygame'] (in that order).
3.0485 	WARNING 	Monitor specification not found. Creating a temporary one...
19.9164 	EXP 	window1: recordFrameIntervals = False
20.0955 	EXP 	window1: recordFrameIntervals = True
20.2767 	EXP 	window1: recordFrameIntervals = False
20.4260 	EXP 	Created memoryPrompt = TextStim(__class__=<class 'psychopy.visual.text.TextStim'>, alignHoriz=method-wrapper(...), alignText='center', alignVert=method-wrapper(...), anchorHoriz='center', anchorVert='center', antialias=True, autoLog=True, bold=False, color=array([-1., -1., -1.]), colorSpace='rgb', contrast=1.0, depth=0.0, flipHoriz=False, flipVert=False, font='Open Sans', fontFiles=[], height=0.1, italic=False, languageStyle='LTR', name='memoryPrompt', opacity=1, ori=0.0, pos=array([0., 0.]), rgb=UNKNOWN, text='', units='norm', win=Window(...), wrapWidth=1)
20.4585 	EXP 	Created text = TextStim(__class__=<class 'psychopy.visual.text.TextStim'>, alignHoriz=method-wrapper(...), alignText='center', alignVert=method-wrapper(...), anchorHoriz='center', anchorVert='center', antialias=True, autoLog=True, bold=False, color=array([-1., -1., -1.]), colorSpace='rgb', contrast=1.0, depth=0.0, flipHoriz=False, flipVert=False, font='Open Sans', fontFiles=[], height=0.1, italic=False, languageStyle='LTR', name='text', opacity=1, ori=0.0, pos=array([0., 0.]), rgb=UNKNOWN, text='+', units='norm', win=Window(...), wrapWidth=1)
20.4590 	EXP 	Created sequence: random, trialTypes=1, nReps=2, seed=None
20.4593 	EXP 	New trial (rep=0, index=0): None
20.5100 	EXP 	memoryPrompt: text = 'Prompt One'
20.5100 	EXP 	memoryPrompt: autoDraw = True
25.4762 	EXP 	memoryPrompt: autoDraw = False
25.4762 	EXP 	memoryPrompt: autoDraw = False
25.4762 	EXP 	text: autoDraw = True
30.4624 	EXP 	New trial (rep=1, index=0): None
30.4921 	EXP 	text: autoDraw = False
30.4921 	EXP 	text: autoDraw = False
30.4921 	EXP 	memoryPrompt: text = 'Last week'
30.4921 	EXP 	memoryPrompt: autoDraw = True
35.4758 	EXP 	memoryPrompt: autoDraw = False
35.4758 	EXP 	memoryPrompt: autoDraw = False
35.4758 	EXP 	text: autoDraw = True
40.4757 	EXP 	text: autoDraw = False
40.4757 	EXP 	text: autoDraw = False
