3.2218 	WARNING 	Speech-to-text recognition module not available (use command `pip install SpeechRecognition` to get it. Transcription will be unavailable.
3.2460 	WARNING 	We strongly recommend you activate the PTB sound engine in PsychoPy prefs as the preferred audio engine. Its timing is vastly superior. Your prefs are currently set to use ['sounddevice', 'PTB', 'pyo', 'pygame'] (in that order).
3.2514 	WARNING 	Monitor specification not found. Creating a temporary one...
9.9516 	EXP 	window1: recordFrameIntervals = False
10.1293 	EXP 	window1: recordFrameIntervals = True
10.3100 	EXP 	window1: recordFrameIntervals = False
10.4818 	EXP 	Created memoryPrompt = TextStim(__class__=<class 'psychopy.visual.text.TextStim'>, alignHoriz=method-wrapper(...), alignText='center', alignVert=method-wrapper(...), anchorHoriz='center', anchorVert='center', antialias=True, autoLog=True, bold=False, color=array([-1., -1., -1.]), colorSpace='rgb', contrast=1.0, depth=0.0, flipHoriz=False, flipVert=False, font='Open Sans', fontFiles=[], height=0.1, italic=False, languageStyle='LTR', name='memoryPrompt', opacity=1, ori=0.0, pos=array([0., 0.]), rgb=UNKNOWN, text='', units='norm', win=Window(...), wrapWidth=1)
10.5109 	EXP 	Created text = TextStim(__class__=<class 'psychopy.visual.text.TextStim'>, alignHoriz=method-wrapper(...), alignText='center', alignVert=method-wrapper(...), anchorHoriz='center', anchorVert='center', antialias=True, autoLog=True, bold=False, color=array([-1., -1., -1.]), colorSpace='rgb', contrast=1.0, depth=0.0, flipHoriz=False, flipVert=False, font='Open Sans', fontFiles=[], height=0.1, italic=False, languageStyle='LTR', name='text', opacity=1, ori=0.0, pos=array([0., 0.]), rgb=UNKNOWN, text='', units='norm', win=Window(...), wrapWidth=1)
10.5114 	EXP 	Created sequence: random, trialTypes=1, nReps=2, seed=None
10.5117 	EXP 	New trial (rep=0, index=0): None
10.5595 	EXP 	memoryPrompt: text = 'Prompt One'
10.5595 	EXP 	memoryPrompt: autoDraw = True
14.5264 	EXP 	memoryPrompt: autoDraw = False
14.5264 	EXP 	memoryPrompt: autoDraw = False
14.5264 	EXP 	text: autoDraw = True
18.5116 	EXP 	New trial (rep=1, index=0): None
18.5420 	EXP 	text: autoDraw = False
18.5420 	EXP 	text: autoDraw = False
18.5420 	EXP 	memoryPrompt: text = 'Last week'
18.5420 	EXP 	memoryPrompt: autoDraw = True
22.5260 	EXP 	memoryPrompt: autoDraw = False
22.5260 	EXP 	memoryPrompt: autoDraw = False
22.5260 	EXP 	text: autoDraw = True
26.5258 	EXP 	text: autoDraw = False
26.5258 	EXP 	text: autoDraw = False
26.5636 	EXP 	Created instruction = TextStim(__class__=<class 'psychopy.visual.text.TextStim'>, alignHoriz=method-wrapper(...), alignText='center', alignVert=method-wrapper(...), anchorHoriz='center', anchorVert='center', antialias=True, autoLog=True, bold=False, color=array([-1., -1., -1.]), colorSpace='rgb', contrast=1.0, depth=0, flipHoriz=False, flipVert=False, font='sans', fontFiles=[], height=0.1, italic=False, languageStyle='LTR', name='instruction', opacity=1.0, ori=0.0, pos=array([0., 0.]), rgb=UNKNOWN, text='default text', units='norm', win=Window(...), wrapWidth=1)
26.6086 	EXP 	instruction: text = '\nPlease answer the questions honestly.\n\nA list of descriptions and a rating scale ranging from 1 to 10 will be presented on the screen.\n\nPlease use the left and right arrow keys to select your answer, and the enter button to confirm.\n'
32.0925 	DATA 	Keypress: return
32.1382 	EXP 	Imported ./parameters/fixedQuestions.csv as conditions, 14 conditions, 4 params
32.1387 	EXP 	Created sequence: sequential, trialTypes=14, nReps=1, seed=None
32.3003 	EXP 	Imported ./parameters/questions.csv as conditions, 2 conditions, 4 params
32.3008 	EXP 	Created sequence: random, trialTypes=2, nReps=1, seed=None
32.3079 	WARNING 	RatingScale unnamed RatingScale: len(labels) not equal to len(tickMarks)
32.3080 	EXP 	window1: mouseVisible = True
32.3524 	EXP 	Created unnamed RatingScale = RatingScale(__class__=type(...), acceptKeys=['return'], acceptPreText=UNKNOWN, acceptSize=UNKNOWN, acceptText='accept?', autoLog=True, choices=False, colorSpace='rgb', depth=0, disappear=False, flipVert=False, high=10, kwargs=UNKNOWN, labels=list(...), leftKeys=['left'], lineColor='black', low=1, marker=ShapeStim(...), markerColor='black', markerExpansion=UNKNOWN, markerStart=4.5, maxTime=0.0, minTime=0.4, mouseOnly=False, name='unnamed RatingScale', noMouse=False, pos=[0.0, -0.4], precision=10, respKeys=[], rightKeys=['right'], scale=False, self=UNKNOWN, showAccept=True, showValue=True, singleClick=False, size=0.6, skipKeys=['tab'], stretch=1.0, textColor='black', textFont='Helvetica Bold', textSize=0.12, tickHeight=1.0, tickMarks=9.0, win=Window(...))
32.3555 	EXP 	Created unnamed TextStim = TextStim(__class__=<class 'psychopy.visual.text.TextStim'>, alignHoriz=method-wrapper(...), alignText='center', alignVert=method-wrapper(...), anchorHoriz='center', anchorVert='top', antialias=True, autoLog=True, bold=False, color=array([-1., -1., -1.]), colorSpace='rgb', contrast=1.0, depth=0, flipHoriz=False, flipVert=False, font='', fontFiles=[], height=0.1, italic=False, languageStyle='LTR', name='unnamed TextStim', opacity=1.0, ori=0.0, pos=array([0., 0.]), rgb=UNKNOWN, text='', units='norm', win=Window(...), wrapWidth=1)
32.3577 	EXP 	Created unnamed TextStim = TextStim(__class__=<class 'psychopy.visual.text.TextStim'>, alignHoriz=method-wrapper(...), alignText='center', alignVert=method-wrapper(...), anchorHoriz='center', anchorVert='center', antialias=True, autoLog=True, bold=False, color=array([-1., -1., -1.]), colorSpace='rgb', contrast=1.0, depth=0, flipHoriz=False, flipVert=False, font='', fontFiles=[], height=0.1, italic=False, languageStyle='LTR', name='unnamed TextStim', opacity=1.0, ori=0.0, pos=array([ 0.5, -0.5]), rgb=UNKNOWN, text='', units='norm', win=Window(...), wrapWidth=1)
32.3607 	EXP 	Created unnamed TextStim = TextStim(__class__=<class 'psychopy.visual.text.TextStim'>, alignHoriz=method-wrapper(...), alignText='center', alignVert=method-wrapper(...), anchorHoriz='center', anchorVert='center', antialias=True, autoLog=True, bold=False, color=array([-1., -1., -1.]), colorSpace='rgb', contrast=1.0, depth=0, flipHoriz=False, flipVert=False, font='', fontFiles=[], height=0.1, italic=False, languageStyle='LTR', name='unnamed TextStim', opacity=1.0, ori=0.0, pos=array([-0.5, -0.5]), rgb=UNKNOWN, text='', units='norm', win=Window(...), wrapWidth=1)
32.3611 	EXP 	New trial (rep=0, index=0): OrderedDict([('Questions', 'My thoughts were focused on an external task or activity:'), ('Label', 'Focus'), ('Scale_low', 'Not at all'), ('Scale_high', 'Completely')])
32.4381 	EXP 	unnamed RatingScale: flipVert = False
32.4381 	EXP 	unnamed RatingScale: autoLog = True
32.4381 	EXP 	unnamed TextStim: text = 'My thoughts were focused on an external task or activity:'
32.4381 	EXP 	unnamed TextStim: text = 'Completely'
32.4381 	EXP 	unnamed TextStim: text = 'Not at all'
32.4710 	EXP 	unnamed TextStim: text = 'My thoughts were focused on an external task or activity:'
32.4710 	EXP 	unnamed TextStim: text = 'Completely'
32.4710 	EXP 	unnamed TextStim: text = 'Not at all'
32.4928 	EXP 	unnamed TextStim: text = 'My thoughts were focused on an external task or activity:'
32.4928 	EXP 	unnamed TextStim: text = 'Completely'
32.4928 	EXP 	unnamed TextStim: text = 'Not at all'
32.5108 	EXP 	unnamed TextStim: text = 'My thoughts were focused on an external task or activity:'
32.5108 	EXP 	unnamed TextStim: text = 'Completely'
32.5108 	EXP 	unnamed TextStim: text = 'Not at all'
32.5275 	EXP 	unnamed TextStim: text = 'My thoughts were focused on an external task or activity:'
32.5275 	EXP 	unnamed TextStim: text = 'Completely'
32.5275 	EXP 	unnamed TextStim: text = 'Not at all'
32.5441 	EXP 	unnamed TextStim: text = 'My thoughts were focused on an external task or activity:'
32.5441 	EXP 	unnamed TextStim: text = 'Completely'
32.5441 	EXP 	unnamed TextStim: text = 'Not at all'
32.5608 	EXP 	unnamed TextStim: text = 'My thoughts were focused on an external task or activity:'
32.5608 	EXP 	unnamed TextStim: text = 'Completely'
32.5608 	EXP 	unnamed TextStim: text = 'Not at all'
32.5774 	EXP 	unnamed TextStim: text = 'My thoughts were focused on an external task or activity:'
32.5774 	EXP 	unnamed TextStim: text = 'Completely'
32.5774 	EXP 	unnamed TextStim: text = 'Not at all'
32.5941 	EXP 	unnamed TextStim: text = 'My thoughts were focused on an external task or activity:'
32.5941 	EXP 	unnamed TextStim: text = 'Completely'
32.5941 	EXP 	unnamed TextStim: text = 'Not at all'
32.6108 	EXP 	unnamed TextStim: text = 'My thoughts were focused on an external task or activity:'
32.6108 	EXP 	unnamed TextStim: text = 'Completely'
32.6108 	EXP 	unnamed TextStim: text = 'Not at all'
32.6274 	EXP 	unnamed TextStim: text = 'My thoughts were focused on an external task or activity:'
32.6274 	EXP 	unnamed TextStim: text = 'Completely'
32.6274 	EXP 	unnamed TextStim: text = 'Not at all'
32.6441 	EXP 	unnamed TextStim: text = 'My thoughts were focused on an external task or activity:'
32.6441 	EXP 	unnamed TextStim: text = 'Completely'
32.6441 	EXP 	unnamed TextStim: text = 'Not at all'
32.6608 	EXP 	unnamed TextStim: text = 'My thoughts were focused on an external task or activity:'
32.6608 	EXP 	unnamed TextStim: text = 'Completely'
32.6608 	EXP 	unnamed TextStim: text = 'Not at all'
32.6775 	EXP 	unnamed TextStim: text = 'My thoughts were focused on an external task or activity:'
32.6775 	EXP 	unnamed TextStim: text = 'Completely'
32.6775 	EXP 	unnamed TextStim: text = 'Not at all'
32.6941 	EXP 	unnamed TextStim: text = 'My thoughts were focused on an external task or activity:'
32.6941 	EXP 	unnamed TextStim: text = 'Completely'
32.6941 	EXP 	unnamed TextStim: text = 'Not at all'
32.7108 	EXP 	unnamed TextStim: text = 'My thoughts were focused on an external task or activity:'
32.7108 	EXP 	unnamed TextStim: text = 'Completely'
32.7108 	EXP 	unnamed TextStim: text = 'Not at all'
32.7274 	EXP 	unnamed TextStim: text = 'My thoughts were focused on an external task or activity:'
32.7274 	EXP 	unnamed TextStim: text = 'Completely'
32.7274 	EXP 	unnamed TextStim: text = 'Not at all'
32.7441 	EXP 	unnamed TextStim: text = 'My thoughts were focused on an external task or activity:'
32.7441 	EXP 	unnamed TextStim: text = 'Completely'
32.7441 	EXP 	unnamed TextStim: text = 'Not at all'
32.7607 	EXP 	unnamed TextStim: text = 'My thoughts were focused on an external task or activity:'
32.7607 	EXP 	unnamed TextStim: text = 'Completely'
32.7607 	EXP 	unnamed TextStim: text = 'Not at all'
32.7775 	EXP 	unnamed TextStim: text = 'My thoughts were focused on an external task or activity:'
32.7775 	EXP 	unnamed TextStim: text = 'Completely'
32.7775 	EXP 	unnamed TextStim: text = 'Not at all'
32.7941 	EXP 	unnamed TextStim: text = 'My thoughts were focused on an external task or activity:'
32.7941 	EXP 	unnamed TextStim: text = 'Completely'
32.7941 	EXP 	unnamed TextStim: text = 'Not at all'
32.8107 	EXP 	unnamed TextStim: text = 'My thoughts were focused on an external task or activity:'
32.8107 	EXP 	unnamed TextStim: text = 'Completely'
32.8107 	EXP 	unnamed TextStim: text = 'Not at all'
32.8274 	EXP 	unnamed TextStim: text = 'My thoughts were focused on an external task or activity:'
32.8274 	EXP 	unnamed TextStim: text = 'Completely'
32.8274 	EXP 	unnamed TextStim: text = 'Not at all'
32.8441 	EXP 	unnamed TextStim: text = 'My thoughts were focused on an external task or activity:'
32.8441 	EXP 	unnamed TextStim: text = 'Completely'
32.8441 	EXP 	unnamed TextStim: text = 'Not at all'
32.8607 	EXP 	unnamed TextStim: text = 'My thoughts were focused on an external task or activity:'
32.8607 	EXP 	unnamed TextStim: text = 'Completely'
32.8607 	EXP 	unnamed TextStim: text = 'Not at all'
32.8774 	EXP 	unnamed TextStim: text = 'My thoughts were focused on an external task or activity:'
32.8774 	EXP 	unnamed TextStim: text = 'Completely'
32.8774 	EXP 	unnamed TextStim: text = 'Not at all'
32.8942 	EXP 	unnamed TextStim: text = 'My thoughts were focused on an external task or activity:'
32.8942 	EXP 	unnamed TextStim: text = 'Completely'
32.8942 	EXP 	unnamed TextStim: text = 'Not at all'
32.9107 	EXP 	unnamed TextStim: text = 'My thoughts were focused on an external task or activity:'
32.9107 	EXP 	unnamed TextStim: text = 'Completely'
32.9107 	EXP 	unnamed TextStim: text = 'Not at all'
32.9274 	EXP 	unnamed TextStim: text = 'My thoughts were focused on an external task or activity:'
32.9274 	EXP 	unnamed TextStim: text = 'Completely'
32.9274 	EXP 	unnamed TextStim: text = 'Not at all'
32.9441 	EXP 	unnamed TextStim: text = 'My thoughts were focused on an external task or activity:'
32.9441 	EXP 	unnamed TextStim: text = 'Completely'
32.9441 	EXP 	unnamed TextStim: text = 'Not at all'
32.9608 	EXP 	unnamed TextStim: text = 'My thoughts were focused on an external task or activity:'
32.9608 	EXP 	unnamed TextStim: text = 'Completely'
32.9608 	EXP 	unnamed TextStim: text = 'Not at all'
32.9774 	EXP 	unnamed TextStim: text = 'My thoughts were focused on an external task or activity:'
32.9774 	EXP 	unnamed TextStim: text = 'Completely'
32.9774 	EXP 	unnamed TextStim: text = 'Not at all'
32.9941 	EXP 	unnamed TextStim: text = 'My thoughts were focused on an external task or activity:'
32.9941 	EXP 	unnamed TextStim: text = 'Completely'
32.9941 	EXP 	unnamed TextStim: text = 'Not at all'
33.0108 	EXP 	unnamed TextStim: text = 'My thoughts were focused on an external task or activity:'
33.0108 	EXP 	unnamed TextStim: text = 'Completely'
33.0108 	EXP 	unnamed TextStim: text = 'Not at all'
33.0274 	EXP 	unnamed TextStim: text = 'My thoughts were focused on an external task or activity:'
33.0274 	EXP 	unnamed TextStim: text = 'Completely'
33.0274 	EXP 	unnamed TextStim: text = 'Not at all'
33.0441 	EXP 	unnamed TextStim: text = 'My thoughts were focused on an external task or activity:'
33.0441 	EXP 	unnamed TextStim: text = 'Completely'
33.0441 	EXP 	unnamed TextStim: text = 'Not at all'
33.0608 	EXP 	unnamed TextStim: text = 'My thoughts were focused on an external task or activity:'
33.0608 	EXP 	unnamed TextStim: text = 'Completely'
33.0608 	EXP 	unnamed TextStim: text = 'Not at all'
33.0774 	EXP 	unnamed TextStim: text = 'My thoughts were focused on an external task or activity:'
33.0774 	EXP 	unnamed TextStim: text = 'Completely'
33.0774 	EXP 	unnamed TextStim: text = 'Not at all'
33.0941 	EXP 	unnamed TextStim: text = 'My thoughts were focused on an external task or activity:'
33.0941 	EXP 	unnamed TextStim: text = 'Completely'
33.0941 	EXP 	unnamed TextStim: text = 'Not at all'
33.1108 	EXP 	unnamed TextStim: text = 'My thoughts were focused on an external task or activity:'
33.1108 	EXP 	unnamed TextStim: text = 'Completely'
33.1108 	EXP 	unnamed TextStim: text = 'Not at all'
33.1274 	EXP 	unnamed TextStim: text = 'My thoughts were focused on an external task or activity:'
33.1274 	EXP 	unnamed TextStim: text = 'Completely'
33.1274 	EXP 	unnamed TextStim: text = 'Not at all'
33.1709 	EXP 	unnamed TextStim: text = 'My thoughts were focused on an external task or activity:'
33.1709 	EXP 	unnamed TextStim: text = 'Completely'
33.1709 	EXP 	unnamed TextStim: text = 'Not at all'
33.1928 	EXP 	unnamed TextStim: text = 'My thoughts were focused on an external task or activity:'
33.1928 	EXP 	unnamed TextStim: text = 'Completely'
33.1928 	EXP 	unnamed TextStim: text = 'Not at all'
33.2107 	EXP 	unnamed TextStim: text = 'My thoughts were focused on an external task or activity:'
33.2107 	EXP 	unnamed TextStim: text = 'Completely'
33.2107 	EXP 	unnamed TextStim: text = 'Not at all'
33.2274 	EXP 	unnamed TextStim: text = 'My thoughts were focused on an external task or activity:'
33.2274 	EXP 	unnamed TextStim: text = 'Completely'
33.2274 	EXP 	unnamed TextStim: text = 'Not at all'
33.2441 	EXP 	unnamed TextStim: text = 'My thoughts were focused on an external task or activity:'
33.2441 	EXP 	unnamed TextStim: text = 'Completely'
33.2441 	EXP 	unnamed TextStim: text = 'Not at all'
33.2608 	EXP 	unnamed TextStim: text = 'My thoughts were focused on an external task or activity:'
33.2608 	EXP 	unnamed TextStim: text = 'Completely'
33.2608 	EXP 	unnamed TextStim: text = 'Not at all'
33.3043 	EXP 	unnamed TextStim: text = 'My thoughts were focused on an external task or activity:'
33.3043 	EXP 	unnamed TextStim: text = 'Completely'
33.3043 	EXP 	unnamed TextStim: text = 'Not at all'
33.3261 	EXP 	unnamed TextStim: text = 'My thoughts were focused on an external task or activity:'
33.3261 	EXP 	unnamed TextStim: text = 'Completely'
33.3261 	EXP 	unnamed TextStim: text = 'Not at all'
33.3441 	EXP 	unnamed TextStim: text = 'My thoughts were focused on an external task or activity:'
33.3441 	EXP 	unnamed TextStim: text = 'Completely'
33.3441 	EXP 	unnamed TextStim: text = 'Not at all'
33.3607 	EXP 	unnamed TextStim: text = 'My thoughts were focused on an external task or activity:'
33.3607 	EXP 	unnamed TextStim: text = 'Completely'
33.3607 	EXP 	unnamed TextStim: text = 'Not at all'
33.3774 	EXP 	unnamed TextStim: text = 'My thoughts were focused on an external task or activity:'
33.3774 	EXP 	unnamed TextStim: text = 'Completely'
33.3774 	EXP 	unnamed TextStim: text = 'Not at all'
33.3941 	EXP 	unnamed TextStim: text = 'My thoughts were focused on an external task or activity:'
33.3941 	EXP 	unnamed TextStim: text = 'Completely'
33.3941 	EXP 	unnamed TextStim: text = 'Not at all'
33.4108 	EXP 	unnamed TextStim: text = 'My thoughts were focused on an external task or activity:'
33.4108 	EXP 	unnamed TextStim: text = 'Completely'
33.4108 	EXP 	unnamed TextStim: text = 'Not at all'
33.4274 	EXP 	unnamed TextStim: text = 'My thoughts were focused on an external task or activity:'
33.4274 	EXP 	unnamed TextStim: text = 'Completely'
33.4274 	EXP 	unnamed TextStim: text = 'Not at all'
33.4441 	EXP 	unnamed TextStim: text = 'My thoughts were focused on an external task or activity:'
33.4441 	EXP 	unnamed TextStim: text = 'Completely'
33.4441 	EXP 	unnamed TextStim: text = 'Not at all'
33.4608 	EXP 	unnamed TextStim: text = 'My thoughts were focused on an external task or activity:'
33.4608 	EXP 	unnamed TextStim: text = 'Completely'
33.4608 	EXP 	unnamed TextStim: text = 'Not at all'
33.4774 	EXP 	unnamed TextStim: text = 'My thoughts were focused on an external task or activity:'
33.4774 	EXP 	unnamed TextStim: text = 'Completely'
33.4774 	EXP 	unnamed TextStim: text = 'Not at all'
33.4941 	EXP 	unnamed TextStim: text = 'My thoughts were focused on an external task or activity:'
33.4941 	EXP 	unnamed TextStim: text = 'Completely'
33.4941 	EXP 	unnamed TextStim: text = 'Not at all'
33.5107 	EXP 	unnamed TextStim: text = 'My thoughts were focused on an external task or activity:'
33.5107 	EXP 	unnamed TextStim: text = 'Completely'
33.5107 	EXP 	unnamed TextStim: text = 'Not at all'
33.5274 	EXP 	unnamed TextStim: text = 'My thoughts were focused on an external task or activity:'
33.5274 	EXP 	unnamed TextStim: text = 'Completely'
33.5274 	EXP 	unnamed TextStim: text = 'Not at all'
33.5441 	EXP 	unnamed TextStim: text = 'My thoughts were focused on an external task or activity:'
33.5441 	EXP 	unnamed TextStim: text = 'Completely'
33.5441 	EXP 	unnamed TextStim: text = 'Not at all'
33.5608 	EXP 	unnamed TextStim: text = 'My thoughts were focused on an external task or activity:'
33.5608 	EXP 	unnamed TextStim: text = 'Completely'
33.5608 	EXP 	unnamed TextStim: text = 'Not at all'
33.5774 	EXP 	unnamed TextStim: text = 'My thoughts were focused on an external task or activity:'
33.5774 	EXP 	unnamed TextStim: text = 'Completely'
33.5774 	EXP 	unnamed TextStim: text = 'Not at all'
33.5940 	EXP 	unnamed TextStim: text = 'My thoughts were focused on an external task or activity:'
33.5940 	EXP 	unnamed TextStim: text = 'Completely'
33.5940 	EXP 	unnamed TextStim: text = 'Not at all'
33.6108 	EXP 	unnamed TextStim: text = 'My thoughts were focused on an external task or activity:'
33.6108 	EXP 	unnamed TextStim: text = 'Completely'
33.6108 	EXP 	unnamed TextStim: text = 'Not at all'
33.6273 	EXP 	unnamed TextStim: text = 'My thoughts were focused on an external task or activity:'
33.6273 	EXP 	unnamed TextStim: text = 'Completely'
33.6273 	EXP 	unnamed TextStim: text = 'Not at all'
33.6441 	EXP 	unnamed TextStim: text = 'My thoughts were focused on an external task or activity:'
33.6441 	EXP 	unnamed TextStim: text = 'Completely'
33.6441 	EXP 	unnamed TextStim: text = 'Not at all'
33.6607 	EXP 	unnamed TextStim: text = 'My thoughts were focused on an external task or activity:'
33.6607 	EXP 	unnamed TextStim: text = 'Completely'
33.6607 	EXP 	unnamed TextStim: text = 'Not at all'
33.6774 	EXP 	unnamed TextStim: text = 'My thoughts were focused on an external task or activity:'
33.6774 	EXP 	unnamed TextStim: text = 'Completely'
33.6774 	EXP 	unnamed TextStim: text = 'Not at all'
33.6940 	EXP 	unnamed TextStim: text = 'My thoughts were focused on an external task or activity:'
33.6940 	EXP 	unnamed TextStim: text = 'Completely'
33.6940 	EXP 	unnamed TextStim: text = 'Not at all'
33.7107 	EXP 	unnamed TextStim: text = 'My thoughts were focused on an external task or activity:'
33.7107 	EXP 	unnamed TextStim: text = 'Completely'
33.7107 	EXP 	unnamed TextStim: text = 'Not at all'
33.7274 	EXP 	unnamed TextStim: text = 'My thoughts were focused on an external task or activity:'
33.7274 	EXP 	unnamed TextStim: text = 'Completely'
33.7274 	EXP 	unnamed TextStim: text = 'Not at all'
33.7708 	EXP 	unnamed TextStim: text = 'My thoughts were focused on an external task or activity:'
33.7708 	EXP 	unnamed TextStim: text = 'Completely'
33.7708 	EXP 	unnamed TextStim: text = 'Not at all'
33.7927 	EXP 	unnamed TextStim: text = 'My thoughts were focused on an external task or activity:'
33.7927 	EXP 	unnamed TextStim: text = 'Completely'
33.7927 	EXP 	unnamed TextStim: text = 'Not at all'
33.8108 	EXP 	unnamed TextStim: text = 'My thoughts were focused on an external task or activity:'
33.8108 	EXP 	unnamed TextStim: text = 'Completely'
33.8108 	EXP 	unnamed TextStim: text = 'Not at all'
33.8274 	EXP 	unnamed TextStim: text = 'My thoughts were focused on an external task or activity:'
33.8274 	EXP 	unnamed TextStim: text = 'Completely'
33.8274 	EXP 	unnamed TextStim: text = 'Not at all'
33.8440 	EXP 	unnamed TextStim: text = 'My thoughts were focused on an external task or activity:'
33.8440 	EXP 	unnamed TextStim: text = 'Completely'
33.8440 	EXP 	unnamed TextStim: text = 'Not at all'
33.8607 	EXP 	unnamed TextStim: text = 'My thoughts were focused on an external task or activity:'
33.8607 	EXP 	unnamed TextStim: text = 'Completely'
33.8607 	EXP 	unnamed TextStim: text = 'Not at all'
33.8773 	EXP 	unnamed TextStim: text = 'My thoughts were focused on an external task or activity:'
33.8773 	EXP 	unnamed TextStim: text = 'Completely'
33.8773 	EXP 	unnamed TextStim: text = 'Not at all'
33.8941 	EXP 	unnamed TextStim: text = 'My thoughts were focused on an external task or activity:'
33.8941 	EXP 	unnamed TextStim: text = 'Completely'
33.8941 	EXP 	unnamed TextStim: text = 'Not at all'
33.9107 	EXP 	unnamed TextStim: text = 'My thoughts were focused on an external task or activity:'
33.9107 	EXP 	unnamed TextStim: text = 'Completely'
33.9107 	EXP 	unnamed TextStim: text = 'Not at all'
33.9274 	EXP 	unnamed TextStim: text = 'My thoughts were focused on an external task or activity:'
33.9274 	EXP 	unnamed TextStim: text = 'Completely'
33.9274 	EXP 	unnamed TextStim: text = 'Not at all'
33.9441 	EXP 	unnamed TextStim: text = 'My thoughts were focused on an external task or activity:'
33.9441 	EXP 	unnamed TextStim: text = 'Completely'
33.9441 	EXP 	unnamed TextStim: text = 'Not at all'
33.9607 	EXP 	unnamed TextStim: text = 'My thoughts were focused on an external task or activity:'
33.9607 	EXP 	unnamed TextStim: text = 'Completely'
33.9607 	EXP 	unnamed TextStim: text = 'Not at all'
33.9775 	EXP 	unnamed TextStim: text = 'My thoughts were focused on an external task or activity:'
33.9775 	EXP 	unnamed TextStim: text = 'Completely'
33.9775 	EXP 	unnamed TextStim: text = 'Not at all'
33.9941 	EXP 	unnamed TextStim: text = 'My thoughts were focused on an external task or activity:'
33.9941 	EXP 	unnamed TextStim: text = 'Completely'
33.9941 	EXP 	unnamed TextStim: text = 'Not at all'
34.0107 	EXP 	unnamed TextStim: text = 'My thoughts were focused on an external task or activity:'
34.0107 	EXP 	unnamed TextStim: text = 'Completely'
34.0107 	EXP 	unnamed TextStim: text = 'Not at all'
34.0274 	EXP 	unnamed TextStim: text = 'My thoughts were focused on an external task or activity:'
34.0274 	EXP 	unnamed TextStim: text = 'Completely'
34.0274 	EXP 	unnamed TextStim: text = 'Not at all'
34.0378 	DATA 	Keypress: right
34.0441 	EXP 	unnamed TextStim: text = 'My thoughts were focused on an external task or activity:'
34.0441 	EXP 	unnamed TextStim: text = 'Completely'
34.0441 	EXP 	unnamed TextStim: text = 'Not at all'
34.0870 	EXP 	unnamed TextStim: text = 'My thoughts were focused on an external task or activity:'
34.0870 	EXP 	unnamed TextStim: text = 'Completely'
34.0870 	EXP 	unnamed TextStim: text = 'Not at all'
34.1091 	EXP 	unnamed TextStim: text = 'My thoughts were focused on an external task or activity:'
34.1091 	EXP 	unnamed TextStim: text = 'Completely'
34.1091 	EXP 	unnamed TextStim: text = 'Not at all'
34.1536 	EXP 	unnamed TextStim: text = 'My thoughts were focused on an external task or activity:'
34.1536 	EXP 	unnamed TextStim: text = 'Completely'
34.1536 	EXP 	unnamed TextStim: text = 'Not at all'
34.1758 	EXP 	unnamed TextStim: text = 'My thoughts were focused on an external task or activity:'
34.1758 	EXP 	unnamed TextStim: text = 'Completely'
34.1758 	EXP 	unnamed TextStim: text = 'Not at all'
34.1939 	EXP 	unnamed TextStim: text = 'My thoughts were focused on an external task or activity:'
34.1939 	EXP 	unnamed TextStim: text = 'Completely'
34.1939 	EXP 	unnamed TextStim: text = 'Not at all'
34.2107 	EXP 	unnamed TextStim: text = 'My thoughts were focused on an external task or activity:'
34.2107 	EXP 	unnamed TextStim: text = 'Completely'
34.2107 	EXP 	unnamed TextStim: text = 'Not at all'
34.2202 	DATA 	Keypress: right
34.2275 	EXP 	unnamed TextStim: text = 'My thoughts were focused on an external task or activity:'
34.2275 	EXP 	unnamed TextStim: text = 'Completely'
34.2275 	EXP 	unnamed TextStim: text = 'Not at all'
34.2702 	EXP 	unnamed TextStim: text = 'My thoughts were focused on an external task or activity:'
34.2702 	EXP 	unnamed TextStim: text = 'Completely'
34.2702 	EXP 	unnamed TextStim: text = 'Not at all'
34.2924 	EXP 	unnamed TextStim: text = 'My thoughts were focused on an external task or activity:'
34.2924 	EXP 	unnamed TextStim: text = 'Completely'
34.2924 	EXP 	unnamed TextStim: text = 'Not at all'
34.3369 	EXP 	unnamed TextStim: text = 'My thoughts were focused on an external task or activity:'
34.3369 	EXP 	unnamed TextStim: text = 'Completely'
34.3369 	EXP 	unnamed TextStim: text = 'Not at all'
34.3592 	EXP 	unnamed TextStim: text = 'My thoughts were focused on an external task or activity:'
34.3592 	EXP 	unnamed TextStim: text = 'Completely'
34.3592 	EXP 	unnamed TextStim: text = 'Not at all'
34.3773 	EXP 	unnamed TextStim: text = 'My thoughts were focused on an external task or activity:'
34.3773 	EXP 	unnamed TextStim: text = 'Completely'
34.3773 	EXP 	unnamed TextStim: text = 'Not at all'
34.3940 	EXP 	unnamed TextStim: text = 'My thoughts were focused on an external task or activity:'
34.3940 	EXP 	unnamed TextStim: text = 'Completely'
34.3940 	EXP 	unnamed TextStim: text = 'Not at all'
34.4107 	EXP 	unnamed TextStim: text = 'My thoughts were focused on an external task or activity:'
34.4107 	EXP 	unnamed TextStim: text = 'Completely'
34.4107 	EXP 	unnamed TextStim: text = 'Not at all'
34.4273 	EXP 	unnamed TextStim: text = 'My thoughts were focused on an external task or activity:'
34.4273 	EXP 	unnamed TextStim: text = 'Completely'
34.4273 	EXP 	unnamed TextStim: text = 'Not at all'
34.4377 	DATA 	Keypress: right
34.4440 	EXP 	unnamed TextStim: text = 'My thoughts were focused on an external task or activity:'
34.4440 	EXP 	unnamed TextStim: text = 'Completely'
34.4440 	EXP 	unnamed TextStim: text = 'Not at all'
34.4607 	EXP 	unnamed TextStim: text = 'My thoughts were focused on an external task or activity:'
34.4607 	EXP 	unnamed TextStim: text = 'Completely'
34.4607 	EXP 	unnamed TextStim: text = 'Not at all'
34.4773 	EXP 	unnamed TextStim: text = 'My thoughts were focused on an external task or activity:'
34.4773 	EXP 	unnamed TextStim: text = 'Completely'
34.4773 	EXP 	unnamed TextStim: text = 'Not at all'
34.5208 	EXP 	unnamed TextStim: text = 'My thoughts were focused on an external task or activity:'
34.5208 	EXP 	unnamed TextStim: text = 'Completely'
34.5208 	EXP 	unnamed TextStim: text = 'Not at all'
34.5427 	EXP 	unnamed TextStim: text = 'My thoughts were focused on an external task or activity:'
34.5427 	EXP 	unnamed TextStim: text = 'Completely'
34.5427 	EXP 	unnamed TextStim: text = 'Not at all'
34.5607 	EXP 	unnamed TextStim: text = 'My thoughts were focused on an external task or activity:'
34.5607 	EXP 	unnamed TextStim: text = 'Completely'
34.5607 	EXP 	unnamed TextStim: text = 'Not at all'
34.5774 	EXP 	unnamed TextStim: text = 'My thoughts were focused on an external task or activity:'
34.5774 	EXP 	unnamed TextStim: text = 'Completely'
34.5774 	EXP 	unnamed TextStim: text = 'Not at all'
34.5941 	EXP 	unnamed TextStim: text = 'My thoughts were focused on an external task or activity:'
34.5941 	EXP 	unnamed TextStim: text = 'Completely'
34.5941 	EXP 	unnamed TextStim: text = 'Not at all'
34.6107 	EXP 	unnamed TextStim: text = 'My thoughts were focused on an external task or activity:'
34.6107 	EXP 	unnamed TextStim: text = 'Completely'
34.6107 	EXP 	unnamed TextStim: text = 'Not at all'
34.6212 	DATA 	Keypress: right
34.6273 	EXP 	unnamed TextStim: text = 'My thoughts were focused on an external task or activity:'
34.6273 	EXP 	unnamed TextStim: text = 'Completely'
34.6273 	EXP 	unnamed TextStim: text = 'Not at all'
34.6708 	EXP 	unnamed TextStim: text = 'My thoughts were focused on an external task or activity:'
34.6708 	EXP 	unnamed TextStim: text = 'Completely'
34.6708 	EXP 	unnamed TextStim: text = 'Not at all'
34.6927 	EXP 	unnamed TextStim: text = 'My thoughts were focused on an external task or activity:'
34.6927 	EXP 	unnamed TextStim: text = 'Completely'
34.6927 	EXP 	unnamed TextStim: text = 'Not at all'
34.7374 	EXP 	unnamed TextStim: text = 'My thoughts were focused on an external task or activity:'
34.7374 	EXP 	unnamed TextStim: text = 'Completely'
34.7374 	EXP 	unnamed TextStim: text = 'Not at all'
34.7593 	EXP 	unnamed TextStim: text = 'My thoughts were focused on an external task or activity:'
34.7593 	EXP 	unnamed TextStim: text = 'Completely'
34.7593 	EXP 	unnamed TextStim: text = 'Not at all'
34.7774 	EXP 	unnamed TextStim: text = 'My thoughts were focused on an external task or activity:'
34.7774 	EXP 	unnamed TextStim: text = 'Completely'
34.7774 	EXP 	unnamed TextStim: text = 'Not at all'
34.7925 	DATA 	Keypress: right
34.8207 	EXP 	unnamed TextStim: text = 'My thoughts were focused on an external task or activity:'
34.8207 	EXP 	unnamed TextStim: text = 'Completely'
34.8207 	EXP 	unnamed TextStim: text = 'Not at all'
34.8428 	EXP 	unnamed TextStim: text = 'My thoughts were focused on an external task or activity:'
34.8428 	EXP 	unnamed TextStim: text = 'Completely'
34.8428 	EXP 	unnamed TextStim: text = 'Not at all'
34.8875 	EXP 	unnamed TextStim: text = 'My thoughts were focused on an external task or activity:'
34.8875 	EXP 	unnamed TextStim: text = 'Completely'
34.8875 	EXP 	unnamed TextStim: text = 'Not at all'
34.9093 	EXP 	unnamed TextStim: text = 'My thoughts were focused on an external task or activity:'
34.9093 	EXP 	unnamed TextStim: text = 'Completely'
34.9093 	EXP 	unnamed TextStim: text = 'Not at all'
34.9275 	EXP 	unnamed TextStim: text = 'My thoughts were focused on an external task or activity:'
34.9275 	EXP 	unnamed TextStim: text = 'Completely'
34.9275 	EXP 	unnamed TextStim: text = 'Not at all'
34.9440 	EXP 	unnamed TextStim: text = 'My thoughts were focused on an external task or activity:'
34.9440 	EXP 	unnamed TextStim: text = 'Completely'
34.9440 	EXP 	unnamed TextStim: text = 'Not at all'
34.9607 	EXP 	unnamed TextStim: text = 'My thoughts were focused on an external task or activity:'
34.9607 	EXP 	unnamed TextStim: text = 'Completely'
34.9607 	EXP 	unnamed TextStim: text = 'Not at all'
34.9773 	EXP 	unnamed TextStim: text = 'My thoughts were focused on an external task or activity:'
34.9773 	EXP 	unnamed TextStim: text = 'Completely'
34.9773 	EXP 	unnamed TextStim: text = 'Not at all'
34.9941 	EXP 	unnamed TextStim: text = 'My thoughts were focused on an external task or activity:'
34.9941 	EXP 	unnamed TextStim: text = 'Completely'
34.9941 	EXP 	unnamed TextStim: text = 'Not at all'
35.0107 	EXP 	unnamed TextStim: text = 'My thoughts were focused on an external task or activity:'
35.0107 	EXP 	unnamed TextStim: text = 'Completely'
35.0107 	EXP 	unnamed TextStim: text = 'Not at all'
35.0273 	EXP 	unnamed TextStim: text = 'My thoughts were focused on an external task or activity:'
35.0273 	EXP 	unnamed TextStim: text = 'Completely'
35.0273 	EXP 	unnamed TextStim: text = 'Not at all'
35.0440 	EXP 	unnamed TextStim: text = 'My thoughts were focused on an external task or activity:'
35.0440 	EXP 	unnamed TextStim: text = 'Completely'
35.0440 	EXP 	unnamed TextStim: text = 'Not at all'
35.0607 	EXP 	unnamed TextStim: text = 'My thoughts were focused on an external task or activity:'
35.0607 	EXP 	unnamed TextStim: text = 'Completely'
35.0607 	EXP 	unnamed TextStim: text = 'Not at all'
35.0773 	EXP 	unnamed TextStim: text = 'My thoughts were focused on an external task or activity:'
35.0773 	EXP 	unnamed TextStim: text = 'Completely'
35.0773 	EXP 	unnamed TextStim: text = 'Not at all'
35.0940 	EXP 	unnamed TextStim: text = 'My thoughts were focused on an external task or activity:'
35.0940 	EXP 	unnamed TextStim: text = 'Completely'
35.0940 	EXP 	unnamed TextStim: text = 'Not at all'
35.1107 	EXP 	unnamed TextStim: text = 'My thoughts were focused on an external task or activity:'
35.1107 	EXP 	unnamed TextStim: text = 'Completely'
35.1107 	EXP 	unnamed TextStim: text = 'Not at all'
35.1273 	EXP 	unnamed TextStim: text = 'My thoughts were focused on an external task or activity:'
35.1273 	EXP 	unnamed TextStim: text = 'Completely'
35.1273 	EXP 	unnamed TextStim: text = 'Not at all'
35.1440 	EXP 	unnamed TextStim: text = 'My thoughts were focused on an external task or activity:'
35.1440 	EXP 	unnamed TextStim: text = 'Completely'
35.1440 	EXP 	unnamed TextStim: text = 'Not at all'
35.1875 	EXP 	unnamed TextStim: text = 'My thoughts were focused on an external task or activity:'
35.1875 	EXP 	unnamed TextStim: text = 'Completely'
35.1875 	EXP 	unnamed TextStim: text = 'Not at all'
35.2094 	EXP 	unnamed TextStim: text = 'My thoughts were focused on an external task or activity:'
35.2094 	EXP 	unnamed TextStim: text = 'Completely'
35.2094 	EXP 	unnamed TextStim: text = 'Not at all'
35.2274 	EXP 	unnamed TextStim: text = 'My thoughts were focused on an external task or activity:'
35.2274 	EXP 	unnamed TextStim: text = 'Completely'
35.2274 	EXP 	unnamed TextStim: text = 'Not at all'
35.2441 	EXP 	unnamed TextStim: text = 'My thoughts were focused on an external task or activity:'
35.2441 	EXP 	unnamed TextStim: text = 'Completely'
35.2441 	EXP 	unnamed TextStim: text = 'Not at all'
35.2606 	EXP 	unnamed TextStim: text = 'My thoughts were focused on an external task or activity:'
35.2606 	EXP 	unnamed TextStim: text = 'Completely'
35.2606 	EXP 	unnamed TextStim: text = 'Not at all'
35.2773 	EXP 	unnamed TextStim: text = 'My thoughts were focused on an external task or activity:'
35.2773 	EXP 	unnamed TextStim: text = 'Completely'
35.2773 	EXP 	unnamed TextStim: text = 'Not at all'
35.3208 	EXP 	unnamed TextStim: text = 'My thoughts were focused on an external task or activity:'
35.3208 	EXP 	unnamed TextStim: text = 'Completely'
35.3208 	EXP 	unnamed TextStim: text = 'Not at all'
35.3427 	EXP 	unnamed TextStim: text = 'My thoughts were focused on an external task or activity:'
35.3427 	EXP 	unnamed TextStim: text = 'Completely'
35.3427 	EXP 	unnamed TextStim: text = 'Not at all'
35.3608 	EXP 	unnamed TextStim: text = 'My thoughts were focused on an external task or activity:'
35.3608 	EXP 	unnamed TextStim: text = 'Completely'
35.3608 	EXP 	unnamed TextStim: text = 'Not at all'
35.3773 	EXP 	unnamed TextStim: text = 'My thoughts were focused on an external task or activity:'
35.3773 	EXP 	unnamed TextStim: text = 'Completely'
35.3773 	EXP 	unnamed TextStim: text = 'Not at all'
35.3940 	EXP 	unnamed TextStim: text = 'My thoughts were focused on an external task or activity:'
35.3940 	EXP 	unnamed TextStim: text = 'Completely'
35.3940 	EXP 	unnamed TextStim: text = 'Not at all'
35.4375 	EXP 	unnamed TextStim: text = 'My thoughts were focused on an external task or activity:'
35.4375 	EXP 	unnamed TextStim: text = 'Completely'
35.4375 	EXP 	unnamed TextStim: text = 'Not at all'
35.4593 	EXP 	unnamed TextStim: text = 'My thoughts were focused on an external task or activity:'
35.4593 	EXP 	unnamed TextStim: text = 'Completely'
35.4593 	EXP 	unnamed TextStim: text = 'Not at all'
35.4774 	EXP 	unnamed TextStim: text = 'My thoughts were focused on an external task or activity:'
35.4774 	EXP 	unnamed TextStim: text = 'Completely'
35.4774 	EXP 	unnamed TextStim: text = 'Not at all'
35.4940 	EXP 	unnamed TextStim: text = 'My thoughts were focused on an external task or activity:'
35.4940 	EXP 	unnamed TextStim: text = 'Completely'
35.4940 	EXP 	unnamed TextStim: text = 'Not at all'
35.5107 	EXP 	unnamed TextStim: text = 'My thoughts were focused on an external task or activity:'
35.5107 	EXP 	unnamed TextStim: text = 'Completely'
35.5107 	EXP 	unnamed TextStim: text = 'Not at all'
35.5273 	EXP 	unnamed TextStim: text = 'My thoughts were focused on an external task or activity:'
35.5273 	EXP 	unnamed TextStim: text = 'Completely'
35.5273 	EXP 	unnamed TextStim: text = 'Not at all'
35.5440 	EXP 	unnamed TextStim: text = 'My thoughts were focused on an external task or activity:'
35.5440 	EXP 	unnamed TextStim: text = 'Completely'
35.5440 	EXP 	unnamed TextStim: text = 'Not at all'
35.5606 	EXP 	unnamed TextStim: text = 'My thoughts were focused on an external task or activity:'
35.5606 	EXP 	unnamed TextStim: text = 'Completely'
35.5606 	EXP 	unnamed TextStim: text = 'Not at all'
35.5773 	EXP 	unnamed TextStim: text = 'My thoughts were focused on an external task or activity:'
35.5773 	EXP 	unnamed TextStim: text = 'Completely'
35.5773 	EXP 	unnamed TextStim: text = 'Not at all'
35.5940 	EXP 	unnamed TextStim: text = 'My thoughts were focused on an external task or activity:'
35.5940 	EXP 	unnamed TextStim: text = 'Completely'
35.5940 	EXP 	unnamed TextStim: text = 'Not at all'
35.6107 	EXP 	unnamed TextStim: text = 'My thoughts were focused on an external task or activity:'
35.6107 	EXP 	unnamed TextStim: text = 'Completely'
35.6107 	EXP 	unnamed TextStim: text = 'Not at all'
35.6274 	EXP 	unnamed TextStim: text = 'My thoughts were focused on an external task or activity:'
35.6274 	EXP 	unnamed TextStim: text = 'Completely'
35.6274 	EXP 	unnamed TextStim: text = 'Not at all'
35.6708 	EXP 	unnamed TextStim: text = 'My thoughts were focused on an external task or activity:'
35.6708 	EXP 	unnamed TextStim: text = 'Completely'
35.6708 	EXP 	unnamed TextStim: text = 'Not at all'
35.6808 	DATA 	Keypress: return
35.6809 	DATA 	RatingScale unnamed RatingScale: (key response) rating=7.499999999999993
35.6810 	DATA 	RatingScale unnamed RatingScale: rating RT=3.285
35.6811 	DATA 	RatingScale unnamed RatingScale: history=[(4.5, 0.0), (5.5, 1.642), (5.6, 1.666), (5.699999999999999, 1.705), (5.799999999999999, 1.726), (5.899999999999999, 1.771), (5.999999999999998, 1.792), (6.099999999999998, 1.824), (6.1999999999999975, 1.889), (6.299999999999997, 1.91), (6.399999999999997, 1.955), (6.4999999999999964, 1.975), (6.599999999999996, 2.042), (6.699999999999996, 2.076), (6.799999999999995, 2.093), (6.899999999999995, 2.139), (6.999999999999995, 2.225), (7.099999999999994, 2.286), (7.199999999999994, 2.31), (7.299999999999994, 2.397), (7.399999999999993, 2.46), (7.499999999999993, 2.503), (7.499999999999993, 3.285)]
35.6927 	EXP 	unnamed TextStim: text = 'My thoughts were focused on an external task or activity:'
35.6927 	EXP 	unnamed TextStim: text = 'Completely'
35.6927 	EXP 	unnamed TextStim: text = 'Not at all'
36.6932 	EXP 	New trial (rep=0, index=1): OrderedDict([('Questions', 'My thoughts involved future events:'), ('Label', 'Future'), ('Scale_low', 'Not at all'), ('Scale_high', 'Completely')])
36.7375 	EXP 	unnamed TextStim: text = 'My thoughts involved future events:'
36.7375 	EXP 	unnamed TextStim: text = 'Completely'
36.7375 	EXP 	unnamed TextStim: text = 'Not at all'
36.7707 	EXP 	unnamed TextStim: text = 'My thoughts involved future events:'
36.7707 	EXP 	unnamed TextStim: text = 'Completely'
36.7707 	EXP 	unnamed TextStim: text = 'Not at all'
36.7926 	EXP 	unnamed TextStim: text = 'My thoughts involved future events:'
36.7926 	EXP 	unnamed TextStim: text = 'Completely'
36.7926 	EXP 	unnamed TextStim: text = 'Not at all'
36.8107 	EXP 	unnamed TextStim: text = 'My thoughts involved future events:'
36.8107 	EXP 	unnamed TextStim: text = 'Completely'
36.8107 	EXP 	unnamed TextStim: text = 'Not at all'
36.8426 	EXP 	unnamed TextStim: text = 'My thoughts involved future events:'
36.8426 	EXP 	unnamed TextStim: text = 'Completely'
36.8426 	EXP 	unnamed TextStim: text = 'Not at all'
36.8745 	EXP 	unnamed TextStim: text = 'My thoughts involved future events:'
36.8745 	EXP 	unnamed TextStim: text = 'Completely'
36.8745 	EXP 	unnamed TextStim: text = 'Not at all'
36.8939 	EXP 	unnamed TextStim: text = 'My thoughts involved future events:'
36.8939 	EXP 	unnamed TextStim: text = 'Completely'
36.8939 	EXP 	unnamed TextStim: text = 'Not at all'
36.9106 	EXP 	unnamed TextStim: text = 'My thoughts involved future events:'
36.9106 	EXP 	unnamed TextStim: text = 'Completely'
36.9106 	EXP 	unnamed TextStim: text = 'Not at all'
36.9272 	EXP 	unnamed TextStim: text = 'My thoughts involved future events:'
36.9272 	EXP 	unnamed TextStim: text = 'Completely'
36.9272 	EXP 	unnamed TextStim: text = 'Not at all'
36.9440 	EXP 	unnamed TextStim: text = 'My thoughts involved future events:'
36.9440 	EXP 	unnamed TextStim: text = 'Completely'
36.9440 	EXP 	unnamed TextStim: text = 'Not at all'
36.9873 	EXP 	unnamed TextStim: text = 'My thoughts involved future events:'
36.9873 	EXP 	unnamed TextStim: text = 'Completely'
36.9873 	EXP 	unnamed TextStim: text = 'Not at all'
37.0093 	EXP 	unnamed TextStim: text = 'My thoughts involved future events:'
37.0093 	EXP 	unnamed TextStim: text = 'Completely'
37.0093 	EXP 	unnamed TextStim: text = 'Not at all'
37.0272 	EXP 	unnamed TextStim: text = 'My thoughts involved future events:'
37.0272 	EXP 	unnamed TextStim: text = 'Completely'
37.0272 	EXP 	unnamed TextStim: text = 'Not at all'
37.0441 	EXP 	unnamed TextStim: text = 'My thoughts involved future events:'
37.0441 	EXP 	unnamed TextStim: text = 'Completely'
37.0441 	EXP 	unnamed TextStim: text = 'Not at all'
37.0874 	EXP 	unnamed TextStim: text = 'My thoughts involved future events:'
37.0874 	EXP 	unnamed TextStim: text = 'Completely'
37.0874 	EXP 	unnamed TextStim: text = 'Not at all'
37.1093 	EXP 	unnamed TextStim: text = 'My thoughts involved future events:'
37.1093 	EXP 	unnamed TextStim: text = 'Completely'
37.1093 	EXP 	unnamed TextStim: text = 'Not at all'
37.1540 	EXP 	unnamed TextStim: text = 'My thoughts involved future events:'
37.1540 	EXP 	unnamed TextStim: text = 'Completely'
37.1540 	EXP 	unnamed TextStim: text = 'Not at all'
37.1759 	EXP 	unnamed TextStim: text = 'My thoughts involved future events:'
37.1759 	EXP 	unnamed TextStim: text = 'Completely'
37.1759 	EXP 	unnamed TextStim: text = 'Not at all'
37.1939 	EXP 	unnamed TextStim: text = 'My thoughts involved future events:'
37.1939 	EXP 	unnamed TextStim: text = 'Completely'
37.1939 	EXP 	unnamed TextStim: text = 'Not at all'
37.2105 	EXP 	unnamed TextStim: text = 'My thoughts involved future events:'
37.2105 	EXP 	unnamed TextStim: text = 'Completely'
37.2105 	EXP 	unnamed TextStim: text = 'Not at all'
37.2540 	EXP 	unnamed TextStim: text = 'My thoughts involved future events:'
37.2540 	EXP 	unnamed TextStim: text = 'Completely'
37.2540 	EXP 	unnamed TextStim: text = 'Not at all'
37.2759 	EXP 	unnamed TextStim: text = 'My thoughts involved future events:'
37.2759 	EXP 	unnamed TextStim: text = 'Completely'
37.2759 	EXP 	unnamed TextStim: text = 'Not at all'
37.2940 	EXP 	unnamed TextStim: text = 'My thoughts involved future events:'
37.2940 	EXP 	unnamed TextStim: text = 'Completely'
37.2940 	EXP 	unnamed TextStim: text = 'Not at all'
37.3374 	EXP 	unnamed TextStim: text = 'My thoughts involved future events:'
37.3374 	EXP 	unnamed TextStim: text = 'Completely'
37.3374 	EXP 	unnamed TextStim: text = 'Not at all'
37.3592 	EXP 	unnamed TextStim: text = 'My thoughts involved future events:'
37.3592 	EXP 	unnamed TextStim: text = 'Completely'
37.3592 	EXP 	unnamed TextStim: text = 'Not at all'
37.3772 	EXP 	unnamed TextStim: text = 'My thoughts involved future events:'
37.3772 	EXP 	unnamed TextStim: text = 'Completely'
37.3772 	EXP 	unnamed TextStim: text = 'Not at all'
37.3939 	EXP 	unnamed TextStim: text = 'My thoughts involved future events:'
37.3939 	EXP 	unnamed TextStim: text = 'Completely'
37.3939 	EXP 	unnamed TextStim: text = 'Not at all'
37.4107 	EXP 	unnamed TextStim: text = 'My thoughts involved future events:'
37.4107 	EXP 	unnamed TextStim: text = 'Completely'
37.4107 	EXP 	unnamed TextStim: text = 'Not at all'
37.4272 	EXP 	unnamed TextStim: text = 'My thoughts involved future events:'
37.4272 	EXP 	unnamed TextStim: text = 'Completely'
37.4272 	EXP 	unnamed TextStim: text = 'Not at all'
37.4441 	EXP 	unnamed TextStim: text = 'My thoughts involved future events:'
37.4441 	EXP 	unnamed TextStim: text = 'Completely'
37.4441 	EXP 	unnamed TextStim: text = 'Not at all'
37.4606 	EXP 	unnamed TextStim: text = 'My thoughts involved future events:'
37.4606 	EXP 	unnamed TextStim: text = 'Completely'
37.4606 	EXP 	unnamed TextStim: text = 'Not at all'
37.4772 	EXP 	unnamed TextStim: text = 'My thoughts involved future events:'
37.4772 	EXP 	unnamed TextStim: text = 'Completely'
37.4772 	EXP 	unnamed TextStim: text = 'Not at all'
37.4939 	EXP 	unnamed TextStim: text = 'My thoughts involved future events:'
37.4939 	EXP 	unnamed TextStim: text = 'Completely'
37.4939 	EXP 	unnamed TextStim: text = 'Not at all'
37.5107 	EXP 	unnamed TextStim: text = 'My thoughts involved future events:'
37.5107 	EXP 	unnamed TextStim: text = 'Completely'
37.5107 	EXP 	unnamed TextStim: text = 'Not at all'
37.5272 	EXP 	unnamed TextStim: text = 'My thoughts involved future events:'
37.5272 	EXP 	unnamed TextStim: text = 'Completely'
37.5272 	EXP 	unnamed TextStim: text = 'Not at all'
37.5439 	EXP 	unnamed TextStim: text = 'My thoughts involved future events:'
37.5439 	EXP 	unnamed TextStim: text = 'Completely'
37.5439 	EXP 	unnamed TextStim: text = 'Not at all'
37.5873 	EXP 	unnamed TextStim: text = 'My thoughts involved future events:'
37.5873 	EXP 	unnamed TextStim: text = 'Completely'
37.5873 	EXP 	unnamed TextStim: text = 'Not at all'
37.6092 	EXP 	unnamed TextStim: text = 'My thoughts involved future events:'
37.6092 	EXP 	unnamed TextStim: text = 'Completely'
37.6092 	EXP 	unnamed TextStim: text = 'Not at all'
37.6272 	EXP 	unnamed TextStim: text = 'My thoughts involved future events:'
37.6272 	EXP 	unnamed TextStim: text = 'Completely'
37.6272 	EXP 	unnamed TextStim: text = 'Not at all'
37.6707 	EXP 	unnamed TextStim: text = 'My thoughts involved future events:'
37.6707 	EXP 	unnamed TextStim: text = 'Completely'
37.6707 	EXP 	unnamed TextStim: text = 'Not at all'
37.6926 	EXP 	unnamed TextStim: text = 'My thoughts involved future events:'
37.6926 	EXP 	unnamed TextStim: text = 'Completely'
37.6926 	EXP 	unnamed TextStim: text = 'Not at all'
37.7105 	EXP 	unnamed TextStim: text = 'My thoughts involved future events:'
37.7105 	EXP 	unnamed TextStim: text = 'Completely'
37.7105 	EXP 	unnamed TextStim: text = 'Not at all'
37.7272 	EXP 	unnamed TextStim: text = 'My thoughts involved future events:'
37.7272 	EXP 	unnamed TextStim: text = 'Completely'
37.7272 	EXP 	unnamed TextStim: text = 'Not at all'
37.7438 	EXP 	unnamed TextStim: text = 'My thoughts involved future events:'
37.7438 	EXP 	unnamed TextStim: text = 'Completely'
37.7438 	EXP 	unnamed TextStim: text = 'Not at all'
37.7605 	EXP 	unnamed TextStim: text = 'My thoughts involved future events:'
37.7605 	EXP 	unnamed TextStim: text = 'Completely'
37.7605 	EXP 	unnamed TextStim: text = 'Not at all'
37.7772 	EXP 	unnamed TextStim: text = 'My thoughts involved future events:'
37.7772 	EXP 	unnamed TextStim: text = 'Completely'
37.7772 	EXP 	unnamed TextStim: text = 'Not at all'
37.7876 	DATA 	Keypress: left
37.7938 	EXP 	unnamed TextStim: text = 'My thoughts involved future events:'
37.7938 	EXP 	unnamed TextStim: text = 'Completely'
37.7938 	EXP 	unnamed TextStim: text = 'Not at all'
37.8373 	EXP 	unnamed TextStim: text = 'My thoughts involved future events:'
37.8373 	EXP 	unnamed TextStim: text = 'Completely'
37.8373 	EXP 	unnamed TextStim: text = 'Not at all'
37.8591 	EXP 	unnamed TextStim: text = 'My thoughts involved future events:'
37.8591 	EXP 	unnamed TextStim: text = 'Completely'
37.8591 	EXP 	unnamed TextStim: text = 'Not at all'
37.8772 	EXP 	unnamed TextStim: text = 'My thoughts involved future events:'
37.8772 	EXP 	unnamed TextStim: text = 'Completely'
37.8772 	EXP 	unnamed TextStim: text = 'Not at all'
37.8938 	EXP 	unnamed TextStim: text = 'My thoughts involved future events:'
37.8938 	EXP 	unnamed TextStim: text = 'Completely'
37.8938 	EXP 	unnamed TextStim: text = 'Not at all'
37.9106 	EXP 	unnamed TextStim: text = 'My thoughts involved future events:'
37.9106 	EXP 	unnamed TextStim: text = 'Completely'
37.9106 	EXP 	unnamed TextStim: text = 'Not at all'
37.9272 	EXP 	unnamed TextStim: text = 'My thoughts involved future events:'
37.9272 	EXP 	unnamed TextStim: text = 'Completely'
37.9272 	EXP 	unnamed TextStim: text = 'Not at all'
37.9370 	DATA 	Keypress: left
37.9438 	EXP 	unnamed TextStim: text = 'My thoughts involved future events:'
37.9438 	EXP 	unnamed TextStim: text = 'Completely'
37.9438 	EXP 	unnamed TextStim: text = 'Not at all'
37.9605 	EXP 	unnamed TextStim: text = 'My thoughts involved future events:'
37.9605 	EXP 	unnamed TextStim: text = 'Completely'
37.9605 	EXP 	unnamed TextStim: text = 'Not at all'
38.0039 	EXP 	unnamed TextStim: text = 'My thoughts involved future events:'
38.0039 	EXP 	unnamed TextStim: text = 'Completely'
38.0039 	EXP 	unnamed TextStim: text = 'Not at all'
38.0259 	EXP 	unnamed TextStim: text = 'My thoughts involved future events:'
38.0259 	EXP 	unnamed TextStim: text = 'Completely'
38.0259 	EXP 	unnamed TextStim: text = 'Not at all'
38.0439 	EXP 	unnamed TextStim: text = 'My thoughts involved future events:'
38.0439 	EXP 	unnamed TextStim: text = 'Completely'
38.0439 	EXP 	unnamed TextStim: text = 'Not at all'
38.0605 	EXP 	unnamed TextStim: text = 'My thoughts involved future events:'
38.0605 	EXP 	unnamed TextStim: text = 'Completely'
38.0605 	EXP 	unnamed TextStim: text = 'Not at all'
38.0772 	EXP 	unnamed TextStim: text = 'My thoughts involved future events:'
38.0772 	EXP 	unnamed TextStim: text = 'Completely'
38.0772 	EXP 	unnamed TextStim: text = 'Not at all'
38.0866 	DATA 	Keypress: left
38.0939 	EXP 	unnamed TextStim: text = 'My thoughts involved future events:'
38.0939 	EXP 	unnamed TextStim: text = 'Completely'
38.0939 	EXP 	unnamed TextStim: text = 'Not at all'
38.1105 	EXP 	unnamed TextStim: text = 'My thoughts involved future events:'
38.1105 	EXP 	unnamed TextStim: text = 'Completely'
38.1105 	EXP 	unnamed TextStim: text = 'Not at all'
38.1271 	EXP 	unnamed TextStim: text = 'My thoughts involved future events:'
38.1271 	EXP 	unnamed TextStim: text = 'Completely'
38.1271 	EXP 	unnamed TextStim: text = 'Not at all'
38.1706 	EXP 	unnamed TextStim: text = 'My thoughts involved future events:'
38.1706 	EXP 	unnamed TextStim: text = 'Completely'
38.1706 	EXP 	unnamed TextStim: text = 'Not at all'
38.1926 	EXP 	unnamed TextStim: text = 'My thoughts involved future events:'
38.1926 	EXP 	unnamed TextStim: text = 'Completely'
38.1926 	EXP 	unnamed TextStim: text = 'Not at all'
38.2105 	EXP 	unnamed TextStim: text = 'My thoughts involved future events:'
38.2105 	EXP 	unnamed TextStim: text = 'Completely'
38.2105 	EXP 	unnamed TextStim: text = 'Not at all'
38.2272 	EXP 	unnamed TextStim: text = 'My thoughts involved future events:'
38.2272 	EXP 	unnamed TextStim: text = 'Completely'
38.2272 	EXP 	unnamed TextStim: text = 'Not at all'
38.2438 	EXP 	unnamed TextStim: text = 'My thoughts involved future events:'
38.2438 	EXP 	unnamed TextStim: text = 'Completely'
38.2438 	EXP 	unnamed TextStim: text = 'Not at all'
38.2541 	DATA 	Keypress: left
38.2605 	EXP 	unnamed TextStim: text = 'My thoughts involved future events:'
38.2605 	EXP 	unnamed TextStim: text = 'Completely'
38.2605 	EXP 	unnamed TextStim: text = 'Not at all'
38.3039 	EXP 	unnamed TextStim: text = 'My thoughts involved future events:'
38.3039 	EXP 	unnamed TextStim: text = 'Completely'
38.3039 	EXP 	unnamed TextStim: text = 'Not at all'
38.3259 	EXP 	unnamed TextStim: text = 'My thoughts involved future events:'
38.3259 	EXP 	unnamed TextStim: text = 'Completely'
38.3259 	EXP 	unnamed TextStim: text = 'Not at all'
38.3439 	EXP 	unnamed TextStim: text = 'My thoughts involved future events:'
38.3439 	EXP 	unnamed TextStim: text = 'Completely'
38.3439 	EXP 	unnamed TextStim: text = 'Not at all'
38.3605 	EXP 	unnamed TextStim: text = 'My thoughts involved future events:'
38.3605 	EXP 	unnamed TextStim: text = 'Completely'
38.3605 	EXP 	unnamed TextStim: text = 'Not at all'
38.3772 	EXP 	unnamed TextStim: text = 'My thoughts involved future events:'
38.3772 	EXP 	unnamed TextStim: text = 'Completely'
38.3772 	EXP 	unnamed TextStim: text = 'Not at all'
38.4206 	EXP 	unnamed TextStim: text = 'My thoughts involved future events:'
38.4206 	EXP 	unnamed TextStim: text = 'Completely'
38.4206 	EXP 	unnamed TextStim: text = 'Not at all'
38.4356 	DATA 	Keypress: left
38.4425 	EXP 	unnamed TextStim: text = 'My thoughts involved future events:'
38.4425 	EXP 	unnamed TextStim: text = 'Completely'
38.4425 	EXP 	unnamed TextStim: text = 'Not at all'
38.4605 	EXP 	unnamed TextStim: text = 'My thoughts involved future events:'
38.4605 	EXP 	unnamed TextStim: text = 'Completely'
38.4605 	EXP 	unnamed TextStim: text = 'Not at all'
38.4927 	EXP 	unnamed TextStim: text = 'My thoughts involved future events:'
38.4927 	EXP 	unnamed TextStim: text = 'Completely'
38.4927 	EXP 	unnamed TextStim: text = 'Not at all'
38.5243 	EXP 	unnamed TextStim: text = 'My thoughts involved future events:'
38.5243 	EXP 	unnamed TextStim: text = 'Completely'
38.5243 	EXP 	unnamed TextStim: text = 'Not at all'
38.5440 	EXP 	unnamed TextStim: text = 'My thoughts involved future events:'
38.5440 	EXP 	unnamed TextStim: text = 'Completely'
38.5440 	EXP 	unnamed TextStim: text = 'Not at all'
38.5605 	EXP 	unnamed TextStim: text = 'My thoughts involved future events:'
38.5605 	EXP 	unnamed TextStim: text = 'Completely'
38.5605 	EXP 	unnamed TextStim: text = 'Not at all'
38.5706 	DATA 	Keypress: left
38.5772 	EXP 	unnamed TextStim: text = 'My thoughts involved future events:'
38.5772 	EXP 	unnamed TextStim: text = 'Completely'
38.5772 	EXP 	unnamed TextStim: text = 'Not at all'
38.6207 	EXP 	unnamed TextStim: text = 'My thoughts involved future events:'
38.6207 	EXP 	unnamed TextStim: text = 'Completely'
38.6207 	EXP 	unnamed TextStim: text = 'Not at all'
38.6427 	EXP 	unnamed TextStim: text = 'My thoughts involved future events:'
38.6427 	EXP 	unnamed TextStim: text = 'Completely'
38.6427 	EXP 	unnamed TextStim: text = 'Not at all'
38.6606 	EXP 	unnamed TextStim: text = 'My thoughts involved future events:'
38.6606 	EXP 	unnamed TextStim: text = 'Completely'
38.6606 	EXP 	unnamed TextStim: text = 'Not at all'
38.6773 	EXP 	unnamed TextStim: text = 'My thoughts involved future events:'
38.6773 	EXP 	unnamed TextStim: text = 'Completely'
38.6773 	EXP 	unnamed TextStim: text = 'Not at all'
38.6939 	EXP 	unnamed TextStim: text = 'My thoughts involved future events:'
38.6939 	EXP 	unnamed TextStim: text = 'Completely'
38.6939 	EXP 	unnamed TextStim: text = 'Not at all'
38.7041 	DATA 	Keypress: left
38.7106 	EXP 	unnamed TextStim: text = 'My thoughts involved future events:'
38.7106 	EXP 	unnamed TextStim: text = 'Completely'
38.7106 	EXP 	unnamed TextStim: text = 'Not at all'
38.7426 	EXP 	unnamed TextStim: text = 'My thoughts involved future events:'
38.7426 	EXP 	unnamed TextStim: text = 'Completely'
38.7426 	EXP 	unnamed TextStim: text = 'Not at all'
38.7745 	EXP 	unnamed TextStim: text = 'My thoughts involved future events:'
38.7745 	EXP 	unnamed TextStim: text = 'Completely'
38.7745 	EXP 	unnamed TextStim: text = 'Not at all'
38.8208 	EXP 	unnamed TextStim: text = 'My thoughts involved future events:'
38.8208 	EXP 	unnamed TextStim: text = 'Completely'
38.8208 	EXP 	unnamed TextStim: text = 'Not at all'
38.8427 	EXP 	unnamed TextStim: text = 'My thoughts involved future events:'
38.8427 	EXP 	unnamed TextStim: text = 'Completely'
38.8427 	EXP 	unnamed TextStim: text = 'Not at all'
38.8606 	EXP 	unnamed TextStim: text = 'My thoughts involved future events:'
38.8606 	EXP 	unnamed TextStim: text = 'Completely'
38.8606 	EXP 	unnamed TextStim: text = 'Not at all'
38.8773 	EXP 	unnamed TextStim: text = 'My thoughts involved future events:'
38.8773 	EXP 	unnamed TextStim: text = 'Completely'
38.8773 	EXP 	unnamed TextStim: text = 'Not at all'
38.8939 	EXP 	unnamed TextStim: text = 'My thoughts involved future events:'
38.8939 	EXP 	unnamed TextStim: text = 'Completely'
38.8939 	EXP 	unnamed TextStim: text = 'Not at all'
38.9373 	EXP 	unnamed TextStim: text = 'My thoughts involved future events:'
38.9373 	EXP 	unnamed TextStim: text = 'Completely'
38.9373 	EXP 	unnamed TextStim: text = 'Not at all'
38.9593 	EXP 	unnamed TextStim: text = 'My thoughts involved future events:'
38.9593 	EXP 	unnamed TextStim: text = 'Completely'
38.9593 	EXP 	unnamed TextStim: text = 'Not at all'
38.9775 	EXP 	unnamed TextStim: text = 'My thoughts involved future events:'
38.9775 	EXP 	unnamed TextStim: text = 'Completely'
38.9775 	EXP 	unnamed TextStim: text = 'Not at all'
39.0093 	EXP 	unnamed TextStim: text = 'My thoughts involved future events:'
39.0093 	EXP 	unnamed TextStim: text = 'Completely'
39.0093 	EXP 	unnamed TextStim: text = 'Not at all'
39.0411 	EXP 	unnamed TextStim: text = 'My thoughts involved future events:'
39.0411 	EXP 	unnamed TextStim: text = 'Completely'
39.0411 	EXP 	unnamed TextStim: text = 'Not at all'
39.0608 	EXP 	unnamed TextStim: text = 'My thoughts involved future events:'
39.0608 	EXP 	unnamed TextStim: text = 'Completely'
39.0608 	EXP 	unnamed TextStim: text = 'Not at all'
39.0773 	EXP 	unnamed TextStim: text = 'My thoughts involved future events:'
39.0773 	EXP 	unnamed TextStim: text = 'Completely'
39.0773 	EXP 	unnamed TextStim: text = 'Not at all'
39.0940 	EXP 	unnamed TextStim: text = 'My thoughts involved future events:'
39.0940 	EXP 	unnamed TextStim: text = 'Completely'
39.0940 	EXP 	unnamed TextStim: text = 'Not at all'
39.1105 	EXP 	unnamed TextStim: text = 'My thoughts involved future events:'
39.1105 	EXP 	unnamed TextStim: text = 'Completely'
39.1105 	EXP 	unnamed TextStim: text = 'Not at all'
39.1272 	EXP 	unnamed TextStim: text = 'My thoughts involved future events:'
39.1272 	EXP 	unnamed TextStim: text = 'Completely'
39.1272 	EXP 	unnamed TextStim: text = 'Not at all'
39.1440 	EXP 	unnamed TextStim: text = 'My thoughts involved future events:'
39.1440 	EXP 	unnamed TextStim: text = 'Completely'
39.1440 	EXP 	unnamed TextStim: text = 'Not at all'
39.1606 	EXP 	unnamed TextStim: text = 'My thoughts involved future events:'
39.1606 	EXP 	unnamed TextStim: text = 'Completely'
39.1606 	EXP 	unnamed TextStim: text = 'Not at all'
39.2040 	EXP 	unnamed TextStim: text = 'My thoughts involved future events:'
39.2040 	EXP 	unnamed TextStim: text = 'Completely'
39.2040 	EXP 	unnamed TextStim: text = 'Not at all'
39.2260 	EXP 	unnamed TextStim: text = 'My thoughts involved future events:'
39.2260 	EXP 	unnamed TextStim: text = 'Completely'
39.2260 	EXP 	unnamed TextStim: text = 'Not at all'
39.2438 	EXP 	unnamed TextStim: text = 'My thoughts involved future events:'
39.2438 	EXP 	unnamed TextStim: text = 'Completely'
39.2438 	EXP 	unnamed TextStim: text = 'Not at all'
39.2605 	EXP 	unnamed TextStim: text = 'My thoughts involved future events:'
39.2605 	EXP 	unnamed TextStim: text = 'Completely'
39.2605 	EXP 	unnamed TextStim: text = 'Not at all'
39.2771 	EXP 	unnamed TextStim: text = 'My thoughts involved future events:'
39.2771 	EXP 	unnamed TextStim: text = 'Completely'
39.2771 	EXP 	unnamed TextStim: text = 'Not at all'
39.3206 	EXP 	unnamed TextStim: text = 'My thoughts involved future events:'
39.3206 	EXP 	unnamed TextStim: text = 'Completely'
39.3206 	EXP 	unnamed TextStim: text = 'Not at all'
39.3426 	EXP 	unnamed TextStim: text = 'My thoughts involved future events:'
39.3426 	EXP 	unnamed TextStim: text = 'Completely'
39.3426 	EXP 	unnamed TextStim: text = 'Not at all'
39.3607 	EXP 	unnamed TextStim: text = 'My thoughts involved future events:'
39.3607 	EXP 	unnamed TextStim: text = 'Completely'
39.3607 	EXP 	unnamed TextStim: text = 'Not at all'
39.3771 	EXP 	unnamed TextStim: text = 'My thoughts involved future events:'
39.3771 	EXP 	unnamed TextStim: text = 'Completely'
39.3771 	EXP 	unnamed TextStim: text = 'Not at all'
39.3938 	EXP 	unnamed TextStim: text = 'My thoughts involved future events:'
39.3938 	EXP 	unnamed TextStim: text = 'Completely'
39.3938 	EXP 	unnamed TextStim: text = 'Not at all'
39.4104 	EXP 	unnamed TextStim: text = 'My thoughts involved future events:'
39.4104 	EXP 	unnamed TextStim: text = 'Completely'
39.4104 	EXP 	unnamed TextStim: text = 'Not at all'
39.4272 	EXP 	unnamed TextStim: text = 'My thoughts involved future events:'
39.4272 	EXP 	unnamed TextStim: text = 'Completely'
39.4272 	EXP 	unnamed TextStim: text = 'Not at all'
39.4438 	EXP 	unnamed TextStim: text = 'My thoughts involved future events:'
39.4438 	EXP 	unnamed TextStim: text = 'Completely'
39.4438 	EXP 	unnamed TextStim: text = 'Not at all'
39.4605 	EXP 	unnamed TextStim: text = 'My thoughts involved future events:'
39.4605 	EXP 	unnamed TextStim: text = 'Completely'
39.4605 	EXP 	unnamed TextStim: text = 'Not at all'
39.4772 	EXP 	unnamed TextStim: text = 'My thoughts involved future events:'
39.4772 	EXP 	unnamed TextStim: text = 'Completely'
39.4772 	EXP 	unnamed TextStim: text = 'Not at all'
39.4937 	EXP 	unnamed TextStim: text = 'My thoughts involved future events:'
39.4937 	EXP 	unnamed TextStim: text = 'Completely'
39.4937 	EXP 	unnamed TextStim: text = 'Not at all'
39.5104 	EXP 	unnamed TextStim: text = 'My thoughts involved future events:'
39.5104 	EXP 	unnamed TextStim: text = 'Completely'
39.5104 	EXP 	unnamed TextStim: text = 'Not at all'
39.5272 	EXP 	unnamed TextStim: text = 'My thoughts involved future events:'
39.5272 	EXP 	unnamed TextStim: text = 'Completely'
39.5272 	EXP 	unnamed TextStim: text = 'Not at all'
39.5438 	EXP 	unnamed TextStim: text = 'My thoughts involved future events:'
39.5438 	EXP 	unnamed TextStim: text = 'Completely'
39.5438 	EXP 	unnamed TextStim: text = 'Not at all'
39.5604 	EXP 	unnamed TextStim: text = 'My thoughts involved future events:'
39.5604 	EXP 	unnamed TextStim: text = 'Completely'
39.5604 	EXP 	unnamed TextStim: text = 'Not at all'
39.5773 	EXP 	unnamed TextStim: text = 'My thoughts involved future events:'
39.5773 	EXP 	unnamed TextStim: text = 'Completely'
39.5773 	EXP 	unnamed TextStim: text = 'Not at all'
39.5937 	EXP 	unnamed TextStim: text = 'My thoughts involved future events:'
39.5937 	EXP 	unnamed TextStim: text = 'Completely'
39.5937 	EXP 	unnamed TextStim: text = 'Not at all'
39.6104 	EXP 	unnamed TextStim: text = 'My thoughts involved future events:'
39.6104 	EXP 	unnamed TextStim: text = 'Completely'
39.6104 	EXP 	unnamed TextStim: text = 'Not at all'
39.6271 	EXP 	unnamed TextStim: text = 'My thoughts involved future events:'
39.6271 	EXP 	unnamed TextStim: text = 'Completely'
39.6271 	EXP 	unnamed TextStim: text = 'Not at all'
39.6438 	EXP 	unnamed TextStim: text = 'My thoughts involved future events:'
39.6438 	EXP 	unnamed TextStim: text = 'Completely'
39.6438 	EXP 	unnamed TextStim: text = 'Not at all'
39.6605 	EXP 	unnamed TextStim: text = 'My thoughts involved future events:'
39.6605 	EXP 	unnamed TextStim: text = 'Completely'
39.6605 	EXP 	unnamed TextStim: text = 'Not at all'
39.6771 	EXP 	unnamed TextStim: text = 'My thoughts involved future events:'
39.6771 	EXP 	unnamed TextStim: text = 'Completely'
39.6771 	EXP 	unnamed TextStim: text = 'Not at all'
39.6937 	EXP 	unnamed TextStim: text = 'My thoughts involved future events:'
39.6937 	EXP 	unnamed TextStim: text = 'Completely'
39.6937 	EXP 	unnamed TextStim: text = 'Not at all'
39.7035 	DATA 	Keypress: return
39.7036 	DATA 	RatingScale unnamed RatingScale: (key response) rating=3.6000000000000005
39.7105 	EXP 	unnamed TextStim: text = 'My thoughts involved future events:'
39.7105 	EXP 	unnamed TextStim: text = 'Completely'
39.7105 	EXP 	unnamed TextStim: text = 'Not at all'
40.7259 	EXP 	Created instruction = TextStim(__class__=<class 'psychopy.visual.text.TextStim'>, alignHoriz=method-wrapper(...), alignText='center', alignVert=method-wrapper(...), anchorHoriz='center', anchorVert='center', antialias=True, autoLog=True, bold=False, color=array([-1., -1., -1.]), colorSpace='rgb', contrast=1.0, depth=0, flipHoriz=False, flipVert=False, font='sans', fontFiles=[], height=0.1, italic=False, languageStyle='LTR', name='instruction', opacity=1.0, ori=0.0, pos=array([0., 0.]), rgb=UNKNOWN, text='default text', units='norm', win=Window(...), wrapWidth=1)
40.7336 	EXP 	window1: mouseVisible = False
40.7437 	EXP 	Created instruction = TextStim(__class__=<class 'psychopy.visual.text.TextStim'>, alignHoriz=method-wrapper(...), alignText='center', alignVert=method-wrapper(...), anchorHoriz='center', anchorVert='center', antialias=True, autoLog=True, bold=False, color=array([-1., -1., -1.]), colorSpace='rgb', contrast=1.0, depth=0, flipHoriz=False, flipVert=False, font='sans', fontFiles=[], height=0.1, italic=False, languageStyle='LTR', name='instruction', opacity=1.0, ori=0.0, pos=array([0., 0.]), rgb=UNKNOWN, text='default text', units='norm', win=Window(...), wrapWidth=1)
40.8176 	EXP 	window1: mouseVisible = True
