40.3261 	WARNING 	Speech-to-text recognition module not available (use command `pip install SpeechRecognition` to get it. Transcription will be unavailable.
40.4202 	WARNING 	We strongly recommend you activate the PTB sound engine in PsychoPy prefs as the preferred audio engine. Its timing is vastly superior. Your prefs are currently set to use ['sounddevice', 'PTB', 'pyo', 'pygame'] (in that order).
40.4268 	WARNING 	Monitor specification not found. Creating a temporary one...
55.2824 	EXP 	window1: recordFrameIntervals = False
55.4659 	EXP 	window1: recordFrameIntervals = True
55.5082 	WARNING 	t of last frame was 8.60ms (=1/116)
55.5431 	EXP 	window1: recordFrameIntervals = False
55.9157 	EXP 	Created memoryPrompt = TextStim(__class__=<class 'psychopy.visual.text.TextStim'>, alignHoriz=method-wrapper(...), alignText='center', alignVert=method-wrapper(...), anchorHoriz='center', anchorVert='center', antialias=True, autoLog=True, bold=False, color=array([-1., -1., -1.]), colorSpace='rgb', contrast=1.0, depth=0.0, flipHoriz=False, flipVert=False, font='Open Sans', fontFiles=[], height=0.1, italic=False, languageStyle='LTR', name='memoryPrompt', opacity=1, ori=0.0, pos=array([0., 0.]), rgb=UNKNOWN, text='', units='norm', win=Window(...), wrapWidth=1)
55.9505 	EXP 	Created text = TextStim(__class__=<class 'psychopy.visual.text.TextStim'>, alignHoriz=method-wrapper(...), alignText='center', alignVert=method-wrapper(...), anchorHoriz='center', anchorVert='center', antialias=True, autoLog=True, bold=False, color=array([-1., -1., -1.]), colorSpace='rgb', contrast=1.0, depth=0.0, flipHoriz=False, flipVert=False, font='Open Sans', fontFiles=[], height=0.1, italic=False, languageStyle='LTR', name='text', opacity=1, ori=0.0, pos=array([0., 0.]), rgb=UNKNOWN, text='+', units='norm', win=Window(...), wrapWidth=1)
55.9512 	EXP 	Created sequence: random, trialTypes=1, nReps=2, seed=None
55.9517 	EXP 	New trial (rep=0, index=0): None
56.1058 	EXP 	memoryPrompt: text = 'Prompt One'
56.1058 	EXP 	memoryPrompt: autoDraw = True
60.9782 	EXP 	memoryPrompt: autoDraw = False
60.9782 	EXP 	memoryPrompt: autoDraw = False
60.9782 	EXP 	text: autoDraw = True
65.9734 	EXP 	New trial (rep=1, index=0): None
65.9922 	EXP 	text: autoDraw = False
65.9922 	EXP 	text: autoDraw = False
65.9922 	EXP 	memoryPrompt: text = 'Last week'
65.9922 	EXP 	memoryPrompt: autoDraw = True
69.1835 	DATA 	Keypress: lalt
69.8650 	DATA 	Mouse: Left button down, pos=(737,387)
69.9845 	DATA 	Mouse:  Left button up, pos=(737,387)
69.9930 	EXP 	memoryPrompt: autoDraw = False
69.9930 	EXP 	memoryPrompt: autoDraw = False
69.9930 	EXP 	text: autoDraw = True
73.9946 	EXP 	text: autoDraw = False
73.9946 	EXP 	text: autoDraw = False
