37.7971 	WARNING 	Speech-to-text recognition module not available (use command `pip install SpeechRecognition` to get it. Transcription will be unavailable.
37.8814 	WARNING 	We strongly recommend you activate the PTB sound engine in PsychoPy prefs as the preferred audio engine. Its timing is vastly superior. Your prefs are currently set to use ['sounddevice', 'PTB', 'pyo', 'pygame'] (in that order).
37.8889 	WARNING 	Monitor specification not found. Creating a temporary one...
40.0244 	EXP 	window1: recordFrameIntervals = False
40.2036 	EXP 	window1: recordFrameIntervals = True
40.2796 	EXP 	window1: recordFrameIntervals = False
40.6325 	EXP 	Created memoryPrompt = TextStim(__class__=<class 'psychopy.visual.text.TextStim'>, alignHoriz=method-wrapper(...), alignText='center', alignVert=method-wrapper(...), anchorHoriz='center', anchorVert='center', antialias=True, autoLog=True, bold=False, color=array([-1., -1., -1.]), colorSpace='rgb', contrast=1.0, depth=0.0, flipHoriz=False, flipVert=False, font='Open Sans', fontFiles=[], height=0.1, italic=False, languageStyle='LTR', name='memoryPrompt', opacity=1, ori=0.0, pos=array([0., 0.]), rgb=UNKNOWN, text='', units='norm', win=Window(...), wrapWidth=1)
40.6609 	EXP 	Created text = TextStim(__class__=<class 'psychopy.visual.text.TextStim'>, alignHoriz=method-wrapper(...), alignText='center', alignVert=method-wrapper(...), anchorHoriz='center', anchorVert='center', antialias=True, autoLog=True, bold=False, color=array([-1., -1., -1.]), colorSpace='rgb', contrast=1.0, depth=0.0, flipHoriz=False, flipVert=False, font='Open Sans', fontFiles=[], height=0.1, italic=False, languageStyle='LTR', name='text', opacity=1, ori=0.0, pos=array([0., 0.]), rgb=UNKNOWN, text='+', units='norm', win=Window(...), wrapWidth=1)
40.6616 	EXP 	Created sequence: random, trialTypes=1, nReps=2, seed=None
40.6619 	EXP 	New trial (rep=0, index=0): None
40.7098 	EXP 	memoryPrompt: text = 'Prompt One'
40.7098 	EXP 	memoryPrompt: autoDraw = True
45.6815 	EXP 	memoryPrompt: autoDraw = False
45.6815 	EXP 	memoryPrompt: autoDraw = False
45.6815 	EXP 	text: autoDraw = True
50.6812 	EXP 	New trial (rep=1, index=0): None
50.6956 	EXP 	text: autoDraw = False
50.6956 	EXP 	text: autoDraw = False
50.6956 	EXP 	memoryPrompt: text = 'Last week'
50.6956 	EXP 	memoryPrompt: autoDraw = True
55.6958 	EXP 	memoryPrompt: autoDraw = False
55.6958 	EXP 	memoryPrompt: autoDraw = False
55.6958 	EXP 	text: autoDraw = True
60.7058 	EXP 	text: autoDraw = False
60.7058 	EXP 	text: autoDraw = False
