36.2801 	WARNING 	Speech-to-text recognition module not available (use command `pip install SpeechRecognition` to get it. Transcription will be unavailable.
36.3513 	WARNING 	We strongly recommend you activate the PTB sound engine in PsychoPy prefs as the preferred audio engine. Its timing is vastly superior. Your prefs are currently set to use ['sounddevice', 'PTB', 'pyo', 'pygame'] (in that order).
36.3584 	WARNING 	Monitor specification not found. Creating a temporary one...
61.4108 	EXP 	window1: recordFrameIntervals = False
61.5730 	EXP 	window1: recordFrameIntervals = True
61.6483 	EXP 	window1: recordFrameIntervals = False
62.0019 	EXP 	Created memoryPrompt = TextStim(__class__=<class 'psychopy.visual.text.TextStim'>, alignHoriz=method-wrapper(...), alignText='center', alignVert=method-wrapper(...), anchorHoriz='center', anchorVert='center', antialias=True, autoLog=True, bold=False, color=array([-1., -1., -1.]), colorSpace='rgb', contrast=1.0, depth=0.0, flipHoriz=False, flipVert=False, font='Open Sans', fontFiles=[], height=0.1, italic=False, languageStyle='LTR', name='memoryPrompt', opacity=1, ori=0.0, pos=array([0., 0.]), rgb=UNKNOWN, text='', units='norm', win=Window(...), wrapWidth=1)
62.0332 	EXP 	Created text = TextStim(__class__=<class 'psychopy.visual.text.TextStim'>, alignHoriz=method-wrapper(...), alignText='center', alignVert=method-wrapper(...), anchorHoriz='center', anchorVert='center', antialias=True, autoLog=True, bold=False, color=array([-1., -1., -1.]), colorSpace='rgb', contrast=1.0, depth=0.0, flipHoriz=False, flipVert=False, font='Open Sans', fontFiles=[], height=0.1, italic=False, languageStyle='LTR', name='text', opacity=1, ori=0.0, pos=array([0., 0.]), rgb=UNKNOWN, text='+', units='norm', win=Window(...), wrapWidth=1)
62.0339 	EXP 	Created sequence: random, trialTypes=1, nReps=2, seed=None
62.0343 	EXP 	New trial (rep=0, index=0): None
62.1742 	EXP 	memoryPrompt: text = 'Prompt One'
62.1742 	EXP 	memoryPrompt: autoDraw = True
66.0569 	EXP 	memoryPrompt: autoDraw = False
66.0569 	EXP 	memoryPrompt: autoDraw = False
66.0569 	EXP 	text: autoDraw = True
70.0609 	EXP 	New trial (rep=1, index=0): None
70.0784 	EXP 	text: autoDraw = False
70.0784 	EXP 	text: autoDraw = False
70.0784 	EXP 	memoryPrompt: text = 'Last week'
70.0784 	EXP 	memoryPrompt: autoDraw = True
74.0778 	EXP 	memoryPrompt: autoDraw = False
74.0778 	EXP 	memoryPrompt: autoDraw = False
74.0778 	EXP 	text: autoDraw = True
78.0791 	EXP 	text: autoDraw = False
78.0791 	EXP 	text: autoDraw = False
