36.5735 	WARNING 	Speech-to-text recognition module not available (use command `pip install SpeechRecognition` to get it. Transcription will be unavailable.
36.6469 	WARNING 	We strongly recommend you activate the PTB sound engine in PsychoPy prefs as the preferred audio engine. Its timing is vastly superior. Your prefs are currently set to use ['sounddevice', 'PTB', 'pyo', 'pygame'] (in that order).
36.6572 	WARNING 	Monitor specification not found. Creating a temporary one...
46.8439 	EXP 	window1: recordFrameIntervals = False
47.0295 	EXP 	window1: recordFrameIntervals = True
47.1060 	EXP 	window1: recordFrameIntervals = False
47.4996 	EXP 	Created text_2 = TextStim(__class__=<class 'psychopy.visual.text.TextStim'>, alignHoriz=method-wrapper(...), alignText='center', alignVert=method-wrapper(...), anchorHoriz='center', anchorVert='center', antialias=True, autoLog=True, bold=False, color=array([-1., -1., -1.]), colorSpace='rgb', contrast=1.0, depth=0.0, flipHoriz=False, flipVert=False, font='Open Sans', fontFiles=[], height=0.1, italic=False, languageStyle='LTR', name='text_2', opacity=1, ori=0.0, pos=array([0., 0.]), rgb=UNKNOWN, text='Insert text here', units='norm', win=Window(...), wrapWidth=1)
47.5029 	EXP 	Created memoryPrompt = TextStim(__class__=<class 'psychopy.visual.text.TextStim'>, alignHoriz=method-wrapper(...), alignText='center', alignVert=method-wrapper(...), anchorHoriz='center', anchorVert='center', antialias=True, autoLog=True, bold=False, color=array([-1., -1., -1.]), colorSpace='rgb', contrast=1.0, depth=0.0, flipHoriz=False, flipVert=False, font='Open Sans', fontFiles=[], height=0.1, italic=False, languageStyle='LTR', name='memoryPrompt', opacity=1, ori=0.0, pos=array([0., 0.]), rgb=UNKNOWN, text='', units='norm', win=Window(...), wrapWidth=1)
47.5266 	EXP 	Created text = TextStim(__class__=<class 'psychopy.visual.text.TextStim'>, alignHoriz=method-wrapper(...), alignText='center', alignVert=method-wrapper(...), anchorHoriz='center', anchorVert='center', antialias=True, autoLog=True, bold=False, color=array([-1., -1., -1.]), colorSpace='rgb', contrast=1.0, depth=0.0, flipHoriz=False, flipVert=False, font='Open Sans', fontFiles=[], height=0.1, italic=False, languageStyle='LTR', name='text', opacity=1, ori=0.0, pos=array([0., 0.]), rgb=UNKNOWN, text='+', units='norm', win=Window(...), wrapWidth=1)
47.5474 	EXP 	Created text_3 = TextStim(__class__=<class 'psychopy.visual.text.TextStim'>, alignHoriz=method-wrapper(...), alignText='center', alignVert=method-wrapper(...), anchorHoriz='center', anchorVert='center', antialias=True, autoLog=True, bold=False, color=array([-1., -1., -1.]), colorSpace='rgb', contrast=1.0, depth=0.0, flipHoriz=False, flipVert=False, font='Open Sans', fontFiles=[], height=0.1, italic=False, languageStyle='LTR', name='text_3', opacity=1, ori=0.0, pos=array([0., 0.]), rgb=UNKNOWN, text=str(...), units='norm', win=Window(...), wrapWidth=1)
47.5509 	EXP 	Created text = TextStim(__class__=<class 'psychopy.visual.text.TextStim'>, alignHoriz=method-wrapper(...), alignText='center', alignVert=method-wrapper(...), anchorHoriz='center', anchorVert='center', antialias=True, autoLog=True, bold=False, color=array([-1., -1., -1.]), colorSpace='rgb', contrast=1.0, depth=0.0, flipHoriz=False, flipVert=False, font='Open Sans', fontFiles=[], height=0.1, italic=False, languageStyle='LTR', name='text', opacity=1, ori=0.0, pos=array([0., 0.]), rgb=UNKNOWN, text='+', units='norm', win=Window(...), wrapWidth=1)
47.5580 	EXP 	Created text_4 = TextStim(__class__=<class 'psychopy.visual.text.TextStim'>, alignHoriz=method-wrapper(...), alignText='center', alignVert=method-wrapper(...), anchorHoriz='center', anchorVert='center', antialias=True, autoLog=True, bold=False, color=array([-1., -1., -1.]), colorSpace='rgb', contrast=1.0, depth=0.0, flipHoriz=False, flipVert=False, font='Open Sans', fontFiles=[], height=0.1, italic=False, languageStyle='LTR', name='text_4', opacity=1, ori=0.0, pos=array([0., 0.]), rgb=UNKNOWN, text='You may now stop.', units='norm', win=Window(...), wrapWidth=1)
47.5694 	EXP 	textbox: autoLog = True
47.5694 	EXP 	text_2: autoDraw = True
48.8370 	EXP 	Created sequence: random, trialTypes=1, nReps=1, seed=None
48.8373 	EXP 	New trial (rep=0, index=0): None
48.8536 	DATA 	Keypress: return
48.8618 	EXP 	text_2: autoDraw = False
48.8618 	EXP 	memoryPrompt: text = 'Prompt One'
48.8618 	EXP 	memoryPrompt: autoDraw = True
48.8618 	EXP 	textbox: autoDraw = True
50.1378 	DATA 	Keypress: backspace
50.3613 	DATA 	Keypress: backspace
50.5335 	DATA 	Keypress: backspace
50.7009 	DATA 	Keypress: backspace
50.8380 	DATA 	Keypress: backspace
52.2281 	DATA 	Keypress: f
52.2776 	DATA 	Keypress: b
52.3411 	DATA 	Keypress: j
52.3432 	DATA 	Keypress: h
52.3439 	DATA 	Keypress: i
52.3472 	DATA 	Keypress: d
52.3502 	DATA 	Keypress: a
52.4517 	DATA 	Keypress: f
52.4634 	DATA 	Keypress: b
52.5560 	DATA 	Keypress: d
52.5705 	DATA 	Keypress: u
52.5732 	DATA 	Keypress: a
52.5740 	DATA 	Keypress: h
52.5753 	DATA 	Keypress: s
52.6934 	DATA 	Keypress: b
52.7775 	DATA 	Keypress: a
52.7784 	DATA 	Keypress: s
52.7924 	DATA 	Keypress: h
52.8609 	DATA 	Keypress: d
52.8831 	DATA 	Keypress: b
52.9379 	DATA 	Keypress: s
52.9515 	DATA 	Keypress: a
53.2988 	DATA 	Keypress: return
53.3055 	EXP 	memoryPrompt: autoDraw = False
53.3055 	EXP 	textbox: autoDraw = False
53.3055 	EXP 	text: autoDraw = True
55.1642 	DATA 	Mouse: Left button down, pos=(743,331)
55.2534 	DATA 	Mouse:  Left button up, pos=(743,331)
58.3207 	EXP 	text: autoDraw = False
58.3207 	EXP 	text: autoDraw = False
58.3207 	EXP 	text_3: text = 'Press return when you are ready to remember:\n\nfbjhidafbduahsbashdbsa\n'
58.3207 	EXP 	text_3: autoDraw = True
60.2503 	DATA 	Keypress: return
60.2574 	EXP 	text_3: autoDraw = False
60.2574 	EXP 	text: autoDraw = True
65.2589 	EXP 	text: autoDraw = False
65.2589 	EXP 	text: autoDraw = False
65.2589 	EXP 	text_4: autoDraw = True
66.5171 	DATA 	Keypress: return
68.9683 	DATA 	Keypress: return
69.3097 	DATA 	Keypress: return
69.6023 	DATA 	Mouse: Left button down, pos=(763,380)
69.6913 	DATA 	Mouse:  Left button up, pos=(763,380)
69.8296 	DATA 	Keypress: return
70.1632 	DATA 	Keypress: return
70.2588 	EXP 	text_4: autoDraw = False
70.2588 	EXP 	text_4: autoDraw = False
70.2863 	EXP 	Created instruction = TextStim(__class__=<class 'psychopy.visual.text.TextStim'>, alignHoriz=method-wrapper(...), alignText='center', alignVert=method-wrapper(...), anchorHoriz='center', anchorVert='center', antialias=True, autoLog=True, bold=False, color=array([-1., -1., -1.]), colorSpace='rgb', contrast=1.0, depth=0, flipHoriz=False, flipVert=False, font='sans', fontFiles=[], height=0.1, italic=False, languageStyle='LTR', name='instruction', opacity=1.0, ori=0.0, pos=array([0., 0.]), rgb=UNKNOWN, text='default text', units='norm', win=Window(...), wrapWidth=1)
70.3274 	EXP 	instruction: text = 'Please answer the questions honestly.\n\nA list of descriptions and a rating scale ranging from 1 to 10 will be presented on the screen.\n\nPlease use the left and right arrow keys to select your answer, and the enter button to confirm.'
78.6206 	DATA 	Mouse: Left button down, pos=(707,436)
78.7098 	DATA 	Mouse:  Left button up, pos=(707,436)
78.8343 	DATA 	Keypress: return
78.8669 	EXP 	Imported c:\Users\Ian\Documents\GitHub\THINCLabTestRepo\TaskFiles\taskScripts//resources//ESQ//ESQ_Questions.csv as conditions, 14 conditions, 4 params
78.8674 	EXP 	Created sequence: sequential, trialTypes=14, nReps=1, seed=None
78.9941 	WARNING 	RatingScale unnamed RatingScale: len(labels) not equal to len(tickMarks)
78.9942 	EXP 	window1: mouseVisible = True
79.0348 	EXP 	Created unnamed RatingScale = RatingScale(__class__=type(...), acceptKeys=['return'], acceptPreText=UNKNOWN, acceptSize=UNKNOWN, acceptText='accept?', autoLog=True, choices=False, colorSpace='rgb', depth=0, disappear=False, flipVert=False, high=10, kwargs=UNKNOWN, labels=list(...), leftKeys=['left'], lineColor='black', low=1, marker=ShapeStim(...), markerColor='black', markerExpansion=UNKNOWN, markerStart=4.5, maxTime=0.0, minTime=0.4, mouseOnly=False, name='unnamed RatingScale', noMouse=False, pos=[0.0, -0.4], precision=10, respKeys=[], rightKeys=['right'], scale=False, self=UNKNOWN, showAccept=True, showValue=True, singleClick=False, size=0.6, skipKeys=['tab'], stretch=1.0, textColor='black', textFont='Helvetica Bold', textSize=0.12, tickHeight=1.0, tickMarks=9.0, win=Window(...))
79.0374 	EXP 	Created unnamed TextStim = TextStim(__class__=<class 'psychopy.visual.text.TextStim'>, alignHoriz=method-wrapper(...), alignText='center', alignVert=method-wrapper(...), anchorHoriz='center', anchorVert='top', antialias=True, autoLog=True, bold=False, color=array([-1., -1., -1.]), colorSpace='rgb', contrast=1.0, depth=0, flipHoriz=False, flipVert=False, font='', fontFiles=[], height=0.1, italic=False, languageStyle='LTR', name='unnamed TextStim', opacity=1.0, ori=0.0, pos=array([0., 0.]), rgb=UNKNOWN, text='', units='norm', win=Window(...), wrapWidth=1)
79.0395 	EXP 	Created unnamed TextStim = TextStim(__class__=<class 'psychopy.visual.text.TextStim'>, alignHoriz=method-wrapper(...), alignText='center', alignVert=method-wrapper(...), anchorHoriz='center', anchorVert='center', antialias=True, autoLog=True, bold=False, color=array([-1., -1., -1.]), colorSpace='rgb', contrast=1.0, depth=0, flipHoriz=False, flipVert=False, font='', fontFiles=[], height=0.1, italic=False, languageStyle='LTR', name='unnamed TextStim', opacity=1.0, ori=0.0, pos=array([ 0.5, -0.5]), rgb=UNKNOWN, text='', units='norm', win=Window(...), wrapWidth=1)
79.0416 	EXP 	Created unnamed TextStim = TextStim(__class__=<class 'psychopy.visual.text.TextStim'>, alignHoriz=method-wrapper(...), alignText='center', alignVert=method-wrapper(...), anchorHoriz='center', anchorVert='center', antialias=True, autoLog=True, bold=False, color=array([-1., -1., -1.]), colorSpace='rgb', contrast=1.0, depth=0, flipHoriz=False, flipVert=False, font='', fontFiles=[], height=0.1, italic=False, languageStyle='LTR', name='unnamed TextStim', opacity=1.0, ori=0.0, pos=array([-0.5, -0.5]), rgb=UNKNOWN, text='', units='norm', win=Window(...), wrapWidth=1)
79.0418 	EXP 	New trial (rep=0, index=0): OrderedDict([('Questions', 'My thoughts were focused on an external task or activity:'), ('Label', 'Focus'), ('Scale_low', 'Not at all'), ('Scale_high', 'Completely')])
79.0924 	EXP 	unnamed RatingScale: flipVert = False
79.0924 	EXP 	unnamed RatingScale: autoLog = True
79.0924 	EXP 	unnamed TextStim: text = 'My thoughts were focused on an external task or activity:'
79.0924 	EXP 	unnamed TextStim: text = 'Completely'
79.0924 	EXP 	unnamed TextStim: text = 'Not at all'
79.1065 	EXP 	unnamed TextStim: text = 'My thoughts were focused on an external task or activity:'
79.1065 	EXP 	unnamed TextStim: text = 'Completely'
79.1065 	EXP 	unnamed TextStim: text = 'Not at all'
79.1202 	EXP 	unnamed TextStim: text = 'My thoughts were focused on an external task or activity:'
79.1202 	EXP 	unnamed TextStim: text = 'Completely'
79.1202 	EXP 	unnamed TextStim: text = 'Not at all'
79.1324 	EXP 	unnamed TextStim: text = 'My thoughts were focused on an external task or activity:'
79.1324 	EXP 	unnamed TextStim: text = 'Completely'
79.1324 	EXP 	unnamed TextStim: text = 'Not at all'
79.1462 	EXP 	unnamed TextStim: text = 'My thoughts were focused on an external task or activity:'
79.1462 	EXP 	unnamed TextStim: text = 'Completely'
79.1462 	EXP 	unnamed TextStim: text = 'Not at all'
79.1600 	EXP 	unnamed TextStim: text = 'My thoughts were focused on an external task or activity:'
79.1600 	EXP 	unnamed TextStim: text = 'Completely'
79.1600 	EXP 	unnamed TextStim: text = 'Not at all'
79.1739 	EXP 	unnamed TextStim: text = 'My thoughts were focused on an external task or activity:'
79.1739 	EXP 	unnamed TextStim: text = 'Completely'
79.1739 	EXP 	unnamed TextStim: text = 'Not at all'
79.1877 	EXP 	unnamed TextStim: text = 'My thoughts were focused on an external task or activity:'
79.1877 	EXP 	unnamed TextStim: text = 'Completely'
79.1877 	EXP 	unnamed TextStim: text = 'Not at all'
79.2017 	EXP 	unnamed TextStim: text = 'My thoughts were focused on an external task or activity:'
79.2017 	EXP 	unnamed TextStim: text = 'Completely'
79.2017 	EXP 	unnamed TextStim: text = 'Not at all'
79.2155 	EXP 	unnamed TextStim: text = 'My thoughts were focused on an external task or activity:'
79.2155 	EXP 	unnamed TextStim: text = 'Completely'
79.2155 	EXP 	unnamed TextStim: text = 'Not at all'
79.2299 	EXP 	unnamed TextStim: text = 'My thoughts were focused on an external task or activity:'
79.2299 	EXP 	unnamed TextStim: text = 'Completely'
79.2299 	EXP 	unnamed TextStim: text = 'Not at all'
79.2437 	EXP 	unnamed TextStim: text = 'My thoughts were focused on an external task or activity:'
79.2437 	EXP 	unnamed TextStim: text = 'Completely'
79.2437 	EXP 	unnamed TextStim: text = 'Not at all'
79.2573 	EXP 	unnamed TextStim: text = 'My thoughts were focused on an external task or activity:'
79.2573 	EXP 	unnamed TextStim: text = 'Completely'
79.2573 	EXP 	unnamed TextStim: text = 'Not at all'
79.2711 	EXP 	unnamed TextStim: text = 'My thoughts were focused on an external task or activity:'
79.2711 	EXP 	unnamed TextStim: text = 'Completely'
79.2711 	EXP 	unnamed TextStim: text = 'Not at all'
79.2856 	EXP 	unnamed TextStim: text = 'My thoughts were focused on an external task or activity:'
79.2856 	EXP 	unnamed TextStim: text = 'Completely'
79.2856 	EXP 	unnamed TextStim: text = 'Not at all'
79.2995 	EXP 	unnamed TextStim: text = 'My thoughts were focused on an external task or activity:'
79.2995 	EXP 	unnamed TextStim: text = 'Completely'
79.2995 	EXP 	unnamed TextStim: text = 'Not at all'
79.3129 	EXP 	unnamed TextStim: text = 'My thoughts were focused on an external task or activity:'
79.3129 	EXP 	unnamed TextStim: text = 'Completely'
79.3129 	EXP 	unnamed TextStim: text = 'Not at all'
79.3268 	EXP 	unnamed TextStim: text = 'My thoughts were focused on an external task or activity:'
79.3268 	EXP 	unnamed TextStim: text = 'Completely'
79.3268 	EXP 	unnamed TextStim: text = 'Not at all'
79.3410 	EXP 	unnamed TextStim: text = 'My thoughts were focused on an external task or activity:'
79.3410 	EXP 	unnamed TextStim: text = 'Completely'
79.3410 	EXP 	unnamed TextStim: text = 'Not at all'
79.3509 	DATA 	Keypress: return
79.3551 	EXP 	unnamed TextStim: text = 'My thoughts were focused on an external task or activity:'
79.3551 	EXP 	unnamed TextStim: text = 'Completely'
79.3551 	EXP 	unnamed TextStim: text = 'Not at all'
79.3688 	EXP 	unnamed TextStim: text = 'My thoughts were focused on an external task or activity:'
79.3688 	EXP 	unnamed TextStim: text = 'Completely'
79.3688 	EXP 	unnamed TextStim: text = 'Not at all'
79.3822 	EXP 	unnamed TextStim: text = 'My thoughts were focused on an external task or activity:'
79.3822 	EXP 	unnamed TextStim: text = 'Completely'
79.3822 	EXP 	unnamed TextStim: text = 'Not at all'
79.3966 	EXP 	unnamed TextStim: text = 'My thoughts were focused on an external task or activity:'
79.3966 	EXP 	unnamed TextStim: text = 'Completely'
79.3966 	EXP 	unnamed TextStim: text = 'Not at all'
79.4104 	EXP 	unnamed TextStim: text = 'My thoughts were focused on an external task or activity:'
79.4104 	EXP 	unnamed TextStim: text = 'Completely'
79.4104 	EXP 	unnamed TextStim: text = 'Not at all'
79.4243 	EXP 	unnamed TextStim: text = 'My thoughts were focused on an external task or activity:'
79.4243 	EXP 	unnamed TextStim: text = 'Completely'
79.4243 	EXP 	unnamed TextStim: text = 'Not at all'
79.4383 	EXP 	unnamed TextStim: text = 'My thoughts were focused on an external task or activity:'
79.4383 	EXP 	unnamed TextStim: text = 'Completely'
79.4383 	EXP 	unnamed TextStim: text = 'Not at all'
79.4523 	EXP 	unnamed TextStim: text = 'My thoughts were focused on an external task or activity:'
79.4523 	EXP 	unnamed TextStim: text = 'Completely'
79.4523 	EXP 	unnamed TextStim: text = 'Not at all'
79.4663 	EXP 	unnamed TextStim: text = 'My thoughts were focused on an external task or activity:'
79.4663 	EXP 	unnamed TextStim: text = 'Completely'
79.4663 	EXP 	unnamed TextStim: text = 'Not at all'
79.4801 	EXP 	unnamed TextStim: text = 'My thoughts were focused on an external task or activity:'
79.4801 	EXP 	unnamed TextStim: text = 'Completely'
79.4801 	EXP 	unnamed TextStim: text = 'Not at all'
79.4940 	EXP 	unnamed TextStim: text = 'My thoughts were focused on an external task or activity:'
79.4940 	EXP 	unnamed TextStim: text = 'Completely'
79.4940 	EXP 	unnamed TextStim: text = 'Not at all'
79.5078 	EXP 	unnamed TextStim: text = 'My thoughts were focused on an external task or activity:'
79.5078 	EXP 	unnamed TextStim: text = 'Completely'
79.5078 	EXP 	unnamed TextStim: text = 'Not at all'
79.5286 	EXP 	unnamed TextStim: text = 'My thoughts were focused on an external task or activity:'
79.5286 	EXP 	unnamed TextStim: text = 'Completely'
79.5286 	EXP 	unnamed TextStim: text = 'Not at all'
79.5425 	EXP 	unnamed TextStim: text = 'My thoughts were focused on an external task or activity:'
79.5425 	EXP 	unnamed TextStim: text = 'Completely'
79.5425 	EXP 	unnamed TextStim: text = 'Not at all'
79.5568 	EXP 	unnamed TextStim: text = 'My thoughts were focused on an external task or activity:'
79.5568 	EXP 	unnamed TextStim: text = 'Completely'
79.5568 	EXP 	unnamed TextStim: text = 'Not at all'
79.5701 	EXP 	unnamed TextStim: text = 'My thoughts were focused on an external task or activity:'
79.5701 	EXP 	unnamed TextStim: text = 'Completely'
79.5701 	EXP 	unnamed TextStim: text = 'Not at all'
79.5847 	EXP 	unnamed TextStim: text = 'My thoughts were focused on an external task or activity:'
79.5847 	EXP 	unnamed TextStim: text = 'Completely'
79.5847 	EXP 	unnamed TextStim: text = 'Not at all'
79.5977 	EXP 	unnamed TextStim: text = 'My thoughts were focused on an external task or activity:'
79.5977 	EXP 	unnamed TextStim: text = 'Completely'
79.5977 	EXP 	unnamed TextStim: text = 'Not at all'
79.6125 	EXP 	unnamed TextStim: text = 'My thoughts were focused on an external task or activity:'
79.6125 	EXP 	unnamed TextStim: text = 'Completely'
79.6125 	EXP 	unnamed TextStim: text = 'Not at all'
79.6257 	EXP 	unnamed TextStim: text = 'My thoughts were focused on an external task or activity:'
79.6257 	EXP 	unnamed TextStim: text = 'Completely'
79.6257 	EXP 	unnamed TextStim: text = 'Not at all'
79.6396 	EXP 	unnamed TextStim: text = 'My thoughts were focused on an external task or activity:'
79.6396 	EXP 	unnamed TextStim: text = 'Completely'
79.6396 	EXP 	unnamed TextStim: text = 'Not at all'
79.6543 	EXP 	unnamed TextStim: text = 'My thoughts were focused on an external task or activity:'
79.6543 	EXP 	unnamed TextStim: text = 'Completely'
79.6543 	EXP 	unnamed TextStim: text = 'Not at all'
79.6674 	EXP 	unnamed TextStim: text = 'My thoughts were focused on an external task or activity:'
79.6674 	EXP 	unnamed TextStim: text = 'Completely'
79.6674 	EXP 	unnamed TextStim: text = 'Not at all'
79.6819 	EXP 	unnamed TextStim: text = 'My thoughts were focused on an external task or activity:'
79.6819 	EXP 	unnamed TextStim: text = 'Completely'
79.6819 	EXP 	unnamed TextStim: text = 'Not at all'
79.6953 	EXP 	unnamed TextStim: text = 'My thoughts were focused on an external task or activity:'
79.6953 	EXP 	unnamed TextStim: text = 'Completely'
79.6953 	EXP 	unnamed TextStim: text = 'Not at all'
79.7091 	EXP 	unnamed TextStim: text = 'My thoughts were focused on an external task or activity:'
79.7091 	EXP 	unnamed TextStim: text = 'Completely'
79.7091 	EXP 	unnamed TextStim: text = 'Not at all'
79.7237 	EXP 	unnamed TextStim: text = 'My thoughts were focused on an external task or activity:'
79.7237 	EXP 	unnamed TextStim: text = 'Completely'
79.7237 	EXP 	unnamed TextStim: text = 'Not at all'
79.7365 	EXP 	unnamed TextStim: text = 'My thoughts were focused on an external task or activity:'
79.7365 	EXP 	unnamed TextStim: text = 'Completely'
79.7365 	EXP 	unnamed TextStim: text = 'Not at all'
79.7511 	EXP 	unnamed TextStim: text = 'My thoughts were focused on an external task or activity:'
79.7511 	EXP 	unnamed TextStim: text = 'Completely'
79.7511 	EXP 	unnamed TextStim: text = 'Not at all'
79.7644 	EXP 	unnamed TextStim: text = 'My thoughts were focused on an external task or activity:'
79.7644 	EXP 	unnamed TextStim: text = 'Completely'
79.7644 	EXP 	unnamed TextStim: text = 'Not at all'
79.7788 	EXP 	unnamed TextStim: text = 'My thoughts were focused on an external task or activity:'
79.7788 	EXP 	unnamed TextStim: text = 'Completely'
79.7788 	EXP 	unnamed TextStim: text = 'Not at all'
79.7924 	EXP 	unnamed TextStim: text = 'My thoughts were focused on an external task or activity:'
79.7924 	EXP 	unnamed TextStim: text = 'Completely'
79.7924 	EXP 	unnamed TextStim: text = 'Not at all'
79.8060 	EXP 	unnamed TextStim: text = 'My thoughts were focused on an external task or activity:'
79.8060 	EXP 	unnamed TextStim: text = 'Completely'
79.8060 	EXP 	unnamed TextStim: text = 'Not at all'
79.8211 	EXP 	unnamed TextStim: text = 'My thoughts were focused on an external task or activity:'
79.8211 	EXP 	unnamed TextStim: text = 'Completely'
79.8211 	EXP 	unnamed TextStim: text = 'Not at all'
79.8338 	EXP 	unnamed TextStim: text = 'My thoughts were focused on an external task or activity:'
79.8338 	EXP 	unnamed TextStim: text = 'Completely'
79.8338 	EXP 	unnamed TextStim: text = 'Not at all'
79.8475 	EXP 	unnamed TextStim: text = 'My thoughts were focused on an external task or activity:'
79.8475 	EXP 	unnamed TextStim: text = 'Completely'
79.8475 	EXP 	unnamed TextStim: text = 'Not at all'
79.8614 	EXP 	unnamed TextStim: text = 'My thoughts were focused on an external task or activity:'
79.8614 	EXP 	unnamed TextStim: text = 'Completely'
79.8614 	EXP 	unnamed TextStim: text = 'Not at all'
79.8754 	EXP 	unnamed TextStim: text = 'My thoughts were focused on an external task or activity:'
79.8754 	EXP 	unnamed TextStim: text = 'Completely'
79.8754 	EXP 	unnamed TextStim: text = 'Not at all'
79.8904 	EXP 	unnamed TextStim: text = 'My thoughts were focused on an external task or activity:'
79.8904 	EXP 	unnamed TextStim: text = 'Completely'
79.8904 	EXP 	unnamed TextStim: text = 'Not at all'
79.9032 	EXP 	unnamed TextStim: text = 'My thoughts were focused on an external task or activity:'
79.9032 	EXP 	unnamed TextStim: text = 'Completely'
79.9032 	EXP 	unnamed TextStim: text = 'Not at all'
79.9176 	EXP 	unnamed TextStim: text = 'My thoughts were focused on an external task or activity:'
79.9176 	EXP 	unnamed TextStim: text = 'Completely'
79.9176 	EXP 	unnamed TextStim: text = 'Not at all'
79.9310 	EXP 	unnamed TextStim: text = 'My thoughts were focused on an external task or activity:'
79.9310 	EXP 	unnamed TextStim: text = 'Completely'
79.9310 	EXP 	unnamed TextStim: text = 'Not at all'
79.9455 	EXP 	unnamed TextStim: text = 'My thoughts were focused on an external task or activity:'
79.9455 	EXP 	unnamed TextStim: text = 'Completely'
79.9455 	EXP 	unnamed TextStim: text = 'Not at all'
79.9587 	EXP 	unnamed TextStim: text = 'My thoughts were focused on an external task or activity:'
79.9587 	EXP 	unnamed TextStim: text = 'Completely'
79.9587 	EXP 	unnamed TextStim: text = 'Not at all'
79.9726 	EXP 	unnamed TextStim: text = 'My thoughts were focused on an external task or activity:'
79.9726 	EXP 	unnamed TextStim: text = 'Completely'
79.9726 	EXP 	unnamed TextStim: text = 'Not at all'
79.9877 	EXP 	unnamed TextStim: text = 'My thoughts were focused on an external task or activity:'
79.9877 	EXP 	unnamed TextStim: text = 'Completely'
79.9877 	EXP 	unnamed TextStim: text = 'Not at all'
80.0005 	EXP 	unnamed TextStim: text = 'My thoughts were focused on an external task or activity:'
80.0005 	EXP 	unnamed TextStim: text = 'Completely'
80.0005 	EXP 	unnamed TextStim: text = 'Not at all'
80.0150 	EXP 	unnamed TextStim: text = 'My thoughts were focused on an external task or activity:'
80.0150 	EXP 	unnamed TextStim: text = 'Completely'
80.0150 	EXP 	unnamed TextStim: text = 'Not at all'
80.0282 	EXP 	unnamed TextStim: text = 'My thoughts were focused on an external task or activity:'
80.0282 	EXP 	unnamed TextStim: text = 'Completely'
80.0282 	EXP 	unnamed TextStim: text = 'Not at all'
80.0420 	EXP 	unnamed TextStim: text = 'My thoughts were focused on an external task or activity:'
80.0420 	EXP 	unnamed TextStim: text = 'Completely'
80.0420 	EXP 	unnamed TextStim: text = 'Not at all'
80.0569 	EXP 	unnamed TextStim: text = 'My thoughts were focused on an external task or activity:'
80.0569 	EXP 	unnamed TextStim: text = 'Completely'
80.0569 	EXP 	unnamed TextStim: text = 'Not at all'
80.0699 	EXP 	unnamed TextStim: text = 'My thoughts were focused on an external task or activity:'
80.0699 	EXP 	unnamed TextStim: text = 'Completely'
80.0699 	EXP 	unnamed TextStim: text = 'Not at all'
80.0838 	EXP 	unnamed TextStim: text = 'My thoughts were focused on an external task or activity:'
80.0838 	EXP 	unnamed TextStim: text = 'Completely'
80.0838 	EXP 	unnamed TextStim: text = 'Not at all'
80.0975 	EXP 	unnamed TextStim: text = 'My thoughts were focused on an external task or activity:'
80.0975 	EXP 	unnamed TextStim: text = 'Completely'
80.0975 	EXP 	unnamed TextStim: text = 'Not at all'
80.1114 	EXP 	unnamed TextStim: text = 'My thoughts were focused on an external task or activity:'
80.1114 	EXP 	unnamed TextStim: text = 'Completely'
80.1114 	EXP 	unnamed TextStim: text = 'Not at all'
80.1254 	EXP 	unnamed TextStim: text = 'My thoughts were focused on an external task or activity:'
80.1254 	EXP 	unnamed TextStim: text = 'Completely'
80.1254 	EXP 	unnamed TextStim: text = 'Not at all'
80.1392 	EXP 	unnamed TextStim: text = 'My thoughts were focused on an external task or activity:'
80.1392 	EXP 	unnamed TextStim: text = 'Completely'
80.1392 	EXP 	unnamed TextStim: text = 'Not at all'
80.1543 	EXP 	unnamed TextStim: text = 'My thoughts were focused on an external task or activity:'
80.1543 	EXP 	unnamed TextStim: text = 'Completely'
80.1543 	EXP 	unnamed TextStim: text = 'Not at all'
80.1670 	EXP 	unnamed TextStim: text = 'My thoughts were focused on an external task or activity:'
80.1670 	EXP 	unnamed TextStim: text = 'Completely'
80.1670 	EXP 	unnamed TextStim: text = 'Not at all'
80.1811 	EXP 	unnamed TextStim: text = 'My thoughts were focused on an external task or activity:'
80.1811 	EXP 	unnamed TextStim: text = 'Completely'
80.1811 	EXP 	unnamed TextStim: text = 'Not at all'
80.1948 	EXP 	unnamed TextStim: text = 'My thoughts were focused on an external task or activity:'
80.1948 	EXP 	unnamed TextStim: text = 'Completely'
80.1948 	EXP 	unnamed TextStim: text = 'Not at all'
80.2092 	EXP 	unnamed TextStim: text = 'My thoughts were focused on an external task or activity:'
80.2092 	EXP 	unnamed TextStim: text = 'Completely'
80.2092 	EXP 	unnamed TextStim: text = 'Not at all'
80.2235 	EXP 	unnamed TextStim: text = 'My thoughts were focused on an external task or activity:'
80.2235 	EXP 	unnamed TextStim: text = 'Completely'
80.2235 	EXP 	unnamed TextStim: text = 'Not at all'
80.2369 	EXP 	unnamed TextStim: text = 'My thoughts were focused on an external task or activity:'
80.2369 	EXP 	unnamed TextStim: text = 'Completely'
80.2369 	EXP 	unnamed TextStim: text = 'Not at all'
80.2505 	EXP 	unnamed TextStim: text = 'My thoughts were focused on an external task or activity:'
80.2505 	EXP 	unnamed TextStim: text = 'Completely'
80.2505 	EXP 	unnamed TextStim: text = 'Not at all'
80.2643 	EXP 	unnamed TextStim: text = 'My thoughts were focused on an external task or activity:'
80.2643 	EXP 	unnamed TextStim: text = 'Completely'
80.2643 	EXP 	unnamed TextStim: text = 'Not at all'
80.2792 	EXP 	unnamed TextStim: text = 'My thoughts were focused on an external task or activity:'
80.2792 	EXP 	unnamed TextStim: text = 'Completely'
80.2792 	EXP 	unnamed TextStim: text = 'Not at all'
80.2920 	EXP 	unnamed TextStim: text = 'My thoughts were focused on an external task or activity:'
80.2920 	EXP 	unnamed TextStim: text = 'Completely'
80.2920 	EXP 	unnamed TextStim: text = 'Not at all'
80.3061 	EXP 	unnamed TextStim: text = 'My thoughts were focused on an external task or activity:'
80.3061 	EXP 	unnamed TextStim: text = 'Completely'
80.3061 	EXP 	unnamed TextStim: text = 'Not at all'
80.3209 	EXP 	unnamed TextStim: text = 'My thoughts were focused on an external task or activity:'
80.3209 	EXP 	unnamed TextStim: text = 'Completely'
80.3209 	EXP 	unnamed TextStim: text = 'Not at all'
80.3338 	EXP 	unnamed TextStim: text = 'My thoughts were focused on an external task or activity:'
80.3338 	EXP 	unnamed TextStim: text = 'Completely'
80.3338 	EXP 	unnamed TextStim: text = 'Not at all'
80.3477 	EXP 	unnamed TextStim: text = 'My thoughts were focused on an external task or activity:'
80.3477 	EXP 	unnamed TextStim: text = 'Completely'
80.3477 	EXP 	unnamed TextStim: text = 'Not at all'
80.3616 	EXP 	unnamed TextStim: text = 'My thoughts were focused on an external task or activity:'
80.3616 	EXP 	unnamed TextStim: text = 'Completely'
80.3616 	EXP 	unnamed TextStim: text = 'Not at all'
80.3755 	EXP 	unnamed TextStim: text = 'My thoughts were focused on an external task or activity:'
80.3755 	EXP 	unnamed TextStim: text = 'Completely'
80.3755 	EXP 	unnamed TextStim: text = 'Not at all'
80.3906 	EXP 	unnamed TextStim: text = 'My thoughts were focused on an external task or activity:'
80.3906 	EXP 	unnamed TextStim: text = 'Completely'
80.3906 	EXP 	unnamed TextStim: text = 'Not at all'
80.4033 	EXP 	unnamed TextStim: text = 'My thoughts were focused on an external task or activity:'
80.4033 	EXP 	unnamed TextStim: text = 'Completely'
80.4033 	EXP 	unnamed TextStim: text = 'Not at all'
80.4171 	EXP 	unnamed TextStim: text = 'My thoughts were focused on an external task or activity:'
80.4171 	EXP 	unnamed TextStim: text = 'Completely'
80.4171 	EXP 	unnamed TextStim: text = 'Not at all'
80.4309 	EXP 	unnamed TextStim: text = 'My thoughts were focused on an external task or activity:'
80.4309 	EXP 	unnamed TextStim: text = 'Completely'
80.4309 	EXP 	unnamed TextStim: text = 'Not at all'
80.4449 	EXP 	unnamed TextStim: text = 'My thoughts were focused on an external task or activity:'
80.4449 	EXP 	unnamed TextStim: text = 'Completely'
80.4449 	EXP 	unnamed TextStim: text = 'Not at all'
80.4595 	EXP 	unnamed TextStim: text = 'My thoughts were focused on an external task or activity:'
80.4595 	EXP 	unnamed TextStim: text = 'Completely'
80.4595 	EXP 	unnamed TextStim: text = 'Not at all'
80.4726 	EXP 	unnamed TextStim: text = 'My thoughts were focused on an external task or activity:'
80.4726 	EXP 	unnamed TextStim: text = 'Completely'
80.4726 	EXP 	unnamed TextStim: text = 'Not at all'
80.4876 	EXP 	unnamed TextStim: text = 'My thoughts were focused on an external task or activity:'
80.4876 	EXP 	unnamed TextStim: text = 'Completely'
80.4876 	EXP 	unnamed TextStim: text = 'Not at all'
80.5004 	EXP 	unnamed TextStim: text = 'My thoughts were focused on an external task or activity:'
80.5004 	EXP 	unnamed TextStim: text = 'Completely'
80.5004 	EXP 	unnamed TextStim: text = 'Not at all'
80.5143 	EXP 	unnamed TextStim: text = 'My thoughts were focused on an external task or activity:'
80.5143 	EXP 	unnamed TextStim: text = 'Completely'
80.5143 	EXP 	unnamed TextStim: text = 'Not at all'
80.5282 	EXP 	unnamed TextStim: text = 'My thoughts were focused on an external task or activity:'
80.5282 	EXP 	unnamed TextStim: text = 'Completely'
80.5282 	EXP 	unnamed TextStim: text = 'Not at all'
80.5422 	EXP 	unnamed TextStim: text = 'My thoughts were focused on an external task or activity:'
80.5422 	EXP 	unnamed TextStim: text = 'Completely'
80.5422 	EXP 	unnamed TextStim: text = 'Not at all'
80.5572 	EXP 	unnamed TextStim: text = 'My thoughts were focused on an external task or activity:'
80.5572 	EXP 	unnamed TextStim: text = 'Completely'
80.5572 	EXP 	unnamed TextStim: text = 'Not at all'
80.5698 	EXP 	unnamed TextStim: text = 'My thoughts were focused on an external task or activity:'
80.5698 	EXP 	unnamed TextStim: text = 'Completely'
80.5698 	EXP 	unnamed TextStim: text = 'Not at all'
80.5849 	EXP 	unnamed TextStim: text = 'My thoughts were focused on an external task or activity:'
80.5849 	EXP 	unnamed TextStim: text = 'Completely'
80.5849 	EXP 	unnamed TextStim: text = 'Not at all'
80.5976 	EXP 	unnamed TextStim: text = 'My thoughts were focused on an external task or activity:'
80.5976 	EXP 	unnamed TextStim: text = 'Completely'
80.5976 	EXP 	unnamed TextStim: text = 'Not at all'
80.6122 	EXP 	unnamed TextStim: text = 'My thoughts were focused on an external task or activity:'
80.6122 	EXP 	unnamed TextStim: text = 'Completely'
80.6122 	EXP 	unnamed TextStim: text = 'Not at all'
80.6254 	EXP 	unnamed TextStim: text = 'My thoughts were focused on an external task or activity:'
80.6254 	EXP 	unnamed TextStim: text = 'Completely'
80.6254 	EXP 	unnamed TextStim: text = 'Not at all'
80.6393 	EXP 	unnamed TextStim: text = 'My thoughts were focused on an external task or activity:'
80.6393 	EXP 	unnamed TextStim: text = 'Completely'
80.6393 	EXP 	unnamed TextStim: text = 'Not at all'
80.6541 	EXP 	unnamed TextStim: text = 'My thoughts were focused on an external task or activity:'
80.6541 	EXP 	unnamed TextStim: text = 'Completely'
80.6541 	EXP 	unnamed TextStim: text = 'Not at all'
80.6619 	DATA 	Keypress: return
80.6621 	DATA 	RatingScale unnamed RatingScale: (key response) rating=2.0
80.6621 	DATA 	RatingScale unnamed RatingScale: rating RT=1.589
80.6622 	DATA 	RatingScale unnamed RatingScale: history=[(1, 0.0), (2.0, 1.589)]
80.6670 	EXP 	unnamed TextStim: text = 'My thoughts were focused on an external task or activity:'
80.6670 	EXP 	unnamed TextStim: text = 'Completely'
80.6670 	EXP 	unnamed TextStim: text = 'Not at all'
81.6674 	EXP 	New trial (rep=0, index=1): OrderedDict([('Questions', 'My thoughts involved future events:'), ('Label', 'Future'), ('Scale_low', 'Not at all'), ('Scale_high', 'Completely')])
81.6884 	EXP 	unnamed TextStim: text = 'My thoughts involved future events:'
81.6884 	EXP 	unnamed TextStim: text = 'Completely'
81.6884 	EXP 	unnamed TextStim: text = 'Not at all'
81.7020 	EXP 	unnamed TextStim: text = 'My thoughts involved future events:'
81.7020 	EXP 	unnamed TextStim: text = 'Completely'
81.7020 	EXP 	unnamed TextStim: text = 'Not at all'
81.7158 	EXP 	unnamed TextStim: text = 'My thoughts involved future events:'
81.7158 	EXP 	unnamed TextStim: text = 'Completely'
81.7158 	EXP 	unnamed TextStim: text = 'Not at all'
81.7302 	EXP 	unnamed TextStim: text = 'My thoughts involved future events:'
81.7302 	EXP 	unnamed TextStim: text = 'Completely'
81.7302 	EXP 	unnamed TextStim: text = 'Not at all'
81.7450 	EXP 	unnamed TextStim: text = 'My thoughts involved future events:'
81.7450 	EXP 	unnamed TextStim: text = 'Completely'
81.7450 	EXP 	unnamed TextStim: text = 'Not at all'
81.7578 	EXP 	unnamed TextStim: text = 'My thoughts involved future events:'
81.7578 	EXP 	unnamed TextStim: text = 'Completely'
81.7578 	EXP 	unnamed TextStim: text = 'Not at all'
81.7717 	EXP 	unnamed TextStim: text = 'My thoughts involved future events:'
81.7717 	EXP 	unnamed TextStim: text = 'Completely'
81.7717 	EXP 	unnamed TextStim: text = 'Not at all'
81.7856 	EXP 	unnamed TextStim: text = 'My thoughts involved future events:'
81.7856 	EXP 	unnamed TextStim: text = 'Completely'
81.7856 	EXP 	unnamed TextStim: text = 'Not at all'
81.7991 	EXP 	unnamed TextStim: text = 'My thoughts involved future events:'
81.7991 	EXP 	unnamed TextStim: text = 'Completely'
81.7991 	EXP 	unnamed TextStim: text = 'Not at all'
81.8142 	EXP 	unnamed TextStim: text = 'My thoughts involved future events:'
81.8142 	EXP 	unnamed TextStim: text = 'Completely'
81.8142 	EXP 	unnamed TextStim: text = 'Not at all'
81.8268 	EXP 	unnamed TextStim: text = 'My thoughts involved future events:'
81.8268 	EXP 	unnamed TextStim: text = 'Completely'
81.8268 	EXP 	unnamed TextStim: text = 'Not at all'
81.8408 	EXP 	unnamed TextStim: text = 'My thoughts involved future events:'
81.8408 	EXP 	unnamed TextStim: text = 'Completely'
81.8408 	EXP 	unnamed TextStim: text = 'Not at all'
81.8546 	EXP 	unnamed TextStim: text = 'My thoughts involved future events:'
81.8546 	EXP 	unnamed TextStim: text = 'Completely'
81.8546 	EXP 	unnamed TextStim: text = 'Not at all'
81.8686 	EXP 	unnamed TextStim: text = 'My thoughts involved future events:'
81.8686 	EXP 	unnamed TextStim: text = 'Completely'
81.8686 	EXP 	unnamed TextStim: text = 'Not at all'
81.8826 	EXP 	unnamed TextStim: text = 'My thoughts involved future events:'
81.8826 	EXP 	unnamed TextStim: text = 'Completely'
81.8826 	EXP 	unnamed TextStim: text = 'Not at all'
81.8963 	EXP 	unnamed TextStim: text = 'My thoughts involved future events:'
81.8963 	EXP 	unnamed TextStim: text = 'Completely'
81.8963 	EXP 	unnamed TextStim: text = 'Not at all'
81.9115 	EXP 	unnamed TextStim: text = 'My thoughts involved future events:'
81.9115 	EXP 	unnamed TextStim: text = 'Completely'
81.9115 	EXP 	unnamed TextStim: text = 'Not at all'
81.9241 	EXP 	unnamed TextStim: text = 'My thoughts involved future events:'
81.9241 	EXP 	unnamed TextStim: text = 'Completely'
81.9241 	EXP 	unnamed TextStim: text = 'Not at all'
81.9379 	EXP 	unnamed TextStim: text = 'My thoughts involved future events:'
81.9379 	EXP 	unnamed TextStim: text = 'Completely'
81.9379 	EXP 	unnamed TextStim: text = 'Not at all'
81.9518 	EXP 	unnamed TextStim: text = 'My thoughts involved future events:'
81.9518 	EXP 	unnamed TextStim: text = 'Completely'
81.9518 	EXP 	unnamed TextStim: text = 'Not at all'
81.9657 	EXP 	unnamed TextStim: text = 'My thoughts involved future events:'
81.9657 	EXP 	unnamed TextStim: text = 'Completely'
81.9657 	EXP 	unnamed TextStim: text = 'Not at all'
81.9809 	EXP 	unnamed TextStim: text = 'My thoughts involved future events:'
81.9809 	EXP 	unnamed TextStim: text = 'Completely'
81.9809 	EXP 	unnamed TextStim: text = 'Not at all'
81.9940 	EXP 	unnamed TextStim: text = 'My thoughts involved future events:'
81.9940 	EXP 	unnamed TextStim: text = 'Completely'
81.9940 	EXP 	unnamed TextStim: text = 'Not at all'
82.0078 	EXP 	unnamed TextStim: text = 'My thoughts involved future events:'
82.0078 	EXP 	unnamed TextStim: text = 'Completely'
82.0078 	EXP 	unnamed TextStim: text = 'Not at all'
82.0163 	DATA 	Keypress: return
82.0164 	DATA 	RatingScale unnamed RatingScale: (key response) rating=4.0
82.0214 	EXP 	unnamed TextStim: text = 'My thoughts involved future events:'
82.0214 	EXP 	unnamed TextStim: text = 'Completely'
82.0214 	EXP 	unnamed TextStim: text = 'Not at all'
83.0309 	EXP 	Created instruction = TextStim(__class__=<class 'psychopy.visual.text.TextStim'>, alignHoriz=method-wrapper(...), alignText='center', alignVert=method-wrapper(...), anchorHoriz='center', anchorVert='center', antialias=True, autoLog=True, bold=False, color=array([-1., -1., -1.]), colorSpace='rgb', contrast=1.0, depth=0, flipHoriz=False, flipVert=False, font='sans', fontFiles=[], height=0.1, italic=False, languageStyle='LTR', name='instruction', opacity=1.0, ori=0.0, pos=array([0., 0.]), rgb=UNKNOWN, text='default text', units='norm', win=Window(...), wrapWidth=1)
83.5622 	EXP 	window1: mouseVisible = True
