36.0194 	WARNING 	Speech-to-text recognition module not available (use command `pip install SpeechRecognition` to get it. Transcription will be unavailable.
36.0911 	WARNING 	We strongly recommend you activate the PTB sound engine in PsychoPy prefs as the preferred audio engine. Its timing is vastly superior. Your prefs are currently set to use ['sounddevice', 'PTB', 'pyo', 'pygame'] (in that order).
36.1020 	WARNING 	Monitor specification not found. Creating a temporary one...
38.4588 	EXP 	window1: recordFrameIntervals = False
38.5981 	EXP 	window1: recordFrameIntervals = True
38.6747 	EXP 	window1: recordFrameIntervals = False
39.0210 	EXP 	Created memoryPrompt = TextStim(__class__=<class 'psychopy.visual.text.TextStim'>, alignHoriz=method-wrapper(...), alignText='center', alignVert=method-wrapper(...), anchorHoriz='center', anchorVert='center', antialias=True, autoLog=True, bold=False, color=array([-1., -1., -1.]), colorSpace='rgb', contrast=1.0, depth=0.0, flipHoriz=False, flipVert=False, font='Open Sans', fontFiles=[], height=0.1, italic=False, languageStyle='LTR', name='memoryPrompt', opacity=1, ori=0.0, pos=array([0., 0.]), rgb=UNKNOWN, text='', units='norm', win=Window(...), wrapWidth=1)
39.0510 	EXP 	Created text = TextStim(__class__=<class 'psychopy.visual.text.TextStim'>, alignHoriz=method-wrapper(...), alignText='center', alignVert=method-wrapper(...), anchorHoriz='center', anchorVert='center', antialias=True, autoLog=True, bold=False, color=array([-1., -1., -1.]), colorSpace='rgb', contrast=1.0, depth=0.0, flipHoriz=False, flipVert=False, font='Open Sans', fontFiles=[], height=0.1, italic=False, languageStyle='LTR', name='text', opacity=1, ori=0.0, pos=array([0., 0.]), rgb=UNKNOWN, text='+', units='norm', win=Window(...), wrapWidth=1)
39.0518 	EXP 	Created sequence: random, trialTypes=1, nReps=2, seed=None
39.0521 	EXP 	New trial (rep=0, index=0): None
39.1034 	EXP 	memoryPrompt: text = 'Prompt One'
39.1034 	EXP 	memoryPrompt: autoDraw = True
44.0689 	EXP 	memoryPrompt: autoDraw = False
44.0689 	EXP 	memoryPrompt: autoDraw = False
44.0689 	EXP 	text: autoDraw = True
49.0654 	EXP 	New trial (rep=1, index=0): None
49.0831 	EXP 	text: autoDraw = False
49.0831 	EXP 	text: autoDraw = False
49.0831 	EXP 	memoryPrompt: text = 'Last week'
49.0831 	EXP 	memoryPrompt: autoDraw = True
54.0829 	EXP 	memoryPrompt: autoDraw = False
54.0829 	EXP 	memoryPrompt: autoDraw = False
54.0829 	EXP 	text: autoDraw = True
59.0861 	EXP 	text: autoDraw = False
59.0861 	EXP 	text: autoDraw = False
