36.5043 	WARNING 	Speech-to-text recognition module not available (use command `pip install SpeechRecognition` to get it. Transcription will be unavailable.
36.5896 	WARNING 	We strongly recommend you activate the PTB sound engine in PsychoPy prefs as the preferred audio engine. Its timing is vastly superior. Your prefs are currently set to use ['sounddevice', 'PTB', 'pyo', 'pygame'] (in that order).
36.6009 	WARNING 	Monitor specification not found. Creating a temporary one...
38.5110 	EXP 	window1: recordFrameIntervals = False
38.6504 	EXP 	window1: recordFrameIntervals = True
38.7266 	EXP 	window1: recordFrameIntervals = False
39.0712 	EXP 	Created memoryPrompt = TextStim(__class__=<class 'psychopy.visual.text.TextStim'>, alignHoriz=method-wrapper(...), alignText='center', alignVert=method-wrapper(...), anchorHoriz='center', anchorVert='center', antialias=True, autoLog=True, bold=False, color=array([-1., -1., -1.]), colorSpace='rgb', contrast=1.0, depth=0.0, flipHoriz=False, flipVert=False, font='Open Sans', fontFiles=[], height=0.1, italic=False, languageStyle='LTR', name='memoryPrompt', opacity=1, ori=0.0, pos=array([0., 0.]), rgb=UNKNOWN, text='', units='norm', win=Window(...), wrapWidth=1)
39.1061 	EXP 	Created text = TextStim(__class__=<class 'psychopy.visual.text.TextStim'>, alignHoriz=method-wrapper(...), alignText='center', alignVert=method-wrapper(...), anchorHoriz='center', anchorVert='center', antialias=True, autoLog=True, bold=False, color=array([-1., -1., -1.]), colorSpace='rgb', contrast=1.0, depth=0.0, flipHoriz=False, flipVert=False, font='Open Sans', fontFiles=[], height=0.1, italic=False, languageStyle='LTR', name='text', opacity=1, ori=0.0, pos=array([0., 0.]), rgb=UNKNOWN, text='+', units='norm', win=Window(...), wrapWidth=1)
39.1071 	EXP 	Created sequence: random, trialTypes=1, nReps=2, seed=None
39.1076 	EXP 	New trial (rep=0, index=0): None
39.1576 	EXP 	memoryPrompt: text = 'Prompt One'
39.1576 	EXP 	memoryPrompt: autoDraw = True
43.1300 	EXP 	memoryPrompt: autoDraw = False
43.1300 	EXP 	memoryPrompt: autoDraw = False
43.1300 	EXP 	text: autoDraw = True
44.2913 	DATA 	Mouse: Left button down, pos=(309,38)
44.3551 	DATA 	Mouse:  Left button up, pos=(309,39)
47.1315 	EXP 	New trial (rep=1, index=0): None
47.1495 	EXP 	text: autoDraw = False
47.1495 	EXP 	text: autoDraw = False
47.1495 	EXP 	memoryPrompt: text = 'Last week'
47.1495 	EXP 	memoryPrompt: autoDraw = True
51.1460 	EXP 	memoryPrompt: autoDraw = False
51.1460 	EXP 	memoryPrompt: autoDraw = False
51.1460 	EXP 	text: autoDraw = True
55.1501 	EXP 	text: autoDraw = False
55.1501 	EXP 	text: autoDraw = False
55.1700 	EXP 	Created instruction = TextStim(__class__=<class 'psychopy.visual.text.TextStim'>, alignHoriz=method-wrapper(...), alignText='center', alignVert=method-wrapper(...), anchorHoriz='center', anchorVert='center', antialias=True, autoLog=True, bold=False, color=array([-1., -1., -1.]), colorSpace='rgb', contrast=1.0, depth=0, flipHoriz=False, flipVert=False, font='sans', fontFiles=[], height=0.1, italic=False, languageStyle='LTR', name='instruction', opacity=1.0, ori=0.0, pos=array([0., 0.]), rgb=UNKNOWN, text='default text', units='norm', win=Window(...), wrapWidth=1)
55.2049 	EXP 	instruction: text = '\nPlease answer the questions honestly.\n\nA list of descriptions and a rating scale ranging from 1 to 10 will be presented on the screen.\n\nPlease use the left and right arrow keys to select your answer, and the enter button to confirm.\n'
65.9247 	DATA 	Keypress: return
65.9491 	EXP 	Imported ./resources/ESQ/ESQ_Questions.csv as conditions, 14 conditions, 4 params
65.9496 	EXP 	Created sequence: sequential, trialTypes=14, nReps=1, seed=None
66.0763 	WARNING 	RatingScale unnamed RatingScale: len(labels) not equal to len(tickMarks)
66.0765 	EXP 	window1: mouseVisible = True
66.1247 	EXP 	Created unnamed RatingScale = RatingScale(__class__=type(...), acceptKeys=['return'], acceptPreText=UNKNOWN, acceptSize=UNKNOWN, acceptText='accept?', autoLog=True, choices=False, colorSpace='rgb', depth=0, disappear=False, flipVert=False, high=10, kwargs=UNKNOWN, labels=list(...), leftKeys=['left'], lineColor='black', low=1, marker=ShapeStim(...), markerColor='black', markerExpansion=UNKNOWN, markerStart=4.5, maxTime=0.0, minTime=0.4, mouseOnly=False, name='unnamed RatingScale', noMouse=False, pos=[0.0, -0.4], precision=10, respKeys=[], rightKeys=['right'], scale=False, self=UNKNOWN, showAccept=True, showValue=True, singleClick=False, size=0.6, skipKeys=['tab'], stretch=1.0, textColor='black', textFont='Helvetica Bold', textSize=0.12, tickHeight=1.0, tickMarks=9.0, win=Window(...))
66.1271 	EXP 	Created unnamed TextStim = TextStim(__class__=<class 'psychopy.visual.text.TextStim'>, alignHoriz=method-wrapper(...), alignText='center', alignVert=method-wrapper(...), anchorHoriz='center', anchorVert='top', antialias=True, autoLog=True, bold=False, color=array([-1., -1., -1.]), colorSpace='rgb', contrast=1.0, depth=0, flipHoriz=False, flipVert=False, font='', fontFiles=[], height=0.1, italic=False, languageStyle='LTR', name='unnamed TextStim', opacity=1.0, ori=0.0, pos=array([0., 0.]), rgb=UNKNOWN, text='', units='norm', win=Window(...), wrapWidth=1)
66.1292 	EXP 	Created unnamed TextStim = TextStim(__class__=<class 'psychopy.visual.text.TextStim'>, alignHoriz=method-wrapper(...), alignText='center', alignVert=method-wrapper(...), anchorHoriz='center', anchorVert='center', antialias=True, autoLog=True, bold=False, color=array([-1., -1., -1.]), colorSpace='rgb', contrast=1.0, depth=0, flipHoriz=False, flipVert=False, font='', fontFiles=[], height=0.1, italic=False, languageStyle='LTR', name='unnamed TextStim', opacity=1.0, ori=0.0, pos=array([ 0.5, -0.5]), rgb=UNKNOWN, text='', units='norm', win=Window(...), wrapWidth=1)
66.1315 	EXP 	Created unnamed TextStim = TextStim(__class__=<class 'psychopy.visual.text.TextStim'>, alignHoriz=method-wrapper(...), alignText='center', alignVert=method-wrapper(...), anchorHoriz='center', anchorVert='center', antialias=True, autoLog=True, bold=False, color=array([-1., -1., -1.]), colorSpace='rgb', contrast=1.0, depth=0, flipHoriz=False, flipVert=False, font='', fontFiles=[], height=0.1, italic=False, languageStyle='LTR', name='unnamed TextStim', opacity=1.0, ori=0.0, pos=array([-0.5, -0.5]), rgb=UNKNOWN, text='', units='norm', win=Window(...), wrapWidth=1)
66.1318 	EXP 	New trial (rep=0, index=0): OrderedDict([('Questions', 'My thoughts were focused on an external task or activity:'), ('Label', 'Focus'), ('Scale_low', 'Not at all'), ('Scale_high', 'Completely')])
66.1919 	EXP 	unnamed RatingScale: flipVert = False
66.1919 	EXP 	unnamed RatingScale: autoLog = True
66.1919 	EXP 	unnamed TextStim: text = 'My thoughts were focused on an external task or activity:'
66.1919 	EXP 	unnamed TextStim: text = 'Completely'
66.1919 	EXP 	unnamed TextStim: text = 'Not at all'
66.2068 	EXP 	unnamed TextStim: text = 'My thoughts were focused on an external task or activity:'
66.2068 	EXP 	unnamed TextStim: text = 'Completely'
66.2068 	EXP 	unnamed TextStim: text = 'Not at all'
66.2200 	EXP 	unnamed TextStim: text = 'My thoughts were focused on an external task or activity:'
66.2200 	EXP 	unnamed TextStim: text = 'Completely'
66.2200 	EXP 	unnamed TextStim: text = 'Not at all'
66.2337 	EXP 	unnamed TextStim: text = 'My thoughts were focused on an external task or activity:'
66.2337 	EXP 	unnamed TextStim: text = 'Completely'
66.2337 	EXP 	unnamed TextStim: text = 'Not at all'
66.2472 	EXP 	unnamed TextStim: text = 'My thoughts were focused on an external task or activity:'
66.2472 	EXP 	unnamed TextStim: text = 'Completely'
66.2472 	EXP 	unnamed TextStim: text = 'Not at all'
66.2608 	EXP 	unnamed TextStim: text = 'My thoughts were focused on an external task or activity:'
66.2608 	EXP 	unnamed TextStim: text = 'Completely'
66.2608 	EXP 	unnamed TextStim: text = 'Not at all'
66.2743 	EXP 	unnamed TextStim: text = 'My thoughts were focused on an external task or activity:'
66.2743 	EXP 	unnamed TextStim: text = 'Completely'
66.2743 	EXP 	unnamed TextStim: text = 'Not at all'
66.2882 	EXP 	unnamed TextStim: text = 'My thoughts were focused on an external task or activity:'
66.2882 	EXP 	unnamed TextStim: text = 'Completely'
66.2882 	EXP 	unnamed TextStim: text = 'Not at all'
66.3021 	EXP 	unnamed TextStim: text = 'My thoughts were focused on an external task or activity:'
66.3021 	EXP 	unnamed TextStim: text = 'Completely'
66.3021 	EXP 	unnamed TextStim: text = 'Not at all'
66.3160 	EXP 	unnamed TextStim: text = 'My thoughts were focused on an external task or activity:'
66.3160 	EXP 	unnamed TextStim: text = 'Completely'
66.3160 	EXP 	unnamed TextStim: text = 'Not at all'
66.3300 	EXP 	unnamed TextStim: text = 'My thoughts were focused on an external task or activity:'
66.3300 	EXP 	unnamed TextStim: text = 'Completely'
66.3300 	EXP 	unnamed TextStim: text = 'Not at all'
66.3439 	EXP 	unnamed TextStim: text = 'My thoughts were focused on an external task or activity:'
66.3439 	EXP 	unnamed TextStim: text = 'Completely'
66.3439 	EXP 	unnamed TextStim: text = 'Not at all'
66.3576 	EXP 	unnamed TextStim: text = 'My thoughts were focused on an external task or activity:'
66.3576 	EXP 	unnamed TextStim: text = 'Completely'
66.3576 	EXP 	unnamed TextStim: text = 'Not at all'
66.3715 	EXP 	unnamed TextStim: text = 'My thoughts were focused on an external task or activity:'
66.3715 	EXP 	unnamed TextStim: text = 'Completely'
66.3715 	EXP 	unnamed TextStim: text = 'Not at all'
66.3854 	EXP 	unnamed TextStim: text = 'My thoughts were focused on an external task or activity:'
66.3854 	EXP 	unnamed TextStim: text = 'Completely'
66.3854 	EXP 	unnamed TextStim: text = 'Not at all'
66.3996 	EXP 	unnamed TextStim: text = 'My thoughts were focused on an external task or activity:'
66.3996 	EXP 	unnamed TextStim: text = 'Completely'
66.3996 	EXP 	unnamed TextStim: text = 'Not at all'
66.4133 	EXP 	unnamed TextStim: text = 'My thoughts were focused on an external task or activity:'
66.4133 	EXP 	unnamed TextStim: text = 'Completely'
66.4133 	EXP 	unnamed TextStim: text = 'Not at all'
66.4272 	EXP 	unnamed TextStim: text = 'My thoughts were focused on an external task or activity:'
66.4272 	EXP 	unnamed TextStim: text = 'Completely'
66.4272 	EXP 	unnamed TextStim: text = 'Not at all'
66.4413 	EXP 	unnamed TextStim: text = 'My thoughts were focused on an external task or activity:'
66.4413 	EXP 	unnamed TextStim: text = 'Completely'
66.4413 	EXP 	unnamed TextStim: text = 'Not at all'
66.4550 	EXP 	unnamed TextStim: text = 'My thoughts were focused on an external task or activity:'
66.4550 	EXP 	unnamed TextStim: text = 'Completely'
66.4550 	EXP 	unnamed TextStim: text = 'Not at all'
66.4689 	EXP 	unnamed TextStim: text = 'My thoughts were focused on an external task or activity:'
66.4689 	EXP 	unnamed TextStim: text = 'Completely'
66.4689 	EXP 	unnamed TextStim: text = 'Not at all'
66.4829 	EXP 	unnamed TextStim: text = 'My thoughts were focused on an external task or activity:'
66.4829 	EXP 	unnamed TextStim: text = 'Completely'
66.4829 	EXP 	unnamed TextStim: text = 'Not at all'
66.4969 	EXP 	unnamed TextStim: text = 'My thoughts were focused on an external task or activity:'
66.4969 	EXP 	unnamed TextStim: text = 'Completely'
66.4969 	EXP 	unnamed TextStim: text = 'Not at all'
66.5076 	DATA 	Keypress: return
66.5105 	EXP 	unnamed TextStim: text = 'My thoughts were focused on an external task or activity:'
66.5105 	EXP 	unnamed TextStim: text = 'Completely'
66.5105 	EXP 	unnamed TextStim: text = 'Not at all'
66.5242 	EXP 	unnamed TextStim: text = 'My thoughts were focused on an external task or activity:'
66.5242 	EXP 	unnamed TextStim: text = 'Completely'
66.5242 	EXP 	unnamed TextStim: text = 'Not at all'
66.5381 	EXP 	unnamed TextStim: text = 'My thoughts were focused on an external task or activity:'
66.5381 	EXP 	unnamed TextStim: text = 'Completely'
66.5381 	EXP 	unnamed TextStim: text = 'Not at all'
66.5522 	EXP 	unnamed TextStim: text = 'My thoughts were focused on an external task or activity:'
66.5522 	EXP 	unnamed TextStim: text = 'Completely'
66.5522 	EXP 	unnamed TextStim: text = 'Not at all'
66.5673 	EXP 	unnamed TextStim: text = 'My thoughts were focused on an external task or activity:'
66.5673 	EXP 	unnamed TextStim: text = 'Completely'
66.5673 	EXP 	unnamed TextStim: text = 'Not at all'
66.5799 	EXP 	unnamed TextStim: text = 'My thoughts were focused on an external task or activity:'
66.5799 	EXP 	unnamed TextStim: text = 'Completely'
66.5799 	EXP 	unnamed TextStim: text = 'Not at all'
66.5936 	EXP 	unnamed TextStim: text = 'My thoughts were focused on an external task or activity:'
66.5936 	EXP 	unnamed TextStim: text = 'Completely'
66.5936 	EXP 	unnamed TextStim: text = 'Not at all'
66.6077 	EXP 	unnamed TextStim: text = 'My thoughts were focused on an external task or activity:'
66.6077 	EXP 	unnamed TextStim: text = 'Completely'
66.6077 	EXP 	unnamed TextStim: text = 'Not at all'
66.6215 	EXP 	unnamed TextStim: text = 'My thoughts were focused on an external task or activity:'
66.6215 	EXP 	unnamed TextStim: text = 'Completely'
66.6215 	EXP 	unnamed TextStim: text = 'Not at all'
66.6353 	EXP 	unnamed TextStim: text = 'My thoughts were focused on an external task or activity:'
66.6353 	EXP 	unnamed TextStim: text = 'Completely'
66.6353 	EXP 	unnamed TextStim: text = 'Not at all'
66.6492 	EXP 	unnamed TextStim: text = 'My thoughts were focused on an external task or activity:'
66.6492 	EXP 	unnamed TextStim: text = 'Completely'
66.6492 	EXP 	unnamed TextStim: text = 'Not at all'
66.6637 	EXP 	unnamed TextStim: text = 'My thoughts were focused on an external task or activity:'
66.6637 	EXP 	unnamed TextStim: text = 'Completely'
66.6637 	EXP 	unnamed TextStim: text = 'Not at all'
66.6771 	EXP 	unnamed TextStim: text = 'My thoughts were focused on an external task or activity:'
66.6771 	EXP 	unnamed TextStim: text = 'Completely'
66.6771 	EXP 	unnamed TextStim: text = 'Not at all'
66.6914 	EXP 	unnamed TextStim: text = 'My thoughts were focused on an external task or activity:'
66.6914 	EXP 	unnamed TextStim: text = 'Completely'
66.6914 	EXP 	unnamed TextStim: text = 'Not at all'
66.7049 	EXP 	unnamed TextStim: text = 'My thoughts were focused on an external task or activity:'
66.7049 	EXP 	unnamed TextStim: text = 'Completely'
66.7049 	EXP 	unnamed TextStim: text = 'Not at all'
66.7187 	EXP 	unnamed TextStim: text = 'My thoughts were focused on an external task or activity:'
66.7187 	EXP 	unnamed TextStim: text = 'Completely'
66.7187 	EXP 	unnamed TextStim: text = 'Not at all'
66.7326 	EXP 	unnamed TextStim: text = 'My thoughts were focused on an external task or activity:'
66.7326 	EXP 	unnamed TextStim: text = 'Completely'
66.7326 	EXP 	unnamed TextStim: text = 'Not at all'
66.7469 	EXP 	unnamed TextStim: text = 'My thoughts were focused on an external task or activity:'
66.7469 	EXP 	unnamed TextStim: text = 'Completely'
66.7469 	EXP 	unnamed TextStim: text = 'Not at all'
66.7618 	EXP 	unnamed TextStim: text = 'My thoughts were focused on an external task or activity:'
66.7618 	EXP 	unnamed TextStim: text = 'Completely'
66.7618 	EXP 	unnamed TextStim: text = 'Not at all'
66.7745 	EXP 	unnamed TextStim: text = 'My thoughts were focused on an external task or activity:'
66.7745 	EXP 	unnamed TextStim: text = 'Completely'
66.7745 	EXP 	unnamed TextStim: text = 'Not at all'
66.7882 	EXP 	unnamed TextStim: text = 'My thoughts were focused on an external task or activity:'
66.7882 	EXP 	unnamed TextStim: text = 'Completely'
66.7882 	EXP 	unnamed TextStim: text = 'Not at all'
66.8025 	EXP 	unnamed TextStim: text = 'My thoughts were focused on an external task or activity:'
66.8025 	EXP 	unnamed TextStim: text = 'Completely'
66.8025 	EXP 	unnamed TextStim: text = 'Not at all'
66.8160 	EXP 	unnamed TextStim: text = 'My thoughts were focused on an external task or activity:'
66.8160 	EXP 	unnamed TextStim: text = 'Completely'
66.8160 	EXP 	unnamed TextStim: text = 'Not at all'
66.8301 	EXP 	unnamed TextStim: text = 'My thoughts were focused on an external task or activity:'
66.8301 	EXP 	unnamed TextStim: text = 'Completely'
66.8301 	EXP 	unnamed TextStim: text = 'Not at all'
66.8437 	EXP 	unnamed TextStim: text = 'My thoughts were focused on an external task or activity:'
66.8437 	EXP 	unnamed TextStim: text = 'Completely'
66.8437 	EXP 	unnamed TextStim: text = 'Not at all'
66.8579 	EXP 	unnamed TextStim: text = 'My thoughts were focused on an external task or activity:'
66.8579 	EXP 	unnamed TextStim: text = 'Completely'
66.8579 	EXP 	unnamed TextStim: text = 'Not at all'
66.8719 	EXP 	unnamed TextStim: text = 'My thoughts were focused on an external task or activity:'
66.8719 	EXP 	unnamed TextStim: text = 'Completely'
66.8719 	EXP 	unnamed TextStim: text = 'Not at all'
66.8854 	EXP 	unnamed TextStim: text = 'My thoughts were focused on an external task or activity:'
66.8854 	EXP 	unnamed TextStim: text = 'Completely'
66.8854 	EXP 	unnamed TextStim: text = 'Not at all'
66.8993 	EXP 	unnamed TextStim: text = 'My thoughts were focused on an external task or activity:'
66.8993 	EXP 	unnamed TextStim: text = 'Completely'
66.8993 	EXP 	unnamed TextStim: text = 'Not at all'
66.9133 	EXP 	unnamed TextStim: text = 'My thoughts were focused on an external task or activity:'
66.9133 	EXP 	unnamed TextStim: text = 'Completely'
66.9133 	EXP 	unnamed TextStim: text = 'Not at all'
66.9270 	EXP 	unnamed TextStim: text = 'My thoughts were focused on an external task or activity:'
66.9270 	EXP 	unnamed TextStim: text = 'Completely'
66.9270 	EXP 	unnamed TextStim: text = 'Not at all'
66.9411 	EXP 	unnamed TextStim: text = 'My thoughts were focused on an external task or activity:'
66.9411 	EXP 	unnamed TextStim: text = 'Completely'
66.9411 	EXP 	unnamed TextStim: text = 'Not at all'
66.9549 	EXP 	unnamed TextStim: text = 'My thoughts were focused on an external task or activity:'
66.9549 	EXP 	unnamed TextStim: text = 'Completely'
66.9549 	EXP 	unnamed TextStim: text = 'Not at all'
66.9687 	EXP 	unnamed TextStim: text = 'My thoughts were focused on an external task or activity:'
66.9687 	EXP 	unnamed TextStim: text = 'Completely'
66.9687 	EXP 	unnamed TextStim: text = 'Not at all'
66.9828 	EXP 	unnamed TextStim: text = 'My thoughts were focused on an external task or activity:'
66.9828 	EXP 	unnamed TextStim: text = 'Completely'
66.9828 	EXP 	unnamed TextStim: text = 'Not at all'
66.9966 	EXP 	unnamed TextStim: text = 'My thoughts were focused on an external task or activity:'
66.9966 	EXP 	unnamed TextStim: text = 'Completely'
66.9966 	EXP 	unnamed TextStim: text = 'Not at all'
67.0108 	EXP 	unnamed TextStim: text = 'My thoughts were focused on an external task or activity:'
67.0108 	EXP 	unnamed TextStim: text = 'Completely'
67.0108 	EXP 	unnamed TextStim: text = 'Not at all'
67.0248 	EXP 	unnamed TextStim: text = 'My thoughts were focused on an external task or activity:'
67.0248 	EXP 	unnamed TextStim: text = 'Completely'
67.0248 	EXP 	unnamed TextStim: text = 'Not at all'
67.0381 	EXP 	unnamed TextStim: text = 'My thoughts were focused on an external task or activity:'
67.0381 	EXP 	unnamed TextStim: text = 'Completely'
67.0381 	EXP 	unnamed TextStim: text = 'Not at all'
67.0523 	EXP 	unnamed TextStim: text = 'My thoughts were focused on an external task or activity:'
67.0523 	EXP 	unnamed TextStim: text = 'Completely'
67.0523 	EXP 	unnamed TextStim: text = 'Not at all'
67.0735 	EXP 	unnamed TextStim: text = 'My thoughts were focused on an external task or activity:'
67.0735 	EXP 	unnamed TextStim: text = 'Completely'
67.0735 	EXP 	unnamed TextStim: text = 'Not at all'
67.0872 	EXP 	unnamed TextStim: text = 'My thoughts were focused on an external task or activity:'
67.0872 	EXP 	unnamed TextStim: text = 'Completely'
67.0872 	EXP 	unnamed TextStim: text = 'Not at all'
67.1009 	EXP 	unnamed TextStim: text = 'My thoughts were focused on an external task or activity:'
67.1009 	EXP 	unnamed TextStim: text = 'Completely'
67.1009 	EXP 	unnamed TextStim: text = 'Not at all'
67.1147 	EXP 	unnamed TextStim: text = 'My thoughts were focused on an external task or activity:'
67.1147 	EXP 	unnamed TextStim: text = 'Completely'
67.1147 	EXP 	unnamed TextStim: text = 'Not at all'
67.1285 	EXP 	unnamed TextStim: text = 'My thoughts were focused on an external task or activity:'
67.1285 	EXP 	unnamed TextStim: text = 'Completely'
67.1285 	EXP 	unnamed TextStim: text = 'Not at all'
67.1424 	EXP 	unnamed TextStim: text = 'My thoughts were focused on an external task or activity:'
67.1424 	EXP 	unnamed TextStim: text = 'Completely'
67.1424 	EXP 	unnamed TextStim: text = 'Not at all'
67.1564 	EXP 	unnamed TextStim: text = 'My thoughts were focused on an external task or activity:'
67.1564 	EXP 	unnamed TextStim: text = 'Completely'
67.1564 	EXP 	unnamed TextStim: text = 'Not at all'
67.1708 	EXP 	unnamed TextStim: text = 'My thoughts were focused on an external task or activity:'
67.1708 	EXP 	unnamed TextStim: text = 'Completely'
67.1708 	EXP 	unnamed TextStim: text = 'Not at all'
67.1842 	EXP 	unnamed TextStim: text = 'My thoughts were focused on an external task or activity:'
67.1842 	EXP 	unnamed TextStim: text = 'Completely'
67.1842 	EXP 	unnamed TextStim: text = 'Not at all'
67.1980 	EXP 	unnamed TextStim: text = 'My thoughts were focused on an external task or activity:'
67.1980 	EXP 	unnamed TextStim: text = 'Completely'
67.1980 	EXP 	unnamed TextStim: text = 'Not at all'
67.2120 	EXP 	unnamed TextStim: text = 'My thoughts were focused on an external task or activity:'
67.2120 	EXP 	unnamed TextStim: text = 'Completely'
67.2120 	EXP 	unnamed TextStim: text = 'Not at all'
67.2259 	EXP 	unnamed TextStim: text = 'My thoughts were focused on an external task or activity:'
67.2259 	EXP 	unnamed TextStim: text = 'Completely'
67.2259 	EXP 	unnamed TextStim: text = 'Not at all'
67.2396 	EXP 	unnamed TextStim: text = 'My thoughts were focused on an external task or activity:'
67.2396 	EXP 	unnamed TextStim: text = 'Completely'
67.2396 	EXP 	unnamed TextStim: text = 'Not at all'
67.2535 	EXP 	unnamed TextStim: text = 'My thoughts were focused on an external task or activity:'
67.2535 	EXP 	unnamed TextStim: text = 'Completely'
67.2535 	EXP 	unnamed TextStim: text = 'Not at all'
67.2674 	EXP 	unnamed TextStim: text = 'My thoughts were focused on an external task or activity:'
67.2674 	EXP 	unnamed TextStim: text = 'Completely'
67.2674 	EXP 	unnamed TextStim: text = 'Not at all'
67.2814 	EXP 	unnamed TextStim: text = 'My thoughts were focused on an external task or activity:'
67.2814 	EXP 	unnamed TextStim: text = 'Completely'
67.2814 	EXP 	unnamed TextStim: text = 'Not at all'
67.2953 	EXP 	unnamed TextStim: text = 'My thoughts were focused on an external task or activity:'
67.2953 	EXP 	unnamed TextStim: text = 'Completely'
67.2953 	EXP 	unnamed TextStim: text = 'Not at all'
67.3100 	EXP 	unnamed TextStim: text = 'My thoughts were focused on an external task or activity:'
67.3100 	EXP 	unnamed TextStim: text = 'Completely'
67.3100 	EXP 	unnamed TextStim: text = 'Not at all'
67.3230 	EXP 	unnamed TextStim: text = 'My thoughts were focused on an external task or activity:'
67.3230 	EXP 	unnamed TextStim: text = 'Completely'
67.3230 	EXP 	unnamed TextStim: text = 'Not at all'
67.3368 	EXP 	unnamed TextStim: text = 'My thoughts were focused on an external task or activity:'
67.3368 	EXP 	unnamed TextStim: text = 'Completely'
67.3368 	EXP 	unnamed TextStim: text = 'Not at all'
67.3508 	EXP 	unnamed TextStim: text = 'My thoughts were focused on an external task or activity:'
67.3508 	EXP 	unnamed TextStim: text = 'Completely'
67.3508 	EXP 	unnamed TextStim: text = 'Not at all'
67.3648 	EXP 	unnamed TextStim: text = 'My thoughts were focused on an external task or activity:'
67.3648 	EXP 	unnamed TextStim: text = 'Completely'
67.3648 	EXP 	unnamed TextStim: text = 'Not at all'
67.3786 	EXP 	unnamed TextStim: text = 'My thoughts were focused on an external task or activity:'
67.3786 	EXP 	unnamed TextStim: text = 'Completely'
67.3786 	EXP 	unnamed TextStim: text = 'Not at all'
67.3924 	EXP 	unnamed TextStim: text = 'My thoughts were focused on an external task or activity:'
67.3924 	EXP 	unnamed TextStim: text = 'Completely'
67.3924 	EXP 	unnamed TextStim: text = 'Not at all'
67.4064 	EXP 	unnamed TextStim: text = 'My thoughts were focused on an external task or activity:'
67.4064 	EXP 	unnamed TextStim: text = 'Completely'
67.4064 	EXP 	unnamed TextStim: text = 'Not at all'
67.4204 	EXP 	unnamed TextStim: text = 'My thoughts were focused on an external task or activity:'
67.4204 	EXP 	unnamed TextStim: text = 'Completely'
67.4204 	EXP 	unnamed TextStim: text = 'Not at all'
67.4351 	EXP 	unnamed TextStim: text = 'My thoughts were focused on an external task or activity:'
67.4351 	EXP 	unnamed TextStim: text = 'Completely'
67.4351 	EXP 	unnamed TextStim: text = 'Not at all'
67.4481 	EXP 	unnamed TextStim: text = 'My thoughts were focused on an external task or activity:'
67.4481 	EXP 	unnamed TextStim: text = 'Completely'
67.4481 	EXP 	unnamed TextStim: text = 'Not at all'
67.4620 	EXP 	unnamed TextStim: text = 'My thoughts were focused on an external task or activity:'
67.4620 	EXP 	unnamed TextStim: text = 'Completely'
67.4620 	EXP 	unnamed TextStim: text = 'Not at all'
67.4758 	EXP 	unnamed TextStim: text = 'My thoughts were focused on an external task or activity:'
67.4758 	EXP 	unnamed TextStim: text = 'Completely'
67.4758 	EXP 	unnamed TextStim: text = 'Not at all'
67.4897 	EXP 	unnamed TextStim: text = 'My thoughts were focused on an external task or activity:'
67.4897 	EXP 	unnamed TextStim: text = 'Completely'
67.4897 	EXP 	unnamed TextStim: text = 'Not at all'
67.5036 	EXP 	unnamed TextStim: text = 'My thoughts were focused on an external task or activity:'
67.5036 	EXP 	unnamed TextStim: text = 'Completely'
67.5036 	EXP 	unnamed TextStim: text = 'Not at all'
67.5176 	EXP 	unnamed TextStim: text = 'My thoughts were focused on an external task or activity:'
67.5176 	EXP 	unnamed TextStim: text = 'Completely'
67.5176 	EXP 	unnamed TextStim: text = 'Not at all'
67.5314 	EXP 	unnamed TextStim: text = 'My thoughts were focused on an external task or activity:'
67.5314 	EXP 	unnamed TextStim: text = 'Completely'
67.5314 	EXP 	unnamed TextStim: text = 'Not at all'
67.5463 	EXP 	unnamed TextStim: text = 'My thoughts were focused on an external task or activity:'
67.5463 	EXP 	unnamed TextStim: text = 'Completely'
67.5463 	EXP 	unnamed TextStim: text = 'Not at all'
67.5591 	EXP 	unnamed TextStim: text = 'My thoughts were focused on an external task or activity:'
67.5591 	EXP 	unnamed TextStim: text = 'Completely'
67.5591 	EXP 	unnamed TextStim: text = 'Not at all'
67.5742 	EXP 	unnamed TextStim: text = 'My thoughts were focused on an external task or activity:'
67.5742 	EXP 	unnamed TextStim: text = 'Completely'
67.5742 	EXP 	unnamed TextStim: text = 'Not at all'
67.5869 	EXP 	unnamed TextStim: text = 'My thoughts were focused on an external task or activity:'
67.5869 	EXP 	unnamed TextStim: text = 'Completely'
67.5869 	EXP 	unnamed TextStim: text = 'Not at all'
67.6008 	EXP 	unnamed TextStim: text = 'My thoughts were focused on an external task or activity:'
67.6008 	EXP 	unnamed TextStim: text = 'Completely'
67.6008 	EXP 	unnamed TextStim: text = 'Not at all'
67.6147 	EXP 	unnamed TextStim: text = 'My thoughts were focused on an external task or activity:'
67.6147 	EXP 	unnamed TextStim: text = 'Completely'
67.6147 	EXP 	unnamed TextStim: text = 'Not at all'
67.6285 	EXP 	unnamed TextStim: text = 'My thoughts were focused on an external task or activity:'
67.6285 	EXP 	unnamed TextStim: text = 'Completely'
67.6285 	EXP 	unnamed TextStim: text = 'Not at all'
67.6425 	EXP 	unnamed TextStim: text = 'My thoughts were focused on an external task or activity:'
67.6425 	EXP 	unnamed TextStim: text = 'Completely'
67.6425 	EXP 	unnamed TextStim: text = 'Not at all'
67.6564 	EXP 	unnamed TextStim: text = 'My thoughts were focused on an external task or activity:'
67.6564 	EXP 	unnamed TextStim: text = 'Completely'
67.6564 	EXP 	unnamed TextStim: text = 'Not at all'
67.6710 	EXP 	unnamed TextStim: text = 'My thoughts were focused on an external task or activity:'
67.6710 	EXP 	unnamed TextStim: text = 'Completely'
67.6710 	EXP 	unnamed TextStim: text = 'Not at all'
67.6842 	EXP 	unnamed TextStim: text = 'My thoughts were focused on an external task or activity:'
67.6842 	EXP 	unnamed TextStim: text = 'Completely'
67.6842 	EXP 	unnamed TextStim: text = 'Not at all'
67.6980 	EXP 	unnamed TextStim: text = 'My thoughts were focused on an external task or activity:'
67.6980 	EXP 	unnamed TextStim: text = 'Completely'
67.6980 	EXP 	unnamed TextStim: text = 'Not at all'
67.7121 	EXP 	unnamed TextStim: text = 'My thoughts were focused on an external task or activity:'
67.7121 	EXP 	unnamed TextStim: text = 'Completely'
67.7121 	EXP 	unnamed TextStim: text = 'Not at all'
67.7259 	EXP 	unnamed TextStim: text = 'My thoughts were focused on an external task or activity:'
67.7259 	EXP 	unnamed TextStim: text = 'Completely'
67.7259 	EXP 	unnamed TextStim: text = 'Not at all'
67.7398 	EXP 	unnamed TextStim: text = 'My thoughts were focused on an external task or activity:'
67.7398 	EXP 	unnamed TextStim: text = 'Completely'
67.7398 	EXP 	unnamed TextStim: text = 'Not at all'
67.7535 	EXP 	unnamed TextStim: text = 'My thoughts were focused on an external task or activity:'
67.7535 	EXP 	unnamed TextStim: text = 'Completely'
67.7535 	EXP 	unnamed TextStim: text = 'Not at all'
67.7675 	EXP 	unnamed TextStim: text = 'My thoughts were focused on an external task or activity:'
67.7675 	EXP 	unnamed TextStim: text = 'Completely'
67.7675 	EXP 	unnamed TextStim: text = 'Not at all'
67.7816 	EXP 	unnamed TextStim: text = 'My thoughts were focused on an external task or activity:'
67.7816 	EXP 	unnamed TextStim: text = 'Completely'
67.7816 	EXP 	unnamed TextStim: text = 'Not at all'
67.7952 	EXP 	unnamed TextStim: text = 'My thoughts were focused on an external task or activity:'
67.7952 	EXP 	unnamed TextStim: text = 'Completely'
67.7952 	EXP 	unnamed TextStim: text = 'Not at all'
67.8046 	DATA 	Keypress: return
67.8047 	DATA 	RatingScale unnamed RatingScale: (key response) rating=5.5
67.8048 	DATA 	RatingScale unnamed RatingScale: rating RT=1.639
67.8048 	DATA 	RatingScale unnamed RatingScale: history=[(4.5, 0.0), (5.5, 1.639)]
67.8092 	EXP 	unnamed TextStim: text = 'My thoughts were focused on an external task or activity:'
67.8092 	EXP 	unnamed TextStim: text = 'Completely'
67.8092 	EXP 	unnamed TextStim: text = 'Not at all'
68.8101 	EXP 	New trial (rep=0, index=1): OrderedDict([('Questions', 'My thoughts involved future events:'), ('Label', 'Future'), ('Scale_low', 'Not at all'), ('Scale_high', 'Completely')])
68.8266 	DATA 	Keypress: return
68.8269 	DATA 	RatingScale unnamed RatingScale: (key response) rating=5.5
68.8307 	EXP 	unnamed TextStim: text = 'My thoughts involved future events:'
68.8307 	EXP 	unnamed TextStim: text = 'Completely'
68.8307 	EXP 	unnamed TextStim: text = 'Not at all'
69.8413 	EXP 	Created instruction = TextStim(__class__=<class 'psychopy.visual.text.TextStim'>, alignHoriz=method-wrapper(...), alignText='center', alignVert=method-wrapper(...), anchorHoriz='center', anchorVert='center', antialias=True, autoLog=True, bold=False, color=array([-1., -1., -1.]), colorSpace='rgb', contrast=1.0, depth=0, flipHoriz=False, flipVert=False, font='sans', fontFiles=[], height=0.1, italic=False, languageStyle='LTR', name='instruction', opacity=1.0, ori=0.0, pos=array([0., 0.]), rgb=UNKNOWN, text='default text', units='norm', win=Window(...), wrapWidth=1)
69.8443 	EXP 	window1: mouseVisible = False
69.8499 	EXP 	Created instruction = TextStim(__class__=<class 'psychopy.visual.text.TextStim'>, alignHoriz=method-wrapper(...), alignText='center', alignVert=method-wrapper(...), anchorHoriz='center', anchorVert='center', antialias=True, autoLog=True, bold=False, color=array([-1., -1., -1.]), colorSpace='rgb', contrast=1.0, depth=0, flipHoriz=False, flipVert=False, font='sans', fontFiles=[], height=0.1, italic=False, languageStyle='LTR', name='instruction', opacity=1.0, ori=0.0, pos=array([0., 0.]), rgb=UNKNOWN, text='default text', units='norm', win=Window(...), wrapWidth=1)
69.8899 	DATA 	Keypress: return
69.8903 	DATA 	Keypress: return
69.8933 	EXP 	instruction: text = '\nThe prompt will prompt you to decide whether the upcoming word describes you.\n\nYou are required to respond with the left or right arrow key, according to the prompt: press Left if the word describes you or Right if it does not.\n\nYou should try to be as quick and accurate as possible.\n\n\nPress <Return> to start ...'
70.2113 	DATA 	Keypress: return
70.2245 	EXP 	Created unnamed TextStim = TextStim(__class__=<class 'psychopy.visual.text.TextStim'>, alignHoriz=method-wrapper(...), alignText='center', alignVert=method-wrapper(...), anchorHoriz='center', anchorVert='center', antialias=True, autoLog=True, bold=False, color=array([-1., -1., -1.]), colorSpace='rgb', contrast=1.0, depth=0, flipHoriz=False, flipVert=False, font='sans', fontFiles=[], height=0.1, italic=False, languageStyle='LTR', name='unnamed TextStim', opacity=1.0, ori=0.0, pos=array([0., 0.]), rgb=UNKNOWN, text='+', units='norm', win=Window(...), wrapWidth=1100)
71.2401 	EXP 	Created unnamed TextStim = TextStim(__class__=<class 'psychopy.visual.text.TextStim'>, alignHoriz=method-wrapper(...), alignText='center', alignVert=method-wrapper(...), anchorHoriz='center', anchorVert='center', antialias=True, autoLog=True, bold=False, color=array([-1., -1., -1.]), colorSpace='rgb', contrast=1.0, depth=0, flipHoriz=False, flipVert=False, font='sans', fontFiles=[], height=0.1, italic=False, languageStyle='LTR', name='unnamed TextStim', opacity=1.0, ori=0.0, pos=array([0., 0.]), rgb=UNKNOWN, text='Friend', units='norm', win=Window(...), wrapWidth=1100)
72.5475 	DATA 	Keypress: return
73.2640 	EXP 	Created unnamed TextStim = TextStim(__class__=<class 'psychopy.visual.text.TextStim'>, alignHoriz=method-wrapper(...), alignText='center', alignVert=method-wrapper(...), anchorHoriz='center', anchorVert='center', antialias=True, autoLog=True, bold=False, color=array([-1., -1., -1.]), colorSpace='rgb', contrast=1.0, depth=0, flipHoriz=False, flipVert=False, font='sans', fontFiles=[], height=0.1, italic=False, languageStyle='LTR', name='unnamed TextStim', opacity=1.0, ori=0.0, pos=array([0., 0.]), rgb=UNKNOWN, text='EXCITABLE', units='norm', win=Window(...), wrapWidth=1100)
75.7957 	EXP 	Created unnamed TextStim = TextStim(__class__=<class 'psychopy.visual.text.TextStim'>, alignHoriz=method-wrapper(...), alignText='center', alignVert=method-wrapper(...), anchorHoriz='center', anchorVert='center', antialias=True, autoLog=True, bold=False, color=array([-1., -1., -1.]), colorSpace='rgb', contrast=1.0, depth=0, flipHoriz=False, flipVert=False, font='sans', fontFiles=[], height=0.1, italic=False, languageStyle='LTR', name='unnamed TextStim', opacity=1.0, ori=0.0, pos=array([0., 0.]), rgb=UNKNOWN, text='Friend', units='norm', win=Window(...), wrapWidth=1100)
77.1060 	DATA 	Mouse: Left button down, pos=(861,505)
77.1062 	DATA 	Mouse:  Left button up, pos=(861,505)
77.1064 	DATA 	Mouse: Left button down, pos=(861,505)
77.1066 	DATA 	Mouse:  Left button up, pos=(861,505)
78.6121 	DATA 	Keypress: return
78.6134 	DATA 	Keypress: return
78.8188 	EXP 	Created unnamed TextStim = TextStim(__class__=<class 'psychopy.visual.text.TextStim'>, alignHoriz=method-wrapper(...), alignText='center', alignVert=method-wrapper(...), anchorHoriz='center', anchorVert='center', antialias=True, autoLog=True, bold=False, color=array([-1., -1., -1.]), colorSpace='rgb', contrast=1.0, depth=0, flipHoriz=False, flipVert=False, font='sans', fontFiles=[], height=0.1, italic=False, languageStyle='LTR', name='unnamed TextStim', opacity=1.0, ori=0.0, pos=array([0., 0.]), rgb=UNKNOWN, text='CAUTIOUS', units='norm', win=Window(...), wrapWidth=1100)
79.4034 	DATA 	Keypress: return
80.3530 	EXP 	Created instruction = TextStim(__class__=<class 'psychopy.visual.text.TextStim'>, alignHoriz=method-wrapper(...), alignText='center', alignVert=method-wrapper(...), anchorHoriz='center', anchorVert='center', antialias=True, autoLog=True, bold=False, color=array([-1., -1., -1.]), colorSpace='rgb', contrast=1.0, depth=0, flipHoriz=False, flipVert=False, font='sans', fontFiles=[], height=0.1, italic=False, languageStyle='LTR', name='instruction', opacity=1.0, ori=0.0, pos=array([0., 0.]), rgb=UNKNOWN, text='default text', units='norm', win=Window(...), wrapWidth=1)
80.3794 	EXP 	instruction: text = '\nPlease answer the questions honestly.\n\nA list of descriptions and a rating scale ranging from 1 to 10 will be presented on the screen.\n\nPlease use the left and right arrow keys to select your answer, and the enter button to confirm.\n'
94.1438 	DATA 	Mouse: Left button down, pos=(1134,501)
94.1801 	DATA 	Mouse:  Left button up, pos=(1134,502)
95.0215 	DATA 	Mouse: Left button down, pos=(870,509)
95.1078 	DATA 	Mouse:  Left button up, pos=(871,507)
95.5207 	DATA 	Keypress: return
95.5347 	EXP 	Imported ./resources/ESQ/ESQ_Questions.csv as conditions, 14 conditions, 4 params
95.5351 	EXP 	Created sequence: sequential, trialTypes=14, nReps=1, seed=None
95.5416 	WARNING 	RatingScale unnamed RatingScale: len(labels) not equal to len(tickMarks)
95.5422 	EXP 	window1: mouseVisible = True
95.5785 	EXP 	Created unnamed RatingScale = RatingScale(__class__=type(...), acceptKeys=['return'], acceptPreText=UNKNOWN, acceptSize=UNKNOWN, acceptText='accept?', autoLog=True, choices=False, colorSpace='rgb', depth=0, disappear=False, flipVert=False, high=10, kwargs=UNKNOWN, labels=list(...), leftKeys=['left'], lineColor='black', low=1, marker=ShapeStim(...), markerColor='black', markerExpansion=UNKNOWN, markerStart=4.5, maxTime=0.0, minTime=0.4, mouseOnly=False, name='unnamed RatingScale', noMouse=False, pos=[0.0, -0.4], precision=10, respKeys=[], rightKeys=['right'], scale=False, self=UNKNOWN, showAccept=True, showValue=True, singleClick=False, size=0.6, skipKeys=['tab'], stretch=1.0, textColor='black', textFont='Helvetica Bold', textSize=0.12, tickHeight=1.0, tickMarks=9.0, win=Window(...))
95.5808 	EXP 	Created unnamed TextStim = TextStim(__class__=<class 'psychopy.visual.text.TextStim'>, alignHoriz=method-wrapper(...), alignText='center', alignVert=method-wrapper(...), anchorHoriz='center', anchorVert='top', antialias=True, autoLog=True, bold=False, color=array([-1., -1., -1.]), colorSpace='rgb', contrast=1.0, depth=0, flipHoriz=False, flipVert=False, font='', fontFiles=[], height=0.1, italic=False, languageStyle='LTR', name='unnamed TextStim', opacity=1.0, ori=0.0, pos=array([0., 0.]), rgb=UNKNOWN, text='', units='norm', win=Window(...), wrapWidth=1)
95.5827 	EXP 	Created unnamed TextStim = TextStim(__class__=<class 'psychopy.visual.text.TextStim'>, alignHoriz=method-wrapper(...), alignText='center', alignVert=method-wrapper(...), anchorHoriz='center', anchorVert='center', antialias=True, autoLog=True, bold=False, color=array([-1., -1., -1.]), colorSpace='rgb', contrast=1.0, depth=0, flipHoriz=False, flipVert=False, font='', fontFiles=[], height=0.1, italic=False, languageStyle='LTR', name='unnamed TextStim', opacity=1.0, ori=0.0, pos=array([ 0.5, -0.5]), rgb=UNKNOWN, text='', units='norm', win=Window(...), wrapWidth=1)
95.5846 	EXP 	Created unnamed TextStim = TextStim(__class__=<class 'psychopy.visual.text.TextStim'>, alignHoriz=method-wrapper(...), alignText='center', alignVert=method-wrapper(...), anchorHoriz='center', anchorVert='center', antialias=True, autoLog=True, bold=False, color=array([-1., -1., -1.]), colorSpace='rgb', contrast=1.0, depth=0, flipHoriz=False, flipVert=False, font='', fontFiles=[], height=0.1, italic=False, languageStyle='LTR', name='unnamed TextStim', opacity=1.0, ori=0.0, pos=array([-0.5, -0.5]), rgb=UNKNOWN, text='', units='norm', win=Window(...), wrapWidth=1)
95.5849 	EXP 	New trial (rep=0, index=0): OrderedDict([('Questions', 'My thoughts were focused on an external task or activity:'), ('Label', 'Focus'), ('Scale_low', 'Not at all'), ('Scale_high', 'Completely')])
95.6297 	EXP 	unnamed RatingScale: flipVert = False
95.6297 	EXP 	unnamed RatingScale: autoLog = True
95.6297 	EXP 	unnamed TextStim: text = 'My thoughts were focused on an external task or activity:'
95.6297 	EXP 	unnamed TextStim: text = 'Completely'
95.6297 	EXP 	unnamed TextStim: text = 'Not at all'
95.6436 	EXP 	unnamed TextStim: text = 'My thoughts were focused on an external task or activity:'
95.6436 	EXP 	unnamed TextStim: text = 'Completely'
95.6436 	EXP 	unnamed TextStim: text = 'Not at all'
95.6577 	EXP 	unnamed TextStim: text = 'My thoughts were focused on an external task or activity:'
95.6577 	EXP 	unnamed TextStim: text = 'Completely'
95.6577 	EXP 	unnamed TextStim: text = 'Not at all'
95.6716 	EXP 	unnamed TextStim: text = 'My thoughts were focused on an external task or activity:'
95.6716 	EXP 	unnamed TextStim: text = 'Completely'
95.6716 	EXP 	unnamed TextStim: text = 'Not at all'
95.6856 	EXP 	unnamed TextStim: text = 'My thoughts were focused on an external task or activity:'
95.6856 	EXP 	unnamed TextStim: text = 'Completely'
95.6856 	EXP 	unnamed TextStim: text = 'Not at all'
95.6992 	EXP 	unnamed TextStim: text = 'My thoughts were focused on an external task or activity:'
95.6992 	EXP 	unnamed TextStim: text = 'Completely'
95.6992 	EXP 	unnamed TextStim: text = 'Not at all'
95.7134 	EXP 	unnamed TextStim: text = 'My thoughts were focused on an external task or activity:'
95.7134 	EXP 	unnamed TextStim: text = 'Completely'
95.7134 	EXP 	unnamed TextStim: text = 'Not at all'
95.7283 	EXP 	unnamed TextStim: text = 'My thoughts were focused on an external task or activity:'
95.7283 	EXP 	unnamed TextStim: text = 'Completely'
95.7283 	EXP 	unnamed TextStim: text = 'Not at all'
95.7409 	EXP 	unnamed TextStim: text = 'My thoughts were focused on an external task or activity:'
95.7409 	EXP 	unnamed TextStim: text = 'Completely'
95.7409 	EXP 	unnamed TextStim: text = 'Not at all'
95.7546 	EXP 	unnamed TextStim: text = 'My thoughts were focused on an external task or activity:'
95.7546 	EXP 	unnamed TextStim: text = 'Completely'
95.7546 	EXP 	unnamed TextStim: text = 'Not at all'
95.7689 	EXP 	unnamed TextStim: text = 'My thoughts were focused on an external task or activity:'
95.7689 	EXP 	unnamed TextStim: text = 'Completely'
95.7689 	EXP 	unnamed TextStim: text = 'Not at all'
95.7828 	EXP 	unnamed TextStim: text = 'My thoughts were focused on an external task or activity:'
95.7828 	EXP 	unnamed TextStim: text = 'Completely'
95.7828 	EXP 	unnamed TextStim: text = 'Not at all'
95.8035 	EXP 	unnamed TextStim: text = 'My thoughts were focused on an external task or activity:'
95.8035 	EXP 	unnamed TextStim: text = 'Completely'
95.8035 	EXP 	unnamed TextStim: text = 'Not at all'
95.8174 	EXP 	unnamed TextStim: text = 'My thoughts were focused on an external task or activity:'
95.8174 	EXP 	unnamed TextStim: text = 'Completely'
95.8174 	EXP 	unnamed TextStim: text = 'Not at all'
95.8311 	EXP 	unnamed TextStim: text = 'My thoughts were focused on an external task or activity:'
95.8311 	EXP 	unnamed TextStim: text = 'Completely'
95.8311 	EXP 	unnamed TextStim: text = 'Not at all'
95.8450 	EXP 	unnamed TextStim: text = 'My thoughts were focused on an external task or activity:'
95.8450 	EXP 	unnamed TextStim: text = 'Completely'
95.8450 	EXP 	unnamed TextStim: text = 'Not at all'
95.8593 	EXP 	unnamed TextStim: text = 'My thoughts were focused on an external task or activity:'
95.8593 	EXP 	unnamed TextStim: text = 'Completely'
95.8593 	EXP 	unnamed TextStim: text = 'Not at all'
95.8797 	EXP 	unnamed TextStim: text = 'My thoughts were focused on an external task or activity:'
95.8797 	EXP 	unnamed TextStim: text = 'Completely'
95.8797 	EXP 	unnamed TextStim: text = 'Not at all'
95.8938 	EXP 	unnamed TextStim: text = 'My thoughts were focused on an external task or activity:'
95.8938 	EXP 	unnamed TextStim: text = 'Completely'
95.8938 	EXP 	unnamed TextStim: text = 'Not at all'
95.9081 	EXP 	unnamed TextStim: text = 'My thoughts were focused on an external task or activity:'
95.9081 	EXP 	unnamed TextStim: text = 'Completely'
95.9081 	EXP 	unnamed TextStim: text = 'Not at all'
95.9216 	EXP 	unnamed TextStim: text = 'My thoughts were focused on an external task or activity:'
95.9216 	EXP 	unnamed TextStim: text = 'Completely'
95.9216 	EXP 	unnamed TextStim: text = 'Not at all'
95.9356 	EXP 	unnamed TextStim: text = 'My thoughts were focused on an external task or activity:'
95.9356 	EXP 	unnamed TextStim: text = 'Completely'
95.9356 	EXP 	unnamed TextStim: text = 'Not at all'
95.9492 	EXP 	unnamed TextStim: text = 'My thoughts were focused on an external task or activity:'
95.9492 	EXP 	unnamed TextStim: text = 'Completely'
95.9492 	EXP 	unnamed TextStim: text = 'Not at all'
95.9650 	EXP 	unnamed TextStim: text = 'My thoughts were focused on an external task or activity:'
95.9650 	EXP 	unnamed TextStim: text = 'Completely'
95.9650 	EXP 	unnamed TextStim: text = 'Not at all'
95.9839 	EXP 	unnamed TextStim: text = 'My thoughts were focused on an external task or activity:'
95.9839 	EXP 	unnamed TextStim: text = 'Completely'
95.9839 	EXP 	unnamed TextStim: text = 'Not at all'
96.0049 	EXP 	unnamed TextStim: text = 'My thoughts were focused on an external task or activity:'
96.0049 	EXP 	unnamed TextStim: text = 'Completely'
96.0049 	EXP 	unnamed TextStim: text = 'Not at all'
96.0185 	EXP 	unnamed TextStim: text = 'My thoughts were focused on an external task or activity:'
96.0185 	EXP 	unnamed TextStim: text = 'Completely'
96.0185 	EXP 	unnamed TextStim: text = 'Not at all'
96.0290 	DATA 	Keypress: return
96.0295 	DATA 	RatingScale unnamed RatingScale: (key response) rating=5.5
96.0296 	DATA 	RatingScale unnamed RatingScale: rating RT=0.415
96.0296 	DATA 	RatingScale unnamed RatingScale: history=[(4.5, 0.0), (5.5, 0.415)]
96.0328 	EXP 	unnamed TextStim: text = 'My thoughts were focused on an external task or activity:'
96.0328 	EXP 	unnamed TextStim: text = 'Completely'
96.0328 	EXP 	unnamed TextStim: text = 'Not at all'
97.0333 	EXP 	New trial (rep=0, index=1): OrderedDict([('Questions', 'My thoughts involved future events:'), ('Label', 'Future'), ('Scale_low', 'Not at all'), ('Scale_high', 'Completely')])
97.0551 	EXP 	unnamed TextStim: text = 'My thoughts involved future events:'
97.0551 	EXP 	unnamed TextStim: text = 'Completely'
97.0551 	EXP 	unnamed TextStim: text = 'Not at all'
97.0768 	EXP 	unnamed TextStim: text = 'My thoughts involved future events:'
97.0768 	EXP 	unnamed TextStim: text = 'Completely'
97.0768 	EXP 	unnamed TextStim: text = 'Not at all'
97.0974 	EXP 	unnamed TextStim: text = 'My thoughts involved future events:'
97.0974 	EXP 	unnamed TextStim: text = 'Completely'
97.0974 	EXP 	unnamed TextStim: text = 'Not at all'
97.1181 	EXP 	unnamed TextStim: text = 'My thoughts involved future events:'
97.1181 	EXP 	unnamed TextStim: text = 'Completely'
97.1181 	EXP 	unnamed TextStim: text = 'Not at all'
97.1386 	EXP 	unnamed TextStim: text = 'My thoughts involved future events:'
97.1386 	EXP 	unnamed TextStim: text = 'Completely'
97.1386 	EXP 	unnamed TextStim: text = 'Not at all'
97.1596 	EXP 	unnamed TextStim: text = 'My thoughts involved future events:'
97.1596 	EXP 	unnamed TextStim: text = 'Completely'
97.1596 	EXP 	unnamed TextStim: text = 'Not at all'
97.1804 	EXP 	unnamed TextStim: text = 'My thoughts involved future events:'
97.1804 	EXP 	unnamed TextStim: text = 'Completely'
97.1804 	EXP 	unnamed TextStim: text = 'Not at all'
97.2012 	EXP 	unnamed TextStim: text = 'My thoughts involved future events:'
97.2012 	EXP 	unnamed TextStim: text = 'Completely'
97.2012 	EXP 	unnamed TextStim: text = 'Not at all'
97.2224 	EXP 	unnamed TextStim: text = 'My thoughts involved future events:'
97.2224 	EXP 	unnamed TextStim: text = 'Completely'
97.2224 	EXP 	unnamed TextStim: text = 'Not at all'
97.2423 	EXP 	unnamed TextStim: text = 'My thoughts involved future events:'
97.2423 	EXP 	unnamed TextStim: text = 'Completely'
97.2423 	EXP 	unnamed TextStim: text = 'Not at all'
97.2639 	EXP 	unnamed TextStim: text = 'My thoughts involved future events:'
97.2639 	EXP 	unnamed TextStim: text = 'Completely'
97.2639 	EXP 	unnamed TextStim: text = 'Not at all'
97.2850 	EXP 	unnamed TextStim: text = 'My thoughts involved future events:'
97.2850 	EXP 	unnamed TextStim: text = 'Completely'
97.2850 	EXP 	unnamed TextStim: text = 'Not at all'
97.3048 	EXP 	unnamed TextStim: text = 'My thoughts involved future events:'
97.3048 	EXP 	unnamed TextStim: text = 'Completely'
97.3048 	EXP 	unnamed TextStim: text = 'Not at all'
97.3241 	EXP 	unnamed TextStim: text = 'My thoughts involved future events:'
97.3241 	EXP 	unnamed TextStim: text = 'Completely'
97.3241 	EXP 	unnamed TextStim: text = 'Not at all'
97.3375 	EXP 	unnamed TextStim: text = 'My thoughts involved future events:'
97.3375 	EXP 	unnamed TextStim: text = 'Completely'
97.3375 	EXP 	unnamed TextStim: text = 'Not at all'
97.3519 	EXP 	unnamed TextStim: text = 'My thoughts involved future events:'
97.3519 	EXP 	unnamed TextStim: text = 'Completely'
97.3519 	EXP 	unnamed TextStim: text = 'Not at all'
97.3657 	EXP 	unnamed TextStim: text = 'My thoughts involved future events:'
97.3657 	EXP 	unnamed TextStim: text = 'Completely'
97.3657 	EXP 	unnamed TextStim: text = 'Not at all'
97.3794 	EXP 	unnamed TextStim: text = 'My thoughts involved future events:'
97.3794 	EXP 	unnamed TextStim: text = 'Completely'
97.3794 	EXP 	unnamed TextStim: text = 'Not at all'
97.3936 	EXP 	unnamed TextStim: text = 'My thoughts involved future events:'
97.3936 	EXP 	unnamed TextStim: text = 'Completely'
97.3936 	EXP 	unnamed TextStim: text = 'Not at all'
97.4075 	EXP 	unnamed TextStim: text = 'My thoughts involved future events:'
97.4075 	EXP 	unnamed TextStim: text = 'Completely'
97.4075 	EXP 	unnamed TextStim: text = 'Not at all'
97.4213 	EXP 	unnamed TextStim: text = 'My thoughts involved future events:'
97.4213 	EXP 	unnamed TextStim: text = 'Completely'
97.4213 	EXP 	unnamed TextStim: text = 'Not at all'
97.4361 	EXP 	unnamed TextStim: text = 'My thoughts involved future events:'
97.4361 	EXP 	unnamed TextStim: text = 'Completely'
97.4361 	EXP 	unnamed TextStim: text = 'Not at all'
97.4489 	EXP 	unnamed TextStim: text = 'My thoughts involved future events:'
97.4489 	EXP 	unnamed TextStim: text = 'Completely'
97.4489 	EXP 	unnamed TextStim: text = 'Not at all'
97.4647 	EXP 	unnamed TextStim: text = 'My thoughts involved future events:'
97.4647 	EXP 	unnamed TextStim: text = 'Completely'
97.4647 	EXP 	unnamed TextStim: text = 'Not at all'
97.4774 	EXP 	unnamed TextStim: text = 'My thoughts involved future events:'
97.4774 	EXP 	unnamed TextStim: text = 'Completely'
97.4774 	EXP 	unnamed TextStim: text = 'Not at all'
97.4913 	EXP 	unnamed TextStim: text = 'My thoughts involved future events:'
97.4913 	EXP 	unnamed TextStim: text = 'Completely'
97.4913 	EXP 	unnamed TextStim: text = 'Not at all'
97.5053 	EXP 	unnamed TextStim: text = 'My thoughts involved future events:'
97.5053 	EXP 	unnamed TextStim: text = 'Completely'
97.5053 	EXP 	unnamed TextStim: text = 'Not at all'
97.5182 	EXP 	unnamed TextStim: text = 'My thoughts involved future events:'
97.5182 	EXP 	unnamed TextStim: text = 'Completely'
97.5182 	EXP 	unnamed TextStim: text = 'Not at all'
97.5322 	EXP 	unnamed TextStim: text = 'My thoughts involved future events:'
97.5322 	EXP 	unnamed TextStim: text = 'Completely'
97.5322 	EXP 	unnamed TextStim: text = 'Not at all'
97.5547 	EXP 	unnamed TextStim: text = 'My thoughts involved future events:'
97.5547 	EXP 	unnamed TextStim: text = 'Completely'
97.5547 	EXP 	unnamed TextStim: text = 'Not at all'
97.5758 	EXP 	unnamed TextStim: text = 'My thoughts involved future events:'
97.5758 	EXP 	unnamed TextStim: text = 'Completely'
97.5758 	EXP 	unnamed TextStim: text = 'Not at all'
97.5965 	EXP 	unnamed TextStim: text = 'My thoughts involved future events:'
97.5965 	EXP 	unnamed TextStim: text = 'Completely'
97.5965 	EXP 	unnamed TextStim: text = 'Not at all'
97.6173 	EXP 	unnamed TextStim: text = 'My thoughts involved future events:'
97.6173 	EXP 	unnamed TextStim: text = 'Completely'
97.6173 	EXP 	unnamed TextStim: text = 'Not at all'
97.6381 	EXP 	unnamed TextStim: text = 'My thoughts involved future events:'
97.6381 	EXP 	unnamed TextStim: text = 'Completely'
97.6381 	EXP 	unnamed TextStim: text = 'Not at all'
97.6590 	EXP 	unnamed TextStim: text = 'My thoughts involved future events:'
97.6590 	EXP 	unnamed TextStim: text = 'Completely'
97.6590 	EXP 	unnamed TextStim: text = 'Not at all'
97.6802 	EXP 	unnamed TextStim: text = 'My thoughts involved future events:'
97.6802 	EXP 	unnamed TextStim: text = 'Completely'
97.6802 	EXP 	unnamed TextStim: text = 'Not at all'
97.7006 	EXP 	unnamed TextStim: text = 'My thoughts involved future events:'
97.7006 	EXP 	unnamed TextStim: text = 'Completely'
97.7006 	EXP 	unnamed TextStim: text = 'Not at all'
97.7214 	EXP 	unnamed TextStim: text = 'My thoughts involved future events:'
97.7214 	EXP 	unnamed TextStim: text = 'Completely'
97.7214 	EXP 	unnamed TextStim: text = 'Not at all'
97.7424 	EXP 	unnamed TextStim: text = 'My thoughts involved future events:'
97.7424 	EXP 	unnamed TextStim: text = 'Completely'
97.7424 	EXP 	unnamed TextStim: text = 'Not at all'
97.7638 	EXP 	unnamed TextStim: text = 'My thoughts involved future events:'
97.7638 	EXP 	unnamed TextStim: text = 'Completely'
97.7638 	EXP 	unnamed TextStim: text = 'Not at all'
97.7846 	EXP 	unnamed TextStim: text = 'My thoughts involved future events:'
97.7846 	EXP 	unnamed TextStim: text = 'Completely'
97.7846 	EXP 	unnamed TextStim: text = 'Not at all'
97.8047 	EXP 	unnamed TextStim: text = 'My thoughts involved future events:'
97.8047 	EXP 	unnamed TextStim: text = 'Completely'
97.8047 	EXP 	unnamed TextStim: text = 'Not at all'
97.8174 	DATA 	Mouse: Left button down, pos=(825,373)
97.8255 	EXP 	unnamed TextStim: text = 'My thoughts involved future events:'
97.8255 	EXP 	unnamed TextStim: text = 'Completely'
97.8255 	EXP 	unnamed TextStim: text = 'Not at all'
97.8404 	EXP 	unnamed TextStim: text = 'My thoughts involved future events:'
97.8404 	EXP 	unnamed TextStim: text = 'Completely'
97.8404 	EXP 	unnamed TextStim: text = 'Not at all'
97.8612 	EXP 	unnamed TextStim: text = 'My thoughts involved future events:'
97.8612 	EXP 	unnamed TextStim: text = 'Completely'
97.8612 	EXP 	unnamed TextStim: text = 'Not at all'
97.8815 	EXP 	unnamed TextStim: text = 'My thoughts involved future events:'
97.8815 	EXP 	unnamed TextStim: text = 'Completely'
97.8815 	EXP 	unnamed TextStim: text = 'Not at all'
97.9021 	EXP 	unnamed TextStim: text = 'My thoughts involved future events:'
97.9021 	EXP 	unnamed TextStim: text = 'Completely'
97.9021 	EXP 	unnamed TextStim: text = 'Not at all'
97.9145 	DATA 	Mouse:  Left button up, pos=(825,373)
97.9232 	EXP 	unnamed TextStim: text = 'My thoughts involved future events:'
97.9232 	EXP 	unnamed TextStim: text = 'Completely'
97.9232 	EXP 	unnamed TextStim: text = 'Not at all'
97.9436 	EXP 	unnamed TextStim: text = 'My thoughts involved future events:'
97.9436 	EXP 	unnamed TextStim: text = 'Completely'
97.9436 	EXP 	unnamed TextStim: text = 'Not at all'
97.9590 	EXP 	unnamed TextStim: text = 'My thoughts involved future events:'
97.9590 	EXP 	unnamed TextStim: text = 'Completely'
97.9590 	EXP 	unnamed TextStim: text = 'Not at all'
97.9786 	EXP 	unnamed TextStim: text = 'My thoughts involved future events:'
97.9786 	EXP 	unnamed TextStim: text = 'Completely'
97.9786 	EXP 	unnamed TextStim: text = 'Not at all'
97.9993 	EXP 	unnamed TextStim: text = 'My thoughts involved future events:'
97.9993 	EXP 	unnamed TextStim: text = 'Completely'
97.9993 	EXP 	unnamed TextStim: text = 'Not at all'
98.0203 	EXP 	unnamed TextStim: text = 'My thoughts involved future events:'
98.0203 	EXP 	unnamed TextStim: text = 'Completely'
98.0203 	EXP 	unnamed TextStim: text = 'Not at all'
98.0409 	EXP 	unnamed TextStim: text = 'My thoughts involved future events:'
98.0409 	EXP 	unnamed TextStim: text = 'Completely'
98.0409 	EXP 	unnamed TextStim: text = 'Not at all'
98.0620 	EXP 	unnamed TextStim: text = 'My thoughts involved future events:'
98.0620 	EXP 	unnamed TextStim: text = 'Completely'
98.0620 	EXP 	unnamed TextStim: text = 'Not at all'
98.0822 	EXP 	unnamed TextStim: text = 'My thoughts involved future events:'
98.0822 	EXP 	unnamed TextStim: text = 'Completely'
98.0822 	EXP 	unnamed TextStim: text = 'Not at all'
98.1036 	EXP 	unnamed TextStim: text = 'My thoughts involved future events:'
98.1036 	EXP 	unnamed TextStim: text = 'Completely'
98.1036 	EXP 	unnamed TextStim: text = 'Not at all'
98.1243 	EXP 	unnamed TextStim: text = 'My thoughts involved future events:'
98.1243 	EXP 	unnamed TextStim: text = 'Completely'
98.1243 	EXP 	unnamed TextStim: text = 'Not at all'
98.1365 	DATA 	Keypress: return
98.1379 	DATA 	RatingScale unnamed RatingScale: (key response) rating=5.5
98.1448 	EXP 	unnamed TextStim: text = 'My thoughts involved future events:'
98.1448 	EXP 	unnamed TextStim: text = 'Completely'
98.1448 	EXP 	unnamed TextStim: text = 'Not at all'
99.1549 	EXP 	Created instruction = TextStim(__class__=<class 'psychopy.visual.text.TextStim'>, alignHoriz=method-wrapper(...), alignText='center', alignVert=method-wrapper(...), anchorHoriz='center', anchorVert='center', antialias=True, autoLog=True, bold=False, color=array([-1., -1., -1.]), colorSpace='rgb', contrast=1.0, depth=0, flipHoriz=False, flipVert=False, font='sans', fontFiles=[], height=0.1, italic=False, languageStyle='LTR', name='instruction', opacity=1.0, ori=0.0, pos=array([0., 0.]), rgb=UNKNOWN, text='default text', units='norm', win=Window(...), wrapWidth=1)
99.2308 	EXP 	Created unnamed TextStim = TextStim(__class__=<class 'psychopy.visual.text.TextStim'>, alignHoriz=method-wrapper(...), alignText='center', alignVert=method-wrapper(...), anchorHoriz='center', anchorVert='center', antialias=True, autoLog=True, bold=False, color=array([-1., -1., -1.]), colorSpace='rgb', contrast=1.0, depth=0, flipHoriz=False, flipVert=False, font='', fontFiles=[], height=0.05, italic=False, languageStyle='LTR', name='unnamed TextStim', opacity=1.0, ori=0.0, pos=array([0., 0.]), rgb=UNKNOWN, text=str(...), units='norm', win=Window(...), wrapWidth=1)
99.2807 	EXP 	Created unnamed TextStim = TextStim(__class__=<class 'psychopy.visual.text.TextStim'>, alignHoriz=method-wrapper(...), alignText='center', alignVert=method-wrapper(...), anchorHoriz='center', anchorVert='center', antialias=True, autoLog=True, bold=False, color=array([-1., -1., -1.]), colorSpace='rgb', contrast=1.0, depth=0, flipHoriz=False, flipVert=False, font='', fontFiles=[], height=0.05, italic=False, languageStyle='LTR', name='unnamed TextStim', opacity=1.0, ori=0.0, pos=array([0., 0.]), rgb=UNKNOWN, text=str(...), units='norm', win=Window(...), wrapWidth=1)
99.2926 	EXP 	Created unnamed TextStim = TextStim(__class__=<class 'psychopy.visual.text.TextStim'>, alignHoriz=method-wrapper(...), alignText='center', alignVert=method-wrapper(...), anchorHoriz='center', anchorVert='center', antialias=True, autoLog=True, bold=False, color=array([-1., -1., -1.]), colorSpace='rgb', contrast=1.0, depth=0, flipHoriz=False, flipVert=False, font='', fontFiles=[], height=0.1, italic=False, languageStyle='LTR', name='unnamed TextStim', opacity=1.0, ori=0.0, pos=array([0., 0.]), rgb=UNKNOWN, text='The experiment will start shortly.', units='norm', win=Window(...), wrapWidth=1)
99.2996 	EXP 	Created unnamed TextStim = TextStim(__class__=<class 'psychopy.visual.text.TextStim'>, alignHoriz=method-wrapper(...), alignText='center', alignVert=method-wrapper(...), anchorHoriz='center', anchorVert='center', antialias=True, autoLog=True, bold=False, color=array([-1., -1., -1.]), colorSpace='rgb', contrast=1.0, depth=0, flipHoriz=False, flipVert=False, font='', fontFiles=[], height=0.1, italic=False, languageStyle='LTR', name='unnamed TextStim', opacity=1.0, ori=0.0, pos=array([0., 0.]), rgb=UNKNOWN, text='End of Experiment!', units='norm', win=Window(...), wrapWidth=1)
99.3049 	EXP 	Created unnamed TextStim = TextStim(__class__=<class 'psychopy.visual.text.TextStim'>, alignHoriz=method-wrapper(...), alignText='center', alignVert=method-wrapper(...), anchorHoriz='center', anchorVert='center', antialias=True, autoLog=True, bold=False, color=array([-1., -1., -1.]), colorSpace='rgb', contrast=1.0, depth=0, flipHoriz=False, flipVert=False, font='', fontFiles=[], height=0.1, italic=False, languageStyle='LTR', name='unnamed TextStim', opacity=1.0, ori=0.0, pos=array([0., 0.]), rgb=UNKNOWN, text='+', units='norm', win=Window(...), wrapWidth=1)
99.3066 	DATA 	Keypress: return
99.8009 	DATA 	Keypress: return
100.2017 	DATA 	Keypress: return
100.7930 	DATA 	Keypress: return
103.5110 	DATA 	Mouse: Left button down, pos=(472,269)
103.5576 	DATA 	Mouse:  Left button up, pos=(472,269)
103.5873 	DATA 	Mouse: Left button down, pos=(472,269)
103.6398 	DATA 	Mouse:  Left button up, pos=(472,269)
105.3717 	DATA 	Mouse: Left button down, pos=(460,312)
105.4441 	DATA 	Mouse:  Left button up, pos=(460,312)
105.4753 	DATA 	Mouse: Left button down, pos=(460,312)
105.5128 	DATA 	Keypress: return
105.5179 	EXP 	Created unnamed TextStim = TextStim(__class__=<class 'psychopy.visual.text.TextStim'>, alignHoriz=method-wrapper(...), alignText='center', alignVert=method-wrapper(...), anchorHoriz='center', anchorVert='center', antialias=True, autoLog=True, bold=False, color=array([-1., -1., -1.]), colorSpace='rgb', contrast=1.0, depth=0, flipHoriz=False, flipVert=False, font='', fontFiles=[], height=0.1, italic=False, languageStyle='LTR', name='unnamed TextStim', opacity=1.0, ori=0.0, pos=array([0., 0.]), rgb=UNKNOWN, text='+', units='norm', win=Window(...), wrapWidth=1)
105.5263 	EXP 	Created unnamed TextStim = TextStim(__class__=<class 'psychopy.visual.text.TextStim'>, alignHoriz=method-wrapper(...), alignText='center', alignVert=method-wrapper(...), anchorHoriz='center', anchorVert='center', antialias=True, autoLog=True, bold=False, color=array([-1., -1., -1.]), colorSpace='rgb', contrast=1.0, depth=0, flipHoriz=False, flipVert=False, font='', fontFiles=[], height=0.3, italic=False, languageStyle='LTR', name='unnamed TextStim', opacity=1.0, ori=0.0, pos=array([0., 0.]), rgb=UNKNOWN, text='BOX', units='norm', win=Window(...), wrapWidth=1)
105.5284 	DATA 	Mouse:  Left button up, pos=(460,312)
107.3352 	DATA 	Mouse: Left button down, pos=(479,361)
107.3361 	DATA 	Mouse:  Left button up, pos=(479,361)
107.3370 	DATA 	Keypress: return
107.5623 	EXP 	Created unnamed TextStim = TextStim(__class__=<class 'psychopy.visual.text.TextStim'>, alignHoriz=method-wrapper(...), alignText='center', alignVert=method-wrapper(...), anchorHoriz='center', anchorVert='center', antialias=True, autoLog=True, bold=False, color=array([-1., -1., -1.]), colorSpace='rgb', contrast=1.0, depth=0, flipHoriz=False, flipVert=False, font='', fontFiles=[], height=0.1, italic=False, languageStyle='LTR', name='unnamed TextStim', opacity=1.0, ori=0.0, pos=array([0., 0.]), rgb=UNKNOWN, text=str(...), units='norm', win=Window(...), wrapWidth=1)
109.3389 	EXP 	Created unnamed ShapeStim = ShapeStim(__class__=<class 'psychopy.visual.shape.ShapeStim'>, autoDraw=False, autoLog=True, closeShape=True, color=method-wrapper(...), colorSpace='rgb', contrast=None, depth=0, fillColor=array([0, 0, 0]), fillColorSpace='rgb', fillRGB=array([0, 0, 0]), interpolate=True, lineColor=array([-1., -1., -1.]), lineColorSpace='rgb', lineRGB=array([-1, -1, -1]), lineWidth=4, name='unnamed ShapeStim', opacity=0.5, ori=0.0, pos=array([-0.06,  0.  ]), size=array([1., 1.]), units='norm', vertices=ndarray(...), win=Window(...), windingRule=None)
109.3399 	DEPRECATION 	Couldn't find image c:\Users\Ian\Documents\GitHub\THINCLabTestRepo\TaskFiles\taskScripts/Stimuli/Scrambled/Slide101S0.JPG; check path? (tried: c:\Users\Ian\Documents\GitHub\THINCLabTestRepo\TaskFiles\taskScripts\Stimuli\Scrambled\Slide101S0.JPG)
