98.7312 	WARNING 	RatingScale unnamed RatingScale: len(labels) not equal to len(tickMarks)
123.5032 	WARNING 	RatingScale unnamed RatingScale: len(labels) not equal to len(tickMarks)
130.0091 	EXP 	window1: recordFrameIntervals = False
130.1731 	EXP 	window1: recordFrameIntervals = True
130.3564 	EXP 	window1: recordFrameIntervals = False
130.3764 	EXP 	Created text_2 = TextStim(__class__=<class 'psychopy.visual.text.TextStim'>, alignHoriz=method-wrapper(...), alignText='center', alignVert=method-wrapper(...), anchorHoriz='center', anchorVert='center', antialias=True, autoLog=True, bold=False, color=array([-1., -1., -1.]), colorSpace='rgb', contrast=1.0, depth=0.0, flipHoriz=False, flipVert=False, font='Open Sans', fontFiles=[], height=0.1, italic=False, languageStyle='LTR', name='text_2', opacity=1, ori=0.0, pos=array([0., 0.]), rgb=UNKNOWN, text='Insert text here', units='norm', win=Window(...), wrapWidth=1)
130.3805 	EXP 	Created memoryPrompt = TextStim(__class__=<class 'psychopy.visual.text.TextStim'>, alignHoriz=method-wrapper(...), alignText='center', alignVert=method-wrapper(...), anchorHoriz='center', anchorVert='center', antialias=True, autoLog=True, bold=False, color=array([-1., -1., -1.]), colorSpace='rgb', contrast=1.0, depth=0.0, flipHoriz=False, flipVert=False, font='Open Sans', fontFiles=[], height=0.1, italic=False, languageStyle='LTR', name='memoryPrompt', opacity=1, ori=0.0, pos=array([0., 0.]), rgb=UNKNOWN, text='', units='norm', win=Window(...), wrapWidth=1)
130.4145 	EXP 	Created text = TextStim(__class__=<class 'psychopy.visual.text.TextStim'>, alignHoriz=method-wrapper(...), alignText='center', alignVert=method-wrapper(...), anchorHoriz='center', anchorVert='center', antialias=True, autoLog=True, bold=False, color=array([-1., -1., -1.]), colorSpace='rgb', contrast=1.0, depth=0.0, flipHoriz=False, flipVert=False, font='Open Sans', fontFiles=[], height=0.1, italic=False, languageStyle='LTR', name='text', opacity=1, ori=0.0, pos=array([0., 0.]), rgb=UNKNOWN, text='+', units='norm', win=Window(...), wrapWidth=1)
130.4277 	EXP 	Created text_3 = TextStim(__class__=<class 'psychopy.visual.text.TextStim'>, alignHoriz=method-wrapper(...), alignText='center', alignVert=method-wrapper(...), anchorHoriz='center', anchorVert='center', antialias=True, autoLog=True, bold=False, color=array([-1., -1., -1.]), colorSpace='rgb', contrast=1.0, depth=0.0, flipHoriz=False, flipVert=False, font='Open Sans', fontFiles=[], height=0.1, italic=False, languageStyle='LTR', name='text_3', opacity=1, ori=0.0, pos=array([0., 0.]), rgb=UNKNOWN, text=str(...), units='norm', win=Window(...), wrapWidth=1)
130.4307 	EXP 	Created text = TextStim(__class__=<class 'psychopy.visual.text.TextStim'>, alignHoriz=method-wrapper(...), alignText='center', alignVert=method-wrapper(...), anchorHoriz='center', anchorVert='center', antialias=True, autoLog=True, bold=False, color=array([-1., -1., -1.]), colorSpace='rgb', contrast=1.0, depth=0.0, flipHoriz=False, flipVert=False, font='Open Sans', fontFiles=[], height=0.1, italic=False, languageStyle='LTR', name='text', opacity=1, ori=0.0, pos=array([0., 0.]), rgb=UNKNOWN, text='+', units='norm', win=Window(...), wrapWidth=1)
130.4362 	EXP 	Created text_4 = TextStim(__class__=<class 'psychopy.visual.text.TextStim'>, alignHoriz=method-wrapper(...), alignText='center', alignVert=method-wrapper(...), anchorHoriz='center', anchorVert='center', antialias=True, autoLog=True, bold=False, color=array([-1., -1., -1.]), colorSpace='rgb', contrast=1.0, depth=0.0, flipHoriz=False, flipVert=False, font='Open Sans', fontFiles=[], height=0.1, italic=False, languageStyle='LTR', name='text_4', opacity=1, ori=0.0, pos=array([0., 0.]), rgb=UNKNOWN, text='You may now stop.', units='norm', win=Window(...), wrapWidth=1)
130.4552 	EXP 	textbox: autoLog = True
130.4552 	EXP 	text_2: autoDraw = True
131.4415 	EXP 	Created sequence: random, trialTypes=1, nReps=1, seed=None
131.4417 	EXP 	New trial (rep=0, index=0): None
131.4675 	DATA 	Keypress: return
131.4744 	EXP 	text_2: autoDraw = False
131.4744 	EXP 	memoryPrompt: text = 'Prompt One'
131.4744 	EXP 	memoryPrompt: autoDraw = True
131.4744 	EXP 	textbox: autoDraw = True
132.1779 	DATA 	Keypress: left
132.6273 	DATA 	Keypress: return
132.6390 	EXP 	memoryPrompt: autoDraw = False
132.6390 	EXP 	textbox: autoDraw = False
132.6390 	EXP 	text: autoDraw = True
137.6550 	EXP 	text: autoDraw = False
137.6550 	EXP 	text: autoDraw = False
137.6550 	EXP 	text_3: text = 'Press return when you are ready to remember:\n\nType response here\n\n'
137.6550 	EXP 	text_3: autoDraw = True
138.6598 	DATA 	Keypress: return
138.6721 	EXP 	text_3: autoDraw = False
138.6721 	EXP 	text: autoDraw = True
143.6722 	EXP 	text: autoDraw = False
143.6722 	EXP 	text: autoDraw = False
143.6722 	EXP 	text_4: autoDraw = True
148.6719 	EXP 	text_4: autoDraw = False
148.6719 	EXP 	text_4: autoDraw = False
148.7330 	EXP 	Created instruction = TextStim(__class__=<class 'psychopy.visual.text.TextStim'>, alignHoriz=method-wrapper(...), alignText='center', alignVert=method-wrapper(...), anchorHoriz='center', anchorVert='center', antialias=True, autoLog=True, bold=False, color=array([-1., -1., -1.]), colorSpace='rgb', contrast=1.0, depth=0, flipHoriz=False, flipVert=False, font='sans', fontFiles=[], height=0.1, italic=False, languageStyle='LTR', name='instruction', opacity=1.0, ori=0.0, pos=array([0., 0.]), rgb=UNKNOWN, text='default text', units='norm', win=Window(...), wrapWidth=1)
148.7891 	EXP 	instruction: text = 'Please answer the questions honestly.\n\nA list of descriptions and a rating scale ranging from 1 to 10 will be presented on the screen.\n\nPlease use the left and right arrow keys to select your answer, and the enter button to confirm.'
154.9833 	DATA 	Keypress: return
155.0223 	EXP 	Imported c:\Users\Adjunct\Documents\GitHub\THINCLabTestRepo\TaskFiles\taskScripts//resources//ESQ//ESQ_Questions.csv as conditions, 14 conditions, 4 params
155.0227 	EXP 	Created sequence: sequential, trialTypes=14, nReps=1, seed=None
155.0242 	WARNING 	RatingScale unnamed RatingScale: len(labels) not equal to len(tickMarks)
155.0243 	EXP 	window1: mouseVisible = True
155.0550 	EXP 	Created unnamed RatingScale = RatingScale(__class__=type(...), acceptKeys=['return'], acceptPreText=UNKNOWN, acceptSize=UNKNOWN, acceptText='accept?', autoLog=True, choices=False, colorSpace='rgb', depth=0, disappear=False, flipVert=False, high=10, kwargs=UNKNOWN, labels=list(...), leftKeys=['left'], lineColor='black', low=1, marker=ShapeStim(...), markerColor='black', markerExpansion=UNKNOWN, markerStart=4.5, maxTime=0.0, minTime=0.4, mouseOnly=False, name='unnamed RatingScale', noMouse=False, pos=[0.0, -0.4], precision=10, respKeys=[], rightKeys=['right'], scale=False, self=UNKNOWN, showAccept=True, showValue=True, singleClick=False, size=0.6, skipKeys=['tab'], stretch=1.0, textColor='black', textFont='Helvetica Bold', textSize=0.12, tickHeight=1.0, tickMarks=9.0, win=Window(...))
155.0573 	EXP 	Created unnamed TextStim = TextStim(__class__=<class 'psychopy.visual.text.TextStim'>, alignHoriz=method-wrapper(...), alignText='center', alignVert=method-wrapper(...), anchorHoriz='center', anchorVert='top', antialias=True, autoLog=True, bold=False, color=array([-1., -1., -1.]), colorSpace='rgb', contrast=1.0, depth=0, flipHoriz=False, flipVert=False, font='', fontFiles=[], height=0.1, italic=False, languageStyle='LTR', name='unnamed TextStim', opacity=1.0, ori=0.0, pos=array([0., 0.]), rgb=UNKNOWN, text='', units='norm', win=Window(...), wrapWidth=1)
155.0592 	EXP 	Created unnamed TextStim = TextStim(__class__=<class 'psychopy.visual.text.TextStim'>, alignHoriz=method-wrapper(...), alignText='center', alignVert=method-wrapper(...), anchorHoriz='center', anchorVert='center', antialias=True, autoLog=True, bold=False, color=array([-1., -1., -1.]), colorSpace='rgb', contrast=1.0, depth=0, flipHoriz=False, flipVert=False, font='', fontFiles=[], height=0.1, italic=False, languageStyle='LTR', name='unnamed TextStim', opacity=1.0, ori=0.0, pos=array([ 0.5, -0.5]), rgb=UNKNOWN, text='', units='norm', win=Window(...), wrapWidth=1)
155.0613 	EXP 	Created unnamed TextStim = TextStim(__class__=<class 'psychopy.visual.text.TextStim'>, alignHoriz=method-wrapper(...), alignText='center', alignVert=method-wrapper(...), anchorHoriz='center', anchorVert='center', antialias=True, autoLog=True, bold=False, color=array([-1., -1., -1.]), colorSpace='rgb', contrast=1.0, depth=0, flipHoriz=False, flipVert=False, font='', fontFiles=[], height=0.1, italic=False, languageStyle='LTR', name='unnamed TextStim', opacity=1.0, ori=0.0, pos=array([-0.5, -0.5]), rgb=UNKNOWN, text='', units='norm', win=Window(...), wrapWidth=1)
155.0615 	EXP 	New trial (rep=0, index=0): OrderedDict([('Questions', 'My thoughts were focused on an external task or activity:'), ('Label', 'Focus'), ('Scale_low', 'Not at all'), ('Scale_high', 'Completely')])
155.1174 	EXP 	unnamed RatingScale: flipVert = False
155.1174 	EXP 	unnamed RatingScale: autoLog = True
155.1174 	EXP 	unnamed TextStim: text = 'My thoughts were focused on an external task or activity:'
155.1174 	EXP 	unnamed TextStim: text = 'Completely'
155.1174 	EXP 	unnamed TextStim: text = 'Not at all'
155.1501 	EXP 	unnamed TextStim: text = 'My thoughts were focused on an external task or activity:'
155.1501 	EXP 	unnamed TextStim: text = 'Completely'
155.1501 	EXP 	unnamed TextStim: text = 'Not at all'
155.1719 	EXP 	unnamed TextStim: text = 'My thoughts were focused on an external task or activity:'
155.1719 	EXP 	unnamed TextStim: text = 'Completely'
155.1719 	EXP 	unnamed TextStim: text = 'Not at all'
155.1898 	EXP 	unnamed TextStim: text = 'My thoughts were focused on an external task or activity:'
155.1898 	EXP 	unnamed TextStim: text = 'Completely'
155.1898 	EXP 	unnamed TextStim: text = 'Not at all'
155.2065 	EXP 	unnamed TextStim: text = 'My thoughts were focused on an external task or activity:'
155.2065 	EXP 	unnamed TextStim: text = 'Completely'
155.2065 	EXP 	unnamed TextStim: text = 'Not at all'
155.2232 	EXP 	unnamed TextStim: text = 'My thoughts were focused on an external task or activity:'
155.2232 	EXP 	unnamed TextStim: text = 'Completely'
155.2232 	EXP 	unnamed TextStim: text = 'Not at all'
155.2398 	EXP 	unnamed TextStim: text = 'My thoughts were focused on an external task or activity:'
155.2398 	EXP 	unnamed TextStim: text = 'Completely'
155.2398 	EXP 	unnamed TextStim: text = 'Not at all'
155.2565 	EXP 	unnamed TextStim: text = 'My thoughts were focused on an external task or activity:'
155.2565 	EXP 	unnamed TextStim: text = 'Completely'
155.2565 	EXP 	unnamed TextStim: text = 'Not at all'
155.2731 	EXP 	unnamed TextStim: text = 'My thoughts were focused on an external task or activity:'
155.2731 	EXP 	unnamed TextStim: text = 'Completely'
155.2731 	EXP 	unnamed TextStim: text = 'Not at all'
155.2898 	EXP 	unnamed TextStim: text = 'My thoughts were focused on an external task or activity:'
155.2898 	EXP 	unnamed TextStim: text = 'Completely'
155.2898 	EXP 	unnamed TextStim: text = 'Not at all'
155.3065 	EXP 	unnamed TextStim: text = 'My thoughts were focused on an external task or activity:'
155.3065 	EXP 	unnamed TextStim: text = 'Completely'
155.3065 	EXP 	unnamed TextStim: text = 'Not at all'
155.3232 	EXP 	unnamed TextStim: text = 'My thoughts were focused on an external task or activity:'
155.3232 	EXP 	unnamed TextStim: text = 'Completely'
155.3232 	EXP 	unnamed TextStim: text = 'Not at all'
155.3398 	EXP 	unnamed TextStim: text = 'My thoughts were focused on an external task or activity:'
155.3398 	EXP 	unnamed TextStim: text = 'Completely'
155.3398 	EXP 	unnamed TextStim: text = 'Not at all'
155.3565 	EXP 	unnamed TextStim: text = 'My thoughts were focused on an external task or activity:'
155.3565 	EXP 	unnamed TextStim: text = 'Completely'
155.3565 	EXP 	unnamed TextStim: text = 'Not at all'
155.3732 	EXP 	unnamed TextStim: text = 'My thoughts were focused on an external task or activity:'
155.3732 	EXP 	unnamed TextStim: text = 'Completely'
155.3732 	EXP 	unnamed TextStim: text = 'Not at all'
155.3898 	EXP 	unnamed TextStim: text = 'My thoughts were focused on an external task or activity:'
155.3898 	EXP 	unnamed TextStim: text = 'Completely'
155.3898 	EXP 	unnamed TextStim: text = 'Not at all'
155.4064 	EXP 	unnamed TextStim: text = 'My thoughts were focused on an external task or activity:'
155.4064 	EXP 	unnamed TextStim: text = 'Completely'
155.4064 	EXP 	unnamed TextStim: text = 'Not at all'
155.4232 	EXP 	unnamed TextStim: text = 'My thoughts were focused on an external task or activity:'
155.4232 	EXP 	unnamed TextStim: text = 'Completely'
155.4232 	EXP 	unnamed TextStim: text = 'Not at all'
155.4398 	EXP 	unnamed TextStim: text = 'My thoughts were focused on an external task or activity:'
155.4398 	EXP 	unnamed TextStim: text = 'Completely'
155.4398 	EXP 	unnamed TextStim: text = 'Not at all'
155.4565 	EXP 	unnamed TextStim: text = 'My thoughts were focused on an external task or activity:'
155.4565 	EXP 	unnamed TextStim: text = 'Completely'
155.4565 	EXP 	unnamed TextStim: text = 'Not at all'
155.4732 	EXP 	unnamed TextStim: text = 'My thoughts were focused on an external task or activity:'
155.4732 	EXP 	unnamed TextStim: text = 'Completely'
155.4732 	EXP 	unnamed TextStim: text = 'Not at all'
155.4898 	EXP 	unnamed TextStim: text = 'My thoughts were focused on an external task or activity:'
155.4898 	EXP 	unnamed TextStim: text = 'Completely'
155.4898 	EXP 	unnamed TextStim: text = 'Not at all'
155.5065 	EXP 	unnamed TextStim: text = 'My thoughts were focused on an external task or activity:'
155.5065 	EXP 	unnamed TextStim: text = 'Completely'
155.5065 	EXP 	unnamed TextStim: text = 'Not at all'
155.5232 	EXP 	unnamed TextStim: text = 'My thoughts were focused on an external task or activity:'
155.5232 	EXP 	unnamed TextStim: text = 'Completely'
155.5232 	EXP 	unnamed TextStim: text = 'Not at all'
155.5398 	EXP 	unnamed TextStim: text = 'My thoughts were focused on an external task or activity:'
155.5398 	EXP 	unnamed TextStim: text = 'Completely'
155.5398 	EXP 	unnamed TextStim: text = 'Not at all'
155.5565 	EXP 	unnamed TextStim: text = 'My thoughts were focused on an external task or activity:'
155.5565 	EXP 	unnamed TextStim: text = 'Completely'
155.5565 	EXP 	unnamed TextStim: text = 'Not at all'
155.5731 	EXP 	unnamed TextStim: text = 'My thoughts were focused on an external task or activity:'
155.5731 	EXP 	unnamed TextStim: text = 'Completely'
155.5731 	EXP 	unnamed TextStim: text = 'Not at all'
155.5816 	DATA 	Keypress: return
155.5827 	DATA 	RatingScale unnamed RatingScale: (key response) rating=5.0
155.5828 	DATA 	RatingScale unnamed RatingScale: rating RT=0.499
155.5828 	DATA 	RatingScale unnamed RatingScale: history=[(4, 0.0), (5.0, 0.499)]
155.5898 	EXP 	unnamed TextStim: text = 'My thoughts were focused on an external task or activity:'
155.5898 	EXP 	unnamed TextStim: text = 'Completely'
155.5898 	EXP 	unnamed TextStim: text = 'Not at all'
156.5905 	EXP 	New trial (rep=0, index=1): OrderedDict([('Questions', 'My thoughts involved future events:'), ('Label', 'Future'), ('Scale_low', 'Not at all'), ('Scale_high', 'Completely')])
156.6337 	EXP 	unnamed TextStim: text = 'My thoughts involved future events:'
156.6337 	EXP 	unnamed TextStim: text = 'Completely'
156.6337 	EXP 	unnamed TextStim: text = 'Not at all'
156.6667 	EXP 	unnamed TextStim: text = 'My thoughts involved future events:'
156.6667 	EXP 	unnamed TextStim: text = 'Completely'
156.6667 	EXP 	unnamed TextStim: text = 'Not at all'
156.6886 	EXP 	unnamed TextStim: text = 'My thoughts involved future events:'
156.6886 	EXP 	unnamed TextStim: text = 'Completely'
156.6886 	EXP 	unnamed TextStim: text = 'Not at all'
156.7065 	EXP 	unnamed TextStim: text = 'My thoughts involved future events:'
156.7065 	EXP 	unnamed TextStim: text = 'Completely'
156.7065 	EXP 	unnamed TextStim: text = 'Not at all'
156.7232 	EXP 	unnamed TextStim: text = 'My thoughts involved future events:'
156.7232 	EXP 	unnamed TextStim: text = 'Completely'
156.7232 	EXP 	unnamed TextStim: text = 'Not at all'
156.7398 	EXP 	unnamed TextStim: text = 'My thoughts involved future events:'
156.7398 	EXP 	unnamed TextStim: text = 'Completely'
156.7398 	EXP 	unnamed TextStim: text = 'Not at all'
156.7565 	EXP 	unnamed TextStim: text = 'My thoughts involved future events:'
156.7565 	EXP 	unnamed TextStim: text = 'Completely'
156.7565 	EXP 	unnamed TextStim: text = 'Not at all'
156.7732 	EXP 	unnamed TextStim: text = 'My thoughts involved future events:'
156.7732 	EXP 	unnamed TextStim: text = 'Completely'
156.7732 	EXP 	unnamed TextStim: text = 'Not at all'
156.7898 	EXP 	unnamed TextStim: text = 'My thoughts involved future events:'
156.7898 	EXP 	unnamed TextStim: text = 'Completely'
156.7898 	EXP 	unnamed TextStim: text = 'Not at all'
156.8064 	EXP 	unnamed TextStim: text = 'My thoughts involved future events:'
156.8064 	EXP 	unnamed TextStim: text = 'Completely'
156.8064 	EXP 	unnamed TextStim: text = 'Not at all'
156.8231 	EXP 	unnamed TextStim: text = 'My thoughts involved future events:'
156.8231 	EXP 	unnamed TextStim: text = 'Completely'
156.8231 	EXP 	unnamed TextStim: text = 'Not at all'
156.8398 	EXP 	unnamed TextStim: text = 'My thoughts involved future events:'
156.8398 	EXP 	unnamed TextStim: text = 'Completely'
156.8398 	EXP 	unnamed TextStim: text = 'Not at all'
156.8564 	EXP 	unnamed TextStim: text = 'My thoughts involved future events:'
156.8564 	EXP 	unnamed TextStim: text = 'Completely'
156.8564 	EXP 	unnamed TextStim: text = 'Not at all'
156.8731 	EXP 	unnamed TextStim: text = 'My thoughts involved future events:'
156.8731 	EXP 	unnamed TextStim: text = 'Completely'
156.8731 	EXP 	unnamed TextStim: text = 'Not at all'
156.8898 	EXP 	unnamed TextStim: text = 'My thoughts involved future events:'
156.8898 	EXP 	unnamed TextStim: text = 'Completely'
156.8898 	EXP 	unnamed TextStim: text = 'Not at all'
156.9064 	EXP 	unnamed TextStim: text = 'My thoughts involved future events:'
156.9064 	EXP 	unnamed TextStim: text = 'Completely'
156.9064 	EXP 	unnamed TextStim: text = 'Not at all'
156.9231 	EXP 	unnamed TextStim: text = 'My thoughts involved future events:'
156.9231 	EXP 	unnamed TextStim: text = 'Completely'
156.9231 	EXP 	unnamed TextStim: text = 'Not at all'
156.9398 	EXP 	unnamed TextStim: text = 'My thoughts involved future events:'
156.9398 	EXP 	unnamed TextStim: text = 'Completely'
156.9398 	EXP 	unnamed TextStim: text = 'Not at all'
156.9564 	EXP 	unnamed TextStim: text = 'My thoughts involved future events:'
156.9564 	EXP 	unnamed TextStim: text = 'Completely'
156.9564 	EXP 	unnamed TextStim: text = 'Not at all'
156.9731 	EXP 	unnamed TextStim: text = 'My thoughts involved future events:'
156.9731 	EXP 	unnamed TextStim: text = 'Completely'
156.9731 	EXP 	unnamed TextStim: text = 'Not at all'
156.9897 	EXP 	unnamed TextStim: text = 'My thoughts involved future events:'
156.9897 	EXP 	unnamed TextStim: text = 'Completely'
156.9897 	EXP 	unnamed TextStim: text = 'Not at all'
157.0064 	EXP 	unnamed TextStim: text = 'My thoughts involved future events:'
157.0064 	EXP 	unnamed TextStim: text = 'Completely'
157.0064 	EXP 	unnamed TextStim: text = 'Not at all'
157.0231 	EXP 	unnamed TextStim: text = 'My thoughts involved future events:'
157.0231 	EXP 	unnamed TextStim: text = 'Completely'
157.0231 	EXP 	unnamed TextStim: text = 'Not at all'
157.0397 	EXP 	unnamed TextStim: text = 'My thoughts involved future events:'
157.0397 	EXP 	unnamed TextStim: text = 'Completely'
157.0397 	EXP 	unnamed TextStim: text = 'Not at all'
157.0564 	EXP 	unnamed TextStim: text = 'My thoughts involved future events:'
157.0564 	EXP 	unnamed TextStim: text = 'Completely'
157.0564 	EXP 	unnamed TextStim: text = 'Not at all'
157.0731 	EXP 	unnamed TextStim: text = 'My thoughts involved future events:'
157.0731 	EXP 	unnamed TextStim: text = 'Completely'
157.0731 	EXP 	unnamed TextStim: text = 'Not at all'
157.0897 	EXP 	unnamed TextStim: text = 'My thoughts involved future events:'
157.0897 	EXP 	unnamed TextStim: text = 'Completely'
157.0897 	EXP 	unnamed TextStim: text = 'Not at all'
157.1064 	EXP 	unnamed TextStim: text = 'My thoughts involved future events:'
157.1064 	EXP 	unnamed TextStim: text = 'Completely'
157.1064 	EXP 	unnamed TextStim: text = 'Not at all'
157.1231 	EXP 	unnamed TextStim: text = 'My thoughts involved future events:'
157.1231 	EXP 	unnamed TextStim: text = 'Completely'
157.1231 	EXP 	unnamed TextStim: text = 'Not at all'
157.1397 	EXP 	unnamed TextStim: text = 'My thoughts involved future events:'
157.1397 	EXP 	unnamed TextStim: text = 'Completely'
157.1397 	EXP 	unnamed TextStim: text = 'Not at all'
157.1564 	EXP 	unnamed TextStim: text = 'My thoughts involved future events:'
157.1564 	EXP 	unnamed TextStim: text = 'Completely'
157.1564 	EXP 	unnamed TextStim: text = 'Not at all'
157.1731 	EXP 	unnamed TextStim: text = 'My thoughts involved future events:'
157.1731 	EXP 	unnamed TextStim: text = 'Completely'
157.1731 	EXP 	unnamed TextStim: text = 'Not at all'
157.1897 	EXP 	unnamed TextStim: text = 'My thoughts involved future events:'
157.1897 	EXP 	unnamed TextStim: text = 'Completely'
157.1897 	EXP 	unnamed TextStim: text = 'Not at all'
157.2064 	EXP 	unnamed TextStim: text = 'My thoughts involved future events:'
157.2064 	EXP 	unnamed TextStim: text = 'Completely'
157.2064 	EXP 	unnamed TextStim: text = 'Not at all'
157.2230 	EXP 	unnamed TextStim: text = 'My thoughts involved future events:'
157.2230 	EXP 	unnamed TextStim: text = 'Completely'
157.2230 	EXP 	unnamed TextStim: text = 'Not at all'
157.2397 	EXP 	unnamed TextStim: text = 'My thoughts involved future events:'
157.2397 	EXP 	unnamed TextStim: text = 'Completely'
157.2397 	EXP 	unnamed TextStim: text = 'Not at all'
157.2564 	EXP 	unnamed TextStim: text = 'My thoughts involved future events:'
157.2564 	EXP 	unnamed TextStim: text = 'Completely'
157.2564 	EXP 	unnamed TextStim: text = 'Not at all'
157.2731 	EXP 	unnamed TextStim: text = 'My thoughts involved future events:'
157.2731 	EXP 	unnamed TextStim: text = 'Completely'
157.2731 	EXP 	unnamed TextStim: text = 'Not at all'
157.2897 	EXP 	unnamed TextStim: text = 'My thoughts involved future events:'
157.2897 	EXP 	unnamed TextStim: text = 'Completely'
157.2897 	EXP 	unnamed TextStim: text = 'Not at all'
157.3064 	EXP 	unnamed TextStim: text = 'My thoughts involved future events:'
157.3064 	EXP 	unnamed TextStim: text = 'Completely'
157.3064 	EXP 	unnamed TextStim: text = 'Not at all'
157.3231 	EXP 	unnamed TextStim: text = 'My thoughts involved future events:'
157.3231 	EXP 	unnamed TextStim: text = 'Completely'
157.3231 	EXP 	unnamed TextStim: text = 'Not at all'
157.3397 	EXP 	unnamed TextStim: text = 'My thoughts involved future events:'
157.3397 	EXP 	unnamed TextStim: text = 'Completely'
157.3397 	EXP 	unnamed TextStim: text = 'Not at all'
157.3564 	EXP 	unnamed TextStim: text = 'My thoughts involved future events:'
157.3564 	EXP 	unnamed TextStim: text = 'Completely'
157.3564 	EXP 	unnamed TextStim: text = 'Not at all'
157.3731 	EXP 	unnamed TextStim: text = 'My thoughts involved future events:'
157.3731 	EXP 	unnamed TextStim: text = 'Completely'
157.3731 	EXP 	unnamed TextStim: text = 'Not at all'
157.3897 	EXP 	unnamed TextStim: text = 'My thoughts involved future events:'
157.3897 	EXP 	unnamed TextStim: text = 'Completely'
157.3897 	EXP 	unnamed TextStim: text = 'Not at all'
157.4063 	EXP 	unnamed TextStim: text = 'My thoughts involved future events:'
157.4063 	EXP 	unnamed TextStim: text = 'Completely'
157.4063 	EXP 	unnamed TextStim: text = 'Not at all'
157.4230 	EXP 	unnamed TextStim: text = 'My thoughts involved future events:'
157.4230 	EXP 	unnamed TextStim: text = 'Completely'
157.4230 	EXP 	unnamed TextStim: text = 'Not at all'
157.4397 	EXP 	unnamed TextStim: text = 'My thoughts involved future events:'
157.4397 	EXP 	unnamed TextStim: text = 'Completely'
157.4397 	EXP 	unnamed TextStim: text = 'Not at all'
157.4564 	EXP 	unnamed TextStim: text = 'My thoughts involved future events:'
157.4564 	EXP 	unnamed TextStim: text = 'Completely'
157.4564 	EXP 	unnamed TextStim: text = 'Not at all'
157.4730 	EXP 	unnamed TextStim: text = 'My thoughts involved future events:'
157.4730 	EXP 	unnamed TextStim: text = 'Completely'
157.4730 	EXP 	unnamed TextStim: text = 'Not at all'
157.4897 	EXP 	unnamed TextStim: text = 'My thoughts involved future events:'
157.4897 	EXP 	unnamed TextStim: text = 'Completely'
157.4897 	EXP 	unnamed TextStim: text = 'Not at all'
157.5064 	EXP 	unnamed TextStim: text = 'My thoughts involved future events:'
157.5064 	EXP 	unnamed TextStim: text = 'Completely'
157.5064 	EXP 	unnamed TextStim: text = 'Not at all'
157.5230 	EXP 	unnamed TextStim: text = 'My thoughts involved future events:'
157.5230 	EXP 	unnamed TextStim: text = 'Completely'
157.5230 	EXP 	unnamed TextStim: text = 'Not at all'
157.5397 	EXP 	unnamed TextStim: text = 'My thoughts involved future events:'
157.5397 	EXP 	unnamed TextStim: text = 'Completely'
157.5397 	EXP 	unnamed TextStim: text = 'Not at all'
157.5564 	EXP 	unnamed TextStim: text = 'My thoughts involved future events:'
157.5564 	EXP 	unnamed TextStim: text = 'Completely'
157.5564 	EXP 	unnamed TextStim: text = 'Not at all'
157.5730 	EXP 	unnamed TextStim: text = 'My thoughts involved future events:'
157.5730 	EXP 	unnamed TextStim: text = 'Completely'
157.5730 	EXP 	unnamed TextStim: text = 'Not at all'
157.5897 	EXP 	unnamed TextStim: text = 'My thoughts involved future events:'
157.5897 	EXP 	unnamed TextStim: text = 'Completely'
157.5897 	EXP 	unnamed TextStim: text = 'Not at all'
157.6064 	EXP 	unnamed TextStim: text = 'My thoughts involved future events:'
157.6064 	EXP 	unnamed TextStim: text = 'Completely'
157.6064 	EXP 	unnamed TextStim: text = 'Not at all'
157.6230 	EXP 	unnamed TextStim: text = 'My thoughts involved future events:'
157.6230 	EXP 	unnamed TextStim: text = 'Completely'
157.6230 	EXP 	unnamed TextStim: text = 'Not at all'
157.6397 	EXP 	unnamed TextStim: text = 'My thoughts involved future events:'
157.6397 	EXP 	unnamed TextStim: text = 'Completely'
157.6397 	EXP 	unnamed TextStim: text = 'Not at all'
157.6564 	EXP 	unnamed TextStim: text = 'My thoughts involved future events:'
157.6564 	EXP 	unnamed TextStim: text = 'Completely'
157.6564 	EXP 	unnamed TextStim: text = 'Not at all'
157.6730 	EXP 	unnamed TextStim: text = 'My thoughts involved future events:'
157.6730 	EXP 	unnamed TextStim: text = 'Completely'
157.6730 	EXP 	unnamed TextStim: text = 'Not at all'
157.6897 	EXP 	unnamed TextStim: text = 'My thoughts involved future events:'
157.6897 	EXP 	unnamed TextStim: text = 'Completely'
157.6897 	EXP 	unnamed TextStim: text = 'Not at all'
157.7064 	EXP 	unnamed TextStim: text = 'My thoughts involved future events:'
157.7064 	EXP 	unnamed TextStim: text = 'Completely'
157.7064 	EXP 	unnamed TextStim: text = 'Not at all'
157.7230 	EXP 	unnamed TextStim: text = 'My thoughts involved future events:'
157.7230 	EXP 	unnamed TextStim: text = 'Completely'
157.7230 	EXP 	unnamed TextStim: text = 'Not at all'
157.7397 	EXP 	unnamed TextStim: text = 'My thoughts involved future events:'
157.7397 	EXP 	unnamed TextStim: text = 'Completely'
157.7397 	EXP 	unnamed TextStim: text = 'Not at all'
157.7563 	EXP 	unnamed TextStim: text = 'My thoughts involved future events:'
157.7563 	EXP 	unnamed TextStim: text = 'Completely'
157.7563 	EXP 	unnamed TextStim: text = 'Not at all'
157.7731 	EXP 	unnamed TextStim: text = 'My thoughts involved future events:'
157.7731 	EXP 	unnamed TextStim: text = 'Completely'
157.7731 	EXP 	unnamed TextStim: text = 'Not at all'
157.7897 	EXP 	unnamed TextStim: text = 'My thoughts involved future events:'
157.7897 	EXP 	unnamed TextStim: text = 'Completely'
157.7897 	EXP 	unnamed TextStim: text = 'Not at all'
157.8064 	EXP 	unnamed TextStim: text = 'My thoughts involved future events:'
157.8064 	EXP 	unnamed TextStim: text = 'Completely'
157.8064 	EXP 	unnamed TextStim: text = 'Not at all'
157.8230 	EXP 	unnamed TextStim: text = 'My thoughts involved future events:'
157.8230 	EXP 	unnamed TextStim: text = 'Completely'
157.8230 	EXP 	unnamed TextStim: text = 'Not at all'
157.8397 	EXP 	unnamed TextStim: text = 'My thoughts involved future events:'
157.8397 	EXP 	unnamed TextStim: text = 'Completely'
157.8397 	EXP 	unnamed TextStim: text = 'Not at all'
157.8564 	EXP 	unnamed TextStim: text = 'My thoughts involved future events:'
157.8564 	EXP 	unnamed TextStim: text = 'Completely'
157.8564 	EXP 	unnamed TextStim: text = 'Not at all'
157.8730 	EXP 	unnamed TextStim: text = 'My thoughts involved future events:'
157.8730 	EXP 	unnamed TextStim: text = 'Completely'
157.8730 	EXP 	unnamed TextStim: text = 'Not at all'
157.8897 	EXP 	unnamed TextStim: text = 'My thoughts involved future events:'
157.8897 	EXP 	unnamed TextStim: text = 'Completely'
157.8897 	EXP 	unnamed TextStim: text = 'Not at all'
157.9064 	EXP 	unnamed TextStim: text = 'My thoughts involved future events:'
157.9064 	EXP 	unnamed TextStim: text = 'Completely'
157.9064 	EXP 	unnamed TextStim: text = 'Not at all'
157.9230 	EXP 	unnamed TextStim: text = 'My thoughts involved future events:'
157.9230 	EXP 	unnamed TextStim: text = 'Completely'
157.9230 	EXP 	unnamed TextStim: text = 'Not at all'
157.9397 	EXP 	unnamed TextStim: text = 'My thoughts involved future events:'
157.9397 	EXP 	unnamed TextStim: text = 'Completely'
157.9397 	EXP 	unnamed TextStim: text = 'Not at all'
157.9564 	EXP 	unnamed TextStim: text = 'My thoughts involved future events:'
157.9564 	EXP 	unnamed TextStim: text = 'Completely'
157.9564 	EXP 	unnamed TextStim: text = 'Not at all'
157.9730 	EXP 	unnamed TextStim: text = 'My thoughts involved future events:'
157.9730 	EXP 	unnamed TextStim: text = 'Completely'
157.9730 	EXP 	unnamed TextStim: text = 'Not at all'
157.9897 	EXP 	unnamed TextStim: text = 'My thoughts involved future events:'
157.9897 	EXP 	unnamed TextStim: text = 'Completely'
157.9897 	EXP 	unnamed TextStim: text = 'Not at all'
158.0064 	EXP 	unnamed TextStim: text = 'My thoughts involved future events:'
158.0064 	EXP 	unnamed TextStim: text = 'Completely'
158.0064 	EXP 	unnamed TextStim: text = 'Not at all'
158.0230 	EXP 	unnamed TextStim: text = 'My thoughts involved future events:'
158.0230 	EXP 	unnamed TextStim: text = 'Completely'
158.0230 	EXP 	unnamed TextStim: text = 'Not at all'
158.0397 	EXP 	unnamed TextStim: text = 'My thoughts involved future events:'
158.0397 	EXP 	unnamed TextStim: text = 'Completely'
158.0397 	EXP 	unnamed TextStim: text = 'Not at all'
158.0564 	EXP 	unnamed TextStim: text = 'My thoughts involved future events:'
158.0564 	EXP 	unnamed TextStim: text = 'Completely'
158.0564 	EXP 	unnamed TextStim: text = 'Not at all'
158.0730 	EXP 	unnamed TextStim: text = 'My thoughts involved future events:'
158.0730 	EXP 	unnamed TextStim: text = 'Completely'
158.0730 	EXP 	unnamed TextStim: text = 'Not at all'
158.0897 	EXP 	unnamed TextStim: text = 'My thoughts involved future events:'
158.0897 	EXP 	unnamed TextStim: text = 'Completely'
158.0897 	EXP 	unnamed TextStim: text = 'Not at all'
158.1065 	EXP 	unnamed TextStim: text = 'My thoughts involved future events:'
158.1065 	EXP 	unnamed TextStim: text = 'Completely'
158.1065 	EXP 	unnamed TextStim: text = 'Not at all'
158.1230 	EXP 	unnamed TextStim: text = 'My thoughts involved future events:'
158.1230 	EXP 	unnamed TextStim: text = 'Completely'
158.1230 	EXP 	unnamed TextStim: text = 'Not at all'
158.1397 	EXP 	unnamed TextStim: text = 'My thoughts involved future events:'
158.1397 	EXP 	unnamed TextStim: text = 'Completely'
158.1397 	EXP 	unnamed TextStim: text = 'Not at all'
158.1564 	EXP 	unnamed TextStim: text = 'My thoughts involved future events:'
158.1564 	EXP 	unnamed TextStim: text = 'Completely'
158.1564 	EXP 	unnamed TextStim: text = 'Not at all'
158.1648 	DATA 	Keypress: return
158.1660 	DATA 	RatingScale unnamed RatingScale: (key response) rating=9.0
158.1731 	EXP 	unnamed TextStim: text = 'My thoughts involved future events:'
158.1731 	EXP 	unnamed TextStim: text = 'Completely'
158.1731 	EXP 	unnamed TextStim: text = 'Not at all'
159.2115 	EXP 	Created instruction = TextStim(__class__=<class 'psychopy.visual.text.TextStim'>, alignHoriz=method-wrapper(...), alignText='center', alignVert=method-wrapper(...), anchorHoriz='center', anchorVert='center', antialias=True, autoLog=True, bold=False, color=array([-1., -1., -1.]), colorSpace='rgb', contrast=1.0, depth=0, flipHoriz=False, flipVert=False, font='sans', fontFiles=[], height=0.1, italic=False, languageStyle='LTR', name='instruction', opacity=1.0, ori=0.0, pos=array([0., 0.]), rgb=UNKNOWN, text='default text', units='norm', win=Window(...), wrapWidth=1)
159.3055 	EXP 	window1: mouseVisible = True
