0.6451 	WARNING 	Speech-to-text recognition module not available (use command `pip install SpeechRecognition` to get it. Transcription will be unavailable.
1.0529 	WARNING 	We strongly recommend you activate the PTB sound engine in PsychoPy prefs as the preferred audio engine. Its timing is vastly superior. Your prefs are currently set to use ['sounddevice', 'PTB', 'pyo', 'pygame'] (in that order).
333.7985 	EXP 	Created window1 = Window(allowGUI=True, allowStencil=False, autoLog=True, backendConf=UNKNOWN, bitsMode=UNKNOWN, blendMode='avg', bpc=(8, 8, 8), color=array([0, 0, 0]), colorSpace='rgb', depthBits=8, fullscr=<method-wrapper '__getattribute__' of attributeSetter object at 0x000002E1A0F99748>, gamma=None, gammaErrorPolicy='raise', lms=UNKNOWN, monitor=<psychopy.monitors.calibTools.Monitor object at 0x000002E1A0FFC710>, multiSample=False, name='window1', numSamples=2, pos=[0.0, 0.0], screen=0, size=array([1920, 1080]), stencilBits=0, stereo=False, units='height', useFBO=True, useRetina=False, viewOri=0.0, viewPos=None, viewScale=None, waitBlanking=True, winType='pyglet')
333.7987 	EXP 	window1: mouseVisible = True
333.7987 	EXP 	window1: recordFrameIntervals = False
333.8682 	EXP 	window1: recordFrameIntervals = True
333.9044 	WARNING 	t of last frame was 8.36ms (=1/119)
333.9457 	EXP 	window1: recordFrameIntervals = False
334.3343 	EXP 	Created text_2 = TextStim(__class__=<class 'psychopy.visual.text.TextStim'>, alignHoriz=method-wrapper(...), alignText='center', alignVert=method-wrapper(...), anchorHoriz='center', anchorVert='center', antialias=True, autoLog=True, bold=False, color=array([1., 1., 1.]), colorSpace='rgb', contrast=1.0, depth=0.0, flipHoriz=False, flipVert=False, font='Open Sans', fontFiles=[], height=0.1, italic=False, languageStyle='LTR', name='text_2', opacity=1, ori=0.0, pos=array([0., 0.]), rgb=UNKNOWN, text='Insert text here', units='height', win=Window(...), wrapWidth=1)
334.3361 	EXP 	Created memoryPrompt = TextStim(__class__=<class 'psychopy.visual.text.TextStim'>, alignHoriz=method-wrapper(...), alignText='center', alignVert=method-wrapper(...), anchorHoriz='center', anchorVert='center', antialias=True, autoLog=True, bold=False, color=array([1., 1., 1.]), colorSpace='rgb', contrast=1.0, depth=0.0, flipHoriz=False, flipVert=False, font='Open Sans', fontFiles=[], height=0.1, italic=False, languageStyle='LTR', name='memoryPrompt', opacity=1, ori=0.0, pos=array([0., 0.]), rgb=UNKNOWN, text='', units='height', win=Window(...), wrapWidth=1)
334.3698 	EXP 	Created text = TextStim(__class__=<class 'psychopy.visual.text.TextStim'>, alignHoriz=method-wrapper(...), alignText='center', alignVert=method-wrapper(...), anchorHoriz='center', anchorVert='center', antialias=True, autoLog=True, bold=False, color=array([1., 1., 1.]), colorSpace='rgb', contrast=1.0, depth=0.0, flipHoriz=False, flipVert=False, font='Open Sans', fontFiles=[], height=0.1, italic=False, languageStyle='LTR', name='text', opacity=1, ori=0.0, pos=array([0., 0.]), rgb=UNKNOWN, text='+', units='height', win=Window(...), wrapWidth=1)
334.3977 	EXP 	Created text_3 = TextStim(__class__=<class 'psychopy.visual.text.TextStim'>, alignHoriz=method-wrapper(...), alignText='center', alignVert=method-wrapper(...), anchorHoriz='center', anchorVert='center', antialias=True, autoLog=True, bold=False, color=array([1., 1., 1.]), colorSpace='rgb', contrast=1.0, depth=0.0, flipHoriz=False, flipVert=False, font='Open Sans', fontFiles=[], height=0.1, italic=False, languageStyle='LTR', name='text_3', opacity=1, ori=0.0, pos=array([0., 0.]), rgb=UNKNOWN, text=str(...), units='height', win=Window(...), wrapWidth=1)
334.4018 	EXP 	Created text = TextStim(__class__=<class 'psychopy.visual.text.TextStim'>, alignHoriz=method-wrapper(...), alignText='center', alignVert=method-wrapper(...), anchorHoriz='center', anchorVert='center', antialias=True, autoLog=True, bold=False, color=array([1., 1., 1.]), colorSpace='rgb', contrast=1.0, depth=0.0, flipHoriz=False, flipVert=False, font='Open Sans', fontFiles=[], height=0.1, italic=False, languageStyle='LTR', name='text', opacity=1, ori=0.0, pos=array([0., 0.]), rgb=UNKNOWN, text='+', units='height', win=Window(...), wrapWidth=1)
334.4111 	EXP 	Created text_4 = TextStim(__class__=<class 'psychopy.visual.text.TextStim'>, alignHoriz=method-wrapper(...), alignText='center', alignVert=method-wrapper(...), anchorHoriz='center', anchorVert='center', antialias=True, autoLog=True, bold=False, color=array([1., 1., 1.]), colorSpace='rgb', contrast=1.0, depth=0.0, flipHoriz=False, flipVert=False, font='Open Sans', fontFiles=[], height=0.1, italic=False, languageStyle='LTR', name='text_4', opacity=1, ori=0.0, pos=array([0., 0.]), rgb=UNKNOWN, text='You may now stop.', units='height', win=Window(...), wrapWidth=1)
334.4438 	EXP 	textbox: autoLog = True
334.4438 	EXP 	text_2: autoDraw = True
335.3342 	DATA 	Mouse: Left button down, pos=(829,573)
335.4642 	DATA 	Mouse:  Left button up, pos=(829,573)
336.8598 	EXP 	Created sequence: random, trialTypes=1, nReps=1, seed=None
336.8602 	EXP 	New trial (rep=0, index=0): None
336.8767 	DATA 	Keypress: return
336.8831 	EXP 	text_2: autoDraw = False
336.8831 	EXP 	memoryPrompt: text = 'Prompt One'
336.8831 	EXP 	memoryPrompt: autoDraw = True
336.8831 	EXP 	textbox: autoDraw = True
337.1420 	DATA 	Keypress: return
337.1471 	EXP 	memoryPrompt: autoDraw = False
337.1471 	EXP 	textbox: autoDraw = False
337.1471 	EXP 	text: autoDraw = True
337.4094 	DATA 	Keypress: return
341.1681 	EXP 	text: autoDraw = False
341.1681 	EXP 	text: autoDraw = False
341.1681 	EXP 	text_3: text = 'Press return when you are ready to remember:\n\nType response here\n\n\n'
341.1681 	EXP 	text_3: autoDraw = True
342.1204 	DATA 	Mouse: Left button down, pos=(1011,453)
342.2198 	DATA 	Mouse:  Left button up, pos=(1013,453)
342.6773 	DATA 	Keypress: return
342.6818 	EXP 	text_3: autoDraw = False
342.6818 	EXP 	text: autoDraw = True
346.6960 	EXP 	text: autoDraw = False
346.6960 	EXP 	text: autoDraw = False
346.6960 	EXP 	text_4: autoDraw = True
351.6959 	EXP 	text_4: autoDraw = False
351.6959 	EXP 	text_4: autoDraw = False
351.7135 	EXP 	window1: mouseVisible = True
