37.6582 	WARNING 	Speech-to-text recognition module not available (use command `pip install SpeechRecognition` to get it. Transcription will be unavailable.
37.7338 	WARNING 	We strongly recommend you activate the PTB sound engine in PsychoPy prefs as the preferred audio engine. Its timing is vastly superior. Your prefs are currently set to use ['sounddevice', 'PTB', 'pyo', 'pygame'] (in that order).
37.7449 	WARNING 	Monitor specification not found. Creating a temporary one...
39.9209 	EXP 	window1: recordFrameIntervals = False
39.9931 	EXP 	window1: recordFrameIntervals = True
40.0698 	EXP 	window1: recordFrameIntervals = False
40.4360 	EXP 	Created memoryPrompt = TextStim(__class__=<class 'psychopy.visual.text.TextStim'>, alignHoriz=method-wrapper(...), alignText='center', alignVert=method-wrapper(...), anchorHoriz='center', anchorVert='center', antialias=True, autoLog=True, bold=False, color=array([-1., -1., -1.]), colorSpace='rgb', contrast=1.0, depth=0.0, flipHoriz=False, flipVert=False, font='Open Sans', fontFiles=[], height=0.1, italic=False, languageStyle='LTR', name='memoryPrompt', opacity=1, ori=0.0, pos=array([0., 0.]), rgb=UNKNOWN, text='', units='norm', win=Window(...), wrapWidth=1)
40.4704 	EXP 	Created text = TextStim(__class__=<class 'psychopy.visual.text.TextStim'>, alignHoriz=method-wrapper(...), alignText='center', alignVert=method-wrapper(...), anchorHoriz='center', anchorVert='center', antialias=True, autoLog=True, bold=False, color=array([-1., -1., -1.]), colorSpace='rgb', contrast=1.0, depth=0.0, flipHoriz=False, flipVert=False, font='Open Sans', fontFiles=[], height=0.1, italic=False, languageStyle='LTR', name='text', opacity=1, ori=0.0, pos=array([0., 0.]), rgb=UNKNOWN, text='+', units='norm', win=Window(...), wrapWidth=1)
40.4712 	EXP 	Created sequence: random, trialTypes=1, nReps=2, seed=None
40.4717 	EXP 	New trial (rep=0, index=0): None
40.5210 	EXP 	memoryPrompt: text = 'Prompt One'
40.5210 	EXP 	memoryPrompt: autoDraw = True
44.4870 	EXP 	memoryPrompt: autoDraw = False
44.4870 	EXP 	memoryPrompt: autoDraw = False
44.4870 	EXP 	text: autoDraw = True
48.4840 	EXP 	New trial (rep=1, index=0): None
48.5021 	EXP 	text: autoDraw = False
48.5021 	EXP 	text: autoDraw = False
48.5021 	EXP 	memoryPrompt: text = 'Last week'
48.5021 	EXP 	memoryPrompt: autoDraw = True
53.4929 	EXP 	memoryPrompt: autoDraw = False
53.4929 	EXP 	memoryPrompt: autoDraw = False
53.4929 	EXP 	text: autoDraw = True
58.5010 	EXP 	text: autoDraw = False
58.5010 	EXP 	text: autoDraw = False
58.5224 	EXP 	Created instruction = TextStim(__class__=<class 'psychopy.visual.text.TextStim'>, alignHoriz=method-wrapper(...), alignText='center', alignVert=method-wrapper(...), anchorHoriz='center', anchorVert='center', antialias=True, autoLog=True, bold=False, color=array([-1., -1., -1.]), colorSpace='rgb', contrast=1.0, depth=0, flipHoriz=False, flipVert=False, font='sans', fontFiles=[], height=0.1, italic=False, languageStyle='LTR', name='instruction', opacity=1.0, ori=0.0, pos=array([0., 0.]), rgb=UNKNOWN, text='default text', units='norm', win=Window(...), wrapWidth=1)
58.5628 	EXP 	instruction: text = '\nPlease answer the questions honestly.\n\nA list of descriptions and a rating scale ranging from 1 to 10 will be presented on the screen.\n\nPlease use the left and right arrow keys to select your answer, and the enter button to confirm.\n'
92.5134 	DATA 	Mouse: Left button down, pos=(611,289)
92.6047 	DATA 	Mouse:  Left button up, pos=(611,289)
93.5879 	DATA 	Keypress: return
93.6141 	EXP 	Imported ./resources/ESQ/ESQ_Questions.csv as conditions, 14 conditions, 4 params
93.6146 	EXP 	Created sequence: sequential, trialTypes=14, nReps=1, seed=None
93.7403 	WARNING 	RatingScale unnamed RatingScale: len(labels) not equal to len(tickMarks)
93.7405 	EXP 	window1: mouseVisible = True
93.7847 	EXP 	Created unnamed RatingScale = RatingScale(__class__=type(...), acceptKeys=['return'], acceptPreText=UNKNOWN, acceptSize=UNKNOWN, acceptText='accept?', autoLog=True, choices=False, colorSpace='rgb', depth=0, disappear=False, flipVert=False, high=10, kwargs=UNKNOWN, labels=list(...), leftKeys=['left'], lineColor='black', low=1, marker=ShapeStim(...), markerColor='black', markerExpansion=UNKNOWN, markerStart=4.5, maxTime=0.0, minTime=0.4, mouseOnly=False, name='unnamed RatingScale', noMouse=False, pos=[0.0, -0.4], precision=10, respKeys=[], rightKeys=['right'], scale=False, self=UNKNOWN, showAccept=True, showValue=True, singleClick=False, size=0.6, skipKeys=['tab'], stretch=1.0, textColor='black', textFont='Helvetica Bold', textSize=0.12, tickHeight=1.0, tickMarks=9.0, win=Window(...))
93.7875 	EXP 	Created unnamed TextStim = TextStim(__class__=<class 'psychopy.visual.text.TextStim'>, alignHoriz=method-wrapper(...), alignText='center', alignVert=method-wrapper(...), anchorHoriz='center', anchorVert='top', antialias=True, autoLog=True, bold=False, color=array([-1., -1., -1.]), colorSpace='rgb', contrast=1.0, depth=0, flipHoriz=False, flipVert=False, font='', fontFiles=[], height=0.1, italic=False, languageStyle='LTR', name='unnamed TextStim', opacity=1.0, ori=0.0, pos=array([0., 0.]), rgb=UNKNOWN, text='', units='norm', win=Window(...), wrapWidth=1)
93.7896 	EXP 	Created unnamed TextStim = TextStim(__class__=<class 'psychopy.visual.text.TextStim'>, alignHoriz=method-wrapper(...), alignText='center', alignVert=method-wrapper(...), anchorHoriz='center', anchorVert='center', antialias=True, autoLog=True, bold=False, color=array([-1., -1., -1.]), colorSpace='rgb', contrast=1.0, depth=0, flipHoriz=False, flipVert=False, font='', fontFiles=[], height=0.1, italic=False, languageStyle='LTR', name='unnamed TextStim', opacity=1.0, ori=0.0, pos=array([ 0.5, -0.5]), rgb=UNKNOWN, text='', units='norm', win=Window(...), wrapWidth=1)
93.7915 	EXP 	Created unnamed TextStim = TextStim(__class__=<class 'psychopy.visual.text.TextStim'>, alignHoriz=method-wrapper(...), alignText='center', alignVert=method-wrapper(...), anchorHoriz='center', anchorVert='center', antialias=True, autoLog=True, bold=False, color=array([-1., -1., -1.]), colorSpace='rgb', contrast=1.0, depth=0, flipHoriz=False, flipVert=False, font='', fontFiles=[], height=0.1, italic=False, languageStyle='LTR', name='unnamed TextStim', opacity=1.0, ori=0.0, pos=array([-0.5, -0.5]), rgb=UNKNOWN, text='', units='norm', win=Window(...), wrapWidth=1)
93.7918 	EXP 	New trial (rep=0, index=0): OrderedDict([('Questions', 'My thoughts were focused on an external task or activity:'), ('Label', 'Focus'), ('Scale_low', 'Not at all'), ('Scale_high', 'Completely')])
93.8482 	EXP 	unnamed RatingScale: flipVert = False
93.8482 	EXP 	unnamed RatingScale: autoLog = True
93.8482 	EXP 	unnamed TextStim: text = 'My thoughts were focused on an external task or activity:'
93.8482 	EXP 	unnamed TextStim: text = 'Completely'
93.8482 	EXP 	unnamed TextStim: text = 'Not at all'
93.8642 	EXP 	unnamed TextStim: text = 'My thoughts were focused on an external task or activity:'
93.8642 	EXP 	unnamed TextStim: text = 'Completely'
93.8642 	EXP 	unnamed TextStim: text = 'Not at all'
93.8842 	EXP 	unnamed TextStim: text = 'My thoughts were focused on an external task or activity:'
93.8842 	EXP 	unnamed TextStim: text = 'Completely'
93.8842 	EXP 	unnamed TextStim: text = 'Not at all'
93.9041 	EXP 	unnamed TextStim: text = 'My thoughts were focused on an external task or activity:'
93.9041 	EXP 	unnamed TextStim: text = 'Completely'
93.9041 	EXP 	unnamed TextStim: text = 'Not at all'
93.9179 	EXP 	unnamed TextStim: text = 'My thoughts were focused on an external task or activity:'
93.9179 	EXP 	unnamed TextStim: text = 'Completely'
93.9179 	EXP 	unnamed TextStim: text = 'Not at all'
93.9335 	EXP 	unnamed TextStim: text = 'My thoughts were focused on an external task or activity:'
93.9335 	EXP 	unnamed TextStim: text = 'Completely'
93.9335 	EXP 	unnamed TextStim: text = 'Not at all'
93.9455 	EXP 	unnamed TextStim: text = 'My thoughts were focused on an external task or activity:'
93.9455 	EXP 	unnamed TextStim: text = 'Completely'
93.9455 	EXP 	unnamed TextStim: text = 'Not at all'
93.9611 	EXP 	unnamed TextStim: text = 'My thoughts were focused on an external task or activity:'
93.9611 	EXP 	unnamed TextStim: text = 'Completely'
93.9611 	EXP 	unnamed TextStim: text = 'Not at all'
93.9805 	EXP 	unnamed TextStim: text = 'My thoughts were focused on an external task or activity:'
93.9805 	EXP 	unnamed TextStim: text = 'Completely'
93.9805 	EXP 	unnamed TextStim: text = 'Not at all'
93.9960 	EXP 	unnamed TextStim: text = 'My thoughts were focused on an external task or activity:'
93.9960 	EXP 	unnamed TextStim: text = 'Completely'
93.9960 	EXP 	unnamed TextStim: text = 'Not at all'
94.0079 	EXP 	unnamed TextStim: text = 'My thoughts were focused on an external task or activity:'
94.0079 	EXP 	unnamed TextStim: text = 'Completely'
94.0079 	EXP 	unnamed TextStim: text = 'Not at all'
94.0220 	EXP 	unnamed TextStim: text = 'My thoughts were focused on an external task or activity:'
94.0220 	EXP 	unnamed TextStim: text = 'Completely'
94.0220 	EXP 	unnamed TextStim: text = 'Not at all'
94.0358 	EXP 	unnamed TextStim: text = 'My thoughts were focused on an external task or activity:'
94.0358 	EXP 	unnamed TextStim: text = 'Completely'
94.0358 	EXP 	unnamed TextStim: text = 'Not at all'
94.0496 	EXP 	unnamed TextStim: text = 'My thoughts were focused on an external task or activity:'
94.0496 	EXP 	unnamed TextStim: text = 'Completely'
94.0496 	EXP 	unnamed TextStim: text = 'Not at all'
94.0653 	EXP 	unnamed TextStim: text = 'My thoughts were focused on an external task or activity:'
94.0653 	EXP 	unnamed TextStim: text = 'Completely'
94.0653 	EXP 	unnamed TextStim: text = 'Not at all'
94.0772 	EXP 	unnamed TextStim: text = 'My thoughts were focused on an external task or activity:'
94.0772 	EXP 	unnamed TextStim: text = 'Completely'
94.0772 	EXP 	unnamed TextStim: text = 'Not at all'
94.0915 	EXP 	unnamed TextStim: text = 'My thoughts were focused on an external task or activity:'
94.0915 	EXP 	unnamed TextStim: text = 'Completely'
94.0915 	EXP 	unnamed TextStim: text = 'Not at all'
94.1124 	EXP 	unnamed TextStim: text = 'My thoughts were focused on an external task or activity:'
94.1124 	EXP 	unnamed TextStim: text = 'Completely'
94.1124 	EXP 	unnamed TextStim: text = 'Not at all'
94.1279 	EXP 	unnamed TextStim: text = 'My thoughts were focused on an external task or activity:'
94.1279 	EXP 	unnamed TextStim: text = 'Completely'
94.1279 	EXP 	unnamed TextStim: text = 'Not at all'
94.1398 	EXP 	unnamed TextStim: text = 'My thoughts were focused on an external task or activity:'
94.1398 	EXP 	unnamed TextStim: text = 'Completely'
94.1398 	EXP 	unnamed TextStim: text = 'Not at all'
94.1539 	EXP 	unnamed TextStim: text = 'My thoughts were focused on an external task or activity:'
94.1539 	EXP 	unnamed TextStim: text = 'Completely'
94.1539 	EXP 	unnamed TextStim: text = 'Not at all'
94.1682 	EXP 	unnamed TextStim: text = 'My thoughts were focused on an external task or activity:'
94.1682 	EXP 	unnamed TextStim: text = 'Completely'
94.1682 	EXP 	unnamed TextStim: text = 'Not at all'
94.1818 	EXP 	unnamed TextStim: text = 'My thoughts were focused on an external task or activity:'
94.1818 	EXP 	unnamed TextStim: text = 'Completely'
94.1818 	EXP 	unnamed TextStim: text = 'Not at all'
94.1973 	EXP 	unnamed TextStim: text = 'My thoughts were focused on an external task or activity:'
94.1973 	EXP 	unnamed TextStim: text = 'Completely'
94.1973 	EXP 	unnamed TextStim: text = 'Not at all'
94.2092 	EXP 	unnamed TextStim: text = 'My thoughts were focused on an external task or activity:'
94.2092 	EXP 	unnamed TextStim: text = 'Completely'
94.2092 	EXP 	unnamed TextStim: text = 'Not at all'
94.2247 	EXP 	unnamed TextStim: text = 'My thoughts were focused on an external task or activity:'
94.2247 	EXP 	unnamed TextStim: text = 'Completely'
94.2247 	EXP 	unnamed TextStim: text = 'Not at all'
94.2373 	EXP 	unnamed TextStim: text = 'My thoughts were focused on an external task or activity:'
94.2373 	EXP 	unnamed TextStim: text = 'Completely'
94.2373 	EXP 	unnamed TextStim: text = 'Not at all'
94.2513 	EXP 	unnamed TextStim: text = 'My thoughts were focused on an external task or activity:'
94.2513 	EXP 	unnamed TextStim: text = 'Completely'
94.2513 	EXP 	unnamed TextStim: text = 'Not at all'
94.2669 	EXP 	unnamed TextStim: text = 'My thoughts were focused on an external task or activity:'
94.2669 	EXP 	unnamed TextStim: text = 'Completely'
94.2669 	EXP 	unnamed TextStim: text = 'Not at all'
94.2791 	EXP 	unnamed TextStim: text = 'My thoughts were focused on an external task or activity:'
94.2791 	EXP 	unnamed TextStim: text = 'Completely'
94.2791 	EXP 	unnamed TextStim: text = 'Not at all'
94.2946 	EXP 	unnamed TextStim: text = 'My thoughts were focused on an external task or activity:'
94.2946 	EXP 	unnamed TextStim: text = 'Completely'
94.2946 	EXP 	unnamed TextStim: text = 'Not at all'
94.3068 	EXP 	unnamed TextStim: text = 'My thoughts were focused on an external task or activity:'
94.3068 	EXP 	unnamed TextStim: text = 'Completely'
94.3068 	EXP 	unnamed TextStim: text = 'Not at all'
94.3207 	EXP 	unnamed TextStim: text = 'My thoughts were focused on an external task or activity:'
94.3207 	EXP 	unnamed TextStim: text = 'Completely'
94.3207 	EXP 	unnamed TextStim: text = 'Not at all'
94.3343 	EXP 	unnamed TextStim: text = 'My thoughts were focused on an external task or activity:'
94.3343 	EXP 	unnamed TextStim: text = 'Completely'
94.3343 	EXP 	unnamed TextStim: text = 'Not at all'
94.3484 	EXP 	unnamed TextStim: text = 'My thoughts were focused on an external task or activity:'
94.3484 	EXP 	unnamed TextStim: text = 'Completely'
94.3484 	EXP 	unnamed TextStim: text = 'Not at all'
94.3640 	EXP 	unnamed TextStim: text = 'My thoughts were focused on an external task or activity:'
94.3640 	EXP 	unnamed TextStim: text = 'Completely'
94.3640 	EXP 	unnamed TextStim: text = 'Not at all'
94.3762 	EXP 	unnamed TextStim: text = 'My thoughts were focused on an external task or activity:'
94.3762 	EXP 	unnamed TextStim: text = 'Completely'
94.3762 	EXP 	unnamed TextStim: text = 'Not at all'
94.3901 	EXP 	unnamed TextStim: text = 'My thoughts were focused on an external task or activity:'
94.3901 	EXP 	unnamed TextStim: text = 'Completely'
94.3901 	EXP 	unnamed TextStim: text = 'Not at all'
94.4040 	EXP 	unnamed TextStim: text = 'My thoughts were focused on an external task or activity:'
94.4040 	EXP 	unnamed TextStim: text = 'Completely'
94.4040 	EXP 	unnamed TextStim: text = 'Not at all'
94.4179 	EXP 	unnamed TextStim: text = 'My thoughts were focused on an external task or activity:'
94.4179 	EXP 	unnamed TextStim: text = 'Completely'
94.4179 	EXP 	unnamed TextStim: text = 'Not at all'
94.4332 	EXP 	unnamed TextStim: text = 'My thoughts were focused on an external task or activity:'
94.4332 	EXP 	unnamed TextStim: text = 'Completely'
94.4332 	EXP 	unnamed TextStim: text = 'Not at all'
94.4454 	EXP 	unnamed TextStim: text = 'My thoughts were focused on an external task or activity:'
94.4454 	EXP 	unnamed TextStim: text = 'Completely'
94.4454 	EXP 	unnamed TextStim: text = 'Not at all'
94.4612 	EXP 	unnamed TextStim: text = 'My thoughts were focused on an external task or activity:'
94.4612 	EXP 	unnamed TextStim: text = 'Completely'
94.4612 	EXP 	unnamed TextStim: text = 'Not at all'
94.4733 	EXP 	unnamed TextStim: text = 'My thoughts were focused on an external task or activity:'
94.4733 	EXP 	unnamed TextStim: text = 'Completely'
94.4733 	EXP 	unnamed TextStim: text = 'Not at all'
94.4874 	EXP 	unnamed TextStim: text = 'My thoughts were focused on an external task or activity:'
94.4874 	EXP 	unnamed TextStim: text = 'Completely'
94.4874 	EXP 	unnamed TextStim: text = 'Not at all'
94.5013 	EXP 	unnamed TextStim: text = 'My thoughts were focused on an external task or activity:'
94.5013 	EXP 	unnamed TextStim: text = 'Completely'
94.5013 	EXP 	unnamed TextStim: text = 'Not at all'
94.5149 	EXP 	unnamed TextStim: text = 'My thoughts were focused on an external task or activity:'
94.5149 	EXP 	unnamed TextStim: text = 'Completely'
94.5149 	EXP 	unnamed TextStim: text = 'Not at all'
94.5307 	EXP 	unnamed TextStim: text = 'My thoughts were focused on an external task or activity:'
94.5307 	EXP 	unnamed TextStim: text = 'Completely'
94.5307 	EXP 	unnamed TextStim: text = 'Not at all'
94.5408 	DATA 	Keypress: return
94.5410 	DATA 	RatingScale unnamed RatingScale: (key response) rating=5.5
94.5410 	DATA 	RatingScale unnamed RatingScale: rating RT=0.715
94.5411 	DATA 	RatingScale unnamed RatingScale: history=[(4.5, 0.0), (5.5, 0.715)]
94.5498 	EXP 	unnamed TextStim: text = 'My thoughts were focused on an external task or activity:'
94.5498 	EXP 	unnamed TextStim: text = 'Completely'
94.5498 	EXP 	unnamed TextStim: text = 'Not at all'
95.5498 	EXP 	New trial (rep=0, index=1): OrderedDict([('Questions', 'My thoughts involved future events:'), ('Label', 'Future'), ('Scale_low', 'Not at all'), ('Scale_high', 'Completely')])
95.5709 	EXP 	unnamed TextStim: text = 'My thoughts involved future events:'
95.5709 	EXP 	unnamed TextStim: text = 'Completely'
95.5709 	EXP 	unnamed TextStim: text = 'Not at all'
95.5862 	EXP 	unnamed TextStim: text = 'My thoughts involved future events:'
95.5862 	EXP 	unnamed TextStim: text = 'Completely'
95.5862 	EXP 	unnamed TextStim: text = 'Not at all'
95.5985 	EXP 	unnamed TextStim: text = 'My thoughts involved future events:'
95.5985 	EXP 	unnamed TextStim: text = 'Completely'
95.5985 	EXP 	unnamed TextStim: text = 'Not at all'
95.6125 	EXP 	unnamed TextStim: text = 'My thoughts involved future events:'
95.6125 	EXP 	unnamed TextStim: text = 'Completely'
95.6125 	EXP 	unnamed TextStim: text = 'Not at all'
95.6263 	EXP 	unnamed TextStim: text = 'My thoughts involved future events:'
95.6263 	EXP 	unnamed TextStim: text = 'Completely'
95.6263 	EXP 	unnamed TextStim: text = 'Not at all'
95.6402 	EXP 	unnamed TextStim: text = 'My thoughts involved future events:'
95.6402 	EXP 	unnamed TextStim: text = 'Completely'
95.6402 	EXP 	unnamed TextStim: text = 'Not at all'
95.6558 	EXP 	unnamed TextStim: text = 'My thoughts involved future events:'
95.6558 	EXP 	unnamed TextStim: text = 'Completely'
95.6558 	EXP 	unnamed TextStim: text = 'Not at all'
95.6680 	EXP 	unnamed TextStim: text = 'My thoughts involved future events:'
95.6680 	EXP 	unnamed TextStim: text = 'Completely'
95.6680 	EXP 	unnamed TextStim: text = 'Not at all'
95.6818 	EXP 	unnamed TextStim: text = 'My thoughts involved future events:'
95.6818 	EXP 	unnamed TextStim: text = 'Completely'
95.6818 	EXP 	unnamed TextStim: text = 'Not at all'
95.6956 	EXP 	unnamed TextStim: text = 'My thoughts involved future events:'
95.6956 	EXP 	unnamed TextStim: text = 'Completely'
95.6956 	EXP 	unnamed TextStim: text = 'Not at all'
95.7098 	EXP 	unnamed TextStim: text = 'My thoughts involved future events:'
95.7098 	EXP 	unnamed TextStim: text = 'Completely'
95.7098 	EXP 	unnamed TextStim: text = 'Not at all'
95.7234 	EXP 	unnamed TextStim: text = 'My thoughts involved future events:'
95.7234 	EXP 	unnamed TextStim: text = 'Completely'
95.7234 	EXP 	unnamed TextStim: text = 'Not at all'
95.7388 	EXP 	unnamed TextStim: text = 'My thoughts involved future events:'
95.7388 	EXP 	unnamed TextStim: text = 'Completely'
95.7388 	EXP 	unnamed TextStim: text = 'Not at all'
95.7531 	EXP 	unnamed TextStim: text = 'My thoughts involved future events:'
95.7531 	EXP 	unnamed TextStim: text = 'Completely'
95.7531 	EXP 	unnamed TextStim: text = 'Not at all'
95.7721 	EXP 	unnamed TextStim: text = 'My thoughts involved future events:'
95.7721 	EXP 	unnamed TextStim: text = 'Completely'
95.7721 	EXP 	unnamed TextStim: text = 'Not at all'
95.7878 	EXP 	unnamed TextStim: text = 'My thoughts involved future events:'
95.7878 	EXP 	unnamed TextStim: text = 'Completely'
95.7878 	EXP 	unnamed TextStim: text = 'Not at all'
95.8000 	EXP 	unnamed TextStim: text = 'My thoughts involved future events:'
95.8000 	EXP 	unnamed TextStim: text = 'Completely'
95.8000 	EXP 	unnamed TextStim: text = 'Not at all'
95.8135 	EXP 	unnamed TextStim: text = 'My thoughts involved future events:'
95.8135 	EXP 	unnamed TextStim: text = 'Completely'
95.8135 	EXP 	unnamed TextStim: text = 'Not at all'
95.8277 	EXP 	unnamed TextStim: text = 'My thoughts involved future events:'
95.8277 	EXP 	unnamed TextStim: text = 'Completely'
95.8277 	EXP 	unnamed TextStim: text = 'Not at all'
95.8415 	EXP 	unnamed TextStim: text = 'My thoughts involved future events:'
95.8415 	EXP 	unnamed TextStim: text = 'Completely'
95.8415 	EXP 	unnamed TextStim: text = 'Not at all'
95.8570 	EXP 	unnamed TextStim: text = 'My thoughts involved future events:'
95.8570 	EXP 	unnamed TextStim: text = 'Completely'
95.8570 	EXP 	unnamed TextStim: text = 'Not at all'
95.8693 	EXP 	unnamed TextStim: text = 'My thoughts involved future events:'
95.8693 	EXP 	unnamed TextStim: text = 'Completely'
95.8693 	EXP 	unnamed TextStim: text = 'Not at all'
95.8851 	EXP 	unnamed TextStim: text = 'My thoughts involved future events:'
95.8851 	EXP 	unnamed TextStim: text = 'Completely'
95.8851 	EXP 	unnamed TextStim: text = 'Not at all'
95.8971 	EXP 	unnamed TextStim: text = 'My thoughts involved future events:'
95.8971 	EXP 	unnamed TextStim: text = 'Completely'
95.8971 	EXP 	unnamed TextStim: text = 'Not at all'
95.9111 	EXP 	unnamed TextStim: text = 'My thoughts involved future events:'
95.9111 	EXP 	unnamed TextStim: text = 'Completely'
95.9111 	EXP 	unnamed TextStim: text = 'Not at all'
95.9253 	EXP 	unnamed TextStim: text = 'My thoughts involved future events:'
95.9253 	EXP 	unnamed TextStim: text = 'Completely'
95.9253 	EXP 	unnamed TextStim: text = 'Not at all'
95.9385 	EXP 	unnamed TextStim: text = 'My thoughts involved future events:'
95.9385 	EXP 	unnamed TextStim: text = 'Completely'
95.9385 	EXP 	unnamed TextStim: text = 'Not at all'
95.9542 	EXP 	unnamed TextStim: text = 'My thoughts involved future events:'
95.9542 	EXP 	unnamed TextStim: text = 'Completely'
95.9542 	EXP 	unnamed TextStim: text = 'Not at all'
95.9663 	EXP 	unnamed TextStim: text = 'My thoughts involved future events:'
95.9663 	EXP 	unnamed TextStim: text = 'Completely'
95.9663 	EXP 	unnamed TextStim: text = 'Not at all'
95.9814 	EXP 	unnamed TextStim: text = 'My thoughts involved future events:'
95.9814 	EXP 	unnamed TextStim: text = 'Completely'
95.9814 	EXP 	unnamed TextStim: text = 'Not at all'
95.9943 	EXP 	unnamed TextStim: text = 'My thoughts involved future events:'
95.9943 	EXP 	unnamed TextStim: text = 'Completely'
95.9943 	EXP 	unnamed TextStim: text = 'Not at all'
96.0079 	EXP 	unnamed TextStim: text = 'My thoughts involved future events:'
96.0079 	EXP 	unnamed TextStim: text = 'Completely'
96.0079 	EXP 	unnamed TextStim: text = 'Not at all'
96.0239 	EXP 	unnamed TextStim: text = 'My thoughts involved future events:'
96.0239 	EXP 	unnamed TextStim: text = 'Completely'
96.0239 	EXP 	unnamed TextStim: text = 'Not at all'
96.0358 	EXP 	unnamed TextStim: text = 'My thoughts involved future events:'
96.0358 	EXP 	unnamed TextStim: text = 'Completely'
96.0358 	EXP 	unnamed TextStim: text = 'Not at all'
96.0518 	EXP 	unnamed TextStim: text = 'My thoughts involved future events:'
96.0518 	EXP 	unnamed TextStim: text = 'Completely'
96.0518 	EXP 	unnamed TextStim: text = 'Not at all'
96.0706 	EXP 	unnamed TextStim: text = 'My thoughts involved future events:'
96.0706 	EXP 	unnamed TextStim: text = 'Completely'
96.0706 	EXP 	unnamed TextStim: text = 'Not at all'
96.0810 	DATA 	Keypress: return
96.0811 	DATA 	RatingScale unnamed RatingScale: (key response) rating=5.5
96.0862 	EXP 	unnamed TextStim: text = 'My thoughts involved future events:'
96.0862 	EXP 	unnamed TextStim: text = 'Completely'
96.0862 	EXP 	unnamed TextStim: text = 'Not at all'
97.0956 	EXP 	Created instruction = TextStim(__class__=<class 'psychopy.visual.text.TextStim'>, alignHoriz=method-wrapper(...), alignText='center', alignVert=method-wrapper(...), anchorHoriz='center', anchorVert='center', antialias=True, autoLog=True, bold=False, color=array([-1., -1., -1.]), colorSpace='rgb', contrast=1.0, depth=0, flipHoriz=False, flipVert=False, font='sans', fontFiles=[], height=0.1, italic=False, languageStyle='LTR', name='instruction', opacity=1.0, ori=0.0, pos=array([0., 0.]), rgb=UNKNOWN, text='default text', units='norm', win=Window(...), wrapWidth=1)
97.0988 	EXP 	window1: mouseVisible = False
97.1049 	EXP 	Created instruction = TextStim(__class__=<class 'psychopy.visual.text.TextStim'>, alignHoriz=method-wrapper(...), alignText='center', alignVert=method-wrapper(...), anchorHoriz='center', anchorVert='center', antialias=True, autoLog=True, bold=False, color=array([-1., -1., -1.]), colorSpace='rgb', contrast=1.0, depth=0, flipHoriz=False, flipVert=False, font='sans', fontFiles=[], height=0.1, italic=False, languageStyle='LTR', name='instruction', opacity=1.0, ori=0.0, pos=array([0., 0.]), rgb=UNKNOWN, text='default text', units='norm', win=Window(...), wrapWidth=1)
97.1448 	DATA 	Keypress: return
97.1465 	DATA 	Keypress: return
97.1555 	EXP 	instruction: text = '\nThe prompt will prompt you to decide whether the upcoming word describes you.\n\nYou are required to respond with the left or right arrow key, according to the prompt: press Left if the word describes you or Right if it does not.\n\nYou should try to be as quick and accurate as possible.\n\n\nPress <Return> to start ...'
97.7170 	DATA 	Keypress: return
97.7304 	EXP 	Created unnamed TextStim = TextStim(__class__=<class 'psychopy.visual.text.TextStim'>, alignHoriz=method-wrapper(...), alignText='center', alignVert=method-wrapper(...), anchorHoriz='center', anchorVert='center', antialias=True, autoLog=True, bold=False, color=array([-1., -1., -1.]), colorSpace='rgb', contrast=1.0, depth=0, flipHoriz=False, flipVert=False, font='sans', fontFiles=[], height=0.1, italic=False, languageStyle='LTR', name='unnamed TextStim', opacity=1.0, ori=0.0, pos=array([0., 0.]), rgb=UNKNOWN, text='+', units='norm', win=Window(...), wrapWidth=1100)
99.2460 	EXP 	Created unnamed TextStim = TextStim(__class__=<class 'psychopy.visual.text.TextStim'>, alignHoriz=method-wrapper(...), alignText='center', alignVert=method-wrapper(...), anchorHoriz='center', anchorVert='center', antialias=True, autoLog=True, bold=False, color=array([-1., -1., -1.]), colorSpace='rgb', contrast=1.0, depth=0, flipHoriz=False, flipVert=False, font='sans', fontFiles=[], height=0.1, italic=False, languageStyle='LTR', name='unnamed TextStim', opacity=1.0, ori=0.0, pos=array([0., 0.]), rgb=UNKNOWN, text='Friend', units='norm', win=Window(...), wrapWidth=1100)
101.7679 	EXP 	Created unnamed TextStim = TextStim(__class__=<class 'psychopy.visual.text.TextStim'>, alignHoriz=method-wrapper(...), alignText='center', alignVert=method-wrapper(...), anchorHoriz='center', anchorVert='center', antialias=True, autoLog=True, bold=False, color=array([-1., -1., -1.]), colorSpace='rgb', contrast=1.0, depth=0, flipHoriz=False, flipVert=False, font='sans', fontFiles=[], height=0.1, italic=False, languageStyle='LTR', name='unnamed TextStim', opacity=1.0, ori=0.0, pos=array([0., 0.]), rgb=UNKNOWN, text='EXCITABLE', units='norm', win=Window(...), wrapWidth=1100)
103.7929 	EXP 	Created unnamed TextStim = TextStim(__class__=<class 'psychopy.visual.text.TextStim'>, alignHoriz=method-wrapper(...), alignText='center', alignVert=method-wrapper(...), anchorHoriz='center', anchorVert='center', antialias=True, autoLog=True, bold=False, color=array([-1., -1., -1.]), colorSpace='rgb', contrast=1.0, depth=0, flipHoriz=False, flipVert=False, font='sans', fontFiles=[], height=0.1, italic=False, languageStyle='LTR', name='unnamed TextStim', opacity=1.0, ori=0.0, pos=array([0., 0.]), rgb=UNKNOWN, text='Friend', units='norm', win=Window(...), wrapWidth=1100)
106.8165 	EXP 	Created unnamed TextStim = TextStim(__class__=<class 'psychopy.visual.text.TextStim'>, alignHoriz=method-wrapper(...), alignText='center', alignVert=method-wrapper(...), anchorHoriz='center', anchorVert='center', antialias=True, autoLog=True, bold=False, color=array([-1., -1., -1.]), colorSpace='rgb', contrast=1.0, depth=0, flipHoriz=False, flipVert=False, font='sans', fontFiles=[], height=0.1, italic=False, languageStyle='LTR', name='unnamed TextStim', opacity=1.0, ori=0.0, pos=array([0., 0.]), rgb=UNKNOWN, text='CAUTIOUS', units='norm', win=Window(...), wrapWidth=1100)
