37.0340 	WARNING 	Speech-to-text recognition module not available (use command `pip install SpeechRecognition` to get it. Transcription will be unavailable.
37.1069 	WARNING 	We strongly recommend you activate the PTB sound engine in PsychoPy prefs as the preferred audio engine. Its timing is vastly superior. Your prefs are currently set to use ['sounddevice', 'PTB', 'pyo', 'pygame'] (in that order).
37.1126 	WARNING 	Monitor specification not found. Creating a temporary one...
39.5503 	EXP 	window1: recordFrameIntervals = False
39.6976 	EXP 	window1: recordFrameIntervals = True
39.7723 	EXP 	window1: recordFrameIntervals = False
40.1885 	EXP 	Created memoryPrompt = TextStim(__class__=<class 'psychopy.visual.text.TextStim'>, alignHoriz=method-wrapper(...), alignText='center', alignVert=method-wrapper(...), anchorHoriz='center', anchorVert='center', antialias=True, autoLog=True, bold=False, color=array([-1., -1., -1.]), colorSpace='rgb', contrast=1.0, depth=0.0, flipHoriz=False, flipVert=False, font='Open Sans', fontFiles=[], height=0.1, italic=False, languageStyle='LTR', name='memoryPrompt', opacity=1, ori=0.0, pos=array([0., 0.]), rgb=UNKNOWN, text='', units='norm', win=Window(...), wrapWidth=1)
40.2250 	EXP 	Created text = TextStim(__class__=<class 'psychopy.visual.text.TextStim'>, alignHoriz=method-wrapper(...), alignText='center', alignVert=method-wrapper(...), anchorHoriz='center', anchorVert='center', antialias=True, autoLog=True, bold=False, color=array([-1., -1., -1.]), colorSpace='rgb', contrast=1.0, depth=0.0, flipHoriz=False, flipVert=False, font='Open Sans', fontFiles=[], height=0.1, italic=False, languageStyle='LTR', name='text', opacity=1, ori=0.0, pos=array([0., 0.]), rgb=UNKNOWN, text='+', units='norm', win=Window(...), wrapWidth=1)
40.2276 	EXP 	Created sequence: random, trialTypes=1, nReps=2, seed=None
40.2279 	EXP 	New trial (rep=0, index=0): None
40.3808 	EXP 	memoryPrompt: text = 'Prompt One'
40.3808 	EXP 	memoryPrompt: autoDraw = True
45.2493 	EXP 	memoryPrompt: autoDraw = False
45.2493 	EXP 	memoryPrompt: autoDraw = False
45.2493 	EXP 	text: autoDraw = True
48.0340 	DATA 	Keypress: lwindows
50.2450 	EXP 	New trial (rep=1, index=0): None
50.2639 	EXP 	text: autoDraw = False
50.2639 	EXP 	text: autoDraw = False
50.2639 	EXP 	memoryPrompt: text = 'Last week'
50.2639 	EXP 	memoryPrompt: autoDraw = True
55.2584 	EXP 	memoryPrompt: autoDraw = False
55.2584 	EXP 	memoryPrompt: autoDraw = False
55.2584 	EXP 	text: autoDraw = True
60.2607 	EXP 	text: autoDraw = False
60.2607 	EXP 	text: autoDraw = False
