121.2695 	WARNING 	RatingScale unnamed RatingScale: len(labels) not equal to len(tickMarks)
144.3497 	WARNING 	RatingScale unnamed RatingScale: len(labels) not equal to len(tickMarks)
149.2587 	EXP 	window1: recordFrameIntervals = False
149.3308 	EXP 	window1: recordFrameIntervals = True
149.4070 	EXP 	window1: recordFrameIntervals = False
149.4154 	EXP 	Created text_2 = TextStim(__class__=<class 'psychopy.visual.text.TextStim'>, alignHoriz=method-wrapper(...), alignText='center', alignVert=method-wrapper(...), anchorHoriz='center', anchorVert='center', antialias=True, autoLog=True, bold=False, color=array([-1., -1., -1.]), colorSpace='rgb', contrast=1.0, depth=0.0, flipHoriz=False, flipVert=False, font='Open Sans', fontFiles=[], height=0.1, italic=False, languageStyle='LTR', name='text_2', opacity=1, ori=0.0, pos=array([0., 0.]), rgb=UNKNOWN, text='Insert text here', units='norm', win=Window(...), wrapWidth=1)
149.4171 	EXP 	Created memoryPrompt = TextStim(__class__=<class 'psychopy.visual.text.TextStim'>, alignHoriz=method-wrapper(...), alignText='center', alignVert=method-wrapper(...), anchorHoriz='center', anchorVert='center', antialias=True, autoLog=True, bold=False, color=array([-1., -1., -1.]), colorSpace='rgb', contrast=1.0, depth=0.0, flipHoriz=False, flipVert=False, font='Open Sans', fontFiles=[], height=0.1, italic=False, languageStyle='LTR', name='memoryPrompt', opacity=1, ori=0.0, pos=array([0., 0.]), rgb=UNKNOWN, text='', units='norm', win=Window(...), wrapWidth=1)
149.4345 	EXP 	Created text = TextStim(__class__=<class 'psychopy.visual.text.TextStim'>, alignHoriz=method-wrapper(...), alignText='center', alignVert=method-wrapper(...), anchorHoriz='center', anchorVert='center', antialias=True, autoLog=True, bold=False, color=array([-1., -1., -1.]), colorSpace='rgb', contrast=1.0, depth=0.0, flipHoriz=False, flipVert=False, font='Open Sans', fontFiles=[], height=0.1, italic=False, languageStyle='LTR', name='text', opacity=1, ori=0.0, pos=array([0., 0.]), rgb=UNKNOWN, text='+', units='norm', win=Window(...), wrapWidth=1)
149.4483 	EXP 	Created text_3 = TextStim(__class__=<class 'psychopy.visual.text.TextStim'>, alignHoriz=method-wrapper(...), alignText='center', alignVert=method-wrapper(...), anchorHoriz='center', anchorVert='center', antialias=True, autoLog=True, bold=False, color=array([-1., -1., -1.]), colorSpace='rgb', contrast=1.0, depth=0.0, flipHoriz=False, flipVert=False, font='Open Sans', fontFiles=[], height=0.1, italic=False, languageStyle='LTR', name='text_3', opacity=1, ori=0.0, pos=array([0., 0.]), rgb=UNKNOWN, text=str(...), units='norm', win=Window(...), wrapWidth=1)
149.4515 	EXP 	Created text = TextStim(__class__=<class 'psychopy.visual.text.TextStim'>, alignHoriz=method-wrapper(...), alignText='center', alignVert=method-wrapper(...), anchorHoriz='center', anchorVert='center', antialias=True, autoLog=True, bold=False, color=array([-1., -1., -1.]), colorSpace='rgb', contrast=1.0, depth=0.0, flipHoriz=False, flipVert=False, font='Open Sans', fontFiles=[], height=0.1, italic=False, languageStyle='LTR', name='text', opacity=1, ori=0.0, pos=array([0., 0.]), rgb=UNKNOWN, text='+', units='norm', win=Window(...), wrapWidth=1)
149.4573 	EXP 	Created text_4 = TextStim(__class__=<class 'psychopy.visual.text.TextStim'>, alignHoriz=method-wrapper(...), alignText='center', alignVert=method-wrapper(...), anchorHoriz='center', anchorVert='center', antialias=True, autoLog=True, bold=False, color=array([-1., -1., -1.]), colorSpace='rgb', contrast=1.0, depth=0.0, flipHoriz=False, flipVert=False, font='Open Sans', fontFiles=[], height=0.1, italic=False, languageStyle='LTR', name='text_4', opacity=1, ori=0.0, pos=array([0., 0.]), rgb=UNKNOWN, text='You may now stop.', units='norm', win=Window(...), wrapWidth=1)
149.4611 	EXP 	textbox: autoLog = True
149.4611 	EXP 	text_2: autoDraw = True
150.8746 	EXP 	Created sequence: random, trialTypes=1, nReps=1, seed=None
150.8748 	EXP 	New trial (rep=0, index=0): None
150.8856 	DATA 	Keypress: return
150.8937 	EXP 	text_2: autoDraw = False
150.8937 	EXP 	memoryPrompt: text = 'Prompt One'
150.8937 	EXP 	memoryPrompt: autoDraw = True
150.8937 	EXP 	textbox: autoDraw = True
152.9264 	DATA 	Keypress: backspace
153.2585 	DATA 	Keypress: backspace
154.5653 	DATA 	Keypress: a
154.7433 	DATA 	Keypress: d
155.2894 	DATA 	Keypress: b
155.6602 	DATA 	Keypress: s
155.7881 	DATA 	Keypress: d
156.2179 	DATA 	Keypress: return
156.2252 	EXP 	memoryPrompt: autoDraw = False
156.2252 	EXP 	textbox: autoDraw = False
156.2252 	EXP 	text: autoDraw = True
161.2334 	EXP 	text: autoDraw = False
161.2334 	EXP 	text: autoDraw = False
161.2334 	EXP 	text_3: text = 'Press return when you are ready to remember:\n\nAdbsd\n'
161.2334 	EXP 	text_3: autoDraw = True
163.5508 	DATA 	Keypress: return
163.5597 	EXP 	text_3: autoDraw = False
163.5597 	EXP 	text: autoDraw = True
168.5605 	EXP 	text: autoDraw = False
168.5605 	EXP 	text: autoDraw = False
168.5605 	EXP 	text_4: autoDraw = True
169.7007 	DATA 	Keypress: return
173.5604 	EXP 	text_4: autoDraw = False
173.5604 	EXP 	text_4: autoDraw = False
173.5875 	EXP 	Created instruction = TextStim(__class__=<class 'psychopy.visual.text.TextStim'>, alignHoriz=method-wrapper(...), alignText='center', alignVert=method-wrapper(...), anchorHoriz='center', anchorVert='center', antialias=True, autoLog=True, bold=False, color=array([-1., -1., -1.]), colorSpace='rgb', contrast=1.0, depth=0, flipHoriz=False, flipVert=False, font='sans', fontFiles=[], height=0.1, italic=False, languageStyle='LTR', name='instruction', opacity=1.0, ori=0.0, pos=array([0., 0.]), rgb=UNKNOWN, text='default text', units='norm', win=Window(...), wrapWidth=1)
173.6217 	EXP 	instruction: text = 'Please answer the questions honestly.\n\nA list of descriptions and a rating scale ranging from 1 to 10 will be presented on the screen.\n\nPlease use the left and right arrow keys to select your answer, and the enter button to confirm.'
174.3473 	DATA 	Keypress: return
174.3574 	EXP 	Imported c:\Users\Ian\Documents\GitHub\THINCLabTestRepo\TaskFiles\taskScripts//resources//ESQ//ESQ_Questions.csv as conditions, 14 conditions, 4 params
174.3577 	EXP 	Created sequence: sequential, trialTypes=14, nReps=1, seed=None
174.3641 	WARNING 	RatingScale unnamed RatingScale: len(labels) not equal to len(tickMarks)
174.3642 	EXP 	window1: mouseVisible = True
174.3928 	EXP 	Created unnamed RatingScale = RatingScale(__class__=type(...), acceptKeys=['return'], acceptPreText=UNKNOWN, acceptSize=UNKNOWN, acceptText='accept?', autoLog=True, choices=False, colorSpace='rgb', depth=0, disappear=False, flipVert=False, high=10, kwargs=UNKNOWN, labels=list(...), leftKeys=['left'], lineColor='black', low=1, marker=ShapeStim(...), markerColor='black', markerExpansion=UNKNOWN, markerStart=4.5, maxTime=0.0, minTime=0.4, mouseOnly=False, name='unnamed RatingScale', noMouse=False, pos=[0.0, -0.4], precision=10, respKeys=[], rightKeys=['right'], scale=False, self=UNKNOWN, showAccept=True, showValue=True, singleClick=False, size=0.6, skipKeys=['tab'], stretch=1.0, textColor='black', textFont='Helvetica Bold', textSize=0.12, tickHeight=1.0, tickMarks=9.0, win=Window(...))
174.3950 	EXP 	Created unnamed TextStim = TextStim(__class__=<class 'psychopy.visual.text.TextStim'>, alignHoriz=method-wrapper(...), alignText='center', alignVert=method-wrapper(...), anchorHoriz='center', anchorVert='top', antialias=True, autoLog=True, bold=False, color=array([-1., -1., -1.]), colorSpace='rgb', contrast=1.0, depth=0, flipHoriz=False, flipVert=False, font='', fontFiles=[], height=0.1, italic=False, languageStyle='LTR', name='unnamed TextStim', opacity=1.0, ori=0.0, pos=array([0., 0.]), rgb=UNKNOWN, text='', units='norm', win=Window(...), wrapWidth=1)
174.3968 	EXP 	Created unnamed TextStim = TextStim(__class__=<class 'psychopy.visual.text.TextStim'>, alignHoriz=method-wrapper(...), alignText='center', alignVert=method-wrapper(...), anchorHoriz='center', anchorVert='center', antialias=True, autoLog=True, bold=False, color=array([-1., -1., -1.]), colorSpace='rgb', contrast=1.0, depth=0, flipHoriz=False, flipVert=False, font='', fontFiles=[], height=0.1, italic=False, languageStyle='LTR', name='unnamed TextStim', opacity=1.0, ori=0.0, pos=array([ 0.5, -0.5]), rgb=UNKNOWN, text='', units='norm', win=Window(...), wrapWidth=1)
174.3990 	EXP 	Created unnamed TextStim = TextStim(__class__=<class 'psychopy.visual.text.TextStim'>, alignHoriz=method-wrapper(...), alignText='center', alignVert=method-wrapper(...), anchorHoriz='center', anchorVert='center', antialias=True, autoLog=True, bold=False, color=array([-1., -1., -1.]), colorSpace='rgb', contrast=1.0, depth=0, flipHoriz=False, flipVert=False, font='', fontFiles=[], height=0.1, italic=False, languageStyle='LTR', name='unnamed TextStim', opacity=1.0, ori=0.0, pos=array([-0.5, -0.5]), rgb=UNKNOWN, text='', units='norm', win=Window(...), wrapWidth=1)
174.3992 	EXP 	New trial (rep=0, index=0): OrderedDict([('Questions', 'My thoughts were focused on an external task or activity:'), ('Label', 'Focus'), ('Scale_low', 'Not at all'), ('Scale_high', 'Completely')])
174.4348 	EXP 	unnamed RatingScale: flipVert = False
174.4348 	EXP 	unnamed RatingScale: autoLog = True
174.4348 	EXP 	unnamed TextStim: text = 'My thoughts were focused on an external task or activity:'
174.4348 	EXP 	unnamed TextStim: text = 'Completely'
174.4348 	EXP 	unnamed TextStim: text = 'Not at all'
174.4478 	EXP 	unnamed TextStim: text = 'My thoughts were focused on an external task or activity:'
174.4478 	EXP 	unnamed TextStim: text = 'Completely'
174.4478 	EXP 	unnamed TextStim: text = 'Not at all'
174.4620 	EXP 	unnamed TextStim: text = 'My thoughts were focused on an external task or activity:'
174.4620 	EXP 	unnamed TextStim: text = 'Completely'
174.4620 	EXP 	unnamed TextStim: text = 'Not at all'
174.4780 	EXP 	unnamed TextStim: text = 'My thoughts were focused on an external task or activity:'
174.4780 	EXP 	unnamed TextStim: text = 'Completely'
174.4780 	EXP 	unnamed TextStim: text = 'Not at all'
174.4897 	EXP 	unnamed TextStim: text = 'My thoughts were focused on an external task or activity:'
174.4897 	EXP 	unnamed TextStim: text = 'Completely'
174.4897 	EXP 	unnamed TextStim: text = 'Not at all'
174.5046 	EXP 	unnamed TextStim: text = 'My thoughts were focused on an external task or activity:'
174.5046 	EXP 	unnamed TextStim: text = 'Completely'
174.5046 	EXP 	unnamed TextStim: text = 'Not at all'
174.5176 	EXP 	unnamed TextStim: text = 'My thoughts were focused on an external task or activity:'
174.5176 	EXP 	unnamed TextStim: text = 'Completely'
174.5176 	EXP 	unnamed TextStim: text = 'Not at all'
174.5324 	EXP 	unnamed TextStim: text = 'My thoughts were focused on an external task or activity:'
174.5324 	EXP 	unnamed TextStim: text = 'Completely'
174.5324 	EXP 	unnamed TextStim: text = 'Not at all'
174.5453 	EXP 	unnamed TextStim: text = 'My thoughts were focused on an external task or activity:'
174.5453 	EXP 	unnamed TextStim: text = 'Completely'
174.5453 	EXP 	unnamed TextStim: text = 'Not at all'
174.5594 	EXP 	unnamed TextStim: text = 'My thoughts were focused on an external task or activity:'
174.5594 	EXP 	unnamed TextStim: text = 'Completely'
174.5594 	EXP 	unnamed TextStim: text = 'Not at all'
174.5741 	EXP 	unnamed TextStim: text = 'My thoughts were focused on an external task or activity:'
174.5741 	EXP 	unnamed TextStim: text = 'Completely'
174.5741 	EXP 	unnamed TextStim: text = 'Not at all'
174.5866 	EXP 	unnamed TextStim: text = 'My thoughts were focused on an external task or activity:'
174.5866 	EXP 	unnamed TextStim: text = 'Completely'
174.5866 	EXP 	unnamed TextStim: text = 'Not at all'
174.6032 	EXP 	unnamed TextStim: text = 'My thoughts were focused on an external task or activity:'
174.6032 	EXP 	unnamed TextStim: text = 'Completely'
174.6032 	EXP 	unnamed TextStim: text = 'Not at all'
174.6157 	EXP 	unnamed TextStim: text = 'My thoughts were focused on an external task or activity:'
174.6157 	EXP 	unnamed TextStim: text = 'Completely'
174.6157 	EXP 	unnamed TextStim: text = 'Not at all'
174.6287 	EXP 	unnamed TextStim: text = 'My thoughts were focused on an external task or activity:'
174.6287 	EXP 	unnamed TextStim: text = 'Completely'
174.6287 	EXP 	unnamed TextStim: text = 'Not at all'
174.6435 	EXP 	unnamed TextStim: text = 'My thoughts were focused on an external task or activity:'
174.6435 	EXP 	unnamed TextStim: text = 'Completely'
174.6435 	EXP 	unnamed TextStim: text = 'Not at all'
174.6568 	EXP 	unnamed TextStim: text = 'My thoughts were focused on an external task or activity:'
174.6568 	EXP 	unnamed TextStim: text = 'Completely'
174.6568 	EXP 	unnamed TextStim: text = 'Not at all'
174.6713 	EXP 	unnamed TextStim: text = 'My thoughts were focused on an external task or activity:'
174.6713 	EXP 	unnamed TextStim: text = 'Completely'
174.6713 	EXP 	unnamed TextStim: text = 'Not at all'
174.6842 	EXP 	unnamed TextStim: text = 'My thoughts were focused on an external task or activity:'
174.6842 	EXP 	unnamed TextStim: text = 'Completely'
174.6842 	EXP 	unnamed TextStim: text = 'Not at all'
174.6988 	EXP 	unnamed TextStim: text = 'My thoughts were focused on an external task or activity:'
174.6988 	EXP 	unnamed TextStim: text = 'Completely'
174.6988 	EXP 	unnamed TextStim: text = 'Not at all'
174.7120 	EXP 	unnamed TextStim: text = 'My thoughts were focused on an external task or activity:'
174.7120 	EXP 	unnamed TextStim: text = 'Completely'
174.7120 	EXP 	unnamed TextStim: text = 'Not at all'
174.7258 	EXP 	unnamed TextStim: text = 'My thoughts were focused on an external task or activity:'
174.7258 	EXP 	unnamed TextStim: text = 'Completely'
174.7258 	EXP 	unnamed TextStim: text = 'Not at all'
174.7407 	EXP 	unnamed TextStim: text = 'My thoughts were focused on an external task or activity:'
174.7407 	EXP 	unnamed TextStim: text = 'Completely'
174.7407 	EXP 	unnamed TextStim: text = 'Not at all'
174.7537 	EXP 	unnamed TextStim: text = 'My thoughts were focused on an external task or activity:'
174.7537 	EXP 	unnamed TextStim: text = 'Completely'
174.7537 	EXP 	unnamed TextStim: text = 'Not at all'
174.7682 	EXP 	unnamed TextStim: text = 'My thoughts were focused on an external task or activity:'
174.7682 	EXP 	unnamed TextStim: text = 'Completely'
174.7682 	EXP 	unnamed TextStim: text = 'Not at all'
174.7814 	EXP 	unnamed TextStim: text = 'My thoughts were focused on an external task or activity:'
174.7814 	EXP 	unnamed TextStim: text = 'Completely'
174.7814 	EXP 	unnamed TextStim: text = 'Not at all'
174.7953 	EXP 	unnamed TextStim: text = 'My thoughts were focused on an external task or activity:'
174.7953 	EXP 	unnamed TextStim: text = 'Completely'
174.7953 	EXP 	unnamed TextStim: text = 'Not at all'
174.8092 	EXP 	unnamed TextStim: text = 'My thoughts were focused on an external task or activity:'
174.8092 	EXP 	unnamed TextStim: text = 'Completely'
174.8092 	EXP 	unnamed TextStim: text = 'Not at all'
174.8229 	EXP 	unnamed TextStim: text = 'My thoughts were focused on an external task or activity:'
174.8229 	EXP 	unnamed TextStim: text = 'Completely'
174.8229 	EXP 	unnamed TextStim: text = 'Not at all'
174.8367 	EXP 	unnamed TextStim: text = 'My thoughts were focused on an external task or activity:'
174.8367 	EXP 	unnamed TextStim: text = 'Completely'
174.8367 	EXP 	unnamed TextStim: text = 'Not at all'
174.8520 	EXP 	unnamed TextStim: text = 'My thoughts were focused on an external task or activity:'
174.8520 	EXP 	unnamed TextStim: text = 'Completely'
174.8520 	EXP 	unnamed TextStim: text = 'Not at all'
174.8644 	EXP 	unnamed TextStim: text = 'My thoughts were focused on an external task or activity:'
174.8644 	EXP 	unnamed TextStim: text = 'Completely'
174.8644 	EXP 	unnamed TextStim: text = 'Not at all'
174.8783 	EXP 	unnamed TextStim: text = 'My thoughts were focused on an external task or activity:'
174.8783 	EXP 	unnamed TextStim: text = 'Completely'
174.8783 	EXP 	unnamed TextStim: text = 'Not at all'
174.8921 	EXP 	unnamed TextStim: text = 'My thoughts were focused on an external task or activity:'
174.8921 	EXP 	unnamed TextStim: text = 'Completely'
174.8921 	EXP 	unnamed TextStim: text = 'Not at all'
174.9060 	EXP 	unnamed TextStim: text = 'My thoughts were focused on an external task or activity:'
174.9060 	EXP 	unnamed TextStim: text = 'Completely'
174.9060 	EXP 	unnamed TextStim: text = 'Not at all'
174.9140 	DATA 	Keypress: left
174.9199 	EXP 	unnamed TextStim: text = 'My thoughts were focused on an external task or activity:'
174.9199 	EXP 	unnamed TextStim: text = 'Completely'
174.9199 	EXP 	unnamed TextStim: text = 'Not at all'
174.9335 	EXP 	unnamed TextStim: text = 'My thoughts were focused on an external task or activity:'
174.9335 	EXP 	unnamed TextStim: text = 'Completely'
174.9335 	EXP 	unnamed TextStim: text = 'Not at all'
174.9475 	EXP 	unnamed TextStim: text = 'My thoughts were focused on an external task or activity:'
174.9475 	EXP 	unnamed TextStim: text = 'Completely'
174.9475 	EXP 	unnamed TextStim: text = 'Not at all'
174.9633 	EXP 	unnamed TextStim: text = 'My thoughts were focused on an external task or activity:'
174.9633 	EXP 	unnamed TextStim: text = 'Completely'
174.9633 	EXP 	unnamed TextStim: text = 'Not at all'
174.9821 	EXP 	unnamed TextStim: text = 'My thoughts were focused on an external task or activity:'
174.9821 	EXP 	unnamed TextStim: text = 'Completely'
174.9821 	EXP 	unnamed TextStim: text = 'Not at all'
174.9962 	EXP 	unnamed TextStim: text = 'My thoughts were focused on an external task or activity:'
174.9962 	EXP 	unnamed TextStim: text = 'Completely'
174.9962 	EXP 	unnamed TextStim: text = 'Not at all'
175.0102 	EXP 	unnamed TextStim: text = 'My thoughts were focused on an external task or activity:'
175.0102 	EXP 	unnamed TextStim: text = 'Completely'
175.0102 	EXP 	unnamed TextStim: text = 'Not at all'
175.0239 	EXP 	unnamed TextStim: text = 'My thoughts were focused on an external task or activity:'
175.0239 	EXP 	unnamed TextStim: text = 'Completely'
175.0239 	EXP 	unnamed TextStim: text = 'Not at all'
175.0376 	EXP 	unnamed TextStim: text = 'My thoughts were focused on an external task or activity:'
175.0376 	EXP 	unnamed TextStim: text = 'Completely'
175.0376 	EXP 	unnamed TextStim: text = 'Not at all'
175.0519 	EXP 	unnamed TextStim: text = 'My thoughts were focused on an external task or activity:'
175.0519 	EXP 	unnamed TextStim: text = 'Completely'
175.0519 	EXP 	unnamed TextStim: text = 'Not at all'
175.0656 	EXP 	unnamed TextStim: text = 'My thoughts were focused on an external task or activity:'
175.0656 	EXP 	unnamed TextStim: text = 'Completely'
175.0656 	EXP 	unnamed TextStim: text = 'Not at all'
175.0797 	EXP 	unnamed TextStim: text = 'My thoughts were focused on an external task or activity:'
175.0797 	EXP 	unnamed TextStim: text = 'Completely'
175.0797 	EXP 	unnamed TextStim: text = 'Not at all'
175.0878 	DATA 	Keypress: right
175.0936 	EXP 	unnamed TextStim: text = 'My thoughts were focused on an external task or activity:'
175.0936 	EXP 	unnamed TextStim: text = 'Completely'
175.0936 	EXP 	unnamed TextStim: text = 'Not at all'
175.1091 	EXP 	unnamed TextStim: text = 'My thoughts were focused on an external task or activity:'
175.1091 	EXP 	unnamed TextStim: text = 'Completely'
175.1091 	EXP 	unnamed TextStim: text = 'Not at all'
175.1214 	EXP 	unnamed TextStim: text = 'My thoughts were focused on an external task or activity:'
175.1214 	EXP 	unnamed TextStim: text = 'Completely'
175.1214 	EXP 	unnamed TextStim: text = 'Not at all'
175.1353 	EXP 	unnamed TextStim: text = 'My thoughts were focused on an external task or activity:'
175.1353 	EXP 	unnamed TextStim: text = 'Completely'
175.1353 	EXP 	unnamed TextStim: text = 'Not at all'
175.1491 	EXP 	unnamed TextStim: text = 'My thoughts were focused on an external task or activity:'
175.1491 	EXP 	unnamed TextStim: text = 'Completely'
175.1491 	EXP 	unnamed TextStim: text = 'Not at all'
175.1630 	EXP 	unnamed TextStim: text = 'My thoughts were focused on an external task or activity:'
175.1630 	EXP 	unnamed TextStim: text = 'Completely'
175.1630 	EXP 	unnamed TextStim: text = 'Not at all'
175.1769 	EXP 	unnamed TextStim: text = 'My thoughts were focused on an external task or activity:'
175.1769 	EXP 	unnamed TextStim: text = 'Completely'
175.1769 	EXP 	unnamed TextStim: text = 'Not at all'
175.1907 	EXP 	unnamed TextStim: text = 'My thoughts were focused on an external task or activity:'
175.1907 	EXP 	unnamed TextStim: text = 'Completely'
175.1907 	EXP 	unnamed TextStim: text = 'Not at all'
175.2046 	EXP 	unnamed TextStim: text = 'My thoughts were focused on an external task or activity:'
175.2046 	EXP 	unnamed TextStim: text = 'Completely'
175.2046 	EXP 	unnamed TextStim: text = 'Not at all'
175.2186 	EXP 	unnamed TextStim: text = 'My thoughts were focused on an external task or activity:'
175.2186 	EXP 	unnamed TextStim: text = 'Completely'
175.2186 	EXP 	unnamed TextStim: text = 'Not at all'
175.2325 	EXP 	unnamed TextStim: text = 'My thoughts were focused on an external task or activity:'
175.2325 	EXP 	unnamed TextStim: text = 'Completely'
175.2325 	EXP 	unnamed TextStim: text = 'Not at all'
175.2464 	EXP 	unnamed TextStim: text = 'My thoughts were focused on an external task or activity:'
175.2464 	EXP 	unnamed TextStim: text = 'Completely'
175.2464 	EXP 	unnamed TextStim: text = 'Not at all'
175.2613 	EXP 	unnamed TextStim: text = 'My thoughts were focused on an external task or activity:'
175.2613 	EXP 	unnamed TextStim: text = 'Completely'
175.2613 	EXP 	unnamed TextStim: text = 'Not at all'
175.2741 	EXP 	unnamed TextStim: text = 'My thoughts were focused on an external task or activity:'
175.2741 	EXP 	unnamed TextStim: text = 'Completely'
175.2741 	EXP 	unnamed TextStim: text = 'Not at all'
175.2879 	EXP 	unnamed TextStim: text = 'My thoughts were focused on an external task or activity:'
175.2879 	EXP 	unnamed TextStim: text = 'Completely'
175.2879 	EXP 	unnamed TextStim: text = 'Not at all'
175.3024 	EXP 	unnamed TextStim: text = 'My thoughts were focused on an external task or activity:'
175.3024 	EXP 	unnamed TextStim: text = 'Completely'
175.3024 	EXP 	unnamed TextStim: text = 'Not at all'
175.3158 	EXP 	unnamed TextStim: text = 'My thoughts were focused on an external task or activity:'
175.3158 	EXP 	unnamed TextStim: text = 'Completely'
175.3158 	EXP 	unnamed TextStim: text = 'Not at all'
175.3310 	EXP 	unnamed TextStim: text = 'My thoughts were focused on an external task or activity:'
175.3310 	EXP 	unnamed TextStim: text = 'Completely'
175.3310 	EXP 	unnamed TextStim: text = 'Not at all'
175.3440 	EXP 	unnamed TextStim: text = 'My thoughts were focused on an external task or activity:'
175.3440 	EXP 	unnamed TextStim: text = 'Completely'
175.3440 	EXP 	unnamed TextStim: text = 'Not at all'
175.3587 	EXP 	unnamed TextStim: text = 'My thoughts were focused on an external task or activity:'
175.3587 	EXP 	unnamed TextStim: text = 'Completely'
175.3587 	EXP 	unnamed TextStim: text = 'Not at all'
175.3715 	EXP 	unnamed TextStim: text = 'My thoughts were focused on an external task or activity:'
175.3715 	EXP 	unnamed TextStim: text = 'Completely'
175.3715 	EXP 	unnamed TextStim: text = 'Not at all'
175.3853 	EXP 	unnamed TextStim: text = 'My thoughts were focused on an external task or activity:'
175.3853 	EXP 	unnamed TextStim: text = 'Completely'
175.3853 	EXP 	unnamed TextStim: text = 'Not at all'
175.4003 	EXP 	unnamed TextStim: text = 'My thoughts were focused on an external task or activity:'
175.4003 	EXP 	unnamed TextStim: text = 'Completely'
175.4003 	EXP 	unnamed TextStim: text = 'Not at all'
175.4131 	EXP 	unnamed TextStim: text = 'My thoughts were focused on an external task or activity:'
175.4131 	EXP 	unnamed TextStim: text = 'Completely'
175.4131 	EXP 	unnamed TextStim: text = 'Not at all'
175.4277 	EXP 	unnamed TextStim: text = 'My thoughts were focused on an external task or activity:'
175.4277 	EXP 	unnamed TextStim: text = 'Completely'
175.4277 	EXP 	unnamed TextStim: text = 'Not at all'
175.4362 	DATA 	Keypress: return
175.4369 	DATA 	RatingScale unnamed RatingScale: (key response) rating=2.0999999999999996
175.4370 	DATA 	RatingScale unnamed RatingScale: rating RT=1.016
175.4370 	DATA 	RatingScale unnamed RatingScale: history=[(1, 0.0), (1.9, 0.493), (1.8, 0.523), (1.7000000000000002, 0.537), (1.6, 0.554), (1.5, 0.572), (1.4000000000000001, 0.586), (1.3000000000000003, 0.6), (1.2000000000000002, 0.614), (1.1, 0.627), (1.0000000000000002, 0.642), (1.0, 0.653), (1.1, 0.667), (1.0, 0.681), (1.1, 0.71), (1.2, 0.724), (1.3, 0.738), (1.4, 0.752), (1.5, 0.766), (1.6, 0.78), (1.7, 0.794), (1.7999999999999998, 0.807), (1.9, 0.821), (2.0, 0.835), (2.0999999999999996, 0.851), (2.0999999999999996, 1.016)]
175.4407 	EXP 	unnamed TextStim: text = 'My thoughts were focused on an external task or activity:'
175.4407 	EXP 	unnamed TextStim: text = 'Completely'
175.4407 	EXP 	unnamed TextStim: text = 'Not at all'
176.4422 	EXP 	New trial (rep=0, index=1): OrderedDict([('Questions', 'My thoughts involved future events:'), ('Label', 'Future'), ('Scale_low', 'Not at all'), ('Scale_high', 'Completely')])
176.4630 	EXP 	unnamed TextStim: text = 'My thoughts involved future events:'
176.4630 	EXP 	unnamed TextStim: text = 'Completely'
176.4630 	EXP 	unnamed TextStim: text = 'Not at all'
176.4760 	EXP 	unnamed TextStim: text = 'My thoughts involved future events:'
176.4760 	EXP 	unnamed TextStim: text = 'Completely'
176.4760 	EXP 	unnamed TextStim: text = 'Not at all'
176.4908 	EXP 	unnamed TextStim: text = 'My thoughts involved future events:'
176.4908 	EXP 	unnamed TextStim: text = 'Completely'
176.4908 	EXP 	unnamed TextStim: text = 'Not at all'
176.5038 	EXP 	unnamed TextStim: text = 'My thoughts involved future events:'
176.5038 	EXP 	unnamed TextStim: text = 'Completely'
176.5038 	EXP 	unnamed TextStim: text = 'Not at all'
176.5176 	EXP 	unnamed TextStim: text = 'My thoughts involved future events:'
176.5176 	EXP 	unnamed TextStim: text = 'Completely'
176.5176 	EXP 	unnamed TextStim: text = 'Not at all'
176.5325 	EXP 	unnamed TextStim: text = 'My thoughts involved future events:'
176.5325 	EXP 	unnamed TextStim: text = 'Completely'
176.5325 	EXP 	unnamed TextStim: text = 'Not at all'
176.5451 	EXP 	unnamed TextStim: text = 'My thoughts involved future events:'
176.5451 	EXP 	unnamed TextStim: text = 'Completely'
176.5451 	EXP 	unnamed TextStim: text = 'Not at all'
176.5590 	EXP 	unnamed TextStim: text = 'My thoughts involved future events:'
176.5590 	EXP 	unnamed TextStim: text = 'Completely'
176.5590 	EXP 	unnamed TextStim: text = 'Not at all'
176.5731 	EXP 	unnamed TextStim: text = 'My thoughts involved future events:'
176.5731 	EXP 	unnamed TextStim: text = 'Completely'
176.5731 	EXP 	unnamed TextStim: text = 'Not at all'
176.5870 	EXP 	unnamed TextStim: text = 'My thoughts involved future events:'
176.5870 	EXP 	unnamed TextStim: text = 'Completely'
176.5870 	EXP 	unnamed TextStim: text = 'Not at all'
176.6018 	EXP 	unnamed TextStim: text = 'My thoughts involved future events:'
176.6018 	EXP 	unnamed TextStim: text = 'Completely'
176.6018 	EXP 	unnamed TextStim: text = 'Not at all'
176.6149 	EXP 	unnamed TextStim: text = 'My thoughts involved future events:'
176.6149 	EXP 	unnamed TextStim: text = 'Completely'
176.6149 	EXP 	unnamed TextStim: text = 'Not at all'
176.6297 	EXP 	unnamed TextStim: text = 'My thoughts involved future events:'
176.6297 	EXP 	unnamed TextStim: text = 'Completely'
176.6297 	EXP 	unnamed TextStim: text = 'Not at all'
176.6425 	EXP 	unnamed TextStim: text = 'My thoughts involved future events:'
176.6425 	EXP 	unnamed TextStim: text = 'Completely'
176.6425 	EXP 	unnamed TextStim: text = 'Not at all'
176.6561 	EXP 	unnamed TextStim: text = 'My thoughts involved future events:'
176.6561 	EXP 	unnamed TextStim: text = 'Completely'
176.6561 	EXP 	unnamed TextStim: text = 'Not at all'
176.6700 	EXP 	unnamed TextStim: text = 'My thoughts involved future events:'
176.6700 	EXP 	unnamed TextStim: text = 'Completely'
176.6700 	EXP 	unnamed TextStim: text = 'Not at all'
176.6838 	EXP 	unnamed TextStim: text = 'My thoughts involved future events:'
176.6838 	EXP 	unnamed TextStim: text = 'Completely'
176.6838 	EXP 	unnamed TextStim: text = 'Not at all'
176.6988 	EXP 	unnamed TextStim: text = 'My thoughts involved future events:'
176.6988 	EXP 	unnamed TextStim: text = 'Completely'
176.6988 	EXP 	unnamed TextStim: text = 'Not at all'
176.7117 	EXP 	unnamed TextStim: text = 'My thoughts involved future events:'
176.7117 	EXP 	unnamed TextStim: text = 'Completely'
176.7117 	EXP 	unnamed TextStim: text = 'Not at all'
176.7263 	EXP 	unnamed TextStim: text = 'My thoughts involved future events:'
176.7263 	EXP 	unnamed TextStim: text = 'Completely'
176.7263 	EXP 	unnamed TextStim: text = 'Not at all'
176.7397 	EXP 	unnamed TextStim: text = 'My thoughts involved future events:'
176.7397 	EXP 	unnamed TextStim: text = 'Completely'
176.7397 	EXP 	unnamed TextStim: text = 'Not at all'
176.7533 	EXP 	unnamed TextStim: text = 'My thoughts involved future events:'
176.7533 	EXP 	unnamed TextStim: text = 'Completely'
176.7533 	EXP 	unnamed TextStim: text = 'Not at all'
176.7615 	DATA 	Keypress: left
176.7685 	EXP 	unnamed TextStim: text = 'My thoughts involved future events:'
176.7685 	EXP 	unnamed TextStim: text = 'Completely'
176.7685 	EXP 	unnamed TextStim: text = 'Not at all'
176.7821 	EXP 	unnamed TextStim: text = 'My thoughts involved future events:'
176.7821 	EXP 	unnamed TextStim: text = 'Completely'
176.7821 	EXP 	unnamed TextStim: text = 'Not at all'
176.7962 	EXP 	unnamed TextStim: text = 'My thoughts involved future events:'
176.7962 	EXP 	unnamed TextStim: text = 'Completely'
176.7962 	EXP 	unnamed TextStim: text = 'Not at all'
176.8090 	EXP 	unnamed TextStim: text = 'My thoughts involved future events:'
176.8090 	EXP 	unnamed TextStim: text = 'Completely'
176.8090 	EXP 	unnamed TextStim: text = 'Not at all'
176.8237 	EXP 	unnamed TextStim: text = 'My thoughts involved future events:'
176.8237 	EXP 	unnamed TextStim: text = 'Completely'
176.8237 	EXP 	unnamed TextStim: text = 'Not at all'
176.8367 	EXP 	unnamed TextStim: text = 'My thoughts involved future events:'
176.8367 	EXP 	unnamed TextStim: text = 'Completely'
176.8367 	EXP 	unnamed TextStim: text = 'Not at all'
176.8506 	EXP 	unnamed TextStim: text = 'My thoughts involved future events:'
176.8506 	EXP 	unnamed TextStim: text = 'Completely'
176.8506 	EXP 	unnamed TextStim: text = 'Not at all'
176.8658 	EXP 	unnamed TextStim: text = 'My thoughts involved future events:'
176.8658 	EXP 	unnamed TextStim: text = 'Completely'
176.8658 	EXP 	unnamed TextStim: text = 'Not at all'
176.8784 	EXP 	unnamed TextStim: text = 'My thoughts involved future events:'
176.8784 	EXP 	unnamed TextStim: text = 'Completely'
176.8784 	EXP 	unnamed TextStim: text = 'Not at all'
176.8922 	EXP 	unnamed TextStim: text = 'My thoughts involved future events:'
176.8922 	EXP 	unnamed TextStim: text = 'Completely'
176.8922 	EXP 	unnamed TextStim: text = 'Not at all'
176.9060 	EXP 	unnamed TextStim: text = 'My thoughts involved future events:'
176.9060 	EXP 	unnamed TextStim: text = 'Completely'
176.9060 	EXP 	unnamed TextStim: text = 'Not at all'
176.9199 	EXP 	unnamed TextStim: text = 'My thoughts involved future events:'
176.9199 	EXP 	unnamed TextStim: text = 'Completely'
176.9199 	EXP 	unnamed TextStim: text = 'Not at all'
176.9338 	EXP 	unnamed TextStim: text = 'My thoughts involved future events:'
176.9338 	EXP 	unnamed TextStim: text = 'Completely'
176.9338 	EXP 	unnamed TextStim: text = 'Not at all'
176.9477 	EXP 	unnamed TextStim: text = 'My thoughts involved future events:'
176.9477 	EXP 	unnamed TextStim: text = 'Completely'
176.9477 	EXP 	unnamed TextStim: text = 'Not at all'
176.9616 	EXP 	unnamed TextStim: text = 'My thoughts involved future events:'
176.9616 	EXP 	unnamed TextStim: text = 'Completely'
176.9616 	EXP 	unnamed TextStim: text = 'Not at all'
176.9756 	EXP 	unnamed TextStim: text = 'My thoughts involved future events:'
176.9756 	EXP 	unnamed TextStim: text = 'Completely'
176.9756 	EXP 	unnamed TextStim: text = 'Not at all'
176.9899 	EXP 	unnamed TextStim: text = 'My thoughts involved future events:'
176.9899 	EXP 	unnamed TextStim: text = 'Completely'
176.9899 	EXP 	unnamed TextStim: text = 'Not at all'
177.0033 	EXP 	unnamed TextStim: text = 'My thoughts involved future events:'
177.0033 	EXP 	unnamed TextStim: text = 'Completely'
177.0033 	EXP 	unnamed TextStim: text = 'Not at all'
177.0172 	EXP 	unnamed TextStim: text = 'My thoughts involved future events:'
177.0172 	EXP 	unnamed TextStim: text = 'Completely'
177.0172 	EXP 	unnamed TextStim: text = 'Not at all'
177.0315 	EXP 	unnamed TextStim: text = 'My thoughts involved future events:'
177.0315 	EXP 	unnamed TextStim: text = 'Completely'
177.0315 	EXP 	unnamed TextStim: text = 'Not at all'
177.0453 	EXP 	unnamed TextStim: text = 'My thoughts involved future events:'
177.0453 	EXP 	unnamed TextStim: text = 'Completely'
177.0453 	EXP 	unnamed TextStim: text = 'Not at all'
177.0532 	DATA 	Keypress: right
177.0590 	EXP 	unnamed TextStim: text = 'My thoughts involved future events:'
177.0590 	EXP 	unnamed TextStim: text = 'Completely'
177.0590 	EXP 	unnamed TextStim: text = 'Not at all'
177.0729 	EXP 	unnamed TextStim: text = 'My thoughts involved future events:'
177.0729 	EXP 	unnamed TextStim: text = 'Completely'
177.0729 	EXP 	unnamed TextStim: text = 'Not at all'
177.0866 	EXP 	unnamed TextStim: text = 'My thoughts involved future events:'
177.0866 	EXP 	unnamed TextStim: text = 'Completely'
177.0866 	EXP 	unnamed TextStim: text = 'Not at all'
177.1005 	EXP 	unnamed TextStim: text = 'My thoughts involved future events:'
177.1005 	EXP 	unnamed TextStim: text = 'Completely'
177.1005 	EXP 	unnamed TextStim: text = 'Not at all'
177.1146 	EXP 	unnamed TextStim: text = 'My thoughts involved future events:'
177.1146 	EXP 	unnamed TextStim: text = 'Completely'
177.1146 	EXP 	unnamed TextStim: text = 'Not at all'
177.1284 	EXP 	unnamed TextStim: text = 'My thoughts involved future events:'
177.1284 	EXP 	unnamed TextStim: text = 'Completely'
177.1284 	EXP 	unnamed TextStim: text = 'Not at all'
177.1422 	EXP 	unnamed TextStim: text = 'My thoughts involved future events:'
177.1422 	EXP 	unnamed TextStim: text = 'Completely'
177.1422 	EXP 	unnamed TextStim: text = 'Not at all'
177.1561 	EXP 	unnamed TextStim: text = 'My thoughts involved future events:'
177.1561 	EXP 	unnamed TextStim: text = 'Completely'
177.1561 	EXP 	unnamed TextStim: text = 'Not at all'
177.1701 	EXP 	unnamed TextStim: text = 'My thoughts involved future events:'
177.1701 	EXP 	unnamed TextStim: text = 'Completely'
177.1701 	EXP 	unnamed TextStim: text = 'Not at all'
177.1840 	EXP 	unnamed TextStim: text = 'My thoughts involved future events:'
177.1840 	EXP 	unnamed TextStim: text = 'Completely'
177.1840 	EXP 	unnamed TextStim: text = 'Not at all'
177.1977 	EXP 	unnamed TextStim: text = 'My thoughts involved future events:'
177.1977 	EXP 	unnamed TextStim: text = 'Completely'
177.1977 	EXP 	unnamed TextStim: text = 'Not at all'
177.2117 	EXP 	unnamed TextStim: text = 'My thoughts involved future events:'
177.2117 	EXP 	unnamed TextStim: text = 'Completely'
177.2117 	EXP 	unnamed TextStim: text = 'Not at all'
177.2256 	EXP 	unnamed TextStim: text = 'My thoughts involved future events:'
177.2256 	EXP 	unnamed TextStim: text = 'Completely'
177.2256 	EXP 	unnamed TextStim: text = 'Not at all'
177.2395 	EXP 	unnamed TextStim: text = 'My thoughts involved future events:'
177.2395 	EXP 	unnamed TextStim: text = 'Completely'
177.2395 	EXP 	unnamed TextStim: text = 'Not at all'
177.2533 	EXP 	unnamed TextStim: text = 'My thoughts involved future events:'
177.2533 	EXP 	unnamed TextStim: text = 'Completely'
177.2533 	EXP 	unnamed TextStim: text = 'Not at all'
177.2672 	EXP 	unnamed TextStim: text = 'My thoughts involved future events:'
177.2672 	EXP 	unnamed TextStim: text = 'Completely'
177.2672 	EXP 	unnamed TextStim: text = 'Not at all'
177.2812 	EXP 	unnamed TextStim: text = 'My thoughts involved future events:'
177.2812 	EXP 	unnamed TextStim: text = 'Completely'
177.2812 	EXP 	unnamed TextStim: text = 'Not at all'
177.2955 	EXP 	unnamed TextStim: text = 'My thoughts involved future events:'
177.2955 	EXP 	unnamed TextStim: text = 'Completely'
177.2955 	EXP 	unnamed TextStim: text = 'Not at all'
177.3092 	EXP 	unnamed TextStim: text = 'My thoughts involved future events:'
177.3092 	EXP 	unnamed TextStim: text = 'Completely'
177.3092 	EXP 	unnamed TextStim: text = 'Not at all'
177.3229 	EXP 	unnamed TextStim: text = 'My thoughts involved future events:'
177.3229 	EXP 	unnamed TextStim: text = 'Completely'
177.3229 	EXP 	unnamed TextStim: text = 'Not at all'
177.3366 	EXP 	unnamed TextStim: text = 'My thoughts involved future events:'
177.3366 	EXP 	unnamed TextStim: text = 'Completely'
177.3366 	EXP 	unnamed TextStim: text = 'Not at all'
177.3511 	EXP 	unnamed TextStim: text = 'My thoughts involved future events:'
177.3511 	EXP 	unnamed TextStim: text = 'Completely'
177.3511 	EXP 	unnamed TextStim: text = 'Not at all'
177.3649 	EXP 	unnamed TextStim: text = 'My thoughts involved future events:'
177.3649 	EXP 	unnamed TextStim: text = 'Completely'
177.3649 	EXP 	unnamed TextStim: text = 'Not at all'
177.3795 	EXP 	unnamed TextStim: text = 'My thoughts involved future events:'
177.3795 	EXP 	unnamed TextStim: text = 'Completely'
177.3795 	EXP 	unnamed TextStim: text = 'Not at all'
177.3926 	EXP 	unnamed TextStim: text = 'My thoughts involved future events:'
177.3926 	EXP 	unnamed TextStim: text = 'Completely'
177.3926 	EXP 	unnamed TextStim: text = 'Not at all'
177.4062 	EXP 	unnamed TextStim: text = 'My thoughts involved future events:'
177.4062 	EXP 	unnamed TextStim: text = 'Completely'
177.4062 	EXP 	unnamed TextStim: text = 'Not at all'
177.4213 	EXP 	unnamed TextStim: text = 'My thoughts involved future events:'
177.4213 	EXP 	unnamed TextStim: text = 'Completely'
177.4213 	EXP 	unnamed TextStim: text = 'Not at all'
177.4339 	EXP 	unnamed TextStim: text = 'My thoughts involved future events:'
177.4339 	EXP 	unnamed TextStim: text = 'Completely'
177.4339 	EXP 	unnamed TextStim: text = 'Not at all'
177.4479 	EXP 	unnamed TextStim: text = 'My thoughts involved future events:'
177.4479 	EXP 	unnamed TextStim: text = 'Completely'
177.4479 	EXP 	unnamed TextStim: text = 'Not at all'
177.4617 	EXP 	unnamed TextStim: text = 'My thoughts involved future events:'
177.4617 	EXP 	unnamed TextStim: text = 'Completely'
177.4617 	EXP 	unnamed TextStim: text = 'Not at all'
177.4759 	EXP 	unnamed TextStim: text = 'My thoughts involved future events:'
177.4759 	EXP 	unnamed TextStim: text = 'Completely'
177.4759 	EXP 	unnamed TextStim: text = 'Not at all'
177.4908 	EXP 	unnamed TextStim: text = 'My thoughts involved future events:'
177.4908 	EXP 	unnamed TextStim: text = 'Completely'
177.4908 	EXP 	unnamed TextStim: text = 'Not at all'
177.5036 	EXP 	unnamed TextStim: text = 'My thoughts involved future events:'
177.5036 	EXP 	unnamed TextStim: text = 'Completely'
177.5036 	EXP 	unnamed TextStim: text = 'Not at all'
177.5183 	EXP 	unnamed TextStim: text = 'My thoughts involved future events:'
177.5183 	EXP 	unnamed TextStim: text = 'Completely'
177.5183 	EXP 	unnamed TextStim: text = 'Not at all'
177.5311 	EXP 	unnamed TextStim: text = 'My thoughts involved future events:'
177.5311 	EXP 	unnamed TextStim: text = 'Completely'
177.5311 	EXP 	unnamed TextStim: text = 'Not at all'
177.5460 	EXP 	unnamed TextStim: text = 'My thoughts involved future events:'
177.5460 	EXP 	unnamed TextStim: text = 'Completely'
177.5460 	EXP 	unnamed TextStim: text = 'Not at all'
177.5590 	EXP 	unnamed TextStim: text = 'My thoughts involved future events:'
177.5590 	EXP 	unnamed TextStim: text = 'Completely'
177.5590 	EXP 	unnamed TextStim: text = 'Not at all'
177.5727 	EXP 	unnamed TextStim: text = 'My thoughts involved future events:'
177.5727 	EXP 	unnamed TextStim: text = 'Completely'
177.5727 	EXP 	unnamed TextStim: text = 'Not at all'
177.5880 	EXP 	unnamed TextStim: text = 'My thoughts involved future events:'
177.5880 	EXP 	unnamed TextStim: text = 'Completely'
177.5880 	EXP 	unnamed TextStim: text = 'Not at all'
177.6009 	EXP 	unnamed TextStim: text = 'My thoughts involved future events:'
177.6009 	EXP 	unnamed TextStim: text = 'Completely'
177.6009 	EXP 	unnamed TextStim: text = 'Not at all'
177.6154 	EXP 	unnamed TextStim: text = 'My thoughts involved future events:'
177.6154 	EXP 	unnamed TextStim: text = 'Completely'
177.6154 	EXP 	unnamed TextStim: text = 'Not at all'
177.6283 	EXP 	unnamed TextStim: text = 'My thoughts involved future events:'
177.6283 	EXP 	unnamed TextStim: text = 'Completely'
177.6283 	EXP 	unnamed TextStim: text = 'Not at all'
177.6422 	EXP 	unnamed TextStim: text = 'My thoughts involved future events:'
177.6422 	EXP 	unnamed TextStim: text = 'Completely'
177.6422 	EXP 	unnamed TextStim: text = 'Not at all'
177.6574 	EXP 	unnamed TextStim: text = 'My thoughts involved future events:'
177.6574 	EXP 	unnamed TextStim: text = 'Completely'
177.6574 	EXP 	unnamed TextStim: text = 'Not at all'
177.6700 	EXP 	unnamed TextStim: text = 'My thoughts involved future events:'
177.6700 	EXP 	unnamed TextStim: text = 'Completely'
177.6700 	EXP 	unnamed TextStim: text = 'Not at all'
177.6840 	EXP 	unnamed TextStim: text = 'My thoughts involved future events:'
177.6840 	EXP 	unnamed TextStim: text = 'Completely'
177.6840 	EXP 	unnamed TextStim: text = 'Not at all'
177.6922 	DATA 	Keypress: return
177.6929 	DATA 	RatingScale unnamed RatingScale: (key response) rating=4.500000000000002
177.6978 	EXP 	unnamed TextStim: text = 'My thoughts involved future events:'
177.6978 	EXP 	unnamed TextStim: text = 'Completely'
177.6978 	EXP 	unnamed TextStim: text = 'Not at all'
178.7076 	EXP 	Created instruction = TextStim(__class__=<class 'psychopy.visual.text.TextStim'>, alignHoriz=method-wrapper(...), alignText='center', alignVert=method-wrapper(...), anchorHoriz='center', anchorVert='center', antialias=True, autoLog=True, bold=False, color=array([-1., -1., -1.]), colorSpace='rgb', contrast=1.0, depth=0, flipHoriz=False, flipVert=False, font='sans', fontFiles=[], height=0.1, italic=False, languageStyle='LTR', name='instruction', opacity=1.0, ori=0.0, pos=array([0., 0.]), rgb=UNKNOWN, text='default text', units='norm', win=Window(...), wrapWidth=1)
179.2425 	EXP 	window1: mouseVisible = True
