36.6426 	WARNING 	Speech-to-text recognition module not available (use command `pip install SpeechRecognition` to get it. Transcription will be unavailable.
36.7152 	WARNING 	We strongly recommend you activate the PTB sound engine in PsychoPy prefs as the preferred audio engine. Its timing is vastly superior. Your prefs are currently set to use ['sounddevice', 'PTB', 'pyo', 'pygame'] (in that order).
36.7259 	WARNING 	Monitor specification not found. Creating a temporary one...
39.1783 	EXP 	window1: recordFrameIntervals = False
39.3506 	EXP 	window1: recordFrameIntervals = True
39.4270 	EXP 	window1: recordFrameIntervals = False
39.7762 	EXP 	Created memoryPrompt = TextStim(__class__=<class 'psychopy.visual.text.TextStim'>, alignHoriz=method-wrapper(...), alignText='center', alignVert=method-wrapper(...), anchorHoriz='center', anchorVert='center', antialias=True, autoLog=True, bold=False, color=array([-1., -1., -1.]), colorSpace='rgb', contrast=1.0, depth=0.0, flipHoriz=False, flipVert=False, font='Open Sans', fontFiles=[], height=0.1, italic=False, languageStyle='LTR', name='memoryPrompt', opacity=1, ori=0.0, pos=array([0., 0.]), rgb=UNKNOWN, text='', units='norm', win=Window(...), wrapWidth=1)
39.8072 	EXP 	Created text = TextStim(__class__=<class 'psychopy.visual.text.TextStim'>, alignHoriz=method-wrapper(...), alignText='center', alignVert=method-wrapper(...), anchorHoriz='center', anchorVert='center', antialias=True, autoLog=True, bold=False, color=array([-1., -1., -1.]), colorSpace='rgb', contrast=1.0, depth=0.0, flipHoriz=False, flipVert=False, font='Open Sans', fontFiles=[], height=0.1, italic=False, languageStyle='LTR', name='text', opacity=1, ori=0.0, pos=array([0., 0.]), rgb=UNKNOWN, text='+', units='norm', win=Window(...), wrapWidth=1)
39.8079 	EXP 	Created sequence: random, trialTypes=1, nReps=2, seed=None
39.8083 	EXP 	New trial (rep=0, index=0): None
39.8563 	EXP 	memoryPrompt: text = 'Prompt One'
39.8563 	EXP 	memoryPrompt: autoDraw = True
40.3951 	DATA 	Mouse: Left button down, pos=(410,216)
40.4255 	DATA 	Mouse:  Left button up, pos=(410,217)
40.4714 	DATA 	Mouse: Left button down, pos=(410,217)
40.5058 	DATA 	Mouse:  Left button up, pos=(410,217)
43.8299 	EXP 	memoryPrompt: autoDraw = False
43.8299 	EXP 	memoryPrompt: autoDraw = False
43.8299 	EXP 	text: autoDraw = True
47.8255 	EXP 	New trial (rep=1, index=0): None
47.8428 	EXP 	text: autoDraw = False
47.8428 	EXP 	text: autoDraw = False
47.8428 	EXP 	memoryPrompt: text = 'Last week'
47.8428 	EXP 	memoryPrompt: autoDraw = True
52.8400 	EXP 	memoryPrompt: autoDraw = False
52.8400 	EXP 	memoryPrompt: autoDraw = False
52.8400 	EXP 	text: autoDraw = True
57.8440 	EXP 	text: autoDraw = False
57.8440 	EXP 	text: autoDraw = False
57.8691 	EXP 	Created instruction = TextStim(__class__=<class 'psychopy.visual.text.TextStim'>, alignHoriz=method-wrapper(...), alignText='center', alignVert=method-wrapper(...), anchorHoriz='center', anchorVert='center', antialias=True, autoLog=True, bold=False, color=array([-1., -1., -1.]), colorSpace='rgb', contrast=1.0, depth=0, flipHoriz=False, flipVert=False, font='sans', fontFiles=[], height=0.1, italic=False, languageStyle='LTR', name='instruction', opacity=1.0, ori=0.0, pos=array([0., 0.]), rgb=UNKNOWN, text='default text', units='norm', win=Window(...), wrapWidth=1)
57.9068 	EXP 	instruction: text = '\nPlease answer the questions honestly.\n\nA list of descriptions and a rating scale ranging from 1 to 10 will be presented on the screen.\n\nPlease use the left and right arrow keys to select your answer, and the enter button to confirm.\n'
58.3964 	DATA 	Mouse: Left button down, pos=(636,356)
58.4361 	DATA 	Mouse:  Left button up, pos=(636,356)
58.6477 	DATA 	Keypress: return
58.6819 	EXP 	Imported ./resources/ESQ/ESQ_Questions.csv as conditions, 14 conditions, 4 params
58.6825 	EXP 	Created sequence: sequential, trialTypes=14, nReps=1, seed=None
58.8108 	WARNING 	RatingScale unnamed RatingScale: len(labels) not equal to len(tickMarks)
58.8110 	EXP 	window1: mouseVisible = True
58.8539 	EXP 	Created unnamed RatingScale = RatingScale(__class__=type(...), acceptKeys=['return'], acceptPreText=UNKNOWN, acceptSize=UNKNOWN, acceptText='accept?', autoLog=True, choices=False, colorSpace='rgb', depth=0, disappear=False, flipVert=False, high=10, kwargs=UNKNOWN, labels=list(...), leftKeys=['left'], lineColor='black', low=1, marker=ShapeStim(...), markerColor='black', markerExpansion=UNKNOWN, markerStart=4.5, maxTime=0.0, minTime=0.4, mouseOnly=False, name='unnamed RatingScale', noMouse=False, pos=[0.0, -0.4], precision=10, respKeys=[], rightKeys=['right'], scale=False, self=UNKNOWN, showAccept=True, showValue=True, singleClick=False, size=0.6, skipKeys=['tab'], stretch=1.0, textColor='black', textFont='Helvetica Bold', textSize=0.12, tickHeight=1.0, tickMarks=9.0, win=Window(...))
58.8568 	EXP 	Created unnamed TextStim = TextStim(__class__=<class 'psychopy.visual.text.TextStim'>, alignHoriz=method-wrapper(...), alignText='center', alignVert=method-wrapper(...), anchorHoriz='center', anchorVert='top', antialias=True, autoLog=True, bold=False, color=array([-1., -1., -1.]), colorSpace='rgb', contrast=1.0, depth=0, flipHoriz=False, flipVert=False, font='', fontFiles=[], height=0.1, italic=False, languageStyle='LTR', name='unnamed TextStim', opacity=1.0, ori=0.0, pos=array([0., 0.]), rgb=UNKNOWN, text='', units='norm', win=Window(...), wrapWidth=1)
58.8591 	EXP 	Created unnamed TextStim = TextStim(__class__=<class 'psychopy.visual.text.TextStim'>, alignHoriz=method-wrapper(...), alignText='center', alignVert=method-wrapper(...), anchorHoriz='center', anchorVert='center', antialias=True, autoLog=True, bold=False, color=array([-1., -1., -1.]), colorSpace='rgb', contrast=1.0, depth=0, flipHoriz=False, flipVert=False, font='', fontFiles=[], height=0.1, italic=False, languageStyle='LTR', name='unnamed TextStim', opacity=1.0, ori=0.0, pos=array([ 0.5, -0.5]), rgb=UNKNOWN, text='', units='norm', win=Window(...), wrapWidth=1)
58.8612 	EXP 	Created unnamed TextStim = TextStim(__class__=<class 'psychopy.visual.text.TextStim'>, alignHoriz=method-wrapper(...), alignText='center', alignVert=method-wrapper(...), anchorHoriz='center', anchorVert='center', antialias=True, autoLog=True, bold=False, color=array([-1., -1., -1.]), colorSpace='rgb', contrast=1.0, depth=0, flipHoriz=False, flipVert=False, font='', fontFiles=[], height=0.1, italic=False, languageStyle='LTR', name='unnamed TextStim', opacity=1.0, ori=0.0, pos=array([-0.5, -0.5]), rgb=UNKNOWN, text='', units='norm', win=Window(...), wrapWidth=1)
58.8614 	EXP 	New trial (rep=0, index=0): OrderedDict([('Questions', 'My thoughts were focused on an external task or activity:'), ('Label', 'Focus'), ('Scale_low', 'Not at all'), ('Scale_high', 'Completely')])
58.9211 	EXP 	unnamed RatingScale: flipVert = False
58.9211 	EXP 	unnamed RatingScale: autoLog = True
58.9211 	EXP 	unnamed TextStim: text = 'My thoughts were focused on an external task or activity:'
58.9211 	EXP 	unnamed TextStim: text = 'Completely'
58.9211 	EXP 	unnamed TextStim: text = 'Not at all'
58.9354 	EXP 	unnamed TextStim: text = 'My thoughts were focused on an external task or activity:'
58.9354 	EXP 	unnamed TextStim: text = 'Completely'
58.9354 	EXP 	unnamed TextStim: text = 'Not at all'
58.9491 	EXP 	unnamed TextStim: text = 'My thoughts were focused on an external task or activity:'
58.9491 	EXP 	unnamed TextStim: text = 'Completely'
58.9491 	EXP 	unnamed TextStim: text = 'Not at all'
58.9628 	EXP 	unnamed TextStim: text = 'My thoughts were focused on an external task or activity:'
58.9628 	EXP 	unnamed TextStim: text = 'Completely'
58.9628 	EXP 	unnamed TextStim: text = 'Not at all'
58.9764 	EXP 	unnamed TextStim: text = 'My thoughts were focused on an external task or activity:'
58.9764 	EXP 	unnamed TextStim: text = 'Completely'
58.9764 	EXP 	unnamed TextStim: text = 'Not at all'
58.9892 	EXP 	unnamed TextStim: text = 'My thoughts were focused on an external task or activity:'
58.9892 	EXP 	unnamed TextStim: text = 'Completely'
58.9892 	EXP 	unnamed TextStim: text = 'Not at all'
59.0037 	EXP 	unnamed TextStim: text = 'My thoughts were focused on an external task or activity:'
59.0037 	EXP 	unnamed TextStim: text = 'Completely'
59.0037 	EXP 	unnamed TextStim: text = 'Not at all'
59.0178 	EXP 	unnamed TextStim: text = 'My thoughts were focused on an external task or activity:'
59.0178 	EXP 	unnamed TextStim: text = 'Completely'
59.0178 	EXP 	unnamed TextStim: text = 'Not at all'
59.0316 	EXP 	unnamed TextStim: text = 'My thoughts were focused on an external task or activity:'
59.0316 	EXP 	unnamed TextStim: text = 'Completely'
59.0316 	EXP 	unnamed TextStim: text = 'Not at all'
59.0457 	EXP 	unnamed TextStim: text = 'My thoughts were focused on an external task or activity:'
59.0457 	EXP 	unnamed TextStim: text = 'Completely'
59.0457 	EXP 	unnamed TextStim: text = 'Not at all'
59.0593 	EXP 	unnamed TextStim: text = 'My thoughts were focused on an external task or activity:'
59.0593 	EXP 	unnamed TextStim: text = 'Completely'
59.0593 	EXP 	unnamed TextStim: text = 'Not at all'
59.0731 	EXP 	unnamed TextStim: text = 'My thoughts were focused on an external task or activity:'
59.0731 	EXP 	unnamed TextStim: text = 'Completely'
59.0731 	EXP 	unnamed TextStim: text = 'Not at all'
59.0872 	EXP 	unnamed TextStim: text = 'My thoughts were focused on an external task or activity:'
59.0872 	EXP 	unnamed TextStim: text = 'Completely'
59.0872 	EXP 	unnamed TextStim: text = 'Not at all'
59.1012 	EXP 	unnamed TextStim: text = 'My thoughts were focused on an external task or activity:'
59.1012 	EXP 	unnamed TextStim: text = 'Completely'
59.1012 	EXP 	unnamed TextStim: text = 'Not at all'
59.1152 	EXP 	unnamed TextStim: text = 'My thoughts were focused on an external task or activity:'
59.1152 	EXP 	unnamed TextStim: text = 'Completely'
59.1152 	EXP 	unnamed TextStim: text = 'Not at all'
59.1317 	EXP 	unnamed TextStim: text = 'My thoughts were focused on an external task or activity:'
59.1317 	EXP 	unnamed TextStim: text = 'Completely'
59.1317 	EXP 	unnamed TextStim: text = 'Not at all'
59.1524 	EXP 	unnamed TextStim: text = 'My thoughts were focused on an external task or activity:'
59.1524 	EXP 	unnamed TextStim: text = 'Completely'
59.1524 	EXP 	unnamed TextStim: text = 'Not at all'
59.1705 	EXP 	unnamed TextStim: text = 'My thoughts were focused on an external task or activity:'
59.1705 	EXP 	unnamed TextStim: text = 'Completely'
59.1705 	EXP 	unnamed TextStim: text = 'Not at all'
59.1864 	EXP 	unnamed TextStim: text = 'My thoughts were focused on an external task or activity:'
59.1864 	EXP 	unnamed TextStim: text = 'Completely'
59.1864 	EXP 	unnamed TextStim: text = 'Not at all'
59.1977 	EXP 	unnamed TextStim: text = 'My thoughts were focused on an external task or activity:'
59.1977 	EXP 	unnamed TextStim: text = 'Completely'
59.1977 	EXP 	unnamed TextStim: text = 'Not at all'
59.2111 	EXP 	unnamed TextStim: text = 'My thoughts were focused on an external task or activity:'
59.2111 	EXP 	unnamed TextStim: text = 'Completely'
59.2111 	EXP 	unnamed TextStim: text = 'Not at all'
59.2268 	EXP 	unnamed TextStim: text = 'My thoughts were focused on an external task or activity:'
59.2268 	EXP 	unnamed TextStim: text = 'Completely'
59.2268 	EXP 	unnamed TextStim: text = 'Not at all'
59.2469 	EXP 	unnamed TextStim: text = 'My thoughts were focused on an external task or activity:'
59.2469 	EXP 	unnamed TextStim: text = 'Completely'
59.2469 	EXP 	unnamed TextStim: text = 'Not at all'
59.2680 	EXP 	unnamed TextStim: text = 'My thoughts were focused on an external task or activity:'
59.2680 	EXP 	unnamed TextStim: text = 'Completely'
59.2680 	EXP 	unnamed TextStim: text = 'Not at all'
59.2817 	EXP 	unnamed TextStim: text = 'My thoughts were focused on an external task or activity:'
59.2817 	EXP 	unnamed TextStim: text = 'Completely'
59.2817 	EXP 	unnamed TextStim: text = 'Not at all'
59.3024 	EXP 	unnamed TextStim: text = 'My thoughts were focused on an external task or activity:'
59.3024 	EXP 	unnamed TextStim: text = 'Completely'
59.3024 	EXP 	unnamed TextStim: text = 'Not at all'
59.3164 	EXP 	unnamed TextStim: text = 'My thoughts were focused on an external task or activity:'
59.3164 	EXP 	unnamed TextStim: text = 'Completely'
59.3164 	EXP 	unnamed TextStim: text = 'Not at all'
59.3373 	EXP 	unnamed TextStim: text = 'My thoughts were focused on an external task or activity:'
59.3373 	EXP 	unnamed TextStim: text = 'Completely'
59.3373 	EXP 	unnamed TextStim: text = 'Not at all'
59.3512 	EXP 	unnamed TextStim: text = 'My thoughts were focused on an external task or activity:'
59.3512 	EXP 	unnamed TextStim: text = 'Completely'
59.3512 	EXP 	unnamed TextStim: text = 'Not at all'
59.3650 	EXP 	unnamed TextStim: text = 'My thoughts were focused on an external task or activity:'
59.3650 	EXP 	unnamed TextStim: text = 'Completely'
59.3650 	EXP 	unnamed TextStim: text = 'Not at all'
59.3789 	EXP 	unnamed TextStim: text = 'My thoughts were focused on an external task or activity:'
59.3789 	EXP 	unnamed TextStim: text = 'Completely'
59.3789 	EXP 	unnamed TextStim: text = 'Not at all'
59.3927 	EXP 	unnamed TextStim: text = 'My thoughts were focused on an external task or activity:'
59.3927 	EXP 	unnamed TextStim: text = 'Completely'
59.3927 	EXP 	unnamed TextStim: text = 'Not at all'
59.4066 	EXP 	unnamed TextStim: text = 'My thoughts were focused on an external task or activity:'
59.4066 	EXP 	unnamed TextStim: text = 'Completely'
59.4066 	EXP 	unnamed TextStim: text = 'Not at all'
59.4274 	EXP 	unnamed TextStim: text = 'My thoughts were focused on an external task or activity:'
59.4274 	EXP 	unnamed TextStim: text = 'Completely'
59.4274 	EXP 	unnamed TextStim: text = 'Not at all'
59.4418 	EXP 	unnamed TextStim: text = 'My thoughts were focused on an external task or activity:'
59.4418 	EXP 	unnamed TextStim: text = 'Completely'
59.4418 	EXP 	unnamed TextStim: text = 'Not at all'
59.4554 	EXP 	unnamed TextStim: text = 'My thoughts were focused on an external task or activity:'
59.4554 	EXP 	unnamed TextStim: text = 'Completely'
59.4554 	EXP 	unnamed TextStim: text = 'Not at all'
59.4649 	DATA 	Keypress: return
59.4666 	DATA 	RatingScale unnamed RatingScale: (key response) rating=5.5
59.4667 	DATA 	RatingScale unnamed RatingScale: rating RT=0.574
59.4667 	DATA 	RatingScale unnamed RatingScale: history=[(4.5, 0.0), (5.5, 0.574)]
59.4761 	EXP 	unnamed TextStim: text = 'My thoughts were focused on an external task or activity:'
59.4761 	EXP 	unnamed TextStim: text = 'Completely'
59.4761 	EXP 	unnamed TextStim: text = 'Not at all'
60.4759 	EXP 	New trial (rep=0, index=1): OrderedDict([('Questions', 'My thoughts involved future events:'), ('Label', 'Future'), ('Scale_low', 'Not at all'), ('Scale_high', 'Completely')])
60.4958 	EXP 	unnamed TextStim: text = 'My thoughts involved future events:'
60.4958 	EXP 	unnamed TextStim: text = 'Completely'
60.4958 	EXP 	unnamed TextStim: text = 'Not at all'
60.5104 	EXP 	unnamed TextStim: text = 'My thoughts involved future events:'
60.5104 	EXP 	unnamed TextStim: text = 'Completely'
60.5104 	EXP 	unnamed TextStim: text = 'Not at all'
60.5257 	EXP 	unnamed TextStim: text = 'My thoughts involved future events:'
60.5257 	EXP 	unnamed TextStim: text = 'Completely'
60.5257 	EXP 	unnamed TextStim: text = 'Not at all'
60.5380 	EXP 	unnamed TextStim: text = 'My thoughts involved future events:'
60.5380 	EXP 	unnamed TextStim: text = 'Completely'
60.5380 	EXP 	unnamed TextStim: text = 'Not at all'
60.5521 	EXP 	unnamed TextStim: text = 'My thoughts involved future events:'
60.5521 	EXP 	unnamed TextStim: text = 'Completely'
60.5521 	EXP 	unnamed TextStim: text = 'Not at all'
60.5658 	EXP 	unnamed TextStim: text = 'My thoughts involved future events:'
60.5658 	EXP 	unnamed TextStim: text = 'Completely'
60.5658 	EXP 	unnamed TextStim: text = 'Not at all'
60.5797 	EXP 	unnamed TextStim: text = 'My thoughts involved future events:'
60.5797 	EXP 	unnamed TextStim: text = 'Completely'
60.5797 	EXP 	unnamed TextStim: text = 'Not at all'
60.5932 	EXP 	unnamed TextStim: text = 'My thoughts involved future events:'
60.5932 	EXP 	unnamed TextStim: text = 'Completely'
60.5932 	EXP 	unnamed TextStim: text = 'Not at all'
60.6068 	EXP 	unnamed TextStim: text = 'My thoughts involved future events:'
60.6068 	EXP 	unnamed TextStim: text = 'Completely'
60.6068 	EXP 	unnamed TextStim: text = 'Not at all'
60.6205 	EXP 	unnamed TextStim: text = 'My thoughts involved future events:'
60.6205 	EXP 	unnamed TextStim: text = 'Completely'
60.6205 	EXP 	unnamed TextStim: text = 'Not at all'
60.6366 	EXP 	unnamed TextStim: text = 'My thoughts involved future events:'
60.6366 	EXP 	unnamed TextStim: text = 'Completely'
60.6366 	EXP 	unnamed TextStim: text = 'Not at all'
60.6503 	EXP 	unnamed TextStim: text = 'My thoughts involved future events:'
60.6503 	EXP 	unnamed TextStim: text = 'Completely'
60.6503 	EXP 	unnamed TextStim: text = 'Not at all'
60.6623 	EXP 	unnamed TextStim: text = 'My thoughts involved future events:'
60.6623 	EXP 	unnamed TextStim: text = 'Completely'
60.6623 	EXP 	unnamed TextStim: text = 'Not at all'
60.6763 	EXP 	unnamed TextStim: text = 'My thoughts involved future events:'
60.6763 	EXP 	unnamed TextStim: text = 'Completely'
60.6763 	EXP 	unnamed TextStim: text = 'Not at all'
60.6904 	EXP 	unnamed TextStim: text = 'My thoughts involved future events:'
60.6904 	EXP 	unnamed TextStim: text = 'Completely'
60.6904 	EXP 	unnamed TextStim: text = 'Not at all'
60.7042 	EXP 	unnamed TextStim: text = 'My thoughts involved future events:'
60.7042 	EXP 	unnamed TextStim: text = 'Completely'
60.7042 	EXP 	unnamed TextStim: text = 'Not at all'
60.7181 	EXP 	unnamed TextStim: text = 'My thoughts involved future events:'
60.7181 	EXP 	unnamed TextStim: text = 'Completely'
60.7181 	EXP 	unnamed TextStim: text = 'Not at all'
60.7340 	EXP 	unnamed TextStim: text = 'My thoughts involved future events:'
60.7340 	EXP 	unnamed TextStim: text = 'Completely'
60.7340 	EXP 	unnamed TextStim: text = 'Not at all'
60.7487 	EXP 	unnamed TextStim: text = 'My thoughts involved future events:'
60.7487 	EXP 	unnamed TextStim: text = 'Completely'
60.7487 	EXP 	unnamed TextStim: text = 'Not at all'
60.7697 	EXP 	unnamed TextStim: text = 'My thoughts involved future events:'
60.7697 	EXP 	unnamed TextStim: text = 'Completely'
60.7697 	EXP 	unnamed TextStim: text = 'Not at all'
60.7888 	EXP 	unnamed TextStim: text = 'My thoughts involved future events:'
60.7888 	EXP 	unnamed TextStim: text = 'Completely'
60.7888 	EXP 	unnamed TextStim: text = 'Not at all'
60.8024 	EXP 	unnamed TextStim: text = 'My thoughts involved future events:'
60.8024 	EXP 	unnamed TextStim: text = 'Completely'
60.8024 	EXP 	unnamed TextStim: text = 'Not at all'
60.8162 	EXP 	unnamed TextStim: text = 'My thoughts involved future events:'
60.8162 	EXP 	unnamed TextStim: text = 'Completely'
60.8162 	EXP 	unnamed TextStim: text = 'Not at all'
60.8297 	EXP 	unnamed TextStim: text = 'My thoughts involved future events:'
60.8297 	EXP 	unnamed TextStim: text = 'Completely'
60.8297 	EXP 	unnamed TextStim: text = 'Not at all'
60.8447 	EXP 	unnamed TextStim: text = 'My thoughts involved future events:'
60.8447 	EXP 	unnamed TextStim: text = 'Completely'
60.8447 	EXP 	unnamed TextStim: text = 'Not at all'
60.8576 	EXP 	unnamed TextStim: text = 'My thoughts involved future events:'
60.8576 	EXP 	unnamed TextStim: text = 'Completely'
60.8576 	EXP 	unnamed TextStim: text = 'Not at all'
60.8725 	EXP 	unnamed TextStim: text = 'My thoughts involved future events:'
60.8725 	EXP 	unnamed TextStim: text = 'Completely'
60.8725 	EXP 	unnamed TextStim: text = 'Not at all'
60.8856 	EXP 	unnamed TextStim: text = 'My thoughts involved future events:'
60.8856 	EXP 	unnamed TextStim: text = 'Completely'
60.8856 	EXP 	unnamed TextStim: text = 'Not at all'
60.8994 	EXP 	unnamed TextStim: text = 'My thoughts involved future events:'
60.8994 	EXP 	unnamed TextStim: text = 'Completely'
60.8994 	EXP 	unnamed TextStim: text = 'Not at all'
60.9143 	EXP 	unnamed TextStim: text = 'My thoughts involved future events:'
60.9143 	EXP 	unnamed TextStim: text = 'Completely'
60.9143 	EXP 	unnamed TextStim: text = 'Not at all'
60.9270 	EXP 	unnamed TextStim: text = 'My thoughts involved future events:'
60.9270 	EXP 	unnamed TextStim: text = 'Completely'
60.9270 	EXP 	unnamed TextStim: text = 'Not at all'
60.9402 	EXP 	unnamed TextStim: text = 'My thoughts involved future events:'
60.9402 	EXP 	unnamed TextStim: text = 'Completely'
60.9402 	EXP 	unnamed TextStim: text = 'Not at all'
60.9541 	EXP 	unnamed TextStim: text = 'My thoughts involved future events:'
60.9541 	EXP 	unnamed TextStim: text = 'Completely'
60.9541 	EXP 	unnamed TextStim: text = 'Not at all'
60.9680 	EXP 	unnamed TextStim: text = 'My thoughts involved future events:'
60.9680 	EXP 	unnamed TextStim: text = 'Completely'
60.9680 	EXP 	unnamed TextStim: text = 'Not at all'
60.9820 	EXP 	unnamed TextStim: text = 'My thoughts involved future events:'
60.9820 	EXP 	unnamed TextStim: text = 'Completely'
60.9820 	EXP 	unnamed TextStim: text = 'Not at all'
60.9959 	EXP 	unnamed TextStim: text = 'My thoughts involved future events:'
60.9959 	EXP 	unnamed TextStim: text = 'Completely'
60.9959 	EXP 	unnamed TextStim: text = 'Not at all'
61.0105 	EXP 	unnamed TextStim: text = 'My thoughts involved future events:'
61.0105 	EXP 	unnamed TextStim: text = 'Completely'
61.0105 	EXP 	unnamed TextStim: text = 'Not at all'
61.0251 	EXP 	unnamed TextStim: text = 'My thoughts involved future events:'
61.0251 	EXP 	unnamed TextStim: text = 'Completely'
61.0251 	EXP 	unnamed TextStim: text = 'Not at all'
61.0413 	EXP 	unnamed TextStim: text = 'My thoughts involved future events:'
61.0413 	EXP 	unnamed TextStim: text = 'Completely'
61.0413 	EXP 	unnamed TextStim: text = 'Not at all'
61.0619 	EXP 	unnamed TextStim: text = 'My thoughts involved future events:'
61.0619 	EXP 	unnamed TextStim: text = 'Completely'
61.0619 	EXP 	unnamed TextStim: text = 'Not at all'
61.0758 	EXP 	unnamed TextStim: text = 'My thoughts involved future events:'
61.0758 	EXP 	unnamed TextStim: text = 'Completely'
61.0758 	EXP 	unnamed TextStim: text = 'Not at all'
61.0898 	EXP 	unnamed TextStim: text = 'My thoughts involved future events:'
61.0898 	EXP 	unnamed TextStim: text = 'Completely'
61.0898 	EXP 	unnamed TextStim: text = 'Not at all'
61.1106 	EXP 	unnamed TextStim: text = 'My thoughts involved future events:'
61.1106 	EXP 	unnamed TextStim: text = 'Completely'
61.1106 	EXP 	unnamed TextStim: text = 'Not at all'
61.1306 	EXP 	unnamed TextStim: text = 'My thoughts involved future events:'
61.1306 	EXP 	unnamed TextStim: text = 'Completely'
61.1306 	EXP 	unnamed TextStim: text = 'Not at all'
61.1430 	EXP 	unnamed TextStim: text = 'My thoughts involved future events:'
61.1430 	EXP 	unnamed TextStim: text = 'Completely'
61.1430 	EXP 	unnamed TextStim: text = 'Not at all'
61.1555 	EXP 	unnamed TextStim: text = 'My thoughts involved future events:'
61.1555 	EXP 	unnamed TextStim: text = 'Completely'
61.1555 	EXP 	unnamed TextStim: text = 'Not at all'
61.1736 	EXP 	unnamed TextStim: text = 'My thoughts involved future events:'
61.1736 	EXP 	unnamed TextStim: text = 'Completely'
61.1736 	EXP 	unnamed TextStim: text = 'Not at all'
61.1910 	EXP 	unnamed TextStim: text = 'My thoughts involved future events:'
61.1910 	EXP 	unnamed TextStim: text = 'Completely'
61.1910 	EXP 	unnamed TextStim: text = 'Not at all'
61.2076 	EXP 	unnamed TextStim: text = 'My thoughts involved future events:'
61.2076 	EXP 	unnamed TextStim: text = 'Completely'
61.2076 	EXP 	unnamed TextStim: text = 'Not at all'
61.2188 	EXP 	unnamed TextStim: text = 'My thoughts involved future events:'
61.2188 	EXP 	unnamed TextStim: text = 'Completely'
61.2188 	EXP 	unnamed TextStim: text = 'Not at all'
61.2326 	EXP 	unnamed TextStim: text = 'My thoughts involved future events:'
61.2326 	EXP 	unnamed TextStim: text = 'Completely'
61.2326 	EXP 	unnamed TextStim: text = 'Not at all'
61.2475 	EXP 	unnamed TextStim: text = 'My thoughts involved future events:'
61.2475 	EXP 	unnamed TextStim: text = 'Completely'
61.2475 	EXP 	unnamed TextStim: text = 'Not at all'
61.2623 	EXP 	unnamed TextStim: text = 'My thoughts involved future events:'
61.2623 	EXP 	unnamed TextStim: text = 'Completely'
61.2623 	EXP 	unnamed TextStim: text = 'Not at all'
61.2761 	EXP 	unnamed TextStim: text = 'My thoughts involved future events:'
61.2761 	EXP 	unnamed TextStim: text = 'Completely'
61.2761 	EXP 	unnamed TextStim: text = 'Not at all'
61.2878 	EXP 	unnamed TextStim: text = 'My thoughts involved future events:'
61.2878 	EXP 	unnamed TextStim: text = 'Completely'
61.2878 	EXP 	unnamed TextStim: text = 'Not at all'
61.3030 	EXP 	unnamed TextStim: text = 'My thoughts involved future events:'
61.3030 	EXP 	unnamed TextStim: text = 'Completely'
61.3030 	EXP 	unnamed TextStim: text = 'Not at all'
61.3154 	EXP 	unnamed TextStim: text = 'My thoughts involved future events:'
61.3154 	EXP 	unnamed TextStim: text = 'Completely'
61.3154 	EXP 	unnamed TextStim: text = 'Not at all'
61.3295 	EXP 	unnamed TextStim: text = 'My thoughts involved future events:'
61.3295 	EXP 	unnamed TextStim: text = 'Completely'
61.3295 	EXP 	unnamed TextStim: text = 'Not at all'
61.3439 	EXP 	unnamed TextStim: text = 'My thoughts involved future events:'
61.3439 	EXP 	unnamed TextStim: text = 'Completely'
61.3439 	EXP 	unnamed TextStim: text = 'Not at all'
61.3640 	EXP 	unnamed TextStim: text = 'My thoughts involved future events:'
61.3640 	EXP 	unnamed TextStim: text = 'Completely'
61.3640 	EXP 	unnamed TextStim: text = 'Not at all'
61.3820 	EXP 	unnamed TextStim: text = 'My thoughts involved future events:'
61.3820 	EXP 	unnamed TextStim: text = 'Completely'
61.3820 	EXP 	unnamed TextStim: text = 'Not at all'
61.3986 	EXP 	unnamed TextStim: text = 'My thoughts involved future events:'
61.3986 	EXP 	unnamed TextStim: text = 'Completely'
61.3986 	EXP 	unnamed TextStim: text = 'Not at all'
61.4124 	EXP 	unnamed TextStim: text = 'My thoughts involved future events:'
61.4124 	EXP 	unnamed TextStim: text = 'Completely'
61.4124 	EXP 	unnamed TextStim: text = 'Not at all'
61.4264 	EXP 	unnamed TextStim: text = 'My thoughts involved future events:'
61.4264 	EXP 	unnamed TextStim: text = 'Completely'
61.4264 	EXP 	unnamed TextStim: text = 'Not at all'
61.4418 	EXP 	unnamed TextStim: text = 'My thoughts involved future events:'
61.4418 	EXP 	unnamed TextStim: text = 'Completely'
61.4418 	EXP 	unnamed TextStim: text = 'Not at all'
61.4628 	EXP 	unnamed TextStim: text = 'My thoughts involved future events:'
61.4628 	EXP 	unnamed TextStim: text = 'Completely'
61.4628 	EXP 	unnamed TextStim: text = 'Not at all'
61.4765 	EXP 	unnamed TextStim: text = 'My thoughts involved future events:'
61.4765 	EXP 	unnamed TextStim: text = 'Completely'
61.4765 	EXP 	unnamed TextStim: text = 'Not at all'
61.4902 	EXP 	unnamed TextStim: text = 'My thoughts involved future events:'
61.4902 	EXP 	unnamed TextStim: text = 'Completely'
61.4902 	EXP 	unnamed TextStim: text = 'Not at all'
61.5042 	EXP 	unnamed TextStim: text = 'My thoughts involved future events:'
61.5042 	EXP 	unnamed TextStim: text = 'Completely'
61.5042 	EXP 	unnamed TextStim: text = 'Not at all'
61.5187 	EXP 	unnamed TextStim: text = 'My thoughts involved future events:'
61.5187 	EXP 	unnamed TextStim: text = 'Completely'
61.5187 	EXP 	unnamed TextStim: text = 'Not at all'
61.5307 	EXP 	unnamed TextStim: text = 'My thoughts involved future events:'
61.5307 	EXP 	unnamed TextStim: text = 'Completely'
61.5307 	EXP 	unnamed TextStim: text = 'Not at all'
61.5472 	EXP 	unnamed TextStim: text = 'My thoughts involved future events:'
61.5472 	EXP 	unnamed TextStim: text = 'Completely'
61.5472 	EXP 	unnamed TextStim: text = 'Not at all'
61.5677 	EXP 	unnamed TextStim: text = 'My thoughts involved future events:'
61.5677 	EXP 	unnamed TextStim: text = 'Completely'
61.5677 	EXP 	unnamed TextStim: text = 'Not at all'
61.5792 	EXP 	unnamed TextStim: text = 'My thoughts involved future events:'
61.5792 	EXP 	unnamed TextStim: text = 'Completely'
61.5792 	EXP 	unnamed TextStim: text = 'Not at all'
61.5933 	EXP 	unnamed TextStim: text = 'My thoughts involved future events:'
61.5933 	EXP 	unnamed TextStim: text = 'Completely'
61.5933 	EXP 	unnamed TextStim: text = 'Not at all'
61.6070 	EXP 	unnamed TextStim: text = 'My thoughts involved future events:'
61.6070 	EXP 	unnamed TextStim: text = 'Completely'
61.6070 	EXP 	unnamed TextStim: text = 'Not at all'
61.6208 	EXP 	unnamed TextStim: text = 'My thoughts involved future events:'
61.6208 	EXP 	unnamed TextStim: text = 'Completely'
61.6208 	EXP 	unnamed TextStim: text = 'Not at all'
61.6365 	EXP 	unnamed TextStim: text = 'My thoughts involved future events:'
61.6365 	EXP 	unnamed TextStim: text = 'Completely'
61.6365 	EXP 	unnamed TextStim: text = 'Not at all'
61.6499 	EXP 	unnamed TextStim: text = 'My thoughts involved future events:'
61.6499 	EXP 	unnamed TextStim: text = 'Completely'
61.6499 	EXP 	unnamed TextStim: text = 'Not at all'
61.6637 	EXP 	unnamed TextStim: text = 'My thoughts involved future events:'
61.6637 	EXP 	unnamed TextStim: text = 'Completely'
61.6637 	EXP 	unnamed TextStim: text = 'Not at all'
61.6764 	EXP 	unnamed TextStim: text = 'My thoughts involved future events:'
61.6764 	EXP 	unnamed TextStim: text = 'Completely'
61.6764 	EXP 	unnamed TextStim: text = 'Not at all'
61.6904 	EXP 	unnamed TextStim: text = 'My thoughts involved future events:'
61.6904 	EXP 	unnamed TextStim: text = 'Completely'
61.6904 	EXP 	unnamed TextStim: text = 'Not at all'
61.7049 	EXP 	unnamed TextStim: text = 'My thoughts involved future events:'
61.7049 	EXP 	unnamed TextStim: text = 'Completely'
61.7049 	EXP 	unnamed TextStim: text = 'Not at all'
61.7179 	EXP 	unnamed TextStim: text = 'My thoughts involved future events:'
61.7179 	EXP 	unnamed TextStim: text = 'Completely'
61.7179 	EXP 	unnamed TextStim: text = 'Not at all'
61.7318 	EXP 	unnamed TextStim: text = 'My thoughts involved future events:'
61.7318 	EXP 	unnamed TextStim: text = 'Completely'
61.7318 	EXP 	unnamed TextStim: text = 'Not at all'
61.7457 	EXP 	unnamed TextStim: text = 'My thoughts involved future events:'
61.7457 	EXP 	unnamed TextStim: text = 'Completely'
61.7457 	EXP 	unnamed TextStim: text = 'Not at all'
61.7541 	DATA 	Mouse: Left button down, pos=(543,342)
61.7596 	EXP 	unnamed TextStim: text = 'My thoughts involved future events:'
61.7596 	EXP 	unnamed TextStim: text = 'Completely'
61.7596 	EXP 	unnamed TextStim: text = 'Not at all'
61.7741 	EXP 	unnamed TextStim: text = 'My thoughts involved future events:'
61.7741 	EXP 	unnamed TextStim: text = 'Completely'
61.7741 	EXP 	unnamed TextStim: text = 'Not at all'
61.7873 	EXP 	unnamed TextStim: text = 'My thoughts involved future events:'
61.7873 	EXP 	unnamed TextStim: text = 'Completely'
61.7873 	EXP 	unnamed TextStim: text = 'Not at all'
61.8014 	EXP 	unnamed TextStim: text = 'My thoughts involved future events:'
61.8014 	EXP 	unnamed TextStim: text = 'Completely'
61.8014 	EXP 	unnamed TextStim: text = 'Not at all'
61.8151 	EXP 	unnamed TextStim: text = 'My thoughts involved future events:'
61.8151 	EXP 	unnamed TextStim: text = 'Completely'
61.8151 	EXP 	unnamed TextStim: text = 'Not at all'
61.8291 	EXP 	unnamed TextStim: text = 'My thoughts involved future events:'
61.8291 	EXP 	unnamed TextStim: text = 'Completely'
61.8291 	EXP 	unnamed TextStim: text = 'Not at all'
61.8376 	DATA 	Mouse:  Left button up, pos=(546,343)
61.8429 	EXP 	unnamed TextStim: text = 'My thoughts involved future events:'
61.8429 	EXP 	unnamed TextStim: text = 'Completely'
61.8429 	EXP 	unnamed TextStim: text = 'Not at all'
61.8582 	EXP 	unnamed TextStim: text = 'My thoughts involved future events:'
61.8582 	EXP 	unnamed TextStim: text = 'Completely'
61.8582 	EXP 	unnamed TextStim: text = 'Not at all'
61.8735 	EXP 	unnamed TextStim: text = 'My thoughts involved future events:'
61.8735 	EXP 	unnamed TextStim: text = 'Completely'
61.8735 	EXP 	unnamed TextStim: text = 'Not at all'
61.8867 	EXP 	unnamed TextStim: text = 'My thoughts involved future events:'
61.8867 	EXP 	unnamed TextStim: text = 'Completely'
61.8867 	EXP 	unnamed TextStim: text = 'Not at all'
61.8998 	EXP 	unnamed TextStim: text = 'My thoughts involved future events:'
61.8998 	EXP 	unnamed TextStim: text = 'Completely'
61.8998 	EXP 	unnamed TextStim: text = 'Not at all'
61.9136 	EXP 	unnamed TextStim: text = 'My thoughts involved future events:'
61.9136 	EXP 	unnamed TextStim: text = 'Completely'
61.9136 	EXP 	unnamed TextStim: text = 'Not at all'
61.9266 	EXP 	unnamed TextStim: text = 'My thoughts involved future events:'
61.9266 	EXP 	unnamed TextStim: text = 'Completely'
61.9266 	EXP 	unnamed TextStim: text = 'Not at all'
61.9351 	DATA 	Keypress: return
61.9352 	DATA 	RatingScale unnamed RatingScale: (key response) rating=5.5
61.9410 	EXP 	unnamed TextStim: text = 'My thoughts involved future events:'
61.9410 	EXP 	unnamed TextStim: text = 'Completely'
61.9410 	EXP 	unnamed TextStim: text = 'Not at all'
62.9487 	EXP 	Created instruction = TextStim(__class__=<class 'psychopy.visual.text.TextStim'>, alignHoriz=method-wrapper(...), alignText='center', alignVert=method-wrapper(...), anchorHoriz='center', anchorVert='center', antialias=True, autoLog=True, bold=False, color=array([-1., -1., -1.]), colorSpace='rgb', contrast=1.0, depth=0, flipHoriz=False, flipVert=False, font='sans', fontFiles=[], height=0.1, italic=False, languageStyle='LTR', name='instruction', opacity=1.0, ori=0.0, pos=array([0., 0.]), rgb=UNKNOWN, text='default text', units='norm', win=Window(...), wrapWidth=1)
62.9523 	EXP 	window1: mouseVisible = False
62.9575 	EXP 	Created instruction = TextStim(__class__=<class 'psychopy.visual.text.TextStim'>, alignHoriz=method-wrapper(...), alignText='center', alignVert=method-wrapper(...), anchorHoriz='center', anchorVert='center', antialias=True, autoLog=True, bold=False, color=array([-1., -1., -1.]), colorSpace='rgb', contrast=1.0, depth=0, flipHoriz=False, flipVert=False, font='sans', fontFiles=[], height=0.1, italic=False, languageStyle='LTR', name='instruction', opacity=1.0, ori=0.0, pos=array([0., 0.]), rgb=UNKNOWN, text='default text', units='norm', win=Window(...), wrapWidth=1)
63.0037 	EXP 	instruction: text = '\nThe prompt will prompt you to decide whether the upcoming word describes you.\n\nYou are required to respond with the left or right arrow key, according to the prompt: press Left if the word describes you or Right if it does not.\n\nYou should try to be as quick and accurate as possible.\n\n\nPress <Return> to start ...'
65.0920 	DATA 	Keypress: return
65.1058 	EXP 	Created unnamed TextStim = TextStim(__class__=<class 'psychopy.visual.text.TextStim'>, alignHoriz=method-wrapper(...), alignText='center', alignVert=method-wrapper(...), anchorHoriz='center', anchorVert='center', antialias=True, autoLog=True, bold=False, color=array([-1., -1., -1.]), colorSpace='rgb', contrast=1.0, depth=0, flipHoriz=False, flipVert=False, font='sans', fontFiles=[], height=0.1, italic=False, languageStyle='LTR', name='unnamed TextStim', opacity=1.0, ori=0.0, pos=array([0., 0.]), rgb=UNKNOWN, text='+', units='norm', win=Window(...), wrapWidth=1100)
66.1198 	EXP 	Created unnamed TextStim = TextStim(__class__=<class 'psychopy.visual.text.TextStim'>, alignHoriz=method-wrapper(...), alignText='center', alignVert=method-wrapper(...), anchorHoriz='center', anchorVert='center', antialias=True, autoLog=True, bold=False, color=array([-1., -1., -1.]), colorSpace='rgb', contrast=1.0, depth=0, flipHoriz=False, flipVert=False, font='sans', fontFiles=[], height=0.1, italic=False, languageStyle='LTR', name='unnamed TextStim', opacity=1.0, ori=0.0, pos=array([0., 0.]), rgb=UNKNOWN, text='Friend', units='norm', win=Window(...), wrapWidth=1100)
68.1444 	EXP 	Created unnamed TextStim = TextStim(__class__=<class 'psychopy.visual.text.TextStim'>, alignHoriz=method-wrapper(...), alignText='center', alignVert=method-wrapper(...), anchorHoriz='center', anchorVert='center', antialias=True, autoLog=True, bold=False, color=array([-1., -1., -1.]), colorSpace='rgb', contrast=1.0, depth=0, flipHoriz=False, flipVert=False, font='sans', fontFiles=[], height=0.1, italic=False, languageStyle='LTR', name='unnamed TextStim', opacity=1.0, ori=0.0, pos=array([0., 0.]), rgb=UNKNOWN, text='EXCITABLE', units='norm', win=Window(...), wrapWidth=1100)
70.6687 	EXP 	Created unnamed TextStim = TextStim(__class__=<class 'psychopy.visual.text.TextStim'>, alignHoriz=method-wrapper(...), alignText='center', alignVert=method-wrapper(...), anchorHoriz='center', anchorVert='center', antialias=True, autoLog=True, bold=False, color=array([-1., -1., -1.]), colorSpace='rgb', contrast=1.0, depth=0, flipHoriz=False, flipVert=False, font='sans', fontFiles=[], height=0.1, italic=False, languageStyle='LTR', name='unnamed TextStim', opacity=1.0, ori=0.0, pos=array([0., 0.]), rgb=UNKNOWN, text='Friend', units='norm', win=Window(...), wrapWidth=1100)
73.1930 	EXP 	Created unnamed TextStim = TextStim(__class__=<class 'psychopy.visual.text.TextStim'>, alignHoriz=method-wrapper(...), alignText='center', alignVert=method-wrapper(...), anchorHoriz='center', anchorVert='center', antialias=True, autoLog=True, bold=False, color=array([-1., -1., -1.]), colorSpace='rgb', contrast=1.0, depth=0, flipHoriz=False, flipVert=False, font='sans', fontFiles=[], height=0.1, italic=False, languageStyle='LTR', name='unnamed TextStim', opacity=1.0, ori=0.0, pos=array([0., 0.]), rgb=UNKNOWN, text='CAUTIOUS', units='norm', win=Window(...), wrapWidth=1100)
