39.9479 	WARNING 	Speech-to-text recognition module not available (use command `pip install SpeechRecognition` to get it. Transcription will be unavailable.
40.0259 	WARNING 	We strongly recommend you activate the PTB sound engine in PsychoPy prefs as the preferred audio engine. Its timing is vastly superior. Your prefs are currently set to use ['sounddevice', 'PTB', 'pyo', 'pygame'] (in that order).
40.0322 	WARNING 	Monitor specification not found. Creating a temporary one...
177.8785 	EXP 	window1: recordFrameIntervals = False
178.0288 	EXP 	window1: recordFrameIntervals = True
178.0443 	WARNING 	t of last frame was 8.56ms (=1/116)
178.1112 	EXP 	window1: recordFrameIntervals = False
178.5041 	EXP 	Created memoryPrompt = TextStim(__class__=<class 'psychopy.visual.text.TextStim'>, alignHoriz=method-wrapper(...), alignText='center', alignVert=method-wrapper(...), anchorHoriz='center', anchorVert='center', antialias=True, autoLog=True, bold=False, color=array([-1., -1., -1.]), colorSpace='rgb', contrast=1.0, depth=0.0, flipHoriz=False, flipVert=False, font='Open Sans', fontFiles=[], height=0.1, italic=False, languageStyle='LTR', name='memoryPrompt', opacity=1, ori=0.0, pos=array([0., 0.]), rgb=UNKNOWN, text='', units='norm', win=Window(...), wrapWidth=1)
178.5440 	EXP 	Created text = TextStim(__class__=<class 'psychopy.visual.text.TextStim'>, alignHoriz=method-wrapper(...), alignText='center', alignVert=method-wrapper(...), anchorHoriz='center', anchorVert='center', antialias=True, autoLog=True, bold=False, color=array([-1., -1., -1.]), colorSpace='rgb', contrast=1.0, depth=0.0, flipHoriz=False, flipVert=False, font='Open Sans', fontFiles=[], height=0.1, italic=False, languageStyle='LTR', name='text', opacity=1, ori=0.0, pos=array([0., 0.]), rgb=UNKNOWN, text='+', units='norm', win=Window(...), wrapWidth=1)
178.5453 	EXP 	Created sequence: random, trialTypes=1, nReps=2, seed=None
178.5458 	EXP 	New trial (rep=0, index=0): None
178.5974 	EXP 	memoryPrompt: text = 'Prompt One'
178.5974 	EXP 	memoryPrompt: autoDraw = True
183.5624 	EXP 	memoryPrompt: autoDraw = False
183.5624 	EXP 	memoryPrompt: autoDraw = False
183.5624 	EXP 	text: autoDraw = True
188.5574 	EXP 	New trial (rep=1, index=0): None
188.5774 	EXP 	text: autoDraw = False
188.5774 	EXP 	text: autoDraw = False
188.5774 	EXP 	memoryPrompt: text = 'Last week'
188.5774 	EXP 	memoryPrompt: autoDraw = True
192.5693 	EXP 	memoryPrompt: autoDraw = False
192.5693 	EXP 	memoryPrompt: autoDraw = False
192.5693 	EXP 	text: autoDraw = True
196.5704 	EXP 	text: autoDraw = False
196.5704 	EXP 	text: autoDraw = False
