0.3613 	WARNING 	Speech-to-text recognition module not available (use command `pip install SpeechRecognition` to get it. Transcription will be unavailable.
0.6494 	WARNING 	We strongly recommend you activate the PTB sound engine in PsychoPy prefs as the preferred audio engine. Its timing is vastly superior. Your prefs are currently set to use ['sounddevice', 'PTB', 'pyo', 'pygame'] (in that order).
4.4029 	EXP 	Created window1 = Window(allowGUI=True, allowStencil=False, autoLog=True, backendConf=UNKNOWN, bitsMode=UNKNOWN, blendMode='avg', bpc=(8, 8, 8), color=array([0, 0, 0]), colorSpace='rgb', depthBits=8, fullscr=<method-wrapper '__getattribute__' of attributeSetter object at 0x000002477B4B09E8>, gamma=None, gammaErrorPolicy='raise', lms=UNKNOWN, monitor=<psychopy.monitors.calibTools.Monitor object at 0x0000024771BAEE80>, multiSample=False, name='window1', numSamples=2, pos=[0.0, 0.0], screen=0, size=array([1920, 1080]), stencilBits=0, stereo=False, units='height', useFBO=True, useRetina=False, viewOri=0.0, viewPos=None, viewScale=None, waitBlanking=True, winType='pyglet')
4.4030 	EXP 	window1: mouseVisible = True
4.4030 	EXP 	window1: recordFrameIntervals = False
4.4714 	EXP 	window1: recordFrameIntervals = True
4.5480 	EXP 	window1: recordFrameIntervals = False
4.9111 	EXP 	Created text_2 = TextStim(__class__=<class 'psychopy.visual.text.TextStim'>, alignHoriz=method-wrapper(...), alignText='center', alignVert=method-wrapper(...), anchorHoriz='center', anchorVert='center', antialias=True, autoLog=True, bold=False, color=array([1., 1., 1.]), colorSpace='rgb', contrast=1.0, depth=0.0, flipHoriz=False, flipVert=False, font='Open Sans', fontFiles=[], height=0.1, italic=False, languageStyle='LTR', name='text_2', opacity=1, ori=0.0, pos=array([0., 0.]), rgb=UNKNOWN, text='Insert text here', units='height', win=Window(...), wrapWidth=1)
4.9121 	EXP 	Created memoryPrompt = TextStim(__class__=<class 'psychopy.visual.text.TextStim'>, alignHoriz=method-wrapper(...), alignText='center', alignVert=method-wrapper(...), anchorHoriz='center', anchorVert='center', antialias=True, autoLog=True, bold=False, color=array([1., 1., 1.]), colorSpace='rgb', contrast=1.0, depth=0.0, flipHoriz=False, flipVert=False, font='Open Sans', fontFiles=[], height=0.1, italic=False, languageStyle='LTR', name='memoryPrompt', opacity=1, ori=0.0, pos=array([0., 0.]), rgb=UNKNOWN, text='', units='height', win=Window(...), wrapWidth=1)
4.9376 	EXP 	Created text = TextStim(__class__=<class 'psychopy.visual.text.TextStim'>, alignHoriz=method-wrapper(...), alignText='center', alignVert=method-wrapper(...), anchorHoriz='center', anchorVert='center', antialias=True, autoLog=True, bold=False, color=array([1., 1., 1.]), colorSpace='rgb', contrast=1.0, depth=0.0, flipHoriz=False, flipVert=False, font='Open Sans', fontFiles=[], height=0.1, italic=False, languageStyle='LTR', name='text', opacity=1, ori=0.0, pos=array([0., 0.]), rgb=UNKNOWN, text='+', units='height', win=Window(...), wrapWidth=1)
4.9547 	EXP 	Created text_3 = TextStim(__class__=<class 'psychopy.visual.text.TextStim'>, alignHoriz=method-wrapper(...), alignText='center', alignVert=method-wrapper(...), anchorHoriz='center', anchorVert='center', antialias=True, autoLog=True, bold=False, color=array([1., 1., 1.]), colorSpace='rgb', contrast=1.0, depth=0.0, flipHoriz=False, flipVert=False, font='Open Sans', fontFiles=[], height=0.1, italic=False, languageStyle='LTR', name='text_3', opacity=1, ori=0.0, pos=array([0., 0.]), rgb=UNKNOWN, text=str(...), units='height', win=Window(...), wrapWidth=1)
4.9570 	EXP 	Created text = TextStim(__class__=<class 'psychopy.visual.text.TextStim'>, alignHoriz=method-wrapper(...), alignText='center', alignVert=method-wrapper(...), anchorHoriz='center', anchorVert='center', antialias=True, autoLog=True, bold=False, color=array([1., 1., 1.]), colorSpace='rgb', contrast=1.0, depth=0.0, flipHoriz=False, flipVert=False, font='Open Sans', fontFiles=[], height=0.1, italic=False, languageStyle='LTR', name='text', opacity=1, ori=0.0, pos=array([0., 0.]), rgb=UNKNOWN, text='+', units='height', win=Window(...), wrapWidth=1)
4.9625 	EXP 	Created text_4 = TextStim(__class__=<class 'psychopy.visual.text.TextStim'>, alignHoriz=method-wrapper(...), alignText='center', alignVert=method-wrapper(...), anchorHoriz='center', anchorVert='center', antialias=True, autoLog=True, bold=False, color=array([1., 1., 1.]), colorSpace='rgb', contrast=1.0, depth=0.0, flipHoriz=False, flipVert=False, font='Open Sans', fontFiles=[], height=0.1, italic=False, languageStyle='LTR', name='text_4', opacity=1, ori=0.0, pos=array([0., 0.]), rgb=UNKNOWN, text='You may now stop.', units='height', win=Window(...), wrapWidth=1)
5.1105 	EXP 	textbox: autoLog = True
5.1105 	EXP 	text_2: autoDraw = True
5.8721 	DATA 	Mouse: Left button down, pos=(798,419)
5.9971 	DATA 	Mouse:  Left button up, pos=(799,419)
7.0522 	EXP 	Created sequence: random, trialTypes=1, nReps=1, seed=None
7.0524 	EXP 	New trial (rep=0, index=0): None
7.0682 	DATA 	Keypress: return
7.0754 	EXP 	text_2: autoDraw = False
7.0754 	EXP 	memoryPrompt: text = ['Prompt', 'One']
7.0754 	EXP 	memoryPrompt: autoDraw = True
7.0754 	EXP 	textbox: autoDraw = True
9.2903 	DATA 	Mouse: Left button down, pos=(1214,147)
9.6936 	DATA 	Mouse:  Left button up, pos=(897,129)
10.0831 	DATA 	Keypress: return
10.0890 	EXP 	memoryPrompt: autoDraw = False
10.0890 	EXP 	textbox: autoDraw = False
10.0890 	EXP 	text: autoDraw = True
14.1038 	EXP 	text: autoDraw = False
14.1038 	EXP 	text: autoDraw = False
14.1038 	EXP 	text_3: text = 'Press return when you are ready to remember:\n\nType response here\n\n'
14.1038 	EXP 	text_3: autoDraw = True
17.8242 	DATA 	Mouse: Left button down, pos=(1049,693)
17.9061 	DATA 	Mouse:  Left button up, pos=(1049,693)
19.0286 	DATA 	Keypress: return
19.0332 	EXP 	text_3: autoDraw = False
19.0332 	EXP 	text: autoDraw = True
23.0422 	EXP 	text: autoDraw = False
23.0422 	EXP 	text: autoDraw = False
23.0422 	EXP 	text_4: autoDraw = True
24.7109 	DATA 	Mouse: Left button down, pos=(811,554)
24.8433 	DATA 	Mouse:  Left button up, pos=(811,554)
25.9059 	DATA 	Keypress: return
28.0410 	EXP 	text_4: autoDraw = False
28.0507 	EXP 	window1: mouseVisible = True
