271.9712 	WARNING 	RatingScale unnamed RatingScale: len(labels) not equal to len(tickMarks)
301.2326 	WARNING 	RatingScale unnamed RatingScale: len(labels) not equal to len(tickMarks)
307.1019 	EXP 	window1: recordFrameIntervals = False
307.2646 	EXP 	window1: recordFrameIntervals = True
307.4483 	EXP 	window1: recordFrameIntervals = False
307.4686 	EXP 	Created text_2 = TextStim(__class__=<class 'psychopy.visual.text.TextStim'>, alignHoriz=method-wrapper(...), alignText='center', alignVert=method-wrapper(...), anchorHoriz='center', anchorVert='center', antialias=True, autoLog=True, bold=False, color=array([-1., -1., -1.]), colorSpace='rgb', contrast=1.0, depth=0.0, flipHoriz=False, flipVert=False, font='Open Sans', fontFiles=[], height=0.1, italic=False, languageStyle='LTR', name='text_2', opacity=1, ori=0.0, pos=array([0., 0.]), rgb=UNKNOWN, text='Insert text here', units='norm', win=Window(...), wrapWidth=1)
307.4727 	EXP 	Created memoryPrompt = TextStim(__class__=<class 'psychopy.visual.text.TextStim'>, alignHoriz=method-wrapper(...), alignText='center', alignVert=method-wrapper(...), anchorHoriz='center', anchorVert='center', antialias=True, autoLog=True, bold=False, color=array([-1., -1., -1.]), colorSpace='rgb', contrast=1.0, depth=0.0, flipHoriz=False, flipVert=False, font='Open Sans', fontFiles=[], height=0.1, italic=False, languageStyle='LTR', name='memoryPrompt', opacity=1, ori=0.0, pos=array([0., 0.]), rgb=UNKNOWN, text='', units='norm', win=Window(...), wrapWidth=1)
307.5131 	EXP 	Created text = TextStim(__class__=<class 'psychopy.visual.text.TextStim'>, alignHoriz=method-wrapper(...), alignText='center', alignVert=method-wrapper(...), anchorHoriz='center', anchorVert='center', antialias=True, autoLog=True, bold=False, color=array([-1., -1., -1.]), colorSpace='rgb', contrast=1.0, depth=0.0, flipHoriz=False, flipVert=False, font='Open Sans', fontFiles=[], height=0.1, italic=False, languageStyle='LTR', name='text', opacity=1, ori=0.0, pos=array([0., 0.]), rgb=UNKNOWN, text='+', units='norm', win=Window(...), wrapWidth=1)
307.5268 	EXP 	Created text_3 = TextStim(__class__=<class 'psychopy.visual.text.TextStim'>, alignHoriz=method-wrapper(...), alignText='center', alignVert=method-wrapper(...), anchorHoriz='center', anchorVert='center', antialias=True, autoLog=True, bold=False, color=array([-1., -1., -1.]), colorSpace='rgb', contrast=1.0, depth=0.0, flipHoriz=False, flipVert=False, font='Open Sans', fontFiles=[], height=0.1, italic=False, languageStyle='LTR', name='text_3', opacity=1, ori=0.0, pos=array([0., 0.]), rgb=UNKNOWN, text=str(...), units='norm', win=Window(...), wrapWidth=1)
307.5298 	EXP 	Created text = TextStim(__class__=<class 'psychopy.visual.text.TextStim'>, alignHoriz=method-wrapper(...), alignText='center', alignVert=method-wrapper(...), anchorHoriz='center', anchorVert='center', antialias=True, autoLog=True, bold=False, color=array([-1., -1., -1.]), colorSpace='rgb', contrast=1.0, depth=0.0, flipHoriz=False, flipVert=False, font='Open Sans', fontFiles=[], height=0.1, italic=False, languageStyle='LTR', name='text', opacity=1, ori=0.0, pos=array([0., 0.]), rgb=UNKNOWN, text='+', units='norm', win=Window(...), wrapWidth=1)
307.5357 	EXP 	Created text_4 = TextStim(__class__=<class 'psychopy.visual.text.TextStim'>, alignHoriz=method-wrapper(...), alignText='center', alignVert=method-wrapper(...), anchorHoriz='center', anchorVert='center', antialias=True, autoLog=True, bold=False, color=array([-1., -1., -1.]), colorSpace='rgb', contrast=1.0, depth=0.0, flipHoriz=False, flipVert=False, font='Open Sans', fontFiles=[], height=0.1, italic=False, languageStyle='LTR', name='text_4', opacity=1, ori=0.0, pos=array([0., 0.]), rgb=UNKNOWN, text='You may now stop.', units='norm', win=Window(...), wrapWidth=1)
307.5582 	EXP 	textbox: autoLog = True
307.5582 	EXP 	text_2: autoDraw = True
311.7347 	DATA 	Keypress: return
311.7501 	EXP 	Created sequence: random, trialTypes=1, nReps=1, seed=None
311.7504 	EXP 	New trial (rep=0, index=0): None
311.8051 	EXP 	text_2: autoDraw = False
311.8051 	EXP 	memoryPrompt: text = 'Prompt One'
311.8051 	EXP 	memoryPrompt: autoDraw = True
311.8051 	EXP 	textbox: autoDraw = True
313.5190 	DATA 	Keypress: k
313.6684 	DATA 	Keypress: k
313.7851 	DATA 	Keypress: k
313.9183 	DATA 	Keypress: k
314.7017 	DATA 	Keypress: backspace
318.5675 	DATA 	Keypress: y
318.7507 	DATA 	Keypress: u
318.9007 	DATA 	Keypress: r
319.0509 	DATA 	Keypress: t
320.3001 	DATA 	Keypress: return
320.3120 	EXP 	memoryPrompt: autoDraw = False
320.3120 	EXP 	textbox: autoDraw = False
320.3120 	EXP 	text: autoDraw = True
324.3280 	EXP 	text: autoDraw = False
324.3280 	EXP 	text: autoDraw = False
324.3280 	EXP 	text_3: text = 'Press return when you are ready to remember:\n\nyurt\n'
324.3280 	EXP 	text_3: autoDraw = True
327.7994 	DATA 	Keypress: return
327.8117 	EXP 	text_3: autoDraw = False
327.8117 	EXP 	text: autoDraw = True
331.8118 	EXP 	text: autoDraw = False
331.8118 	EXP 	text: autoDraw = False
331.8118 	EXP 	text_4: autoDraw = True
333.2961 	DATA 	Keypress: return
336.8116 	EXP 	text_4: autoDraw = False
336.8116 	EXP 	text_4: autoDraw = False
336.8695 	EXP 	Created instruction = TextStim(__class__=<class 'psychopy.visual.text.TextStim'>, alignHoriz=method-wrapper(...), alignText='center', alignVert=method-wrapper(...), anchorHoriz='center', anchorVert='center', antialias=True, autoLog=True, bold=False, color=array([-1., -1., -1.]), colorSpace='rgb', contrast=1.0, depth=0, flipHoriz=False, flipVert=False, font='sans', fontFiles=[], height=0.1, italic=False, languageStyle='LTR', name='instruction', opacity=1.0, ori=0.0, pos=array([0., 0.]), rgb=UNKNOWN, text='default text', units='norm', win=Window(...), wrapWidth=1)
336.9442 	EXP 	instruction: text = 'Please answer the questions honestly.\n\nA list of descriptions and a rating scale ranging from 1 to 10 will be presented on the screen.\n\nPlease use the left and right arrow keys to select your answer, and the enter button to confirm.'
338.3424 	DATA 	Keypress: return
338.3662 	EXP 	Imported c:\Users\Adjunct\Documents\GitHub\THINCLabTestRepo\TaskFiles\taskScripts//resources//ESQ//ESQ_Questions.csv as conditions, 14 conditions, 4 params
338.3666 	EXP 	Created sequence: sequential, trialTypes=14, nReps=1, seed=None
338.3681 	WARNING 	RatingScale unnamed RatingScale: len(labels) not equal to len(tickMarks)
338.3682 	EXP 	window1: mouseVisible = True
338.4000 	EXP 	Created unnamed RatingScale = RatingScale(__class__=type(...), acceptKeys=['return'], acceptPreText=UNKNOWN, acceptSize=UNKNOWN, acceptText='accept?', autoLog=True, choices=False, colorSpace='rgb', depth=0, disappear=False, flipVert=False, high=10, kwargs=UNKNOWN, labels=list(...), leftKeys=['left'], lineColor='black', low=1, marker=ShapeStim(...), markerColor='black', markerExpansion=UNKNOWN, markerStart=4.5, maxTime=0.0, minTime=0.4, mouseOnly=False, name='unnamed RatingScale', noMouse=False, pos=[0.0, -0.4], precision=10, respKeys=[], rightKeys=['right'], scale=False, self=UNKNOWN, showAccept=True, showValue=True, singleClick=False, size=0.6, skipKeys=['tab'], stretch=1.0, textColor='black', textFont='Helvetica Bold', textSize=0.12, tickHeight=1.0, tickMarks=9.0, win=Window(...))
338.4022 	EXP 	Created unnamed TextStim = TextStim(__class__=<class 'psychopy.visual.text.TextStim'>, alignHoriz=method-wrapper(...), alignText='center', alignVert=method-wrapper(...), anchorHoriz='center', anchorVert='top', antialias=True, autoLog=True, bold=False, color=array([-1., -1., -1.]), colorSpace='rgb', contrast=1.0, depth=0, flipHoriz=False, flipVert=False, font='', fontFiles=[], height=0.1, italic=False, languageStyle='LTR', name='unnamed TextStim', opacity=1.0, ori=0.0, pos=array([0., 0.]), rgb=UNKNOWN, text='', units='norm', win=Window(...), wrapWidth=1)
338.4041 	EXP 	Created unnamed TextStim = TextStim(__class__=<class 'psychopy.visual.text.TextStim'>, alignHoriz=method-wrapper(...), alignText='center', alignVert=method-wrapper(...), anchorHoriz='center', anchorVert='center', antialias=True, autoLog=True, bold=False, color=array([-1., -1., -1.]), colorSpace='rgb', contrast=1.0, depth=0, flipHoriz=False, flipVert=False, font='', fontFiles=[], height=0.1, italic=False, languageStyle='LTR', name='unnamed TextStim', opacity=1.0, ori=0.0, pos=array([ 0.5, -0.5]), rgb=UNKNOWN, text='', units='norm', win=Window(...), wrapWidth=1)
338.4060 	EXP 	Created unnamed TextStim = TextStim(__class__=<class 'psychopy.visual.text.TextStim'>, alignHoriz=method-wrapper(...), alignText='center', alignVert=method-wrapper(...), anchorHoriz='center', anchorVert='center', antialias=True, autoLog=True, bold=False, color=array([-1., -1., -1.]), colorSpace='rgb', contrast=1.0, depth=0, flipHoriz=False, flipVert=False, font='', fontFiles=[], height=0.1, italic=False, languageStyle='LTR', name='unnamed TextStim', opacity=1.0, ori=0.0, pos=array([-0.5, -0.5]), rgb=UNKNOWN, text='', units='norm', win=Window(...), wrapWidth=1)
338.4062 	EXP 	New trial (rep=0, index=0): OrderedDict([('Questions', 'My thoughts were focused on an external task or activity:'), ('Label', 'Focus'), ('Scale_low', 'Not at all'), ('Scale_high', 'Completely')])
338.4442 	EXP 	unnamed RatingScale: flipVert = False
338.4442 	EXP 	unnamed RatingScale: autoLog = True
338.4442 	EXP 	unnamed TextStim: text = 'My thoughts were focused on an external task or activity:'
338.4442 	EXP 	unnamed TextStim: text = 'Completely'
338.4442 	EXP 	unnamed TextStim: text = 'Not at all'
338.4614 	EXP 	unnamed TextStim: text = 'My thoughts were focused on an external task or activity:'
338.4614 	EXP 	unnamed TextStim: text = 'Completely'
338.4614 	EXP 	unnamed TextStim: text = 'Not at all'
338.4779 	EXP 	unnamed TextStim: text = 'My thoughts were focused on an external task or activity:'
338.4779 	EXP 	unnamed TextStim: text = 'Completely'
338.4779 	EXP 	unnamed TextStim: text = 'Not at all'
338.4946 	EXP 	unnamed TextStim: text = 'My thoughts were focused on an external task or activity:'
338.4946 	EXP 	unnamed TextStim: text = 'Completely'
338.4946 	EXP 	unnamed TextStim: text = 'Not at all'
338.5113 	EXP 	unnamed TextStim: text = 'My thoughts were focused on an external task or activity:'
338.5113 	EXP 	unnamed TextStim: text = 'Completely'
338.5113 	EXP 	unnamed TextStim: text = 'Not at all'
338.5279 	EXP 	unnamed TextStim: text = 'My thoughts were focused on an external task or activity:'
338.5279 	EXP 	unnamed TextStim: text = 'Completely'
338.5279 	EXP 	unnamed TextStim: text = 'Not at all'
338.5446 	EXP 	unnamed TextStim: text = 'My thoughts were focused on an external task or activity:'
338.5446 	EXP 	unnamed TextStim: text = 'Completely'
338.5446 	EXP 	unnamed TextStim: text = 'Not at all'
338.5612 	EXP 	unnamed TextStim: text = 'My thoughts were focused on an external task or activity:'
338.5612 	EXP 	unnamed TextStim: text = 'Completely'
338.5612 	EXP 	unnamed TextStim: text = 'Not at all'
338.5779 	EXP 	unnamed TextStim: text = 'My thoughts were focused on an external task or activity:'
338.5779 	EXP 	unnamed TextStim: text = 'Completely'
338.5779 	EXP 	unnamed TextStim: text = 'Not at all'
338.5946 	EXP 	unnamed TextStim: text = 'My thoughts were focused on an external task or activity:'
338.5946 	EXP 	unnamed TextStim: text = 'Completely'
338.5946 	EXP 	unnamed TextStim: text = 'Not at all'
338.6112 	EXP 	unnamed TextStim: text = 'My thoughts were focused on an external task or activity:'
338.6112 	EXP 	unnamed TextStim: text = 'Completely'
338.6112 	EXP 	unnamed TextStim: text = 'Not at all'
338.6279 	EXP 	unnamed TextStim: text = 'My thoughts were focused on an external task or activity:'
338.6279 	EXP 	unnamed TextStim: text = 'Completely'
338.6279 	EXP 	unnamed TextStim: text = 'Not at all'
338.6446 	EXP 	unnamed TextStim: text = 'My thoughts were focused on an external task or activity:'
338.6446 	EXP 	unnamed TextStim: text = 'Completely'
338.6446 	EXP 	unnamed TextStim: text = 'Not at all'
338.6612 	EXP 	unnamed TextStim: text = 'My thoughts were focused on an external task or activity:'
338.6612 	EXP 	unnamed TextStim: text = 'Completely'
338.6612 	EXP 	unnamed TextStim: text = 'Not at all'
338.6778 	EXP 	unnamed TextStim: text = 'My thoughts were focused on an external task or activity:'
338.6778 	EXP 	unnamed TextStim: text = 'Completely'
338.6778 	EXP 	unnamed TextStim: text = 'Not at all'
338.6945 	EXP 	unnamed TextStim: text = 'My thoughts were focused on an external task or activity:'
338.6945 	EXP 	unnamed TextStim: text = 'Completely'
338.6945 	EXP 	unnamed TextStim: text = 'Not at all'
338.7112 	EXP 	unnamed TextStim: text = 'My thoughts were focused on an external task or activity:'
338.7112 	EXP 	unnamed TextStim: text = 'Completely'
338.7112 	EXP 	unnamed TextStim: text = 'Not at all'
338.7278 	EXP 	unnamed TextStim: text = 'My thoughts were focused on an external task or activity:'
338.7278 	EXP 	unnamed TextStim: text = 'Completely'
338.7278 	EXP 	unnamed TextStim: text = 'Not at all'
338.7445 	EXP 	unnamed TextStim: text = 'My thoughts were focused on an external task or activity:'
338.7445 	EXP 	unnamed TextStim: text = 'Completely'
338.7445 	EXP 	unnamed TextStim: text = 'Not at all'
338.7612 	EXP 	unnamed TextStim: text = 'My thoughts were focused on an external task or activity:'
338.7612 	EXP 	unnamed TextStim: text = 'Completely'
338.7612 	EXP 	unnamed TextStim: text = 'Not at all'
338.7779 	EXP 	unnamed TextStim: text = 'My thoughts were focused on an external task or activity:'
338.7779 	EXP 	unnamed TextStim: text = 'Completely'
338.7779 	EXP 	unnamed TextStim: text = 'Not at all'
338.7945 	EXP 	unnamed TextStim: text = 'My thoughts were focused on an external task or activity:'
338.7945 	EXP 	unnamed TextStim: text = 'Completely'
338.7945 	EXP 	unnamed TextStim: text = 'Not at all'
338.8112 	EXP 	unnamed TextStim: text = 'My thoughts were focused on an external task or activity:'
338.8112 	EXP 	unnamed TextStim: text = 'Completely'
338.8112 	EXP 	unnamed TextStim: text = 'Not at all'
338.8279 	EXP 	unnamed TextStim: text = 'My thoughts were focused on an external task or activity:'
338.8279 	EXP 	unnamed TextStim: text = 'Completely'
338.8279 	EXP 	unnamed TextStim: text = 'Not at all'
338.8445 	EXP 	unnamed TextStim: text = 'My thoughts were focused on an external task or activity:'
338.8445 	EXP 	unnamed TextStim: text = 'Completely'
338.8445 	EXP 	unnamed TextStim: text = 'Not at all'
338.8612 	EXP 	unnamed TextStim: text = 'My thoughts were focused on an external task or activity:'
338.8612 	EXP 	unnamed TextStim: text = 'Completely'
338.8612 	EXP 	unnamed TextStim: text = 'Not at all'
338.8778 	EXP 	unnamed TextStim: text = 'My thoughts were focused on an external task or activity:'
338.8778 	EXP 	unnamed TextStim: text = 'Completely'
338.8778 	EXP 	unnamed TextStim: text = 'Not at all'
338.8946 	EXP 	unnamed TextStim: text = 'My thoughts were focused on an external task or activity:'
338.8946 	EXP 	unnamed TextStim: text = 'Completely'
338.8946 	EXP 	unnamed TextStim: text = 'Not at all'
338.9112 	EXP 	unnamed TextStim: text = 'My thoughts were focused on an external task or activity:'
338.9112 	EXP 	unnamed TextStim: text = 'Completely'
338.9112 	EXP 	unnamed TextStim: text = 'Not at all'
338.9278 	EXP 	unnamed TextStim: text = 'My thoughts were focused on an external task or activity:'
338.9278 	EXP 	unnamed TextStim: text = 'Completely'
338.9278 	EXP 	unnamed TextStim: text = 'Not at all'
338.9445 	EXP 	unnamed TextStim: text = 'My thoughts were focused on an external task or activity:'
338.9445 	EXP 	unnamed TextStim: text = 'Completely'
338.9445 	EXP 	unnamed TextStim: text = 'Not at all'
338.9612 	EXP 	unnamed TextStim: text = 'My thoughts were focused on an external task or activity:'
338.9612 	EXP 	unnamed TextStim: text = 'Completely'
338.9612 	EXP 	unnamed TextStim: text = 'Not at all'
338.9793 	EXP 	unnamed TextStim: text = 'My thoughts were focused on an external task or activity:'
338.9793 	EXP 	unnamed TextStim: text = 'Completely'
338.9793 	EXP 	unnamed TextStim: text = 'Not at all'
338.9949 	EXP 	unnamed TextStim: text = 'My thoughts were focused on an external task or activity:'
338.9949 	EXP 	unnamed TextStim: text = 'Completely'
338.9949 	EXP 	unnamed TextStim: text = 'Not at all'
339.0116 	EXP 	unnamed TextStim: text = 'My thoughts were focused on an external task or activity:'
339.0116 	EXP 	unnamed TextStim: text = 'Completely'
339.0116 	EXP 	unnamed TextStim: text = 'Not at all'
339.0278 	EXP 	unnamed TextStim: text = 'My thoughts were focused on an external task or activity:'
339.0278 	EXP 	unnamed TextStim: text = 'Completely'
339.0278 	EXP 	unnamed TextStim: text = 'Not at all'
339.0445 	EXP 	unnamed TextStim: text = 'My thoughts were focused on an external task or activity:'
339.0445 	EXP 	unnamed TextStim: text = 'Completely'
339.0445 	EXP 	unnamed TextStim: text = 'Not at all'
339.0612 	EXP 	unnamed TextStim: text = 'My thoughts were focused on an external task or activity:'
339.0612 	EXP 	unnamed TextStim: text = 'Completely'
339.0612 	EXP 	unnamed TextStim: text = 'Not at all'
339.0778 	EXP 	unnamed TextStim: text = 'My thoughts were focused on an external task or activity:'
339.0778 	EXP 	unnamed TextStim: text = 'Completely'
339.0778 	EXP 	unnamed TextStim: text = 'Not at all'
339.0945 	EXP 	unnamed TextStim: text = 'My thoughts were focused on an external task or activity:'
339.0945 	EXP 	unnamed TextStim: text = 'Completely'
339.0945 	EXP 	unnamed TextStim: text = 'Not at all'
339.1112 	EXP 	unnamed TextStim: text = 'My thoughts were focused on an external task or activity:'
339.1112 	EXP 	unnamed TextStim: text = 'Completely'
339.1112 	EXP 	unnamed TextStim: text = 'Not at all'
339.1278 	EXP 	unnamed TextStim: text = 'My thoughts were focused on an external task or activity:'
339.1278 	EXP 	unnamed TextStim: text = 'Completely'
339.1278 	EXP 	unnamed TextStim: text = 'Not at all'
339.1445 	EXP 	unnamed TextStim: text = 'My thoughts were focused on an external task or activity:'
339.1445 	EXP 	unnamed TextStim: text = 'Completely'
339.1445 	EXP 	unnamed TextStim: text = 'Not at all'
339.1612 	EXP 	unnamed TextStim: text = 'My thoughts were focused on an external task or activity:'
339.1612 	EXP 	unnamed TextStim: text = 'Completely'
339.1612 	EXP 	unnamed TextStim: text = 'Not at all'
339.1778 	EXP 	unnamed TextStim: text = 'My thoughts were focused on an external task or activity:'
339.1778 	EXP 	unnamed TextStim: text = 'Completely'
339.1778 	EXP 	unnamed TextStim: text = 'Not at all'
339.1945 	EXP 	unnamed TextStim: text = 'My thoughts were focused on an external task or activity:'
339.1945 	EXP 	unnamed TextStim: text = 'Completely'
339.1945 	EXP 	unnamed TextStim: text = 'Not at all'
339.2112 	EXP 	unnamed TextStim: text = 'My thoughts were focused on an external task or activity:'
339.2112 	EXP 	unnamed TextStim: text = 'Completely'
339.2112 	EXP 	unnamed TextStim: text = 'Not at all'
339.2278 	EXP 	unnamed TextStim: text = 'My thoughts were focused on an external task or activity:'
339.2278 	EXP 	unnamed TextStim: text = 'Completely'
339.2278 	EXP 	unnamed TextStim: text = 'Not at all'
339.2445 	EXP 	unnamed TextStim: text = 'My thoughts were focused on an external task or activity:'
339.2445 	EXP 	unnamed TextStim: text = 'Completely'
339.2445 	EXP 	unnamed TextStim: text = 'Not at all'
339.2612 	EXP 	unnamed TextStim: text = 'My thoughts were focused on an external task or activity:'
339.2612 	EXP 	unnamed TextStim: text = 'Completely'
339.2612 	EXP 	unnamed TextStim: text = 'Not at all'
339.2778 	EXP 	unnamed TextStim: text = 'My thoughts were focused on an external task or activity:'
339.2778 	EXP 	unnamed TextStim: text = 'Completely'
339.2778 	EXP 	unnamed TextStim: text = 'Not at all'
339.2945 	EXP 	unnamed TextStim: text = 'My thoughts were focused on an external task or activity:'
339.2945 	EXP 	unnamed TextStim: text = 'Completely'
339.2945 	EXP 	unnamed TextStim: text = 'Not at all'
339.3112 	EXP 	unnamed TextStim: text = 'My thoughts were focused on an external task or activity:'
339.3112 	EXP 	unnamed TextStim: text = 'Completely'
339.3112 	EXP 	unnamed TextStim: text = 'Not at all'
339.3278 	EXP 	unnamed TextStim: text = 'My thoughts were focused on an external task or activity:'
339.3278 	EXP 	unnamed TextStim: text = 'Completely'
339.3278 	EXP 	unnamed TextStim: text = 'Not at all'
339.3445 	EXP 	unnamed TextStim: text = 'My thoughts were focused on an external task or activity:'
339.3445 	EXP 	unnamed TextStim: text = 'Completely'
339.3445 	EXP 	unnamed TextStim: text = 'Not at all'
339.3611 	EXP 	unnamed TextStim: text = 'My thoughts were focused on an external task or activity:'
339.3611 	EXP 	unnamed TextStim: text = 'Completely'
339.3611 	EXP 	unnamed TextStim: text = 'Not at all'
339.3778 	EXP 	unnamed TextStim: text = 'My thoughts were focused on an external task or activity:'
339.3778 	EXP 	unnamed TextStim: text = 'Completely'
339.3778 	EXP 	unnamed TextStim: text = 'Not at all'
339.3945 	EXP 	unnamed TextStim: text = 'My thoughts were focused on an external task or activity:'
339.3945 	EXP 	unnamed TextStim: text = 'Completely'
339.3945 	EXP 	unnamed TextStim: text = 'Not at all'
339.4111 	EXP 	unnamed TextStim: text = 'My thoughts were focused on an external task or activity:'
339.4111 	EXP 	unnamed TextStim: text = 'Completely'
339.4111 	EXP 	unnamed TextStim: text = 'Not at all'
339.4278 	EXP 	unnamed TextStim: text = 'My thoughts were focused on an external task or activity:'
339.4278 	EXP 	unnamed TextStim: text = 'Completely'
339.4278 	EXP 	unnamed TextStim: text = 'Not at all'
339.4445 	EXP 	unnamed TextStim: text = 'My thoughts were focused on an external task or activity:'
339.4445 	EXP 	unnamed TextStim: text = 'Completely'
339.4445 	EXP 	unnamed TextStim: text = 'Not at all'
339.4611 	EXP 	unnamed TextStim: text = 'My thoughts were focused on an external task or activity:'
339.4611 	EXP 	unnamed TextStim: text = 'Completely'
339.4611 	EXP 	unnamed TextStim: text = 'Not at all'
339.4777 	EXP 	unnamed TextStim: text = 'My thoughts were focused on an external task or activity:'
339.4777 	EXP 	unnamed TextStim: text = 'Completely'
339.4777 	EXP 	unnamed TextStim: text = 'Not at all'
339.4944 	EXP 	unnamed TextStim: text = 'My thoughts were focused on an external task or activity:'
339.4944 	EXP 	unnamed TextStim: text = 'Completely'
339.4944 	EXP 	unnamed TextStim: text = 'Not at all'
339.5111 	EXP 	unnamed TextStim: text = 'My thoughts were focused on an external task or activity:'
339.5111 	EXP 	unnamed TextStim: text = 'Completely'
339.5111 	EXP 	unnamed TextStim: text = 'Not at all'
339.5278 	EXP 	unnamed TextStim: text = 'My thoughts were focused on an external task or activity:'
339.5278 	EXP 	unnamed TextStim: text = 'Completely'
339.5278 	EXP 	unnamed TextStim: text = 'Not at all'
339.5445 	EXP 	unnamed TextStim: text = 'My thoughts were focused on an external task or activity:'
339.5445 	EXP 	unnamed TextStim: text = 'Completely'
339.5445 	EXP 	unnamed TextStim: text = 'Not at all'
339.5611 	EXP 	unnamed TextStim: text = 'My thoughts were focused on an external task or activity:'
339.5611 	EXP 	unnamed TextStim: text = 'Completely'
339.5611 	EXP 	unnamed TextStim: text = 'Not at all'
339.5778 	EXP 	unnamed TextStim: text = 'My thoughts were focused on an external task or activity:'
339.5778 	EXP 	unnamed TextStim: text = 'Completely'
339.5778 	EXP 	unnamed TextStim: text = 'Not at all'
339.5945 	EXP 	unnamed TextStim: text = 'My thoughts were focused on an external task or activity:'
339.5945 	EXP 	unnamed TextStim: text = 'Completely'
339.5945 	EXP 	unnamed TextStim: text = 'Not at all'
339.6111 	EXP 	unnamed TextStim: text = 'My thoughts were focused on an external task or activity:'
339.6111 	EXP 	unnamed TextStim: text = 'Completely'
339.6111 	EXP 	unnamed TextStim: text = 'Not at all'
339.6194 	DATA 	Keypress: right
339.6278 	EXP 	unnamed TextStim: text = 'My thoughts were focused on an external task or activity:'
339.6278 	EXP 	unnamed TextStim: text = 'Completely'
339.6278 	EXP 	unnamed TextStim: text = 'Not at all'
339.6444 	EXP 	unnamed TextStim: text = 'My thoughts were focused on an external task or activity:'
339.6444 	EXP 	unnamed TextStim: text = 'Completely'
339.6444 	EXP 	unnamed TextStim: text = 'Not at all'
339.6610 	EXP 	unnamed TextStim: text = 'My thoughts were focused on an external task or activity:'
339.6610 	EXP 	unnamed TextStim: text = 'Completely'
339.6610 	EXP 	unnamed TextStim: text = 'Not at all'
339.6777 	EXP 	unnamed TextStim: text = 'My thoughts were focused on an external task or activity:'
339.6777 	EXP 	unnamed TextStim: text = 'Completely'
339.6777 	EXP 	unnamed TextStim: text = 'Not at all'
339.6944 	EXP 	unnamed TextStim: text = 'My thoughts were focused on an external task or activity:'
339.6944 	EXP 	unnamed TextStim: text = 'Completely'
339.6944 	EXP 	unnamed TextStim: text = 'Not at all'
339.7112 	EXP 	unnamed TextStim: text = 'My thoughts were focused on an external task or activity:'
339.7112 	EXP 	unnamed TextStim: text = 'Completely'
339.7112 	EXP 	unnamed TextStim: text = 'Not at all'
339.7277 	EXP 	unnamed TextStim: text = 'My thoughts were focused on an external task or activity:'
339.7277 	EXP 	unnamed TextStim: text = 'Completely'
339.7277 	EXP 	unnamed TextStim: text = 'Not at all'
339.7444 	EXP 	unnamed TextStim: text = 'My thoughts were focused on an external task or activity:'
339.7444 	EXP 	unnamed TextStim: text = 'Completely'
339.7444 	EXP 	unnamed TextStim: text = 'Not at all'
339.7610 	EXP 	unnamed TextStim: text = 'My thoughts were focused on an external task or activity:'
339.7610 	EXP 	unnamed TextStim: text = 'Completely'
339.7610 	EXP 	unnamed TextStim: text = 'Not at all'
339.7777 	EXP 	unnamed TextStim: text = 'My thoughts were focused on an external task or activity:'
339.7777 	EXP 	unnamed TextStim: text = 'Completely'
339.7777 	EXP 	unnamed TextStim: text = 'Not at all'
339.7944 	EXP 	unnamed TextStim: text = 'My thoughts were focused on an external task or activity:'
339.7944 	EXP 	unnamed TextStim: text = 'Completely'
339.7944 	EXP 	unnamed TextStim: text = 'Not at all'
339.8111 	EXP 	unnamed TextStim: text = 'My thoughts were focused on an external task or activity:'
339.8111 	EXP 	unnamed TextStim: text = 'Completely'
339.8111 	EXP 	unnamed TextStim: text = 'Not at all'
339.8278 	EXP 	unnamed TextStim: text = 'My thoughts were focused on an external task or activity:'
339.8278 	EXP 	unnamed TextStim: text = 'Completely'
339.8278 	EXP 	unnamed TextStim: text = 'Not at all'
339.8445 	EXP 	unnamed TextStim: text = 'My thoughts were focused on an external task or activity:'
339.8445 	EXP 	unnamed TextStim: text = 'Completely'
339.8445 	EXP 	unnamed TextStim: text = 'Not at all'
339.8612 	EXP 	unnamed TextStim: text = 'My thoughts were focused on an external task or activity:'
339.8612 	EXP 	unnamed TextStim: text = 'Completely'
339.8612 	EXP 	unnamed TextStim: text = 'Not at all'
339.8778 	EXP 	unnamed TextStim: text = 'My thoughts were focused on an external task or activity:'
339.8778 	EXP 	unnamed TextStim: text = 'Completely'
339.8778 	EXP 	unnamed TextStim: text = 'Not at all'
339.8945 	EXP 	unnamed TextStim: text = 'My thoughts were focused on an external task or activity:'
339.8945 	EXP 	unnamed TextStim: text = 'Completely'
339.8945 	EXP 	unnamed TextStim: text = 'Not at all'
339.9111 	EXP 	unnamed TextStim: text = 'My thoughts were focused on an external task or activity:'
339.9111 	EXP 	unnamed TextStim: text = 'Completely'
339.9111 	EXP 	unnamed TextStim: text = 'Not at all'
339.9278 	EXP 	unnamed TextStim: text = 'My thoughts were focused on an external task or activity:'
339.9278 	EXP 	unnamed TextStim: text = 'Completely'
339.9278 	EXP 	unnamed TextStim: text = 'Not at all'
339.9445 	EXP 	unnamed TextStim: text = 'My thoughts were focused on an external task or activity:'
339.9445 	EXP 	unnamed TextStim: text = 'Completely'
339.9445 	EXP 	unnamed TextStim: text = 'Not at all'
339.9611 	EXP 	unnamed TextStim: text = 'My thoughts were focused on an external task or activity:'
339.9611 	EXP 	unnamed TextStim: text = 'Completely'
339.9611 	EXP 	unnamed TextStim: text = 'Not at all'
339.9778 	EXP 	unnamed TextStim: text = 'My thoughts were focused on an external task or activity:'
339.9778 	EXP 	unnamed TextStim: text = 'Completely'
339.9778 	EXP 	unnamed TextStim: text = 'Not at all'
339.9945 	EXP 	unnamed TextStim: text = 'My thoughts were focused on an external task or activity:'
339.9945 	EXP 	unnamed TextStim: text = 'Completely'
339.9945 	EXP 	unnamed TextStim: text = 'Not at all'
340.0111 	EXP 	unnamed TextStim: text = 'My thoughts were focused on an external task or activity:'
340.0111 	EXP 	unnamed TextStim: text = 'Completely'
340.0111 	EXP 	unnamed TextStim: text = 'Not at all'
340.0278 	EXP 	unnamed TextStim: text = 'My thoughts were focused on an external task or activity:'
340.0278 	EXP 	unnamed TextStim: text = 'Completely'
340.0278 	EXP 	unnamed TextStim: text = 'Not at all'
340.0445 	EXP 	unnamed TextStim: text = 'My thoughts were focused on an external task or activity:'
340.0445 	EXP 	unnamed TextStim: text = 'Completely'
340.0445 	EXP 	unnamed TextStim: text = 'Not at all'
340.0612 	EXP 	unnamed TextStim: text = 'My thoughts were focused on an external task or activity:'
340.0612 	EXP 	unnamed TextStim: text = 'Completely'
340.0612 	EXP 	unnamed TextStim: text = 'Not at all'
340.0778 	EXP 	unnamed TextStim: text = 'My thoughts were focused on an external task or activity:'
340.0778 	EXP 	unnamed TextStim: text = 'Completely'
340.0778 	EXP 	unnamed TextStim: text = 'Not at all'
340.0944 	EXP 	unnamed TextStim: text = 'My thoughts were focused on an external task or activity:'
340.0944 	EXP 	unnamed TextStim: text = 'Completely'
340.0944 	EXP 	unnamed TextStim: text = 'Not at all'
340.1111 	EXP 	unnamed TextStim: text = 'My thoughts were focused on an external task or activity:'
340.1111 	EXP 	unnamed TextStim: text = 'Completely'
340.1111 	EXP 	unnamed TextStim: text = 'Not at all'
340.1278 	EXP 	unnamed TextStim: text = 'My thoughts were focused on an external task or activity:'
340.1278 	EXP 	unnamed TextStim: text = 'Completely'
340.1278 	EXP 	unnamed TextStim: text = 'Not at all'
340.1444 	EXP 	unnamed TextStim: text = 'My thoughts were focused on an external task or activity:'
340.1444 	EXP 	unnamed TextStim: text = 'Completely'
340.1444 	EXP 	unnamed TextStim: text = 'Not at all'
340.1611 	EXP 	unnamed TextStim: text = 'My thoughts were focused on an external task or activity:'
340.1611 	EXP 	unnamed TextStim: text = 'Completely'
340.1611 	EXP 	unnamed TextStim: text = 'Not at all'
340.1778 	EXP 	unnamed TextStim: text = 'My thoughts were focused on an external task or activity:'
340.1778 	EXP 	unnamed TextStim: text = 'Completely'
340.1778 	EXP 	unnamed TextStim: text = 'Not at all'
340.1944 	EXP 	unnamed TextStim: text = 'My thoughts were focused on an external task or activity:'
340.1944 	EXP 	unnamed TextStim: text = 'Completely'
340.1944 	EXP 	unnamed TextStim: text = 'Not at all'
340.2111 	EXP 	unnamed TextStim: text = 'My thoughts were focused on an external task or activity:'
340.2111 	EXP 	unnamed TextStim: text = 'Completely'
340.2111 	EXP 	unnamed TextStim: text = 'Not at all'
340.2278 	EXP 	unnamed TextStim: text = 'My thoughts were focused on an external task or activity:'
340.2278 	EXP 	unnamed TextStim: text = 'Completely'
340.2278 	EXP 	unnamed TextStim: text = 'Not at all'
340.2444 	EXP 	unnamed TextStim: text = 'My thoughts were focused on an external task or activity:'
340.2444 	EXP 	unnamed TextStim: text = 'Completely'
340.2444 	EXP 	unnamed TextStim: text = 'Not at all'
340.2611 	EXP 	unnamed TextStim: text = 'My thoughts were focused on an external task or activity:'
340.2611 	EXP 	unnamed TextStim: text = 'Completely'
340.2611 	EXP 	unnamed TextStim: text = 'Not at all'
340.2778 	EXP 	unnamed TextStim: text = 'My thoughts were focused on an external task or activity:'
340.2778 	EXP 	unnamed TextStim: text = 'Completely'
340.2778 	EXP 	unnamed TextStim: text = 'Not at all'
340.2944 	EXP 	unnamed TextStim: text = 'My thoughts were focused on an external task or activity:'
340.2944 	EXP 	unnamed TextStim: text = 'Completely'
340.2944 	EXP 	unnamed TextStim: text = 'Not at all'
340.3111 	EXP 	unnamed TextStim: text = 'My thoughts were focused on an external task or activity:'
340.3111 	EXP 	unnamed TextStim: text = 'Completely'
340.3111 	EXP 	unnamed TextStim: text = 'Not at all'
340.3278 	EXP 	unnamed TextStim: text = 'My thoughts were focused on an external task or activity:'
340.3278 	EXP 	unnamed TextStim: text = 'Completely'
340.3278 	EXP 	unnamed TextStim: text = 'Not at all'
340.3444 	EXP 	unnamed TextStim: text = 'My thoughts were focused on an external task or activity:'
340.3444 	EXP 	unnamed TextStim: text = 'Completely'
340.3444 	EXP 	unnamed TextStim: text = 'Not at all'
340.3611 	EXP 	unnamed TextStim: text = 'My thoughts were focused on an external task or activity:'
340.3611 	EXP 	unnamed TextStim: text = 'Completely'
340.3611 	EXP 	unnamed TextStim: text = 'Not at all'
340.3777 	EXP 	unnamed TextStim: text = 'My thoughts were focused on an external task or activity:'
340.3777 	EXP 	unnamed TextStim: text = 'Completely'
340.3777 	EXP 	unnamed TextStim: text = 'Not at all'
340.3944 	EXP 	unnamed TextStim: text = 'My thoughts were focused on an external task or activity:'
340.3944 	EXP 	unnamed TextStim: text = 'Completely'
340.3944 	EXP 	unnamed TextStim: text = 'Not at all'
340.4111 	EXP 	unnamed TextStim: text = 'My thoughts were focused on an external task or activity:'
340.4111 	EXP 	unnamed TextStim: text = 'Completely'
340.4111 	EXP 	unnamed TextStim: text = 'Not at all'
340.4277 	EXP 	unnamed TextStim: text = 'My thoughts were focused on an external task or activity:'
340.4277 	EXP 	unnamed TextStim: text = 'Completely'
340.4277 	EXP 	unnamed TextStim: text = 'Not at all'
340.4444 	EXP 	unnamed TextStim: text = 'My thoughts were focused on an external task or activity:'
340.4444 	EXP 	unnamed TextStim: text = 'Completely'
340.4444 	EXP 	unnamed TextStim: text = 'Not at all'
340.4611 	EXP 	unnamed TextStim: text = 'My thoughts were focused on an external task or activity:'
340.4611 	EXP 	unnamed TextStim: text = 'Completely'
340.4611 	EXP 	unnamed TextStim: text = 'Not at all'
340.4777 	EXP 	unnamed TextStim: text = 'My thoughts were focused on an external task or activity:'
340.4777 	EXP 	unnamed TextStim: text = 'Completely'
340.4777 	EXP 	unnamed TextStim: text = 'Not at all'
340.4945 	EXP 	unnamed TextStim: text = 'My thoughts were focused on an external task or activity:'
340.4945 	EXP 	unnamed TextStim: text = 'Completely'
340.4945 	EXP 	unnamed TextStim: text = 'Not at all'
340.5111 	EXP 	unnamed TextStim: text = 'My thoughts were focused on an external task or activity:'
340.5111 	EXP 	unnamed TextStim: text = 'Completely'
340.5111 	EXP 	unnamed TextStim: text = 'Not at all'
340.5278 	EXP 	unnamed TextStim: text = 'My thoughts were focused on an external task or activity:'
340.5278 	EXP 	unnamed TextStim: text = 'Completely'
340.5278 	EXP 	unnamed TextStim: text = 'Not at all'
340.5444 	EXP 	unnamed TextStim: text = 'My thoughts were focused on an external task or activity:'
340.5444 	EXP 	unnamed TextStim: text = 'Completely'
340.5444 	EXP 	unnamed TextStim: text = 'Not at all'
340.5611 	EXP 	unnamed TextStim: text = 'My thoughts were focused on an external task or activity:'
340.5611 	EXP 	unnamed TextStim: text = 'Completely'
340.5611 	EXP 	unnamed TextStim: text = 'Not at all'
340.5778 	EXP 	unnamed TextStim: text = 'My thoughts were focused on an external task or activity:'
340.5778 	EXP 	unnamed TextStim: text = 'Completely'
340.5778 	EXP 	unnamed TextStim: text = 'Not at all'
340.5944 	EXP 	unnamed TextStim: text = 'My thoughts were focused on an external task or activity:'
340.5944 	EXP 	unnamed TextStim: text = 'Completely'
340.5944 	EXP 	unnamed TextStim: text = 'Not at all'
340.6111 	EXP 	unnamed TextStim: text = 'My thoughts were focused on an external task or activity:'
340.6111 	EXP 	unnamed TextStim: text = 'Completely'
340.6111 	EXP 	unnamed TextStim: text = 'Not at all'
340.6277 	EXP 	unnamed TextStim: text = 'My thoughts were focused on an external task or activity:'
340.6277 	EXP 	unnamed TextStim: text = 'Completely'
340.6277 	EXP 	unnamed TextStim: text = 'Not at all'
340.6364 	DATA 	Keypress: return
340.6365 	DATA 	RatingScale unnamed RatingScale: (key response) rating=7.599999999999991
340.6366 	DATA 	RatingScale unnamed RatingScale: rating RT=2.208
340.6366 	DATA 	RatingScale unnamed RatingScale: history=[(4, 0.0), (5.0, 1.191), (5.1, 1.211), (5.199999999999999, 1.226), (5.299999999999999, 1.243), (5.399999999999999, 1.26), (5.499999999999998, 1.275), (5.599999999999998, 1.293), (5.6999999999999975, 1.31), (5.799999999999997, 1.326), (5.899999999999997, 1.343), (5.9999999999999964, 1.36), (6.099999999999996, 1.375), (6.199999999999996, 1.392), (6.299999999999995, 1.409), (6.399999999999995, 1.426), (6.499999999999995, 1.442), (6.599999999999994, 1.459), (6.699999999999994, 1.476), (6.799999999999994, 1.493), (6.899999999999993, 1.509), (6.999999999999993, 1.526), (7.0999999999999925, 1.542), (7.199999999999992, 1.559), (7.299999999999992, 1.576), (7.3999999999999915, 1.592), (7.499999999999991, 1.609), (7.599999999999991, 1.626), (7.599999999999991, 2.208)]
340.6444 	EXP 	unnamed TextStim: text = 'My thoughts were focused on an external task or activity:'
340.6444 	EXP 	unnamed TextStim: text = 'Completely'
340.6444 	EXP 	unnamed TextStim: text = 'Not at all'
341.6449 	EXP 	New trial (rep=0, index=1): OrderedDict([('Questions', 'My thoughts involved future events:'), ('Label', 'Future'), ('Scale_low', 'Not at all'), ('Scale_high', 'Completely')])
341.6772 	EXP 	unnamed TextStim: text = 'My thoughts involved future events:'
341.6772 	EXP 	unnamed TextStim: text = 'Completely'
341.6772 	EXP 	unnamed TextStim: text = 'Not at all'
341.6946 	EXP 	unnamed TextStim: text = 'My thoughts involved future events:'
341.6946 	EXP 	unnamed TextStim: text = 'Completely'
341.6946 	EXP 	unnamed TextStim: text = 'Not at all'
341.7111 	EXP 	unnamed TextStim: text = 'My thoughts involved future events:'
341.7111 	EXP 	unnamed TextStim: text = 'Completely'
341.7111 	EXP 	unnamed TextStim: text = 'Not at all'
341.7278 	EXP 	unnamed TextStim: text = 'My thoughts involved future events:'
341.7278 	EXP 	unnamed TextStim: text = 'Completely'
341.7278 	EXP 	unnamed TextStim: text = 'Not at all'
341.7444 	EXP 	unnamed TextStim: text = 'My thoughts involved future events:'
341.7444 	EXP 	unnamed TextStim: text = 'Completely'
341.7444 	EXP 	unnamed TextStim: text = 'Not at all'
341.7612 	EXP 	unnamed TextStim: text = 'My thoughts involved future events:'
341.7612 	EXP 	unnamed TextStim: text = 'Completely'
341.7612 	EXP 	unnamed TextStim: text = 'Not at all'
341.7844 	EXP 	unnamed TextStim: text = 'My thoughts involved future events:'
341.7844 	EXP 	unnamed TextStim: text = 'Completely'
341.7844 	EXP 	unnamed TextStim: text = 'Not at all'
341.8231 	EXP 	unnamed TextStim: text = 'My thoughts involved future events:'
341.8231 	EXP 	unnamed TextStim: text = 'Completely'
341.8231 	EXP 	unnamed TextStim: text = 'Not at all'
341.8449 	EXP 	unnamed TextStim: text = 'My thoughts involved future events:'
341.8449 	EXP 	unnamed TextStim: text = 'Completely'
341.8449 	EXP 	unnamed TextStim: text = 'Not at all'
341.8628 	EXP 	unnamed TextStim: text = 'My thoughts involved future events:'
341.8628 	EXP 	unnamed TextStim: text = 'Completely'
341.8628 	EXP 	unnamed TextStim: text = 'Not at all'
341.8795 	EXP 	unnamed TextStim: text = 'My thoughts involved future events:'
341.8795 	EXP 	unnamed TextStim: text = 'Completely'
341.8795 	EXP 	unnamed TextStim: text = 'Not at all'
341.8962 	EXP 	unnamed TextStim: text = 'My thoughts involved future events:'
341.8962 	EXP 	unnamed TextStim: text = 'Completely'
341.8962 	EXP 	unnamed TextStim: text = 'Not at all'
341.9129 	EXP 	unnamed TextStim: text = 'My thoughts involved future events:'
341.9129 	EXP 	unnamed TextStim: text = 'Completely'
341.9129 	EXP 	unnamed TextStim: text = 'Not at all'
341.9295 	EXP 	unnamed TextStim: text = 'My thoughts involved future events:'
341.9295 	EXP 	unnamed TextStim: text = 'Completely'
341.9295 	EXP 	unnamed TextStim: text = 'Not at all'
341.9462 	EXP 	unnamed TextStim: text = 'My thoughts involved future events:'
341.9462 	EXP 	unnamed TextStim: text = 'Completely'
341.9462 	EXP 	unnamed TextStim: text = 'Not at all'
341.9628 	EXP 	unnamed TextStim: text = 'My thoughts involved future events:'
341.9628 	EXP 	unnamed TextStim: text = 'Completely'
341.9628 	EXP 	unnamed TextStim: text = 'Not at all'
341.9795 	EXP 	unnamed TextStim: text = 'My thoughts involved future events:'
341.9795 	EXP 	unnamed TextStim: text = 'Completely'
341.9795 	EXP 	unnamed TextStim: text = 'Not at all'
341.9962 	EXP 	unnamed TextStim: text = 'My thoughts involved future events:'
341.9962 	EXP 	unnamed TextStim: text = 'Completely'
341.9962 	EXP 	unnamed TextStim: text = 'Not at all'
342.0128 	EXP 	unnamed TextStim: text = 'My thoughts involved future events:'
342.0128 	EXP 	unnamed TextStim: text = 'Completely'
342.0128 	EXP 	unnamed TextStim: text = 'Not at all'
342.0295 	EXP 	unnamed TextStim: text = 'My thoughts involved future events:'
342.0295 	EXP 	unnamed TextStim: text = 'Completely'
342.0295 	EXP 	unnamed TextStim: text = 'Not at all'
342.0462 	EXP 	unnamed TextStim: text = 'My thoughts involved future events:'
342.0462 	EXP 	unnamed TextStim: text = 'Completely'
342.0462 	EXP 	unnamed TextStim: text = 'Not at all'
342.0628 	EXP 	unnamed TextStim: text = 'My thoughts involved future events:'
342.0628 	EXP 	unnamed TextStim: text = 'Completely'
342.0628 	EXP 	unnamed TextStim: text = 'Not at all'
342.0795 	EXP 	unnamed TextStim: text = 'My thoughts involved future events:'
342.0795 	EXP 	unnamed TextStim: text = 'Completely'
342.0795 	EXP 	unnamed TextStim: text = 'Not at all'
342.0962 	EXP 	unnamed TextStim: text = 'My thoughts involved future events:'
342.0962 	EXP 	unnamed TextStim: text = 'Completely'
342.0962 	EXP 	unnamed TextStim: text = 'Not at all'
342.1128 	EXP 	unnamed TextStim: text = 'My thoughts involved future events:'
342.1128 	EXP 	unnamed TextStim: text = 'Completely'
342.1128 	EXP 	unnamed TextStim: text = 'Not at all'
342.1295 	EXP 	unnamed TextStim: text = 'My thoughts involved future events:'
342.1295 	EXP 	unnamed TextStim: text = 'Completely'
342.1295 	EXP 	unnamed TextStim: text = 'Not at all'
342.1462 	EXP 	unnamed TextStim: text = 'My thoughts involved future events:'
342.1462 	EXP 	unnamed TextStim: text = 'Completely'
342.1462 	EXP 	unnamed TextStim: text = 'Not at all'
342.1628 	EXP 	unnamed TextStim: text = 'My thoughts involved future events:'
342.1628 	EXP 	unnamed TextStim: text = 'Completely'
342.1628 	EXP 	unnamed TextStim: text = 'Not at all'
342.1795 	EXP 	unnamed TextStim: text = 'My thoughts involved future events:'
342.1795 	EXP 	unnamed TextStim: text = 'Completely'
342.1795 	EXP 	unnamed TextStim: text = 'Not at all'
342.1962 	EXP 	unnamed TextStim: text = 'My thoughts involved future events:'
342.1962 	EXP 	unnamed TextStim: text = 'Completely'
342.1962 	EXP 	unnamed TextStim: text = 'Not at all'
342.2128 	EXP 	unnamed TextStim: text = 'My thoughts involved future events:'
342.2128 	EXP 	unnamed TextStim: text = 'Completely'
342.2128 	EXP 	unnamed TextStim: text = 'Not at all'
342.2295 	EXP 	unnamed TextStim: text = 'My thoughts involved future events:'
342.2295 	EXP 	unnamed TextStim: text = 'Completely'
342.2295 	EXP 	unnamed TextStim: text = 'Not at all'
342.2462 	EXP 	unnamed TextStim: text = 'My thoughts involved future events:'
342.2462 	EXP 	unnamed TextStim: text = 'Completely'
342.2462 	EXP 	unnamed TextStim: text = 'Not at all'
342.2628 	EXP 	unnamed TextStim: text = 'My thoughts involved future events:'
342.2628 	EXP 	unnamed TextStim: text = 'Completely'
342.2628 	EXP 	unnamed TextStim: text = 'Not at all'
342.2795 	EXP 	unnamed TextStim: text = 'My thoughts involved future events:'
342.2795 	EXP 	unnamed TextStim: text = 'Completely'
342.2795 	EXP 	unnamed TextStim: text = 'Not at all'
342.2962 	EXP 	unnamed TextStim: text = 'My thoughts involved future events:'
342.2962 	EXP 	unnamed TextStim: text = 'Completely'
342.2962 	EXP 	unnamed TextStim: text = 'Not at all'
342.3128 	EXP 	unnamed TextStim: text = 'My thoughts involved future events:'
342.3128 	EXP 	unnamed TextStim: text = 'Completely'
342.3128 	EXP 	unnamed TextStim: text = 'Not at all'
342.3295 	EXP 	unnamed TextStim: text = 'My thoughts involved future events:'
342.3295 	EXP 	unnamed TextStim: text = 'Completely'
342.3295 	EXP 	unnamed TextStim: text = 'Not at all'
342.3462 	EXP 	unnamed TextStim: text = 'My thoughts involved future events:'
342.3462 	EXP 	unnamed TextStim: text = 'Completely'
342.3462 	EXP 	unnamed TextStim: text = 'Not at all'
342.3628 	EXP 	unnamed TextStim: text = 'My thoughts involved future events:'
342.3628 	EXP 	unnamed TextStim: text = 'Completely'
342.3628 	EXP 	unnamed TextStim: text = 'Not at all'
342.3795 	EXP 	unnamed TextStim: text = 'My thoughts involved future events:'
342.3795 	EXP 	unnamed TextStim: text = 'Completely'
342.3795 	EXP 	unnamed TextStim: text = 'Not at all'
342.3962 	EXP 	unnamed TextStim: text = 'My thoughts involved future events:'
342.3962 	EXP 	unnamed TextStim: text = 'Completely'
342.3962 	EXP 	unnamed TextStim: text = 'Not at all'
342.4128 	EXP 	unnamed TextStim: text = 'My thoughts involved future events:'
342.4128 	EXP 	unnamed TextStim: text = 'Completely'
342.4128 	EXP 	unnamed TextStim: text = 'Not at all'
342.4295 	EXP 	unnamed TextStim: text = 'My thoughts involved future events:'
342.4295 	EXP 	unnamed TextStim: text = 'Completely'
342.4295 	EXP 	unnamed TextStim: text = 'Not at all'
342.4462 	EXP 	unnamed TextStim: text = 'My thoughts involved future events:'
342.4462 	EXP 	unnamed TextStim: text = 'Completely'
342.4462 	EXP 	unnamed TextStim: text = 'Not at all'
342.4628 	EXP 	unnamed TextStim: text = 'My thoughts involved future events:'
342.4628 	EXP 	unnamed TextStim: text = 'Completely'
342.4628 	EXP 	unnamed TextStim: text = 'Not at all'
342.4795 	EXP 	unnamed TextStim: text = 'My thoughts involved future events:'
342.4795 	EXP 	unnamed TextStim: text = 'Completely'
342.4795 	EXP 	unnamed TextStim: text = 'Not at all'
342.4961 	EXP 	unnamed TextStim: text = 'My thoughts involved future events:'
342.4961 	EXP 	unnamed TextStim: text = 'Completely'
342.4961 	EXP 	unnamed TextStim: text = 'Not at all'
342.5128 	EXP 	unnamed TextStim: text = 'My thoughts involved future events:'
342.5128 	EXP 	unnamed TextStim: text = 'Completely'
342.5128 	EXP 	unnamed TextStim: text = 'Not at all'
342.5295 	EXP 	unnamed TextStim: text = 'My thoughts involved future events:'
342.5295 	EXP 	unnamed TextStim: text = 'Completely'
342.5295 	EXP 	unnamed TextStim: text = 'Not at all'
342.5462 	EXP 	unnamed TextStim: text = 'My thoughts involved future events:'
342.5462 	EXP 	unnamed TextStim: text = 'Completely'
342.5462 	EXP 	unnamed TextStim: text = 'Not at all'
342.5628 	EXP 	unnamed TextStim: text = 'My thoughts involved future events:'
342.5628 	EXP 	unnamed TextStim: text = 'Completely'
342.5628 	EXP 	unnamed TextStim: text = 'Not at all'
342.5795 	EXP 	unnamed TextStim: text = 'My thoughts involved future events:'
342.5795 	EXP 	unnamed TextStim: text = 'Completely'
342.5795 	EXP 	unnamed TextStim: text = 'Not at all'
342.5961 	EXP 	unnamed TextStim: text = 'My thoughts involved future events:'
342.5961 	EXP 	unnamed TextStim: text = 'Completely'
342.5961 	EXP 	unnamed TextStim: text = 'Not at all'
342.6128 	EXP 	unnamed TextStim: text = 'My thoughts involved future events:'
342.6128 	EXP 	unnamed TextStim: text = 'Completely'
342.6128 	EXP 	unnamed TextStim: text = 'Not at all'
342.6295 	EXP 	unnamed TextStim: text = 'My thoughts involved future events:'
342.6295 	EXP 	unnamed TextStim: text = 'Completely'
342.6295 	EXP 	unnamed TextStim: text = 'Not at all'
342.6461 	EXP 	unnamed TextStim: text = 'My thoughts involved future events:'
342.6461 	EXP 	unnamed TextStim: text = 'Completely'
342.6461 	EXP 	unnamed TextStim: text = 'Not at all'
342.6630 	EXP 	unnamed TextStim: text = 'My thoughts involved future events:'
342.6630 	EXP 	unnamed TextStim: text = 'Completely'
342.6630 	EXP 	unnamed TextStim: text = 'Not at all'
342.6717 	DATA 	Keypress: left
342.6795 	EXP 	unnamed TextStim: text = 'My thoughts involved future events:'
342.6795 	EXP 	unnamed TextStim: text = 'Completely'
342.6795 	EXP 	unnamed TextStim: text = 'Not at all'
342.6962 	EXP 	unnamed TextStim: text = 'My thoughts involved future events:'
342.6962 	EXP 	unnamed TextStim: text = 'Completely'
342.6962 	EXP 	unnamed TextStim: text = 'Not at all'
342.7128 	EXP 	unnamed TextStim: text = 'My thoughts involved future events:'
342.7128 	EXP 	unnamed TextStim: text = 'Completely'
342.7128 	EXP 	unnamed TextStim: text = 'Not at all'
342.7295 	EXP 	unnamed TextStim: text = 'My thoughts involved future events:'
342.7295 	EXP 	unnamed TextStim: text = 'Completely'
342.7295 	EXP 	unnamed TextStim: text = 'Not at all'
342.7462 	EXP 	unnamed TextStim: text = 'My thoughts involved future events:'
342.7462 	EXP 	unnamed TextStim: text = 'Completely'
342.7462 	EXP 	unnamed TextStim: text = 'Not at all'
342.7628 	EXP 	unnamed TextStim: text = 'My thoughts involved future events:'
342.7628 	EXP 	unnamed TextStim: text = 'Completely'
342.7628 	EXP 	unnamed TextStim: text = 'Not at all'
342.7795 	EXP 	unnamed TextStim: text = 'My thoughts involved future events:'
342.7795 	EXP 	unnamed TextStim: text = 'Completely'
342.7795 	EXP 	unnamed TextStim: text = 'Not at all'
342.7962 	EXP 	unnamed TextStim: text = 'My thoughts involved future events:'
342.7962 	EXP 	unnamed TextStim: text = 'Completely'
342.7962 	EXP 	unnamed TextStim: text = 'Not at all'
342.8128 	EXP 	unnamed TextStim: text = 'My thoughts involved future events:'
342.8128 	EXP 	unnamed TextStim: text = 'Completely'
342.8128 	EXP 	unnamed TextStim: text = 'Not at all'
342.8295 	EXP 	unnamed TextStim: text = 'My thoughts involved future events:'
342.8295 	EXP 	unnamed TextStim: text = 'Completely'
342.8295 	EXP 	unnamed TextStim: text = 'Not at all'
342.8464 	EXP 	unnamed TextStim: text = 'My thoughts involved future events:'
342.8464 	EXP 	unnamed TextStim: text = 'Completely'
342.8464 	EXP 	unnamed TextStim: text = 'Not at all'
342.8628 	EXP 	unnamed TextStim: text = 'My thoughts involved future events:'
342.8628 	EXP 	unnamed TextStim: text = 'Completely'
342.8628 	EXP 	unnamed TextStim: text = 'Not at all'
342.8795 	EXP 	unnamed TextStim: text = 'My thoughts involved future events:'
342.8795 	EXP 	unnamed TextStim: text = 'Completely'
342.8795 	EXP 	unnamed TextStim: text = 'Not at all'
342.8962 	EXP 	unnamed TextStim: text = 'My thoughts involved future events:'
342.8962 	EXP 	unnamed TextStim: text = 'Completely'
342.8962 	EXP 	unnamed TextStim: text = 'Not at all'
342.9129 	EXP 	unnamed TextStim: text = 'My thoughts involved future events:'
342.9129 	EXP 	unnamed TextStim: text = 'Completely'
342.9129 	EXP 	unnamed TextStim: text = 'Not at all'
342.9295 	EXP 	unnamed TextStim: text = 'My thoughts involved future events:'
342.9295 	EXP 	unnamed TextStim: text = 'Completely'
342.9295 	EXP 	unnamed TextStim: text = 'Not at all'
342.9461 	EXP 	unnamed TextStim: text = 'My thoughts involved future events:'
342.9461 	EXP 	unnamed TextStim: text = 'Completely'
342.9461 	EXP 	unnamed TextStim: text = 'Not at all'
342.9628 	EXP 	unnamed TextStim: text = 'My thoughts involved future events:'
342.9628 	EXP 	unnamed TextStim: text = 'Completely'
342.9628 	EXP 	unnamed TextStim: text = 'Not at all'
342.9795 	EXP 	unnamed TextStim: text = 'My thoughts involved future events:'
342.9795 	EXP 	unnamed TextStim: text = 'Completely'
342.9795 	EXP 	unnamed TextStim: text = 'Not at all'
342.9961 	EXP 	unnamed TextStim: text = 'My thoughts involved future events:'
342.9961 	EXP 	unnamed TextStim: text = 'Completely'
342.9961 	EXP 	unnamed TextStim: text = 'Not at all'
343.0129 	EXP 	unnamed TextStim: text = 'My thoughts involved future events:'
343.0129 	EXP 	unnamed TextStim: text = 'Completely'
343.0129 	EXP 	unnamed TextStim: text = 'Not at all'
343.0295 	EXP 	unnamed TextStim: text = 'My thoughts involved future events:'
343.0295 	EXP 	unnamed TextStim: text = 'Completely'
343.0295 	EXP 	unnamed TextStim: text = 'Not at all'
343.0462 	EXP 	unnamed TextStim: text = 'My thoughts involved future events:'
343.0462 	EXP 	unnamed TextStim: text = 'Completely'
343.0462 	EXP 	unnamed TextStim: text = 'Not at all'
343.0628 	EXP 	unnamed TextStim: text = 'My thoughts involved future events:'
343.0628 	EXP 	unnamed TextStim: text = 'Completely'
343.0628 	EXP 	unnamed TextStim: text = 'Not at all'
343.0795 	EXP 	unnamed TextStim: text = 'My thoughts involved future events:'
343.0795 	EXP 	unnamed TextStim: text = 'Completely'
343.0795 	EXP 	unnamed TextStim: text = 'Not at all'
343.0961 	EXP 	unnamed TextStim: text = 'My thoughts involved future events:'
343.0961 	EXP 	unnamed TextStim: text = 'Completely'
343.0961 	EXP 	unnamed TextStim: text = 'Not at all'
343.1128 	EXP 	unnamed TextStim: text = 'My thoughts involved future events:'
343.1128 	EXP 	unnamed TextStim: text = 'Completely'
343.1128 	EXP 	unnamed TextStim: text = 'Not at all'
343.1295 	EXP 	unnamed TextStim: text = 'My thoughts involved future events:'
343.1295 	EXP 	unnamed TextStim: text = 'Completely'
343.1295 	EXP 	unnamed TextStim: text = 'Not at all'
343.1462 	EXP 	unnamed TextStim: text = 'My thoughts involved future events:'
343.1462 	EXP 	unnamed TextStim: text = 'Completely'
343.1462 	EXP 	unnamed TextStim: text = 'Not at all'
343.1628 	EXP 	unnamed TextStim: text = 'My thoughts involved future events:'
343.1628 	EXP 	unnamed TextStim: text = 'Completely'
343.1628 	EXP 	unnamed TextStim: text = 'Not at all'
343.1795 	EXP 	unnamed TextStim: text = 'My thoughts involved future events:'
343.1795 	EXP 	unnamed TextStim: text = 'Completely'
343.1795 	EXP 	unnamed TextStim: text = 'Not at all'
343.1962 	EXP 	unnamed TextStim: text = 'My thoughts involved future events:'
343.1962 	EXP 	unnamed TextStim: text = 'Completely'
343.1962 	EXP 	unnamed TextStim: text = 'Not at all'
343.2128 	EXP 	unnamed TextStim: text = 'My thoughts involved future events:'
343.2128 	EXP 	unnamed TextStim: text = 'Completely'
343.2128 	EXP 	unnamed TextStim: text = 'Not at all'
343.2295 	EXP 	unnamed TextStim: text = 'My thoughts involved future events:'
343.2295 	EXP 	unnamed TextStim: text = 'Completely'
343.2295 	EXP 	unnamed TextStim: text = 'Not at all'
343.2462 	EXP 	unnamed TextStim: text = 'My thoughts involved future events:'
343.2462 	EXP 	unnamed TextStim: text = 'Completely'
343.2462 	EXP 	unnamed TextStim: text = 'Not at all'
343.2629 	EXP 	unnamed TextStim: text = 'My thoughts involved future events:'
343.2629 	EXP 	unnamed TextStim: text = 'Completely'
343.2629 	EXP 	unnamed TextStim: text = 'Not at all'
343.2795 	EXP 	unnamed TextStim: text = 'My thoughts involved future events:'
343.2795 	EXP 	unnamed TextStim: text = 'Completely'
343.2795 	EXP 	unnamed TextStim: text = 'Not at all'
343.2961 	EXP 	unnamed TextStim: text = 'My thoughts involved future events:'
343.2961 	EXP 	unnamed TextStim: text = 'Completely'
343.2961 	EXP 	unnamed TextStim: text = 'Not at all'
343.3128 	EXP 	unnamed TextStim: text = 'My thoughts involved future events:'
343.3128 	EXP 	unnamed TextStim: text = 'Completely'
343.3128 	EXP 	unnamed TextStim: text = 'Not at all'
343.3295 	EXP 	unnamed TextStim: text = 'My thoughts involved future events:'
343.3295 	EXP 	unnamed TextStim: text = 'Completely'
343.3295 	EXP 	unnamed TextStim: text = 'Not at all'
343.3461 	EXP 	unnamed TextStim: text = 'My thoughts involved future events:'
343.3461 	EXP 	unnamed TextStim: text = 'Completely'
343.3461 	EXP 	unnamed TextStim: text = 'Not at all'
343.3628 	EXP 	unnamed TextStim: text = 'My thoughts involved future events:'
343.3628 	EXP 	unnamed TextStim: text = 'Completely'
343.3628 	EXP 	unnamed TextStim: text = 'Not at all'
343.3795 	EXP 	unnamed TextStim: text = 'My thoughts involved future events:'
343.3795 	EXP 	unnamed TextStim: text = 'Completely'
343.3795 	EXP 	unnamed TextStim: text = 'Not at all'
343.3961 	EXP 	unnamed TextStim: text = 'My thoughts involved future events:'
343.3961 	EXP 	unnamed TextStim: text = 'Completely'
343.3961 	EXP 	unnamed TextStim: text = 'Not at all'
343.4128 	EXP 	unnamed TextStim: text = 'My thoughts involved future events:'
343.4128 	EXP 	unnamed TextStim: text = 'Completely'
343.4128 	EXP 	unnamed TextStim: text = 'Not at all'
343.4295 	EXP 	unnamed TextStim: text = 'My thoughts involved future events:'
343.4295 	EXP 	unnamed TextStim: text = 'Completely'
343.4295 	EXP 	unnamed TextStim: text = 'Not at all'
343.4461 	EXP 	unnamed TextStim: text = 'My thoughts involved future events:'
343.4461 	EXP 	unnamed TextStim: text = 'Completely'
343.4461 	EXP 	unnamed TextStim: text = 'Not at all'
343.4628 	EXP 	unnamed TextStim: text = 'My thoughts involved future events:'
343.4628 	EXP 	unnamed TextStim: text = 'Completely'
343.4628 	EXP 	unnamed TextStim: text = 'Not at all'
343.4794 	EXP 	unnamed TextStim: text = 'My thoughts involved future events:'
343.4794 	EXP 	unnamed TextStim: text = 'Completely'
343.4794 	EXP 	unnamed TextStim: text = 'Not at all'
343.4961 	EXP 	unnamed TextStim: text = 'My thoughts involved future events:'
343.4961 	EXP 	unnamed TextStim: text = 'Completely'
343.4961 	EXP 	unnamed TextStim: text = 'Not at all'
343.5128 	EXP 	unnamed TextStim: text = 'My thoughts involved future events:'
343.5128 	EXP 	unnamed TextStim: text = 'Completely'
343.5128 	EXP 	unnamed TextStim: text = 'Not at all'
343.5295 	EXP 	unnamed TextStim: text = 'My thoughts involved future events:'
343.5295 	EXP 	unnamed TextStim: text = 'Completely'
343.5295 	EXP 	unnamed TextStim: text = 'Not at all'
343.5461 	EXP 	unnamed TextStim: text = 'My thoughts involved future events:'
343.5461 	EXP 	unnamed TextStim: text = 'Completely'
343.5461 	EXP 	unnamed TextStim: text = 'Not at all'
343.5546 	DATA 	Keypress: return
343.5547 	DATA 	RatingScale unnamed RatingScale: (key response) rating=3.5000000000000058
343.5628 	EXP 	unnamed TextStim: text = 'My thoughts involved future events:'
343.5628 	EXP 	unnamed TextStim: text = 'Completely'
343.5628 	EXP 	unnamed TextStim: text = 'Not at all'
344.6022 	EXP 	Created instruction = TextStim(__class__=<class 'psychopy.visual.text.TextStim'>, alignHoriz=method-wrapper(...), alignText='center', alignVert=method-wrapper(...), anchorHoriz='center', anchorVert='center', antialias=True, autoLog=True, bold=False, color=array([-1., -1., -1.]), colorSpace='rgb', contrast=1.0, depth=0, flipHoriz=False, flipVert=False, font='sans', fontFiles=[], height=0.1, italic=False, languageStyle='LTR', name='instruction', opacity=1.0, ori=0.0, pos=array([0., 0.]), rgb=UNKNOWN, text='default text', units='norm', win=Window(...), wrapWidth=1)
344.6982 	EXP 	window1: mouseVisible = True
