1.5307 	WARNING 	Speech-to-text recognition module not available (use command `pip install SpeechRecognition` to get it. Transcription will be unavailable.
1.5997 	WARNING 	We strongly recommend you activate the PTB sound engine in PsychoPy prefs as the preferred audio engine. Its timing is vastly superior. Your prefs are currently set to use ['sounddevice', 'PTB', 'pyo', 'pygame'] (in that order).
1.6022 	WARNING 	Monitor specification not found. Creating a temporary one...
3.6858 	EXP 	window1: recordFrameIntervals = False
3.8317 	EXP 	window1: recordFrameIntervals = True
3.9073 	EXP 	window1: recordFrameIntervals = False
4.2203 	EXP 	Created memoryPrompt = TextStim(__class__=<class 'psychopy.visual.text.TextStim'>, alignHoriz=method-wrapper(...), alignText='center', alignVert=method-wrapper(...), anchorHoriz='center', anchorVert='center', antialias=True, autoLog=True, bold=False, color=array([-1., -1., -1.]), colorSpace='rgb', contrast=1.0, depth=0.0, flipHoriz=False, flipVert=False, font='Open Sans', fontFiles=[], height=0.1, italic=False, languageStyle='LTR', name='memoryPrompt', opacity=1, ori=0.0, pos=array([0., 0.]), rgb=UNKNOWN, text='', units='norm', win=Window(...), wrapWidth=1)
4.2360 	EXP 	Created text = TextStim(__class__=<class 'psychopy.visual.text.TextStim'>, alignHoriz=method-wrapper(...), alignText='center', alignVert=method-wrapper(...), anchorHoriz='center', anchorVert='center', antialias=True, autoLog=True, bold=False, color=array([-1., -1., -1.]), colorSpace='rgb', contrast=1.0, depth=0.0, flipHoriz=False, flipVert=False, font='Open Sans', fontFiles=[], height=0.1, italic=False, languageStyle='LTR', name='text', opacity=1, ori=0.0, pos=array([0., 0.]), rgb=UNKNOWN, text='', units='norm', win=Window(...), wrapWidth=1)
4.2364 	EXP 	Created sequence: random, trialTypes=1, nReps=2, seed=None
4.2365 	EXP 	New trial (rep=0, index=0): None
4.3938 	EXP 	memoryPrompt: text = 'Prompt One'
4.3938 	EXP 	memoryPrompt: autoDraw = True
7.0387 	DATA 	Keypress: lctrl
8.2477 	EXP 	memoryPrompt: autoDraw = False
8.2477 	EXP 	memoryPrompt: autoDraw = False
8.2477 	EXP 	text: autoDraw = True
12.2441 	EXP 	New trial (rep=1, index=0): None
12.2542 	EXP 	text: autoDraw = False
12.2542 	EXP 	text: autoDraw = False
12.2542 	EXP 	memoryPrompt: text = 'a a'
12.2542 	EXP 	memoryPrompt: autoDraw = True
13.1731 	DATA 	Mouse: Left button down, pos=(507,424)
13.2364 	DATA 	Mouse:  Left button up, pos=(507,424)
17.2542 	EXP 	memoryPrompt: autoDraw = False
17.2542 	EXP 	memoryPrompt: autoDraw = False
17.2542 	EXP 	text: autoDraw = True
21.8333 	EXP 	window1: mouseVisible = True
