64.8121 	WARNING 	Speech-to-text recognition module not available (use command `pip install SpeechRecognition` to get it. Transcription will be unavailable.
64.8396 	WARNING 	We strongly recommend you activate the PTB sound engine in PsychoPy prefs as the preferred audio engine. Its timing is vastly superior. Your prefs are currently set to use ['sounddevice', 'PTB', 'pyo', 'pygame'] (in that order).
64.8472 	WARNING 	Monitor specification not found. Creating a temporary one...
69.5533 	EXP 	window1: recordFrameIntervals = False
69.7149 	EXP 	window1: recordFrameIntervals = True
69.8964 	EXP 	window1: recordFrameIntervals = False
70.1035 	EXP 	Created memoryPrompt = TextStim(__class__=<class 'psychopy.visual.text.TextStim'>, alignHoriz=method-wrapper(...), alignText='center', alignVert=method-wrapper(...), anchorHoriz='center', anchorVert='center', antialias=True, autoLog=True, bold=False, color=array([-1., -1., -1.]), colorSpace='rgb', contrast=1.0, depth=0.0, flipHoriz=False, flipVert=False, font='Open Sans', fontFiles=[], height=0.1, italic=False, languageStyle='LTR', name='memoryPrompt', opacity=1, ori=0.0, pos=array([0., 0.]), rgb=UNKNOWN, text='', units='norm', win=Window(...), wrapWidth=1)
70.1542 	EXP 	Created text = TextStim(__class__=<class 'psychopy.visual.text.TextStim'>, alignHoriz=method-wrapper(...), alignText='center', alignVert=method-wrapper(...), anchorHoriz='center', anchorVert='center', antialias=True, autoLog=True, bold=False, color=array([-1., -1., -1.]), colorSpace='rgb', contrast=1.0, depth=0.0, flipHoriz=False, flipVert=False, font='Open Sans', fontFiles=[], height=0.1, italic=False, languageStyle='LTR', name='text', opacity=1, ori=0.0, pos=array([0., 0.]), rgb=UNKNOWN, text='+', units='norm', win=Window(...), wrapWidth=1)
70.1555 	EXP 	Created sequence: random, trialTypes=1, nReps=2, seed=None
70.1562 	EXP 	New trial (rep=0, index=0): None
70.2127 	EXP 	memoryPrompt: text = 'Prompt One'
70.2127 	EXP 	memoryPrompt: autoDraw = True
74.1793 	EXP 	memoryPrompt: autoDraw = False
74.1793 	EXP 	memoryPrompt: autoDraw = False
74.1793 	EXP 	text: autoDraw = True
78.1656 	EXP 	New trial (rep=1, index=0): None
78.1951 	EXP 	text: autoDraw = False
78.1951 	EXP 	text: autoDraw = False
78.1951 	EXP 	memoryPrompt: text = 'Last week'
78.1951 	EXP 	memoryPrompt: autoDraw = True
82.1789 	EXP 	memoryPrompt: autoDraw = False
82.1789 	EXP 	memoryPrompt: autoDraw = False
82.1789 	EXP 	text: autoDraw = True
86.1788 	EXP 	text: autoDraw = False
86.1788 	EXP 	text: autoDraw = False
