38.0831 	WARNING 	Speech-to-text recognition module not available (use command `pip install SpeechRecognition` to get it. Transcription will be unavailable.
38.1656 	WARNING 	We strongly recommend you activate the PTB sound engine in PsychoPy prefs as the preferred audio engine. Its timing is vastly superior. Your prefs are currently set to use ['sounddevice', 'PTB', 'pyo', 'pygame'] (in that order).
38.1702 	WARNING 	Monitor specification not found. Creating a temporary one...
44.0327 	EXP 	window1: recordFrameIntervals = False
44.2104 	EXP 	window1: recordFrameIntervals = True
44.2877 	EXP 	window1: recordFrameIntervals = False
44.7175 	EXP 	Created memoryPrompt = TextStim(__class__=<class 'psychopy.visual.text.TextStim'>, alignHoriz=method-wrapper(...), alignText='center', alignVert=method-wrapper(...), anchorHoriz='center', anchorVert='center', antialias=True, autoLog=True, bold=False, color=array([-1., -1., -1.]), colorSpace='rgb', contrast=1.0, depth=0.0, flipHoriz=False, flipVert=False, font='Open Sans', fontFiles=[], height=0.1, italic=False, languageStyle='LTR', name='memoryPrompt', opacity=1, ori=0.0, pos=array([0., 0.]), rgb=UNKNOWN, text='', units='norm', win=Window(...), wrapWidth=1)
44.7468 	EXP 	Created text = TextStim(__class__=<class 'psychopy.visual.text.TextStim'>, alignHoriz=method-wrapper(...), alignText='center', alignVert=method-wrapper(...), anchorHoriz='center', anchorVert='center', antialias=True, autoLog=True, bold=False, color=array([-1., -1., -1.]), colorSpace='rgb', contrast=1.0, depth=0.0, flipHoriz=False, flipVert=False, font='Open Sans', fontFiles=[], height=0.1, italic=False, languageStyle='LTR', name='text', opacity=1, ori=0.0, pos=array([0., 0.]), rgb=UNKNOWN, text='+', units='norm', win=Window(...), wrapWidth=1)
44.7487 	EXP 	Created sequence: random, trialTypes=1, nReps=2, seed=None
44.7491 	EXP 	New trial (rep=0, index=0): None
44.9029 	EXP 	memoryPrompt: text = 'Prompt One'
44.9029 	EXP 	memoryPrompt: autoDraw = True
49.7641 	EXP 	memoryPrompt: autoDraw = False
49.7641 	EXP 	memoryPrompt: autoDraw = False
49.7641 	EXP 	text: autoDraw = True
54.7643 	EXP 	New trial (rep=1, index=0): None
54.7848 	EXP 	text: autoDraw = False
54.7848 	EXP 	text: autoDraw = False
54.7848 	EXP 	memoryPrompt: text = 'Last week'
54.7848 	EXP 	memoryPrompt: autoDraw = True
58.7790 	EXP 	memoryPrompt: autoDraw = False
58.7790 	EXP 	memoryPrompt: autoDraw = False
58.7790 	EXP 	text: autoDraw = True
62.7801 	EXP 	text: autoDraw = False
62.7801 	EXP 	text: autoDraw = False
