64.9693 	WARNING 	Speech-to-text recognition module not available (use command `pip install SpeechRecognition` to get it. Transcription will be unavailable.
64.9961 	WARNING 	We strongly recommend you activate the PTB sound engine in PsychoPy prefs as the preferred audio engine. Its timing is vastly superior. Your prefs are currently set to use ['sounddevice', 'PTB', 'pyo', 'pygame'] (in that order).
65.0036 	WARNING 	Monitor specification not found. Creating a temporary one...
69.0909 	EXP 	window1: recordFrameIntervals = False
69.2586 	EXP 	window1: recordFrameIntervals = True
69.4393 	EXP 	window1: recordFrameIntervals = False
69.6424 	EXP 	Created memoryPrompt = TextStim(__class__=<class 'psychopy.visual.text.TextStim'>, alignHoriz=method-wrapper(...), alignText='center', alignVert=method-wrapper(...), anchorHoriz='center', anchorVert='center', antialias=True, autoLog=True, bold=False, color=array([-1., -1., -1.]), colorSpace='rgb', contrast=1.0, depth=0.0, flipHoriz=False, flipVert=False, font='Open Sans', fontFiles=[], height=0.1, italic=False, languageStyle='LTR', name='memoryPrompt', opacity=1, ori=0.0, pos=array([0., 0.]), rgb=UNKNOWN, text='', units='norm', win=Window(...), wrapWidth=1)
69.6933 	EXP 	Created text = TextStim(__class__=<class 'psychopy.visual.text.TextStim'>, alignHoriz=method-wrapper(...), alignText='center', alignVert=method-wrapper(...), anchorHoriz='center', anchorVert='center', antialias=True, autoLog=True, bold=False, color=array([-1., -1., -1.]), colorSpace='rgb', contrast=1.0, depth=0.0, flipHoriz=False, flipVert=False, font='Open Sans', fontFiles=[], height=0.1, italic=False, languageStyle='LTR', name='text', opacity=1, ori=0.0, pos=array([0., 0.]), rgb=UNKNOWN, text='+', units='norm', win=Window(...), wrapWidth=1)
69.6945 	EXP 	Created sequence: random, trialTypes=1, nReps=2, seed=None
69.6952 	EXP 	New trial (rep=0, index=0): None
69.7555 	EXP 	memoryPrompt: text = 'Prompt One'
69.7555 	EXP 	memoryPrompt: autoDraw = True
73.7056 	EXP 	memoryPrompt: autoDraw = False
73.7056 	EXP 	memoryPrompt: autoDraw = False
73.7056 	EXP 	text: autoDraw = True
77.6914 	EXP 	New trial (rep=1, index=0): None
77.7214 	EXP 	text: autoDraw = False
77.7214 	EXP 	text: autoDraw = False
77.7214 	EXP 	memoryPrompt: text = 'Last week'
77.7214 	EXP 	memoryPrompt: autoDraw = True
81.7052 	EXP 	memoryPrompt: autoDraw = False
81.7052 	EXP 	memoryPrompt: autoDraw = False
81.7052 	EXP 	text: autoDraw = True
85.7050 	EXP 	text: autoDraw = False
85.7050 	EXP 	text: autoDraw = False
85.7455 	EXP 	Created instruction = TextStim(__class__=<class 'psychopy.visual.text.TextStim'>, alignHoriz=method-wrapper(...), alignText='center', alignVert=method-wrapper(...), anchorHoriz='center', anchorVert='center', antialias=True, autoLog=True, bold=False, color=array([-1., -1., -1.]), colorSpace='rgb', contrast=1.0, depth=0, flipHoriz=False, flipVert=False, font='sans', fontFiles=[], height=0.1, italic=False, languageStyle='LTR', name='instruction', opacity=1.0, ori=0.0, pos=array([0., 0.]), rgb=UNKNOWN, text='default text', units='norm', win=Window(...), wrapWidth=1)
85.8720 	EXP 	instruction: text = '\nPlease answer the questions honestly.\n\nA list of descriptions and a rating scale ranging from 1 to 10 will be presented on the screen.\n\nPlease use the left and right arrow keys to select your answer, and the enter button to confirm.\n'
86.9381 	DATA 	Keypress: return
86.9952 	EXP 	Imported ./parameters/fixedQuestions.csv as conditions, 14 conditions, 4 params
86.9959 	EXP 	Created sequence: sequential, trialTypes=14, nReps=1, seed=None
87.2577 	EXP 	Imported ./parameters/questions.csv as conditions, 2 conditions, 4 params
87.2584 	EXP 	Created sequence: random, trialTypes=2, nReps=1, seed=None
87.2738 	WARNING 	RatingScale unnamed RatingScale: len(labels) not equal to len(tickMarks)
87.2739 	EXP 	window1: mouseVisible = True
87.3443 	EXP 	Created unnamed RatingScale = RatingScale(__class__=type(...), acceptKeys=['return'], acceptPreText=UNKNOWN, acceptSize=UNKNOWN, acceptText='accept?', autoLog=True, choices=False, colorSpace='rgb', depth=0, disappear=False, flipVert=False, high=10, kwargs=UNKNOWN, labels=list(...), leftKeys=['left'], lineColor='black', low=1, marker=ShapeStim(...), markerColor='black', markerExpansion=UNKNOWN, markerStart=4.5, maxTime=0.0, minTime=0.4, mouseOnly=False, name='unnamed RatingScale', noMouse=False, pos=[0.0, -0.4], precision=10, respKeys=[], rightKeys=['right'], scale=False, self=UNKNOWN, showAccept=True, showValue=True, singleClick=False, size=0.6, skipKeys=['tab'], stretch=1.0, textColor='black', textFont='Helvetica Bold', textSize=0.12, tickHeight=1.0, tickMarks=9.0, win=Window(...))
87.3488 	EXP 	Created unnamed TextStim = TextStim(__class__=<class 'psychopy.visual.text.TextStim'>, alignHoriz=method-wrapper(...), alignText='center', alignVert=method-wrapper(...), anchorHoriz='center', anchorVert='top', antialias=True, autoLog=True, bold=False, color=array([-1., -1., -1.]), colorSpace='rgb', contrast=1.0, depth=0, flipHoriz=False, flipVert=False, font='', fontFiles=[], height=0.1, italic=False, languageStyle='LTR', name='unnamed TextStim', opacity=1.0, ori=0.0, pos=array([0., 0.]), rgb=UNKNOWN, text='', units='norm', win=Window(...), wrapWidth=1)
87.3530 	EXP 	Created unnamed TextStim = TextStim(__class__=<class 'psychopy.visual.text.TextStim'>, alignHoriz=method-wrapper(...), alignText='center', alignVert=method-wrapper(...), anchorHoriz='center', anchorVert='center', antialias=True, autoLog=True, bold=False, color=array([-1., -1., -1.]), colorSpace='rgb', contrast=1.0, depth=0, flipHoriz=False, flipVert=False, font='', fontFiles=[], height=0.1, italic=False, languageStyle='LTR', name='unnamed TextStim', opacity=1.0, ori=0.0, pos=array([ 0.5, -0.5]), rgb=UNKNOWN, text='', units='norm', win=Window(...), wrapWidth=1)
87.3572 	EXP 	Created unnamed TextStim = TextStim(__class__=<class 'psychopy.visual.text.TextStim'>, alignHoriz=method-wrapper(...), alignText='center', alignVert=method-wrapper(...), anchorHoriz='center', anchorVert='center', antialias=True, autoLog=True, bold=False, color=array([-1., -1., -1.]), colorSpace='rgb', contrast=1.0, depth=0, flipHoriz=False, flipVert=False, font='', fontFiles=[], height=0.1, italic=False, languageStyle='LTR', name='unnamed TextStim', opacity=1.0, ori=0.0, pos=array([-0.5, -0.5]), rgb=UNKNOWN, text='', units='norm', win=Window(...), wrapWidth=1)
87.3576 	EXP 	New trial (rep=0, index=0): OrderedDict([('Questions', 'My thoughts were focused on an external task or activity:'), ('Label', 'Focus'), ('Scale_low', 'Not at all'), ('Scale_high', 'Completely')])
87.4547 	EXP 	unnamed RatingScale: flipVert = False
87.4547 	EXP 	unnamed RatingScale: autoLog = True
87.4547 	EXP 	unnamed TextStim: text = 'My thoughts were focused on an external task or activity:'
87.4547 	EXP 	unnamed TextStim: text = 'Completely'
87.4547 	EXP 	unnamed TextStim: text = 'Not at all'
87.4876 	EXP 	unnamed TextStim: text = 'My thoughts were focused on an external task or activity:'
87.4876 	EXP 	unnamed TextStim: text = 'Completely'
87.4876 	EXP 	unnamed TextStim: text = 'Not at all'
87.5209 	EXP 	unnamed TextStim: text = 'My thoughts were focused on an external task or activity:'
87.5209 	EXP 	unnamed TextStim: text = 'Completely'
87.5209 	EXP 	unnamed TextStim: text = 'Not at all'
87.5542 	EXP 	unnamed TextStim: text = 'My thoughts were focused on an external task or activity:'
87.5542 	EXP 	unnamed TextStim: text = 'Completely'
87.5542 	EXP 	unnamed TextStim: text = 'Not at all'
87.5875 	EXP 	unnamed TextStim: text = 'My thoughts were focused on an external task or activity:'
87.5875 	EXP 	unnamed TextStim: text = 'Completely'
87.5875 	EXP 	unnamed TextStim: text = 'Not at all'
87.6209 	EXP 	unnamed TextStim: text = 'My thoughts were focused on an external task or activity:'
87.6209 	EXP 	unnamed TextStim: text = 'Completely'
87.6209 	EXP 	unnamed TextStim: text = 'Not at all'
87.6542 	EXP 	unnamed TextStim: text = 'My thoughts were focused on an external task or activity:'
87.6542 	EXP 	unnamed TextStim: text = 'Completely'
87.6542 	EXP 	unnamed TextStim: text = 'Not at all'
87.6875 	EXP 	unnamed TextStim: text = 'My thoughts were focused on an external task or activity:'
87.6875 	EXP 	unnamed TextStim: text = 'Completely'
87.6875 	EXP 	unnamed TextStim: text = 'Not at all'
87.7269 	EXP 	unnamed TextStim: text = 'My thoughts were focused on an external task or activity:'
87.7269 	EXP 	unnamed TextStim: text = 'Completely'
87.7269 	EXP 	unnamed TextStim: text = 'Not at all'
87.7670 	EXP 	unnamed TextStim: text = 'My thoughts were focused on an external task or activity:'
87.7670 	EXP 	unnamed TextStim: text = 'Completely'
87.7670 	EXP 	unnamed TextStim: text = 'Not at all'
87.7888 	EXP 	unnamed TextStim: text = 'My thoughts were focused on an external task or activity:'
87.7888 	EXP 	unnamed TextStim: text = 'Completely'
87.7888 	EXP 	unnamed TextStim: text = 'Not at all'
87.8336 	EXP 	unnamed TextStim: text = 'My thoughts were focused on an external task or activity:'
87.8336 	EXP 	unnamed TextStim: text = 'Completely'
87.8336 	EXP 	unnamed TextStim: text = 'Not at all'
87.8555 	EXP 	unnamed TextStim: text = 'My thoughts were focused on an external task or activity:'
87.8555 	EXP 	unnamed TextStim: text = 'Completely'
87.8555 	EXP 	unnamed TextStim: text = 'Not at all'
87.9003 	EXP 	unnamed TextStim: text = 'My thoughts were focused on an external task or activity:'
87.9003 	EXP 	unnamed TextStim: text = 'Completely'
87.9003 	EXP 	unnamed TextStim: text = 'Not at all'
87.9222 	EXP 	unnamed TextStim: text = 'My thoughts were focused on an external task or activity:'
87.9222 	EXP 	unnamed TextStim: text = 'Completely'
87.9222 	EXP 	unnamed TextStim: text = 'Not at all'
87.9669 	EXP 	unnamed TextStim: text = 'My thoughts were focused on an external task or activity:'
87.9669 	EXP 	unnamed TextStim: text = 'Completely'
87.9669 	EXP 	unnamed TextStim: text = 'Not at all'
87.9888 	EXP 	unnamed TextStim: text = 'My thoughts were focused on an external task or activity:'
87.9888 	EXP 	unnamed TextStim: text = 'Completely'
87.9888 	EXP 	unnamed TextStim: text = 'Not at all'
88.0335 	EXP 	unnamed TextStim: text = 'My thoughts were focused on an external task or activity:'
88.0335 	EXP 	unnamed TextStim: text = 'Completely'
88.0335 	EXP 	unnamed TextStim: text = 'Not at all'
88.0525 	DATA 	Keypress: return
88.0528 	DATA 	RatingScale unnamed RatingScale: (key response) rating=5.5
88.0529 	DATA 	RatingScale unnamed RatingScale: rating RT=0.639
88.0530 	DATA 	RatingScale unnamed RatingScale: history=[(4.5, 0.0), (5.5, 0.639)]
88.0836 	EXP 	unnamed TextStim: text = 'My thoughts were focused on an external task or activity:'
88.0836 	EXP 	unnamed TextStim: text = 'Completely'
88.0836 	EXP 	unnamed TextStim: text = 'Not at all'
89.0848 	EXP 	New trial (rep=0, index=1): OrderedDict([('Questions', 'My thoughts involved future events:'), ('Label', 'Future'), ('Scale_low', 'Not at all'), ('Scale_high', 'Completely')])
89.1507 	EXP 	unnamed TextStim: text = 'My thoughts involved future events:'
89.1507 	EXP 	unnamed TextStim: text = 'Completely'
89.1507 	EXP 	unnamed TextStim: text = 'Not at all'
89.1836 	EXP 	unnamed TextStim: text = 'My thoughts involved future events:'
89.1836 	EXP 	unnamed TextStim: text = 'Completely'
89.1836 	EXP 	unnamed TextStim: text = 'Not at all'
89.2055 	EXP 	unnamed TextStim: text = 'My thoughts involved future events:'
89.2055 	EXP 	unnamed TextStim: text = 'Completely'
89.2055 	EXP 	unnamed TextStim: text = 'Not at all'
89.2503 	EXP 	unnamed TextStim: text = 'My thoughts involved future events:'
89.2503 	EXP 	unnamed TextStim: text = 'Completely'
89.2503 	EXP 	unnamed TextStim: text = 'Not at all'
89.2722 	EXP 	unnamed TextStim: text = 'My thoughts involved future events:'
89.2722 	EXP 	unnamed TextStim: text = 'Completely'
89.2722 	EXP 	unnamed TextStim: text = 'Not at all'
89.3169 	EXP 	unnamed TextStim: text = 'My thoughts involved future events:'
89.3169 	EXP 	unnamed TextStim: text = 'Completely'
89.3169 	EXP 	unnamed TextStim: text = 'Not at all'
89.3388 	EXP 	unnamed TextStim: text = 'My thoughts involved future events:'
89.3388 	EXP 	unnamed TextStim: text = 'Completely'
89.3388 	EXP 	unnamed TextStim: text = 'Not at all'
89.3836 	EXP 	unnamed TextStim: text = 'My thoughts involved future events:'
89.3836 	EXP 	unnamed TextStim: text = 'Completely'
89.3836 	EXP 	unnamed TextStim: text = 'Not at all'
89.4054 	EXP 	unnamed TextStim: text = 'My thoughts involved future events:'
89.4054 	EXP 	unnamed TextStim: text = 'Completely'
89.4054 	EXP 	unnamed TextStim: text = 'Not at all'
89.4501 	EXP 	unnamed TextStim: text = 'My thoughts involved future events:'
89.4501 	EXP 	unnamed TextStim: text = 'Completely'
89.4501 	EXP 	unnamed TextStim: text = 'Not at all'
89.4721 	EXP 	unnamed TextStim: text = 'My thoughts involved future events:'
89.4721 	EXP 	unnamed TextStim: text = 'Completely'
89.4721 	EXP 	unnamed TextStim: text = 'Not at all'
89.5168 	EXP 	unnamed TextStim: text = 'My thoughts involved future events:'
89.5168 	EXP 	unnamed TextStim: text = 'Completely'
89.5168 	EXP 	unnamed TextStim: text = 'Not at all'
89.5387 	EXP 	unnamed TextStim: text = 'My thoughts involved future events:'
89.5387 	EXP 	unnamed TextStim: text = 'Completely'
89.5387 	EXP 	unnamed TextStim: text = 'Not at all'
89.5835 	EXP 	unnamed TextStim: text = 'My thoughts involved future events:'
89.5835 	EXP 	unnamed TextStim: text = 'Completely'
89.5835 	EXP 	unnamed TextStim: text = 'Not at all'
89.6054 	EXP 	unnamed TextStim: text = 'My thoughts involved future events:'
89.6054 	EXP 	unnamed TextStim: text = 'Completely'
89.6054 	EXP 	unnamed TextStim: text = 'Not at all'
89.6502 	EXP 	unnamed TextStim: text = 'My thoughts involved future events:'
89.6502 	EXP 	unnamed TextStim: text = 'Completely'
89.6502 	EXP 	unnamed TextStim: text = 'Not at all'
89.6721 	EXP 	unnamed TextStim: text = 'My thoughts involved future events:'
89.6721 	EXP 	unnamed TextStim: text = 'Completely'
89.6721 	EXP 	unnamed TextStim: text = 'Not at all'
89.7168 	EXP 	unnamed TextStim: text = 'My thoughts involved future events:'
89.7168 	EXP 	unnamed TextStim: text = 'Completely'
89.7168 	EXP 	unnamed TextStim: text = 'Not at all'
89.7387 	EXP 	unnamed TextStim: text = 'My thoughts involved future events:'
89.7387 	EXP 	unnamed TextStim: text = 'Completely'
89.7387 	EXP 	unnamed TextStim: text = 'Not at all'
89.7835 	EXP 	unnamed TextStim: text = 'My thoughts involved future events:'
89.7835 	EXP 	unnamed TextStim: text = 'Completely'
89.7835 	EXP 	unnamed TextStim: text = 'Not at all'
89.8054 	EXP 	unnamed TextStim: text = 'My thoughts involved future events:'
89.8054 	EXP 	unnamed TextStim: text = 'Completely'
89.8054 	EXP 	unnamed TextStim: text = 'Not at all'
89.8501 	EXP 	unnamed TextStim: text = 'My thoughts involved future events:'
89.8501 	EXP 	unnamed TextStim: text = 'Completely'
89.8501 	EXP 	unnamed TextStim: text = 'Not at all'
89.8721 	EXP 	unnamed TextStim: text = 'My thoughts involved future events:'
89.8721 	EXP 	unnamed TextStim: text = 'Completely'
89.8721 	EXP 	unnamed TextStim: text = 'Not at all'
89.9169 	EXP 	unnamed TextStim: text = 'My thoughts involved future events:'
89.9169 	EXP 	unnamed TextStim: text = 'Completely'
89.9169 	EXP 	unnamed TextStim: text = 'Not at all'
89.9387 	EXP 	unnamed TextStim: text = 'My thoughts involved future events:'
89.9387 	EXP 	unnamed TextStim: text = 'Completely'
89.9387 	EXP 	unnamed TextStim: text = 'Not at all'
89.9835 	EXP 	unnamed TextStim: text = 'My thoughts involved future events:'
89.9835 	EXP 	unnamed TextStim: text = 'Completely'
89.9835 	EXP 	unnamed TextStim: text = 'Not at all'
90.0054 	EXP 	unnamed TextStim: text = 'My thoughts involved future events:'
90.0054 	EXP 	unnamed TextStim: text = 'Completely'
90.0054 	EXP 	unnamed TextStim: text = 'Not at all'
90.0501 	EXP 	unnamed TextStim: text = 'My thoughts involved future events:'
90.0501 	EXP 	unnamed TextStim: text = 'Completely'
90.0501 	EXP 	unnamed TextStim: text = 'Not at all'
90.0720 	EXP 	unnamed TextStim: text = 'My thoughts involved future events:'
90.0720 	EXP 	unnamed TextStim: text = 'Completely'
90.0720 	EXP 	unnamed TextStim: text = 'Not at all'
90.1168 	EXP 	unnamed TextStim: text = 'My thoughts involved future events:'
90.1168 	EXP 	unnamed TextStim: text = 'Completely'
90.1168 	EXP 	unnamed TextStim: text = 'Not at all'
90.1387 	EXP 	unnamed TextStim: text = 'My thoughts involved future events:'
90.1387 	EXP 	unnamed TextStim: text = 'Completely'
90.1387 	EXP 	unnamed TextStim: text = 'Not at all'
90.1835 	EXP 	unnamed TextStim: text = 'My thoughts involved future events:'
90.1835 	EXP 	unnamed TextStim: text = 'Completely'
90.1835 	EXP 	unnamed TextStim: text = 'Not at all'
90.2054 	EXP 	unnamed TextStim: text = 'My thoughts involved future events:'
90.2054 	EXP 	unnamed TextStim: text = 'Completely'
90.2054 	EXP 	unnamed TextStim: text = 'Not at all'
90.2501 	EXP 	unnamed TextStim: text = 'My thoughts involved future events:'
90.2501 	EXP 	unnamed TextStim: text = 'Completely'
90.2501 	EXP 	unnamed TextStim: text = 'Not at all'
90.2720 	EXP 	unnamed TextStim: text = 'My thoughts involved future events:'
90.2720 	EXP 	unnamed TextStim: text = 'Completely'
90.2720 	EXP 	unnamed TextStim: text = 'Not at all'
90.3168 	EXP 	unnamed TextStim: text = 'My thoughts involved future events:'
90.3168 	EXP 	unnamed TextStim: text = 'Completely'
90.3168 	EXP 	unnamed TextStim: text = 'Not at all'
90.3387 	EXP 	unnamed TextStim: text = 'My thoughts involved future events:'
90.3387 	EXP 	unnamed TextStim: text = 'Completely'
90.3387 	EXP 	unnamed TextStim: text = 'Not at all'
90.3835 	EXP 	unnamed TextStim: text = 'My thoughts involved future events:'
90.3835 	EXP 	unnamed TextStim: text = 'Completely'
90.3835 	EXP 	unnamed TextStim: text = 'Not at all'
90.4054 	EXP 	unnamed TextStim: text = 'My thoughts involved future events:'
90.4054 	EXP 	unnamed TextStim: text = 'Completely'
90.4054 	EXP 	unnamed TextStim: text = 'Not at all'
90.4501 	EXP 	unnamed TextStim: text = 'My thoughts involved future events:'
90.4501 	EXP 	unnamed TextStim: text = 'Completely'
90.4501 	EXP 	unnamed TextStim: text = 'Not at all'
90.4721 	EXP 	unnamed TextStim: text = 'My thoughts involved future events:'
90.4721 	EXP 	unnamed TextStim: text = 'Completely'
90.4721 	EXP 	unnamed TextStim: text = 'Not at all'
90.5168 	EXP 	unnamed TextStim: text = 'My thoughts involved future events:'
90.5168 	EXP 	unnamed TextStim: text = 'Completely'
90.5168 	EXP 	unnamed TextStim: text = 'Not at all'
90.5387 	EXP 	unnamed TextStim: text = 'My thoughts involved future events:'
90.5387 	EXP 	unnamed TextStim: text = 'Completely'
90.5387 	EXP 	unnamed TextStim: text = 'Not at all'
90.5835 	EXP 	unnamed TextStim: text = 'My thoughts involved future events:'
90.5835 	EXP 	unnamed TextStim: text = 'Completely'
90.5835 	EXP 	unnamed TextStim: text = 'Not at all'
90.6054 	EXP 	unnamed TextStim: text = 'My thoughts involved future events:'
90.6054 	EXP 	unnamed TextStim: text = 'Completely'
90.6054 	EXP 	unnamed TextStim: text = 'Not at all'
90.6501 	EXP 	unnamed TextStim: text = 'My thoughts involved future events:'
90.6501 	EXP 	unnamed TextStim: text = 'Completely'
90.6501 	EXP 	unnamed TextStim: text = 'Not at all'
90.6721 	EXP 	unnamed TextStim: text = 'My thoughts involved future events:'
90.6721 	EXP 	unnamed TextStim: text = 'Completely'
90.6721 	EXP 	unnamed TextStim: text = 'Not at all'
90.7168 	EXP 	unnamed TextStim: text = 'My thoughts involved future events:'
90.7168 	EXP 	unnamed TextStim: text = 'Completely'
90.7168 	EXP 	unnamed TextStim: text = 'Not at all'
90.7387 	EXP 	unnamed TextStim: text = 'My thoughts involved future events:'
90.7387 	EXP 	unnamed TextStim: text = 'Completely'
90.7387 	EXP 	unnamed TextStim: text = 'Not at all'
90.7835 	EXP 	unnamed TextStim: text = 'My thoughts involved future events:'
90.7835 	EXP 	unnamed TextStim: text = 'Completely'
90.7835 	EXP 	unnamed TextStim: text = 'Not at all'
90.8053 	EXP 	unnamed TextStim: text = 'My thoughts involved future events:'
90.8053 	EXP 	unnamed TextStim: text = 'Completely'
90.8053 	EXP 	unnamed TextStim: text = 'Not at all'
90.8501 	EXP 	unnamed TextStim: text = 'My thoughts involved future events:'
90.8501 	EXP 	unnamed TextStim: text = 'Completely'
90.8501 	EXP 	unnamed TextStim: text = 'Not at all'
90.8720 	EXP 	unnamed TextStim: text = 'My thoughts involved future events:'
90.8720 	EXP 	unnamed TextStim: text = 'Completely'
90.8720 	EXP 	unnamed TextStim: text = 'Not at all'
90.9168 	EXP 	unnamed TextStim: text = 'My thoughts involved future events:'
90.9168 	EXP 	unnamed TextStim: text = 'Completely'
90.9168 	EXP 	unnamed TextStim: text = 'Not at all'
90.9668 	EXP 	unnamed TextStim: text = 'My thoughts involved future events:'
90.9668 	EXP 	unnamed TextStim: text = 'Completely'
90.9668 	EXP 	unnamed TextStim: text = 'Not at all'
90.9887 	EXP 	unnamed TextStim: text = 'My thoughts involved future events:'
90.9887 	EXP 	unnamed TextStim: text = 'Completely'
90.9887 	EXP 	unnamed TextStim: text = 'Not at all'
91.0334 	EXP 	unnamed TextStim: text = 'My thoughts involved future events:'
91.0334 	EXP 	unnamed TextStim: text = 'Completely'
91.0334 	EXP 	unnamed TextStim: text = 'Not at all'
91.0553 	EXP 	unnamed TextStim: text = 'My thoughts involved future events:'
91.0553 	EXP 	unnamed TextStim: text = 'Completely'
91.0553 	EXP 	unnamed TextStim: text = 'Not at all'
91.1000 	EXP 	unnamed TextStim: text = 'My thoughts involved future events:'
91.1000 	EXP 	unnamed TextStim: text = 'Completely'
91.1000 	EXP 	unnamed TextStim: text = 'Not at all'
91.1220 	EXP 	unnamed TextStim: text = 'My thoughts involved future events:'
91.1220 	EXP 	unnamed TextStim: text = 'Completely'
91.1220 	EXP 	unnamed TextStim: text = 'Not at all'
91.1668 	EXP 	unnamed TextStim: text = 'My thoughts involved future events:'
91.1668 	EXP 	unnamed TextStim: text = 'Completely'
91.1668 	EXP 	unnamed TextStim: text = 'Not at all'
91.1887 	EXP 	unnamed TextStim: text = 'My thoughts involved future events:'
91.1887 	EXP 	unnamed TextStim: text = 'Completely'
91.1887 	EXP 	unnamed TextStim: text = 'Not at all'
91.2334 	EXP 	unnamed TextStim: text = 'My thoughts involved future events:'
91.2334 	EXP 	unnamed TextStim: text = 'Completely'
91.2334 	EXP 	unnamed TextStim: text = 'Not at all'
91.2554 	EXP 	unnamed TextStim: text = 'My thoughts involved future events:'
91.2554 	EXP 	unnamed TextStim: text = 'Completely'
91.2554 	EXP 	unnamed TextStim: text = 'Not at all'
91.3000 	EXP 	unnamed TextStim: text = 'My thoughts involved future events:'
91.3000 	EXP 	unnamed TextStim: text = 'Completely'
91.3000 	EXP 	unnamed TextStim: text = 'Not at all'
91.3220 	EXP 	unnamed TextStim: text = 'My thoughts involved future events:'
91.3220 	EXP 	unnamed TextStim: text = 'Completely'
91.3220 	EXP 	unnamed TextStim: text = 'Not at all'
91.3667 	EXP 	unnamed TextStim: text = 'My thoughts involved future events:'
91.3667 	EXP 	unnamed TextStim: text = 'Completely'
91.3667 	EXP 	unnamed TextStim: text = 'Not at all'
91.3887 	EXP 	unnamed TextStim: text = 'My thoughts involved future events:'
91.3887 	EXP 	unnamed TextStim: text = 'Completely'
91.3887 	EXP 	unnamed TextStim: text = 'Not at all'
91.4334 	EXP 	unnamed TextStim: text = 'My thoughts involved future events:'
91.4334 	EXP 	unnamed TextStim: text = 'Completely'
91.4334 	EXP 	unnamed TextStim: text = 'Not at all'
91.4553 	EXP 	unnamed TextStim: text = 'My thoughts involved future events:'
91.4553 	EXP 	unnamed TextStim: text = 'Completely'
91.4553 	EXP 	unnamed TextStim: text = 'Not at all'
91.5000 	EXP 	unnamed TextStim: text = 'My thoughts involved future events:'
91.5000 	EXP 	unnamed TextStim: text = 'Completely'
91.5000 	EXP 	unnamed TextStim: text = 'Not at all'
91.5179 	DATA 	Keypress: return
91.5181 	DATA 	RatingScale unnamed RatingScale: (key response) rating=5.5
91.5501 	EXP 	unnamed TextStim: text = 'My thoughts involved future events:'
91.5501 	EXP 	unnamed TextStim: text = 'Completely'
91.5501 	EXP 	unnamed TextStim: text = 'Not at all'
92.5800 	EXP 	Created instruction = TextStim(__class__=<class 'psychopy.visual.text.TextStim'>, alignHoriz=method-wrapper(...), alignText='center', alignVert=method-wrapper(...), anchorHoriz='center', anchorVert='center', antialias=True, autoLog=True, bold=False, color=array([-1., -1., -1.]), colorSpace='rgb', contrast=1.0, depth=0, flipHoriz=False, flipVert=False, font='sans', fontFiles=[], height=0.1, italic=False, languageStyle='LTR', name='instruction', opacity=1.0, ori=0.0, pos=array([0., 0.]), rgb=UNKNOWN, text='default text', units='norm', win=Window(...), wrapWidth=1)
92.5845 	EXP 	window1: mouseVisible = False
92.5962 	EXP 	Created instruction = TextStim(__class__=<class 'psychopy.visual.text.TextStim'>, alignHoriz=method-wrapper(...), alignText='center', alignVert=method-wrapper(...), anchorHoriz='center', anchorVert='center', antialias=True, autoLog=True, bold=False, color=array([-1., -1., -1.]), colorSpace='rgb', contrast=1.0, depth=0, flipHoriz=False, flipVert=False, font='sans', fontFiles=[], height=0.1, italic=False, languageStyle='LTR', name='instruction', opacity=1.0, ori=0.0, pos=array([0., 0.]), rgb=UNKNOWN, text='default text', units='norm', win=Window(...), wrapWidth=1)
92.7013 	EXP 	instruction: text = ['\n', 'The prompt will prompt you to decide whether the upcoming word describes you.\n', '\n', 'You are required to respond with the left or right arrow key, according to the prompt: press Left if the word describes you or Right if it does not.\n', '\n', 'You should try to be as quick and accurate as possible.\n', '\n', '\n', 'Press <Return> to start ...']
93.5375 	DATA 	Keypress: return
93.5467 	EXP 	Created unnamed TextStim = TextStim(__class__=<class 'psychopy.visual.text.TextStim'>, alignHoriz=method-wrapper(...), alignText='center', alignVert=method-wrapper(...), anchorHoriz='center', anchorVert='center', antialias=True, autoLog=True, bold=False, color=array([-1., -1., -1.]), colorSpace='rgb', contrast=1.0, depth=0, flipHoriz=False, flipVert=False, font='sans', fontFiles=[], height=0.1, italic=False, languageStyle='LTR', name='unnamed TextStim', opacity=1.0, ori=0.0, pos=array([0., 0.]), rgb=UNKNOWN, text='+', units='norm', win=Window(...), wrapWidth=1100)
93.5618 	EXP 	Created instruction = TextStim(__class__=<class 'psychopy.visual.text.TextStim'>, alignHoriz=method-wrapper(...), alignText='center', alignVert=method-wrapper(...), anchorHoriz='center', anchorVert='center', antialias=True, autoLog=True, bold=False, color=array([-1., -1., -1.]), colorSpace='rgb', contrast=1.0, depth=0, flipHoriz=False, flipVert=False, font='sans', fontFiles=[], height=0.1, italic=False, languageStyle='LTR', name='instruction', opacity=1.0, ori=0.0, pos=array([0., 0.]), rgb=UNKNOWN, text='default text', units='norm', win=Window(...), wrapWidth=1)
94.0940 	EXP 	Created unnamed TextStim = TextStim(__class__=<class 'psychopy.visual.text.TextStim'>, alignHoriz=method-wrapper(...), alignText='center', alignVert=method-wrapper(...), anchorHoriz='center', anchorVert='center', antialias=True, autoLog=True, bold=False, color=array([-1., -1., -1.]), colorSpace='rgb', contrast=1.0, depth=0, flipHoriz=False, flipVert=False, font='sans', fontFiles=[], height=0.1, italic=False, languageStyle='LTR', name='unnamed TextStim', opacity=1.0, ori=0.0, pos=array([0., 0.]), rgb=UNKNOWN, text='Friend', units='norm', win=Window(...), wrapWidth=1100)
96.6687 	EXP 	Created unnamed TextStim = TextStim(__class__=<class 'psychopy.visual.text.TextStim'>, alignHoriz=method-wrapper(...), alignText='center', alignVert=method-wrapper(...), anchorHoriz='center', anchorVert='center', antialias=True, autoLog=True, bold=False, color=array([-1., -1., -1.]), colorSpace='rgb', contrast=1.0, depth=0, flipHoriz=False, flipVert=False, font='sans', fontFiles=[], height=0.1, italic=False, languageStyle='LTR', name='unnamed TextStim', opacity=1.0, ori=0.0, pos=array([0., 0.]), rgb=UNKNOWN, text='EXCITABLE', units='norm', win=Window(...), wrapWidth=1100)
98.7583 	EXP 	Created unnamed TextStim = TextStim(__class__=<class 'psychopy.visual.text.TextStim'>, alignHoriz=method-wrapper(...), alignText='center', alignVert=method-wrapper(...), anchorHoriz='center', anchorVert='center', antialias=True, autoLog=True, bold=False, color=array([-1., -1., -1.]), colorSpace='rgb', contrast=1.0, depth=0, flipHoriz=False, flipVert=False, font='sans', fontFiles=[], height=0.1, italic=False, languageStyle='LTR', name='unnamed TextStim', opacity=1.0, ori=0.0, pos=array([0., 0.]), rgb=UNKNOWN, text='Friend', units='norm', win=Window(...), wrapWidth=1100)
100.8301 	EXP 	Created unnamed TextStim = TextStim(__class__=<class 'psychopy.visual.text.TextStim'>, alignHoriz=method-wrapper(...), alignText='center', alignVert=method-wrapper(...), anchorHoriz='center', anchorVert='center', antialias=True, autoLog=True, bold=False, color=array([-1., -1., -1.]), colorSpace='rgb', contrast=1.0, depth=0, flipHoriz=False, flipVert=False, font='sans', fontFiles=[], height=0.1, italic=False, languageStyle='LTR', name='unnamed TextStim', opacity=1.0, ori=0.0, pos=array([0., 0.]), rgb=UNKNOWN, text='CAUTIOUS', units='norm', win=Window(...), wrapWidth=1100)
