36.9479 	WARNING 	Speech-to-text recognition module not available (use command `pip install SpeechRecognition` to get it. Transcription will be unavailable.
37.0205 	WARNING 	We strongly recommend you activate the PTB sound engine in PsychoPy prefs as the preferred audio engine. Its timing is vastly superior. Your prefs are currently set to use ['sounddevice', 'PTB', 'pyo', 'pygame'] (in that order).
37.0280 	WARNING 	Monitor specification not found. Creating a temporary one...
39.2201 	EXP 	window1: recordFrameIntervals = False
39.2913 	EXP 	window1: recordFrameIntervals = True
39.4109 	WARNING 	t of last frame was 105.51ms (=1/9)
39.4784 	EXP 	window1: recordFrameIntervals = False
39.8354 	EXP 	Created memoryPrompt = TextStim(__class__=<class 'psychopy.visual.text.TextStim'>, alignHoriz=method-wrapper(...), alignText='center', alignVert=method-wrapper(...), anchorHoriz='center', anchorVert='center', antialias=True, autoLog=True, bold=False, color=array([-1., -1., -1.]), colorSpace='rgb', contrast=1.0, depth=0.0, flipHoriz=False, flipVert=False, font='Open Sans', fontFiles=[], height=0.1, italic=False, languageStyle='LTR', name='memoryPrompt', opacity=1, ori=0.0, pos=array([0., 0.]), rgb=UNKNOWN, text='', units='norm', win=Window(...), wrapWidth=1)
39.8676 	EXP 	Created text = TextStim(__class__=<class 'psychopy.visual.text.TextStim'>, alignHoriz=method-wrapper(...), alignText='center', alignVert=method-wrapper(...), anchorHoriz='center', anchorVert='center', antialias=True, autoLog=True, bold=False, color=array([-1., -1., -1.]), colorSpace='rgb', contrast=1.0, depth=0.0, flipHoriz=False, flipVert=False, font='Open Sans', fontFiles=[], height=0.1, italic=False, languageStyle='LTR', name='text', opacity=1, ori=0.0, pos=array([0., 0.]), rgb=UNKNOWN, text='+', units='norm', win=Window(...), wrapWidth=1)
39.8683 	EXP 	Created sequence: random, trialTypes=1, nReps=2, seed=None
39.8686 	EXP 	New trial (rep=0, index=0): None
39.9157 	EXP 	memoryPrompt: text = 'Prompt One'
39.9157 	EXP 	memoryPrompt: autoDraw = True
43.8833 	EXP 	memoryPrompt: autoDraw = False
43.8833 	EXP 	memoryPrompt: autoDraw = False
43.8833 	EXP 	text: autoDraw = True
47.8845 	EXP 	New trial (rep=1, index=0): None
47.9021 	EXP 	text: autoDraw = False
47.9021 	EXP 	text: autoDraw = False
47.9021 	EXP 	memoryPrompt: text = 'Last week'
47.9021 	EXP 	memoryPrompt: autoDraw = True
52.8945 	EXP 	memoryPrompt: autoDraw = False
52.8945 	EXP 	memoryPrompt: autoDraw = False
52.8945 	EXP 	text: autoDraw = True
57.9015 	EXP 	text: autoDraw = False
57.9015 	EXP 	text: autoDraw = False
