37.2232 	WARNING 	Speech-to-text recognition module not available (use command `pip install SpeechRecognition` to get it. Transcription will be unavailable.
37.2922 	WARNING 	We strongly recommend you activate the PTB sound engine in PsychoPy prefs as the preferred audio engine. Its timing is vastly superior. Your prefs are currently set to use ['sounddevice', 'PTB', 'pyo', 'pygame'] (in that order).
37.2982 	WARNING 	Monitor specification not found. Creating a temporary one...
39.5510 	EXP 	window1: recordFrameIntervals = False
39.7182 	EXP 	window1: recordFrameIntervals = True
39.7943 	EXP 	window1: recordFrameIntervals = False
40.1320 	EXP 	Created memoryPrompt = TextStim(__class__=<class 'psychopy.visual.text.TextStim'>, alignHoriz=method-wrapper(...), alignText='center', alignVert=method-wrapper(...), anchorHoriz='center', anchorVert='center', antialias=True, autoLog=True, bold=False, color=array([-1., -1., -1.]), colorSpace='rgb', contrast=1.0, depth=0.0, flipHoriz=False, flipVert=False, font='Open Sans', fontFiles=[], height=0.1, italic=False, languageStyle='LTR', name='memoryPrompt', opacity=1, ori=0.0, pos=array([0., 0.]), rgb=UNKNOWN, text='', units='norm', win=Window(...), wrapWidth=1)
40.1646 	EXP 	Created text = TextStim(__class__=<class 'psychopy.visual.text.TextStim'>, alignHoriz=method-wrapper(...), alignText='center', alignVert=method-wrapper(...), anchorHoriz='center', anchorVert='center', antialias=True, autoLog=True, bold=False, color=array([-1., -1., -1.]), colorSpace='rgb', contrast=1.0, depth=0.0, flipHoriz=False, flipVert=False, font='Open Sans', fontFiles=[], height=0.1, italic=False, languageStyle='LTR', name='text', opacity=1, ori=0.0, pos=array([0., 0.]), rgb=UNKNOWN, text='+', units='norm', win=Window(...), wrapWidth=1)
40.1654 	EXP 	Created sequence: random, trialTypes=1, nReps=2, seed=None
40.1658 	EXP 	New trial (rep=0, index=0): None
40.2164 	EXP 	memoryPrompt: text = 'Prompt One'
40.2164 	EXP 	memoryPrompt: autoDraw = True
44.2784 	DATA 	Mouse: Left button down, pos=(707,796)
44.3734 	DATA 	Mouse:  Left button up, pos=(707,796)
44.7678 	DATA 	Mouse: wheel shift=(0,-1), pos=(701,775)
45.1888 	EXP 	memoryPrompt: autoDraw = False
45.1888 	EXP 	memoryPrompt: autoDraw = False
45.1888 	EXP 	text: autoDraw = True
50.1842 	EXP 	New trial (rep=1, index=0): None
50.2018 	EXP 	text: autoDraw = False
50.2018 	EXP 	text: autoDraw = False
50.2018 	EXP 	memoryPrompt: text = 'Last week'
50.2018 	EXP 	memoryPrompt: autoDraw = True
53.4584 	DATA 	Mouse: Left button down, pos=(729,301)
53.5397 	DATA 	Mouse:  Left button up, pos=(729,301)
55.1951 	EXP 	memoryPrompt: autoDraw = False
55.1951 	EXP 	memoryPrompt: autoDraw = False
55.1951 	EXP 	text: autoDraw = True
60.1965 	EXP 	text: autoDraw = False
60.1965 	EXP 	text: autoDraw = False
