40.2190 	WARNING 	Speech-to-text recognition module not available (use command `pip install SpeechRecognition` to get it. Transcription will be unavailable.
40.3005 	WARNING 	We strongly recommend you activate the PTB sound engine in PsychoPy prefs as the preferred audio engine. Its timing is vastly superior. Your prefs are currently set to use ['sounddevice', 'PTB', 'pyo', 'pygame'] (in that order).
40.3094 	WARNING 	Monitor specification not found. Creating a temporary one...
42.4984 	EXP 	window1: recordFrameIntervals = False
42.7211 	EXP 	window1: recordFrameIntervals = True
42.8042 	EXP 	window1: recordFrameIntervals = False
43.1833 	EXP 	Created memoryPrompt = TextStim(__class__=<class 'psychopy.visual.text.TextStim'>, alignHoriz=method-wrapper(...), alignText='center', alignVert=method-wrapper(...), anchorHoriz='center', anchorVert='center', antialias=True, autoLog=True, bold=False, color=array([-1., -1., -1.]), colorSpace='rgb', contrast=1.0, depth=0.0, flipHoriz=False, flipVert=False, font='Open Sans', fontFiles=[], height=0.1, italic=False, languageStyle='LTR', name='memoryPrompt', opacity=1, ori=0.0, pos=array([0., 0.]), rgb=UNKNOWN, text='', units='norm', win=Window(...), wrapWidth=1)
43.2174 	EXP 	Created text = TextStim(__class__=<class 'psychopy.visual.text.TextStim'>, alignHoriz=method-wrapper(...), alignText='center', alignVert=method-wrapper(...), anchorHoriz='center', anchorVert='center', antialias=True, autoLog=True, bold=False, color=array([-1., -1., -1.]), colorSpace='rgb', contrast=1.0, depth=0.0, flipHoriz=False, flipVert=False, font='Open Sans', fontFiles=[], height=0.1, italic=False, languageStyle='LTR', name='text', opacity=1, ori=0.0, pos=array([0., 0.]), rgb=UNKNOWN, text='+', units='norm', win=Window(...), wrapWidth=1)
43.2181 	EXP 	Created sequence: random, trialTypes=1, nReps=2, seed=None
43.2185 	EXP 	New trial (rep=0, index=0): None
43.2688 	EXP 	memoryPrompt: text = 'Prompt One'
43.2688 	EXP 	memoryPrompt: autoDraw = True
48.2353 	EXP 	memoryPrompt: autoDraw = False
48.2353 	EXP 	memoryPrompt: autoDraw = False
48.2353 	EXP 	text: autoDraw = True
53.2307 	EXP 	New trial (rep=1, index=0): None
53.2486 	EXP 	text: autoDraw = False
53.2486 	EXP 	text: autoDraw = False
53.2486 	EXP 	memoryPrompt: text = 'Last week'
53.2486 	EXP 	memoryPrompt: autoDraw = True
57.2497 	EXP 	memoryPrompt: autoDraw = False
57.2497 	EXP 	memoryPrompt: autoDraw = False
57.2497 	EXP 	text: autoDraw = True
61.2496 	EXP 	text: autoDraw = False
61.2496 	EXP 	text: autoDraw = False
