38.0689 	WARNING 	Speech-to-text recognition module not available (use command `pip install SpeechRecognition` to get it. Transcription will be unavailable.
38.1414 	WARNING 	We strongly recommend you activate the PTB sound engine in PsychoPy prefs as the preferred audio engine. Its timing is vastly superior. Your prefs are currently set to use ['sounddevice', 'PTB', 'pyo', 'pygame'] (in that order).
38.1525 	WARNING 	Monitor specification not found. Creating a temporary one...
2748.3749 	EXP 	window1: recordFrameIntervals = False
2748.5550 	EXP 	window1: recordFrameIntervals = True
2748.6327 	EXP 	window1: recordFrameIntervals = False
2748.9954 	EXP 	Created memoryPrompt = TextStim(__class__=<class 'psychopy.visual.text.TextStim'>, alignHoriz=method-wrapper(...), alignText='center', alignVert=method-wrapper(...), anchorHoriz='center', anchorVert='center', antialias=True, autoLog=True, bold=False, color=array([-1., -1., -1.]), colorSpace='rgb', contrast=1.0, depth=0.0, flipHoriz=False, flipVert=False, font='Open Sans', fontFiles=[], height=0.1, italic=False, languageStyle='LTR', name='memoryPrompt', opacity=1, ori=0.0, pos=array([0., 0.]), rgb=UNKNOWN, text='', units='norm', win=Window(...), wrapWidth=1)
2749.0302 	EXP 	Created text = TextStim(__class__=<class 'psychopy.visual.text.TextStim'>, alignHoriz=method-wrapper(...), alignText='center', alignVert=method-wrapper(...), anchorHoriz='center', anchorVert='center', antialias=True, autoLog=True, bold=False, color=array([-1., -1., -1.]), colorSpace='rgb', contrast=1.0, depth=0.0, flipHoriz=False, flipVert=False, font='Open Sans', fontFiles=[], height=0.1, italic=False, languageStyle='LTR', name='text', opacity=1, ori=0.0, pos=array([0., 0.]), rgb=UNKNOWN, text='+', units='norm', win=Window(...), wrapWidth=1)
2749.0309 	EXP 	Created sequence: random, trialTypes=1, nReps=2, seed=None
2749.0314 	EXP 	New trial (rep=0, index=0): None
2749.0762 	EXP 	memoryPrompt: text = 'Prompt One'
2749.0762 	EXP 	memoryPrompt: autoDraw = True
2753.0478 	EXP 	memoryPrompt: autoDraw = False
2753.0478 	EXP 	memoryPrompt: autoDraw = False
2753.0478 	EXP 	text: autoDraw = True
2757.0452 	EXP 	New trial (rep=1, index=0): None
2757.0619 	EXP 	text: autoDraw = False
2757.0619 	EXP 	text: autoDraw = False
2757.0619 	EXP 	memoryPrompt: text = 'Last week'
2757.0619 	EXP 	memoryPrompt: autoDraw = True
2761.0619 	EXP 	memoryPrompt: autoDraw = False
2761.0619 	EXP 	memoryPrompt: autoDraw = False
2761.0619 	EXP 	text: autoDraw = True
2765.0778 	EXP 	text: autoDraw = False
2765.0778 	EXP 	text: autoDraw = False
2765.1180 	EXP 	Created instruction = TextStim(__class__=<class 'psychopy.visual.text.TextStim'>, alignHoriz=method-wrapper(...), alignText='center', alignVert=method-wrapper(...), anchorHoriz='center', anchorVert='center', antialias=True, autoLog=True, bold=False, color=array([-1., -1., -1.]), colorSpace='rgb', contrast=1.0, depth=0, flipHoriz=False, flipVert=False, font='sans', fontFiles=[], height=0.1, italic=False, languageStyle='LTR', name='instruction', opacity=1.0, ori=0.0, pos=array([0., 0.]), rgb=UNKNOWN, text='default text', units='norm', win=Window(...), wrapWidth=1)
2765.1611 	EXP 	instruction: text = '\nPlease answer the questions honestly.\n\nA list of descriptions and a rating scale ranging from 1 to 10 will be presented on the screen.\n\nPlease use the left and right arrow keys to select your answer, and the enter button to confirm.\n'
2767.2811 	DATA 	Mouse: Left button down, pos=(663,300)
2767.3554 	DATA 	Mouse:  Left button up, pos=(663,299)
2767.8794 	DATA 	Keypress: return
2767.9113 	EXP 	Imported ./resources/ESQ/ESQ_Questions.csv as conditions, 14 conditions, 4 params
2767.9119 	EXP 	Created sequence: sequential, trialTypes=14, nReps=1, seed=None
2768.0383 	WARNING 	RatingScale unnamed RatingScale: len(labels) not equal to len(tickMarks)
2768.0384 	EXP 	window1: mouseVisible = True
2768.0846 	EXP 	Created unnamed RatingScale = RatingScale(__class__=type(...), acceptKeys=['return'], acceptPreText=UNKNOWN, acceptSize=UNKNOWN, acceptText='accept?', autoLog=True, choices=False, colorSpace='rgb', depth=0, disappear=False, flipVert=False, high=10, kwargs=UNKNOWN, labels=list(...), leftKeys=['left'], lineColor='black', low=1, marker=ShapeStim(...), markerColor='black', markerExpansion=UNKNOWN, markerStart=4.5, maxTime=0.0, minTime=0.4, mouseOnly=False, name='unnamed RatingScale', noMouse=False, pos=[0.0, -0.4], precision=10, respKeys=[], rightKeys=['right'], scale=False, self=UNKNOWN, showAccept=True, showValue=True, singleClick=False, size=0.6, skipKeys=['tab'], stretch=1.0, textColor='black', textFont='Helvetica Bold', textSize=0.12, tickHeight=1.0, tickMarks=9.0, win=Window(...))
2768.0870 	EXP 	Created unnamed TextStim = TextStim(__class__=<class 'psychopy.visual.text.TextStim'>, alignHoriz=method-wrapper(...), alignText='center', alignVert=method-wrapper(...), anchorHoriz='center', anchorVert='top', antialias=True, autoLog=True, bold=False, color=array([-1., -1., -1.]), colorSpace='rgb', contrast=1.0, depth=0, flipHoriz=False, flipVert=False, font='', fontFiles=[], height=0.1, italic=False, languageStyle='LTR', name='unnamed TextStim', opacity=1.0, ori=0.0, pos=array([0., 0.]), rgb=UNKNOWN, text='', units='norm', win=Window(...), wrapWidth=1)
2768.0890 	EXP 	Created unnamed TextStim = TextStim(__class__=<class 'psychopy.visual.text.TextStim'>, alignHoriz=method-wrapper(...), alignText='center', alignVert=method-wrapper(...), anchorHoriz='center', anchorVert='center', antialias=True, autoLog=True, bold=False, color=array([-1., -1., -1.]), colorSpace='rgb', contrast=1.0, depth=0, flipHoriz=False, flipVert=False, font='', fontFiles=[], height=0.1, italic=False, languageStyle='LTR', name='unnamed TextStim', opacity=1.0, ori=0.0, pos=array([ 0.5, -0.5]), rgb=UNKNOWN, text='', units='norm', win=Window(...), wrapWidth=1)
2768.0910 	EXP 	Created unnamed TextStim = TextStim(__class__=<class 'psychopy.visual.text.TextStim'>, alignHoriz=method-wrapper(...), alignText='center', alignVert=method-wrapper(...), anchorHoriz='center', anchorVert='center', antialias=True, autoLog=True, bold=False, color=array([-1., -1., -1.]), colorSpace='rgb', contrast=1.0, depth=0, flipHoriz=False, flipVert=False, font='', fontFiles=[], height=0.1, italic=False, languageStyle='LTR', name='unnamed TextStim', opacity=1.0, ori=0.0, pos=array([-0.5, -0.5]), rgb=UNKNOWN, text='', units='norm', win=Window(...), wrapWidth=1)
2768.0912 	EXP 	New trial (rep=0, index=0): OrderedDict([('Questions', 'My thoughts were focused on an external task or activity:'), ('Label', 'Focus'), ('Scale_low', 'Not at all'), ('Scale_high', 'Completely')])
2768.1463 	EXP 	unnamed RatingScale: flipVert = False
2768.1463 	EXP 	unnamed RatingScale: autoLog = True
2768.1463 	EXP 	unnamed TextStim: text = 'My thoughts were focused on an external task or activity:'
2768.1463 	EXP 	unnamed TextStim: text = 'Completely'
2768.1463 	EXP 	unnamed TextStim: text = 'Not at all'
2768.1602 	EXP 	unnamed TextStim: text = 'My thoughts were focused on an external task or activity:'
2768.1602 	EXP 	unnamed TextStim: text = 'Completely'
2768.1602 	EXP 	unnamed TextStim: text = 'Not at all'
2768.1741 	EXP 	unnamed TextStim: text = 'My thoughts were focused on an external task or activity:'
2768.1741 	EXP 	unnamed TextStim: text = 'Completely'
2768.1741 	EXP 	unnamed TextStim: text = 'Not at all'
2768.1879 	EXP 	unnamed TextStim: text = 'My thoughts were focused on an external task or activity:'
2768.1879 	EXP 	unnamed TextStim: text = 'Completely'
2768.1879 	EXP 	unnamed TextStim: text = 'Not at all'
2768.2012 	EXP 	unnamed TextStim: text = 'My thoughts were focused on an external task or activity:'
2768.2012 	EXP 	unnamed TextStim: text = 'Completely'
2768.2012 	EXP 	unnamed TextStim: text = 'Not at all'
2768.2158 	EXP 	unnamed TextStim: text = 'My thoughts were focused on an external task or activity:'
2768.2158 	EXP 	unnamed TextStim: text = 'Completely'
2768.2158 	EXP 	unnamed TextStim: text = 'Not at all'
2768.2288 	EXP 	unnamed TextStim: text = 'My thoughts were focused on an external task or activity:'
2768.2288 	EXP 	unnamed TextStim: text = 'Completely'
2768.2288 	EXP 	unnamed TextStim: text = 'Not at all'
2768.2434 	EXP 	unnamed TextStim: text = 'My thoughts were focused on an external task or activity:'
2768.2434 	EXP 	unnamed TextStim: text = 'Completely'
2768.2434 	EXP 	unnamed TextStim: text = 'Not at all'
2768.2574 	EXP 	unnamed TextStim: text = 'My thoughts were focused on an external task or activity:'
2768.2574 	EXP 	unnamed TextStim: text = 'Completely'
2768.2574 	EXP 	unnamed TextStim: text = 'Not at all'
2768.2711 	EXP 	unnamed TextStim: text = 'My thoughts were focused on an external task or activity:'
2768.2711 	EXP 	unnamed TextStim: text = 'Completely'
2768.2711 	EXP 	unnamed TextStim: text = 'Not at all'
2768.2852 	EXP 	unnamed TextStim: text = 'My thoughts were focused on an external task or activity:'
2768.2852 	EXP 	unnamed TextStim: text = 'Completely'
2768.2852 	EXP 	unnamed TextStim: text = 'Not at all'
2768.2981 	EXP 	unnamed TextStim: text = 'My thoughts were focused on an external task or activity:'
2768.2981 	EXP 	unnamed TextStim: text = 'Completely'
2768.2981 	EXP 	unnamed TextStim: text = 'Not at all'
2768.3129 	EXP 	unnamed TextStim: text = 'My thoughts were focused on an external task or activity:'
2768.3129 	EXP 	unnamed TextStim: text = 'Completely'
2768.3129 	EXP 	unnamed TextStim: text = 'Not at all'
2768.3267 	EXP 	unnamed TextStim: text = 'My thoughts were focused on an external task or activity:'
2768.3267 	EXP 	unnamed TextStim: text = 'Completely'
2768.3267 	EXP 	unnamed TextStim: text = 'Not at all'
2768.3407 	EXP 	unnamed TextStim: text = 'My thoughts were focused on an external task or activity:'
2768.3407 	EXP 	unnamed TextStim: text = 'Completely'
2768.3407 	EXP 	unnamed TextStim: text = 'Not at all'
2768.3546 	EXP 	unnamed TextStim: text = 'My thoughts were focused on an external task or activity:'
2768.3546 	EXP 	unnamed TextStim: text = 'Completely'
2768.3546 	EXP 	unnamed TextStim: text = 'Not at all'
2768.3675 	EXP 	unnamed TextStim: text = 'My thoughts were focused on an external task or activity:'
2768.3675 	EXP 	unnamed TextStim: text = 'Completely'
2768.3675 	EXP 	unnamed TextStim: text = 'Not at all'
2768.3825 	EXP 	unnamed TextStim: text = 'My thoughts were focused on an external task or activity:'
2768.3825 	EXP 	unnamed TextStim: text = 'Completely'
2768.3825 	EXP 	unnamed TextStim: text = 'Not at all'
2768.3954 	EXP 	unnamed TextStim: text = 'My thoughts were focused on an external task or activity:'
2768.3954 	EXP 	unnamed TextStim: text = 'Completely'
2768.3954 	EXP 	unnamed TextStim: text = 'Not at all'
2768.4100 	EXP 	unnamed TextStim: text = 'My thoughts were focused on an external task or activity:'
2768.4100 	EXP 	unnamed TextStim: text = 'Completely'
2768.4100 	EXP 	unnamed TextStim: text = 'Not at all'
2768.4240 	EXP 	unnamed TextStim: text = 'My thoughts were focused on an external task or activity:'
2768.4240 	EXP 	unnamed TextStim: text = 'Completely'
2768.4240 	EXP 	unnamed TextStim: text = 'Not at all'
2768.4380 	EXP 	unnamed TextStim: text = 'My thoughts were focused on an external task or activity:'
2768.4380 	EXP 	unnamed TextStim: text = 'Completely'
2768.4380 	EXP 	unnamed TextStim: text = 'Not at all'
2768.4519 	EXP 	unnamed TextStim: text = 'My thoughts were focused on an external task or activity:'
2768.4519 	EXP 	unnamed TextStim: text = 'Completely'
2768.4519 	EXP 	unnamed TextStim: text = 'Not at all'
2768.4656 	EXP 	unnamed TextStim: text = 'My thoughts were focused on an external task or activity:'
2768.4656 	EXP 	unnamed TextStim: text = 'Completely'
2768.4656 	EXP 	unnamed TextStim: text = 'Not at all'
2768.4787 	EXP 	unnamed TextStim: text = 'My thoughts were focused on an external task or activity:'
2768.4787 	EXP 	unnamed TextStim: text = 'Completely'
2768.4787 	EXP 	unnamed TextStim: text = 'Not at all'
2768.4935 	EXP 	unnamed TextStim: text = 'My thoughts were focused on an external task or activity:'
2768.4935 	EXP 	unnamed TextStim: text = 'Completely'
2768.4935 	EXP 	unnamed TextStim: text = 'Not at all'
2768.5076 	EXP 	unnamed TextStim: text = 'My thoughts were focused on an external task or activity:'
2768.5076 	EXP 	unnamed TextStim: text = 'Completely'
2768.5076 	EXP 	unnamed TextStim: text = 'Not at all'
2768.5204 	EXP 	unnamed TextStim: text = 'My thoughts were focused on an external task or activity:'
2768.5204 	EXP 	unnamed TextStim: text = 'Completely'
2768.5204 	EXP 	unnamed TextStim: text = 'Not at all'
2768.5352 	EXP 	unnamed TextStim: text = 'My thoughts were focused on an external task or activity:'
2768.5352 	EXP 	unnamed TextStim: text = 'Completely'
2768.5352 	EXP 	unnamed TextStim: text = 'Not at all'
2768.5481 	EXP 	unnamed TextStim: text = 'My thoughts were focused on an external task or activity:'
2768.5481 	EXP 	unnamed TextStim: text = 'Completely'
2768.5481 	EXP 	unnamed TextStim: text = 'Not at all'
2768.5630 	EXP 	unnamed TextStim: text = 'My thoughts were focused on an external task or activity:'
2768.5630 	EXP 	unnamed TextStim: text = 'Completely'
2768.5630 	EXP 	unnamed TextStim: text = 'Not at all'
2768.5759 	EXP 	unnamed TextStim: text = 'My thoughts were focused on an external task or activity:'
2768.5759 	EXP 	unnamed TextStim: text = 'Completely'
2768.5759 	EXP 	unnamed TextStim: text = 'Not at all'
2768.5898 	EXP 	unnamed TextStim: text = 'My thoughts were focused on an external task or activity:'
2768.5898 	EXP 	unnamed TextStim: text = 'Completely'
2768.5898 	EXP 	unnamed TextStim: text = 'Not at all'
2768.6038 	EXP 	unnamed TextStim: text = 'My thoughts were focused on an external task or activity:'
2768.6038 	EXP 	unnamed TextStim: text = 'Completely'
2768.6038 	EXP 	unnamed TextStim: text = 'Not at all'
2768.6175 	EXP 	unnamed TextStim: text = 'My thoughts were focused on an external task or activity:'
2768.6175 	EXP 	unnamed TextStim: text = 'Completely'
2768.6175 	EXP 	unnamed TextStim: text = 'Not at all'
2768.6315 	EXP 	unnamed TextStim: text = 'My thoughts were focused on an external task or activity:'
2768.6315 	EXP 	unnamed TextStim: text = 'Completely'
2768.6315 	EXP 	unnamed TextStim: text = 'Not at all'
2768.6451 	EXP 	unnamed TextStim: text = 'My thoughts were focused on an external task or activity:'
2768.6451 	EXP 	unnamed TextStim: text = 'Completely'
2768.6451 	EXP 	unnamed TextStim: text = 'Not at all'
2768.6592 	EXP 	unnamed TextStim: text = 'My thoughts were focused on an external task or activity:'
2768.6592 	EXP 	unnamed TextStim: text = 'Completely'
2768.6592 	EXP 	unnamed TextStim: text = 'Not at all'
2768.6732 	EXP 	unnamed TextStim: text = 'My thoughts were focused on an external task or activity:'
2768.6732 	EXP 	unnamed TextStim: text = 'Completely'
2768.6732 	EXP 	unnamed TextStim: text = 'Not at all'
2768.6871 	EXP 	unnamed TextStim: text = 'My thoughts were focused on an external task or activity:'
2768.6871 	EXP 	unnamed TextStim: text = 'Completely'
2768.6871 	EXP 	unnamed TextStim: text = 'Not at all'
2768.7011 	EXP 	unnamed TextStim: text = 'My thoughts were focused on an external task or activity:'
2768.7011 	EXP 	unnamed TextStim: text = 'Completely'
2768.7011 	EXP 	unnamed TextStim: text = 'Not at all'
2768.7109 	DATA 	Keypress: return
2768.7110 	DATA 	RatingScale unnamed RatingScale: (key response) rating=5.5
2768.7111 	DATA 	RatingScale unnamed RatingScale: rating RT=0.587
2768.7111 	DATA 	RatingScale unnamed RatingScale: history=[(4.5, 0.0), (5.5, 0.587)]
2768.7147 	EXP 	unnamed TextStim: text = 'My thoughts were focused on an external task or activity:'
2768.7147 	EXP 	unnamed TextStim: text = 'Completely'
2768.7147 	EXP 	unnamed TextStim: text = 'Not at all'
2769.7158 	EXP 	New trial (rep=0, index=1): OrderedDict([('Questions', 'My thoughts involved future events:'), ('Label', 'Future'), ('Scale_low', 'Not at all'), ('Scale_high', 'Completely')])
2769.7318 	DATA 	Keypress: return
2769.7320 	DATA 	RatingScale unnamed RatingScale: (key response) rating=5.5
2769.7359 	EXP 	unnamed TextStim: text = 'My thoughts involved future events:'
2769.7359 	EXP 	unnamed TextStim: text = 'Completely'
2769.7359 	EXP 	unnamed TextStim: text = 'Not at all'
2770.7472 	EXP 	Created instruction = TextStim(__class__=<class 'psychopy.visual.text.TextStim'>, alignHoriz=method-wrapper(...), alignText='center', alignVert=method-wrapper(...), anchorHoriz='center', anchorVert='center', antialias=True, autoLog=True, bold=False, color=array([-1., -1., -1.]), colorSpace='rgb', contrast=1.0, depth=0, flipHoriz=False, flipVert=False, font='sans', fontFiles=[], height=0.1, italic=False, languageStyle='LTR', name='instruction', opacity=1.0, ori=0.0, pos=array([0., 0.]), rgb=UNKNOWN, text='default text', units='norm', win=Window(...), wrapWidth=1)
2770.7509 	EXP 	window1: mouseVisible = False
2770.7573 	EXP 	Created instruction = TextStim(__class__=<class 'psychopy.visual.text.TextStim'>, alignHoriz=method-wrapper(...), alignText='center', alignVert=method-wrapper(...), anchorHoriz='center', anchorVert='center', antialias=True, autoLog=True, bold=False, color=array([-1., -1., -1.]), colorSpace='rgb', contrast=1.0, depth=0, flipHoriz=False, flipVert=False, font='sans', fontFiles=[], height=0.1, italic=False, languageStyle='LTR', name='instruction', opacity=1.0, ori=0.0, pos=array([0., 0.]), rgb=UNKNOWN, text='default text', units='norm', win=Window(...), wrapWidth=1)
2770.7964 	DATA 	Keypress: return
2770.7967 	DATA 	Keypress: return
2770.8057 	EXP 	instruction: text = '\nThe prompt will prompt you to decide whether the upcoming word describes you.\n\nYou are required to respond with the left or right arrow key, according to the prompt: press Left if the word describes you or Right if it does not.\n\nYou should try to be as quick and accurate as possible.\n\n\nPress <Return> to start ...'
2771.1789 	DATA 	Keypress: return
2771.1923 	EXP 	Created unnamed TextStim = TextStim(__class__=<class 'psychopy.visual.text.TextStim'>, alignHoriz=method-wrapper(...), alignText='center', alignVert=method-wrapper(...), anchorHoriz='center', anchorVert='center', antialias=True, autoLog=True, bold=False, color=array([-1., -1., -1.]), colorSpace='rgb', contrast=1.0, depth=0, flipHoriz=False, flipVert=False, font='sans', fontFiles=[], height=0.1, italic=False, languageStyle='LTR', name='unnamed TextStim', opacity=1.0, ori=0.0, pos=array([0., 0.]), rgb=UNKNOWN, text='+', units='norm', win=Window(...), wrapWidth=1100)
2772.2082 	EXP 	Created unnamed TextStim = TextStim(__class__=<class 'psychopy.visual.text.TextStim'>, alignHoriz=method-wrapper(...), alignText='center', alignVert=method-wrapper(...), anchorHoriz='center', anchorVert='center', antialias=True, autoLog=True, bold=False, color=array([-1., -1., -1.]), colorSpace='rgb', contrast=1.0, depth=0, flipHoriz=False, flipVert=False, font='sans', fontFiles=[], height=0.1, italic=False, languageStyle='LTR', name='unnamed TextStim', opacity=1.0, ori=0.0, pos=array([0., 0.]), rgb=UNKNOWN, text='Friend', units='norm', win=Window(...), wrapWidth=1100)
2773.5162 	DATA 	Keypress: return
2774.2319 	EXP 	Created unnamed TextStim = TextStim(__class__=<class 'psychopy.visual.text.TextStim'>, alignHoriz=method-wrapper(...), alignText='center', alignVert=method-wrapper(...), anchorHoriz='center', anchorVert='center', antialias=True, autoLog=True, bold=False, color=array([-1., -1., -1.]), colorSpace='rgb', contrast=1.0, depth=0, flipHoriz=False, flipVert=False, font='sans', fontFiles=[], height=0.1, italic=False, languageStyle='LTR', name='unnamed TextStim', opacity=1.0, ori=0.0, pos=array([0., 0.]), rgb=UNKNOWN, text='EXCITABLE', units='norm', win=Window(...), wrapWidth=1100)
2776.7572 	EXP 	Created unnamed TextStim = TextStim(__class__=<class 'psychopy.visual.text.TextStim'>, alignHoriz=method-wrapper(...), alignText='center', alignVert=method-wrapper(...), anchorHoriz='center', anchorVert='center', antialias=True, autoLog=True, bold=False, color=array([-1., -1., -1.]), colorSpace='rgb', contrast=1.0, depth=0, flipHoriz=False, flipVert=False, font='sans', fontFiles=[], height=0.1, italic=False, languageStyle='LTR', name='unnamed TextStim', opacity=1.0, ori=0.0, pos=array([0., 0.]), rgb=UNKNOWN, text='Friend', units='norm', win=Window(...), wrapWidth=1100)
2779.7788 	EXP 	Created unnamed TextStim = TextStim(__class__=<class 'psychopy.visual.text.TextStim'>, alignHoriz=method-wrapper(...), alignText='center', alignVert=method-wrapper(...), anchorHoriz='center', anchorVert='center', antialias=True, autoLog=True, bold=False, color=array([-1., -1., -1.]), colorSpace='rgb', contrast=1.0, depth=0, flipHoriz=False, flipVert=False, font='sans', fontFiles=[], height=0.1, italic=False, languageStyle='LTR', name='unnamed TextStim', opacity=1.0, ori=0.0, pos=array([0., 0.]), rgb=UNKNOWN, text='CAUTIOUS', units='norm', win=Window(...), wrapWidth=1100)
2781.3071 	EXP 	Created instruction = TextStim(__class__=<class 'psychopy.visual.text.TextStim'>, alignHoriz=method-wrapper(...), alignText='center', alignVert=method-wrapper(...), anchorHoriz='center', anchorVert='center', antialias=True, autoLog=True, bold=False, color=array([-1., -1., -1.]), colorSpace='rgb', contrast=1.0, depth=0, flipHoriz=False, flipVert=False, font='sans', fontFiles=[], height=0.1, italic=False, languageStyle='LTR', name='instruction', opacity=1.0, ori=0.0, pos=array([0., 0.]), rgb=UNKNOWN, text='default text', units='norm', win=Window(...), wrapWidth=1)
2781.4320 	EXP 	instruction: text = '\nPlease answer the questions honestly.\n\nA list of descriptions and a rating scale ranging from 1 to 10 will be presented on the screen.\n\nPlease use the left and right arrow keys to select your answer, and the enter button to confirm.\n'
2785.9431 	DATA 	Keypress: return
2785.9581 	EXP 	Imported ./resources/ESQ/ESQ_Questions.csv as conditions, 14 conditions, 4 params
2785.9587 	EXP 	Created sequence: sequential, trialTypes=14, nReps=1, seed=None
2785.9650 	WARNING 	RatingScale unnamed RatingScale: len(labels) not equal to len(tickMarks)
2785.9655 	EXP 	window1: mouseVisible = True
2786.0030 	EXP 	Created unnamed RatingScale = RatingScale(__class__=type(...), acceptKeys=['return'], acceptPreText=UNKNOWN, acceptSize=UNKNOWN, acceptText='accept?', autoLog=True, choices=False, colorSpace='rgb', depth=0, disappear=False, flipVert=False, high=10, kwargs=UNKNOWN, labels=list(...), leftKeys=['left'], lineColor='black', low=1, marker=ShapeStim(...), markerColor='black', markerExpansion=UNKNOWN, markerStart=4.5, maxTime=0.0, minTime=0.4, mouseOnly=False, name='unnamed RatingScale', noMouse=False, pos=[0.0, -0.4], precision=10, respKeys=[], rightKeys=['right'], scale=False, self=UNKNOWN, showAccept=True, showValue=True, singleClick=False, size=0.6, skipKeys=['tab'], stretch=1.0, textColor='black', textFont='Helvetica Bold', textSize=0.12, tickHeight=1.0, tickMarks=9.0, win=Window(...))
2786.0054 	EXP 	Created unnamed TextStim = TextStim(__class__=<class 'psychopy.visual.text.TextStim'>, alignHoriz=method-wrapper(...), alignText='center', alignVert=method-wrapper(...), anchorHoriz='center', anchorVert='top', antialias=True, autoLog=True, bold=False, color=array([-1., -1., -1.]), colorSpace='rgb', contrast=1.0, depth=0, flipHoriz=False, flipVert=False, font='', fontFiles=[], height=0.1, italic=False, languageStyle='LTR', name='unnamed TextStim', opacity=1.0, ori=0.0, pos=array([0., 0.]), rgb=UNKNOWN, text='', units='norm', win=Window(...), wrapWidth=1)
2786.0073 	EXP 	Created unnamed TextStim = TextStim(__class__=<class 'psychopy.visual.text.TextStim'>, alignHoriz=method-wrapper(...), alignText='center', alignVert=method-wrapper(...), anchorHoriz='center', anchorVert='center', antialias=True, autoLog=True, bold=False, color=array([-1., -1., -1.]), colorSpace='rgb', contrast=1.0, depth=0, flipHoriz=False, flipVert=False, font='', fontFiles=[], height=0.1, italic=False, languageStyle='LTR', name='unnamed TextStim', opacity=1.0, ori=0.0, pos=array([ 0.5, -0.5]), rgb=UNKNOWN, text='', units='norm', win=Window(...), wrapWidth=1)
2786.0093 	EXP 	Created unnamed TextStim = TextStim(__class__=<class 'psychopy.visual.text.TextStim'>, alignHoriz=method-wrapper(...), alignText='center', alignVert=method-wrapper(...), anchorHoriz='center', anchorVert='center', antialias=True, autoLog=True, bold=False, color=array([-1., -1., -1.]), colorSpace='rgb', contrast=1.0, depth=0, flipHoriz=False, flipVert=False, font='', fontFiles=[], height=0.1, italic=False, languageStyle='LTR', name='unnamed TextStim', opacity=1.0, ori=0.0, pos=array([-0.5, -0.5]), rgb=UNKNOWN, text='', units='norm', win=Window(...), wrapWidth=1)
2786.0095 	EXP 	New trial (rep=0, index=0): OrderedDict([('Questions', 'My thoughts were focused on an external task or activity:'), ('Label', 'Focus'), ('Scale_low', 'Not at all'), ('Scale_high', 'Completely')])
2786.0636 	EXP 	unnamed RatingScale: flipVert = False
2786.0636 	EXP 	unnamed RatingScale: autoLog = True
2786.0636 	EXP 	unnamed TextStim: text = 'My thoughts were focused on an external task or activity:'
2786.0636 	EXP 	unnamed TextStim: text = 'Completely'
2786.0636 	EXP 	unnamed TextStim: text = 'Not at all'
2786.0772 	EXP 	unnamed TextStim: text = 'My thoughts were focused on an external task or activity:'
2786.0772 	EXP 	unnamed TextStim: text = 'Completely'
2786.0772 	EXP 	unnamed TextStim: text = 'Not at all'
2786.0903 	EXP 	unnamed TextStim: text = 'My thoughts were focused on an external task or activity:'
2786.0903 	EXP 	unnamed TextStim: text = 'Completely'
2786.0903 	EXP 	unnamed TextStim: text = 'Not at all'
2786.1052 	EXP 	unnamed TextStim: text = 'My thoughts were focused on an external task or activity:'
2786.1052 	EXP 	unnamed TextStim: text = 'Completely'
2786.1052 	EXP 	unnamed TextStim: text = 'Not at all'
2786.1182 	EXP 	unnamed TextStim: text = 'My thoughts were focused on an external task or activity:'
2786.1182 	EXP 	unnamed TextStim: text = 'Completely'
2786.1182 	EXP 	unnamed TextStim: text = 'Not at all'
2786.1390 	EXP 	unnamed TextStim: text = 'My thoughts were focused on an external task or activity:'
2786.1390 	EXP 	unnamed TextStim: text = 'Completely'
2786.1390 	EXP 	unnamed TextStim: text = 'Not at all'
2786.1529 	EXP 	unnamed TextStim: text = 'My thoughts were focused on an external task or activity:'
2786.1529 	EXP 	unnamed TextStim: text = 'Completely'
2786.1529 	EXP 	unnamed TextStim: text = 'Not at all'
2786.1668 	EXP 	unnamed TextStim: text = 'My thoughts were focused on an external task or activity:'
2786.1668 	EXP 	unnamed TextStim: text = 'Completely'
2786.1668 	EXP 	unnamed TextStim: text = 'Not at all'
2786.1808 	EXP 	unnamed TextStim: text = 'My thoughts were focused on an external task or activity:'
2786.1808 	EXP 	unnamed TextStim: text = 'Completely'
2786.1808 	EXP 	unnamed TextStim: text = 'Not at all'
2786.1960 	EXP 	unnamed TextStim: text = 'My thoughts were focused on an external task or activity:'
2786.1960 	EXP 	unnamed TextStim: text = 'Completely'
2786.1960 	EXP 	unnamed TextStim: text = 'Not at all'
2786.2084 	EXP 	unnamed TextStim: text = 'My thoughts were focused on an external task or activity:'
2786.2084 	EXP 	unnamed TextStim: text = 'Completely'
2786.2084 	EXP 	unnamed TextStim: text = 'Not at all'
2786.2224 	EXP 	unnamed TextStim: text = 'My thoughts were focused on an external task or activity:'
2786.2224 	EXP 	unnamed TextStim: text = 'Completely'
2786.2224 	EXP 	unnamed TextStim: text = 'Not at all'
2786.2361 	EXP 	unnamed TextStim: text = 'My thoughts were focused on an external task or activity:'
2786.2361 	EXP 	unnamed TextStim: text = 'Completely'
2786.2361 	EXP 	unnamed TextStim: text = 'Not at all'
2786.2500 	EXP 	unnamed TextStim: text = 'My thoughts were focused on an external task or activity:'
2786.2500 	EXP 	unnamed TextStim: text = 'Completely'
2786.2500 	EXP 	unnamed TextStim: text = 'Not at all'
2786.2638 	EXP 	unnamed TextStim: text = 'My thoughts were focused on an external task or activity:'
2786.2638 	EXP 	unnamed TextStim: text = 'Completely'
2786.2638 	EXP 	unnamed TextStim: text = 'Not at all'
2786.2777 	EXP 	unnamed TextStim: text = 'My thoughts were focused on an external task or activity:'
2786.2777 	EXP 	unnamed TextStim: text = 'Completely'
2786.2777 	EXP 	unnamed TextStim: text = 'Not at all'
2786.2915 	EXP 	unnamed TextStim: text = 'My thoughts were focused on an external task or activity:'
2786.2915 	EXP 	unnamed TextStim: text = 'Completely'
2786.2915 	EXP 	unnamed TextStim: text = 'Not at all'
2786.3058 	EXP 	unnamed TextStim: text = 'My thoughts were focused on an external task or activity:'
2786.3058 	EXP 	unnamed TextStim: text = 'Completely'
2786.3058 	EXP 	unnamed TextStim: text = 'Not at all'
2786.3198 	EXP 	unnamed TextStim: text = 'My thoughts were focused on an external task or activity:'
2786.3198 	EXP 	unnamed TextStim: text = 'Completely'
2786.3198 	EXP 	unnamed TextStim: text = 'Not at all'
2786.3343 	EXP 	unnamed TextStim: text = 'My thoughts were focused on an external task or activity:'
2786.3343 	EXP 	unnamed TextStim: text = 'Completely'
2786.3343 	EXP 	unnamed TextStim: text = 'Not at all'
2786.3473 	EXP 	unnamed TextStim: text = 'My thoughts were focused on an external task or activity:'
2786.3473 	EXP 	unnamed TextStim: text = 'Completely'
2786.3473 	EXP 	unnamed TextStim: text = 'Not at all'
2786.3623 	EXP 	unnamed TextStim: text = 'My thoughts were focused on an external task or activity:'
2786.3623 	EXP 	unnamed TextStim: text = 'Completely'
2786.3623 	EXP 	unnamed TextStim: text = 'Not at all'
2786.3761 	EXP 	unnamed TextStim: text = 'My thoughts were focused on an external task or activity:'
2786.3761 	EXP 	unnamed TextStim: text = 'Completely'
2786.3761 	EXP 	unnamed TextStim: text = 'Not at all'
2786.3889 	EXP 	unnamed TextStim: text = 'My thoughts were focused on an external task or activity:'
2786.3889 	EXP 	unnamed TextStim: text = 'Completely'
2786.3889 	EXP 	unnamed TextStim: text = 'Not at all'
2786.4035 	EXP 	unnamed TextStim: text = 'My thoughts were focused on an external task or activity:'
2786.4035 	EXP 	unnamed TextStim: text = 'Completely'
2786.4035 	EXP 	unnamed TextStim: text = 'Not at all'
2786.4167 	EXP 	unnamed TextStim: text = 'My thoughts were focused on an external task or activity:'
2786.4167 	EXP 	unnamed TextStim: text = 'Completely'
2786.4167 	EXP 	unnamed TextStim: text = 'Not at all'
2786.4316 	EXP 	unnamed TextStim: text = 'My thoughts were focused on an external task or activity:'
2786.4316 	EXP 	unnamed TextStim: text = 'Completely'
2786.4316 	EXP 	unnamed TextStim: text = 'Not at all'
2786.4454 	EXP 	unnamed TextStim: text = 'My thoughts were focused on an external task or activity:'
2786.4454 	EXP 	unnamed TextStim: text = 'Completely'
2786.4454 	EXP 	unnamed TextStim: text = 'Not at all'
2786.4584 	EXP 	unnamed TextStim: text = 'My thoughts were focused on an external task or activity:'
2786.4584 	EXP 	unnamed TextStim: text = 'Completely'
2786.4584 	EXP 	unnamed TextStim: text = 'Not at all'
2786.4730 	EXP 	unnamed TextStim: text = 'My thoughts were focused on an external task or activity:'
2786.4730 	EXP 	unnamed TextStim: text = 'Completely'
2786.4730 	EXP 	unnamed TextStim: text = 'Not at all'
2786.4861 	EXP 	unnamed TextStim: text = 'My thoughts were focused on an external task or activity:'
2786.4861 	EXP 	unnamed TextStim: text = 'Completely'
2786.4861 	EXP 	unnamed TextStim: text = 'Not at all'
2786.5011 	EXP 	unnamed TextStim: text = 'My thoughts were focused on an external task or activity:'
2786.5011 	EXP 	unnamed TextStim: text = 'Completely'
2786.5011 	EXP 	unnamed TextStim: text = 'Not at all'
2786.5151 	EXP 	unnamed TextStim: text = 'My thoughts were focused on an external task or activity:'
2786.5151 	EXP 	unnamed TextStim: text = 'Completely'
2786.5151 	EXP 	unnamed TextStim: text = 'Not at all'
2786.5279 	EXP 	unnamed TextStim: text = 'My thoughts were focused on an external task or activity:'
2786.5279 	EXP 	unnamed TextStim: text = 'Completely'
2786.5279 	EXP 	unnamed TextStim: text = 'Not at all'
2786.5428 	EXP 	unnamed TextStim: text = 'My thoughts were focused on an external task or activity:'
2786.5428 	EXP 	unnamed TextStim: text = 'Completely'
2786.5428 	EXP 	unnamed TextStim: text = 'Not at all'
2786.5557 	EXP 	unnamed TextStim: text = 'My thoughts were focused on an external task or activity:'
2786.5557 	EXP 	unnamed TextStim: text = 'Completely'
2786.5557 	EXP 	unnamed TextStim: text = 'Not at all'
2786.5662 	DATA 	Keypress: return
2786.5664 	DATA 	RatingScale unnamed RatingScale: (key response) rating=5.5
2786.5665 	DATA 	RatingScale unnamed RatingScale: rating RT=0.523
2786.5665 	DATA 	RatingScale unnamed RatingScale: history=[(4.5, 0.0), (5.5, 0.523)]
2786.5705 	EXP 	unnamed TextStim: text = 'My thoughts were focused on an external task or activity:'
2786.5705 	EXP 	unnamed TextStim: text = 'Completely'
2786.5705 	EXP 	unnamed TextStim: text = 'Not at all'
2787.5710 	EXP 	New trial (rep=0, index=1): OrderedDict([('Questions', 'My thoughts involved future events:'), ('Label', 'Future'), ('Scale_low', 'Not at all'), ('Scale_high', 'Completely')])
2787.5904 	EXP 	unnamed TextStim: text = 'My thoughts involved future events:'
2787.5904 	EXP 	unnamed TextStim: text = 'Completely'
2787.5904 	EXP 	unnamed TextStim: text = 'Not at all'
2787.6043 	EXP 	unnamed TextStim: text = 'My thoughts involved future events:'
2787.6043 	EXP 	unnamed TextStim: text = 'Completely'
2787.6043 	EXP 	unnamed TextStim: text = 'Not at all'
2787.6192 	EXP 	unnamed TextStim: text = 'My thoughts involved future events:'
2787.6192 	EXP 	unnamed TextStim: text = 'Completely'
2787.6192 	EXP 	unnamed TextStim: text = 'Not at all'
2787.6339 	EXP 	unnamed TextStim: text = 'My thoughts involved future events:'
2787.6339 	EXP 	unnamed TextStim: text = 'Completely'
2787.6339 	EXP 	unnamed TextStim: text = 'Not at all'
2787.6537 	EXP 	unnamed TextStim: text = 'My thoughts involved future events:'
2787.6537 	EXP 	unnamed TextStim: text = 'Completely'
2787.6537 	EXP 	unnamed TextStim: text = 'Not at all'
2787.6668 	EXP 	unnamed TextStim: text = 'My thoughts involved future events:'
2787.6668 	EXP 	unnamed TextStim: text = 'Completely'
2787.6668 	EXP 	unnamed TextStim: text = 'Not at all'
2787.6817 	EXP 	unnamed TextStim: text = 'My thoughts involved future events:'
2787.6817 	EXP 	unnamed TextStim: text = 'Completely'
2787.6817 	EXP 	unnamed TextStim: text = 'Not at all'
2787.6945 	EXP 	unnamed TextStim: text = 'My thoughts involved future events:'
2787.6945 	EXP 	unnamed TextStim: text = 'Completely'
2787.6945 	EXP 	unnamed TextStim: text = 'Not at all'
2787.7084 	EXP 	unnamed TextStim: text = 'My thoughts involved future events:'
2787.7084 	EXP 	unnamed TextStim: text = 'Completely'
2787.7084 	EXP 	unnamed TextStim: text = 'Not at all'
2787.7223 	EXP 	unnamed TextStim: text = 'My thoughts involved future events:'
2787.7223 	EXP 	unnamed TextStim: text = 'Completely'
2787.7223 	EXP 	unnamed TextStim: text = 'Not at all'
2787.7363 	EXP 	unnamed TextStim: text = 'My thoughts involved future events:'
2787.7363 	EXP 	unnamed TextStim: text = 'Completely'
2787.7363 	EXP 	unnamed TextStim: text = 'Not at all'
2787.7509 	EXP 	unnamed TextStim: text = 'My thoughts involved future events:'
2787.7509 	EXP 	unnamed TextStim: text = 'Completely'
2787.7509 	EXP 	unnamed TextStim: text = 'Not at all'
2787.7638 	EXP 	unnamed TextStim: text = 'My thoughts involved future events:'
2787.7638 	EXP 	unnamed TextStim: text = 'Completely'
2787.7638 	EXP 	unnamed TextStim: text = 'Not at all'
2787.7779 	EXP 	unnamed TextStim: text = 'My thoughts involved future events:'
2787.7779 	EXP 	unnamed TextStim: text = 'Completely'
2787.7779 	EXP 	unnamed TextStim: text = 'Not at all'
2787.7917 	EXP 	unnamed TextStim: text = 'My thoughts involved future events:'
2787.7917 	EXP 	unnamed TextStim: text = 'Completely'
2787.7917 	EXP 	unnamed TextStim: text = 'Not at all'
2787.8055 	EXP 	unnamed TextStim: text = 'My thoughts involved future events:'
2787.8055 	EXP 	unnamed TextStim: text = 'Completely'
2787.8055 	EXP 	unnamed TextStim: text = 'Not at all'
2787.8193 	EXP 	unnamed TextStim: text = 'My thoughts involved future events:'
2787.8193 	EXP 	unnamed TextStim: text = 'Completely'
2787.8193 	EXP 	unnamed TextStim: text = 'Not at all'
2787.8334 	EXP 	unnamed TextStim: text = 'My thoughts involved future events:'
2787.8334 	EXP 	unnamed TextStim: text = 'Completely'
2787.8334 	EXP 	unnamed TextStim: text = 'Not at all'
2787.8482 	EXP 	unnamed TextStim: text = 'My thoughts involved future events:'
2787.8482 	EXP 	unnamed TextStim: text = 'Completely'
2787.8482 	EXP 	unnamed TextStim: text = 'Not at all'
2787.8612 	EXP 	unnamed TextStim: text = 'My thoughts involved future events:'
2787.8612 	EXP 	unnamed TextStim: text = 'Completely'
2787.8612 	EXP 	unnamed TextStim: text = 'Not at all'
2787.8760 	EXP 	unnamed TextStim: text = 'My thoughts involved future events:'
2787.8760 	EXP 	unnamed TextStim: text = 'Completely'
2787.8760 	EXP 	unnamed TextStim: text = 'Not at all'
2787.8887 	EXP 	unnamed TextStim: text = 'My thoughts involved future events:'
2787.8887 	EXP 	unnamed TextStim: text = 'Completely'
2787.8887 	EXP 	unnamed TextStim: text = 'Not at all'
2787.9027 	EXP 	unnamed TextStim: text = 'My thoughts involved future events:'
2787.9027 	EXP 	unnamed TextStim: text = 'Completely'
2787.9027 	EXP 	unnamed TextStim: text = 'Not at all'
2787.9167 	EXP 	unnamed TextStim: text = 'My thoughts involved future events:'
2787.9167 	EXP 	unnamed TextStim: text = 'Completely'
2787.9167 	EXP 	unnamed TextStim: text = 'Not at all'
2787.9308 	EXP 	unnamed TextStim: text = 'My thoughts involved future events:'
2787.9308 	EXP 	unnamed TextStim: text = 'Completely'
2787.9308 	EXP 	unnamed TextStim: text = 'Not at all'
2787.9448 	EXP 	unnamed TextStim: text = 'My thoughts involved future events:'
2787.9448 	EXP 	unnamed TextStim: text = 'Completely'
2787.9448 	EXP 	unnamed TextStim: text = 'Not at all'
2787.9583 	EXP 	unnamed TextStim: text = 'My thoughts involved future events:'
2787.9583 	EXP 	unnamed TextStim: text = 'Completely'
2787.9583 	EXP 	unnamed TextStim: text = 'Not at all'
2787.9726 	EXP 	unnamed TextStim: text = 'My thoughts involved future events:'
2787.9726 	EXP 	unnamed TextStim: text = 'Completely'
2787.9726 	EXP 	unnamed TextStim: text = 'Not at all'
2787.9863 	EXP 	unnamed TextStim: text = 'My thoughts involved future events:'
2787.9863 	EXP 	unnamed TextStim: text = 'Completely'
2787.9863 	EXP 	unnamed TextStim: text = 'Not at all'
2788.0000 	EXP 	unnamed TextStim: text = 'My thoughts involved future events:'
2788.0000 	EXP 	unnamed TextStim: text = 'Completely'
2788.0000 	EXP 	unnamed TextStim: text = 'Not at all'
2788.0139 	EXP 	unnamed TextStim: text = 'My thoughts involved future events:'
2788.0139 	EXP 	unnamed TextStim: text = 'Completely'
2788.0139 	EXP 	unnamed TextStim: text = 'Not at all'
2788.0276 	EXP 	unnamed TextStim: text = 'My thoughts involved future events:'
2788.0276 	EXP 	unnamed TextStim: text = 'Completely'
2788.0276 	EXP 	unnamed TextStim: text = 'Not at all'
2788.0418 	EXP 	unnamed TextStim: text = 'My thoughts involved future events:'
2788.0418 	EXP 	unnamed TextStim: text = 'Completely'
2788.0418 	EXP 	unnamed TextStim: text = 'Not at all'
2788.0554 	EXP 	unnamed TextStim: text = 'My thoughts involved future events:'
2788.0554 	EXP 	unnamed TextStim: text = 'Completely'
2788.0554 	EXP 	unnamed TextStim: text = 'Not at all'
2788.0696 	EXP 	unnamed TextStim: text = 'My thoughts involved future events:'
2788.0696 	EXP 	unnamed TextStim: text = 'Completely'
2788.0696 	EXP 	unnamed TextStim: text = 'Not at all'
2788.0836 	EXP 	unnamed TextStim: text = 'My thoughts involved future events:'
2788.0836 	EXP 	unnamed TextStim: text = 'Completely'
2788.0836 	EXP 	unnamed TextStim: text = 'Not at all'
2788.0973 	EXP 	unnamed TextStim: text = 'My thoughts involved future events:'
2788.0973 	EXP 	unnamed TextStim: text = 'Completely'
2788.0973 	EXP 	unnamed TextStim: text = 'Not at all'
2788.1113 	EXP 	unnamed TextStim: text = 'My thoughts involved future events:'
2788.1113 	EXP 	unnamed TextStim: text = 'Completely'
2788.1113 	EXP 	unnamed TextStim: text = 'Not at all'
2788.1251 	EXP 	unnamed TextStim: text = 'My thoughts involved future events:'
2788.1251 	EXP 	unnamed TextStim: text = 'Completely'
2788.1251 	EXP 	unnamed TextStim: text = 'Not at all'
2788.1388 	EXP 	unnamed TextStim: text = 'My thoughts involved future events:'
2788.1388 	EXP 	unnamed TextStim: text = 'Completely'
2788.1388 	EXP 	unnamed TextStim: text = 'Not at all'
2788.1528 	EXP 	unnamed TextStim: text = 'My thoughts involved future events:'
2788.1528 	EXP 	unnamed TextStim: text = 'Completely'
2788.1528 	EXP 	unnamed TextStim: text = 'Not at all'
2788.1668 	EXP 	unnamed TextStim: text = 'My thoughts involved future events:'
2788.1668 	EXP 	unnamed TextStim: text = 'Completely'
2788.1668 	EXP 	unnamed TextStim: text = 'Not at all'
2788.1803 	EXP 	unnamed TextStim: text = 'My thoughts involved future events:'
2788.1803 	EXP 	unnamed TextStim: text = 'Completely'
2788.1803 	EXP 	unnamed TextStim: text = 'Not at all'
2788.1947 	EXP 	unnamed TextStim: text = 'My thoughts involved future events:'
2788.1947 	EXP 	unnamed TextStim: text = 'Completely'
2788.1947 	EXP 	unnamed TextStim: text = 'Not at all'
2788.2086 	EXP 	unnamed TextStim: text = 'My thoughts involved future events:'
2788.2086 	EXP 	unnamed TextStim: text = 'Completely'
2788.2086 	EXP 	unnamed TextStim: text = 'Not at all'
2788.2224 	EXP 	unnamed TextStim: text = 'My thoughts involved future events:'
2788.2224 	EXP 	unnamed TextStim: text = 'Completely'
2788.2224 	EXP 	unnamed TextStim: text = 'Not at all'
2788.2362 	EXP 	unnamed TextStim: text = 'My thoughts involved future events:'
2788.2362 	EXP 	unnamed TextStim: text = 'Completely'
2788.2362 	EXP 	unnamed TextStim: text = 'Not at all'
2788.2501 	EXP 	unnamed TextStim: text = 'My thoughts involved future events:'
2788.2501 	EXP 	unnamed TextStim: text = 'Completely'
2788.2501 	EXP 	unnamed TextStim: text = 'Not at all'
2788.2638 	EXP 	unnamed TextStim: text = 'My thoughts involved future events:'
2788.2638 	EXP 	unnamed TextStim: text = 'Completely'
2788.2638 	EXP 	unnamed TextStim: text = 'Not at all'
2788.2777 	EXP 	unnamed TextStim: text = 'My thoughts involved future events:'
2788.2777 	EXP 	unnamed TextStim: text = 'Completely'
2788.2777 	EXP 	unnamed TextStim: text = 'Not at all'
2788.2918 	EXP 	unnamed TextStim: text = 'My thoughts involved future events:'
2788.2918 	EXP 	unnamed TextStim: text = 'Completely'
2788.2918 	EXP 	unnamed TextStim: text = 'Not at all'
2788.3054 	EXP 	unnamed TextStim: text = 'My thoughts involved future events:'
2788.3054 	EXP 	unnamed TextStim: text = 'Completely'
2788.3054 	EXP 	unnamed TextStim: text = 'Not at all'
2788.3196 	EXP 	unnamed TextStim: text = 'My thoughts involved future events:'
2788.3196 	EXP 	unnamed TextStim: text = 'Completely'
2788.3196 	EXP 	unnamed TextStim: text = 'Not at all'
2788.3334 	EXP 	unnamed TextStim: text = 'My thoughts involved future events:'
2788.3334 	EXP 	unnamed TextStim: text = 'Completely'
2788.3334 	EXP 	unnamed TextStim: text = 'Not at all'
2788.3473 	EXP 	unnamed TextStim: text = 'My thoughts involved future events:'
2788.3473 	EXP 	unnamed TextStim: text = 'Completely'
2788.3473 	EXP 	unnamed TextStim: text = 'Not at all'
2788.3612 	EXP 	unnamed TextStim: text = 'My thoughts involved future events:'
2788.3612 	EXP 	unnamed TextStim: text = 'Completely'
2788.3612 	EXP 	unnamed TextStim: text = 'Not at all'
2788.3758 	EXP 	unnamed TextStim: text = 'My thoughts involved future events:'
2788.3758 	EXP 	unnamed TextStim: text = 'Completely'
2788.3758 	EXP 	unnamed TextStim: text = 'Not at all'
2788.3888 	EXP 	unnamed TextStim: text = 'My thoughts involved future events:'
2788.3888 	EXP 	unnamed TextStim: text = 'Completely'
2788.3888 	EXP 	unnamed TextStim: text = 'Not at all'
2788.4030 	EXP 	unnamed TextStim: text = 'My thoughts involved future events:'
2788.4030 	EXP 	unnamed TextStim: text = 'Completely'
2788.4030 	EXP 	unnamed TextStim: text = 'Not at all'
2788.4164 	EXP 	unnamed TextStim: text = 'My thoughts involved future events:'
2788.4164 	EXP 	unnamed TextStim: text = 'Completely'
2788.4164 	EXP 	unnamed TextStim: text = 'Not at all'
2788.4305 	EXP 	unnamed TextStim: text = 'My thoughts involved future events:'
2788.4305 	EXP 	unnamed TextStim: text = 'Completely'
2788.4305 	EXP 	unnamed TextStim: text = 'Not at all'
2788.4468 	EXP 	unnamed TextStim: text = 'My thoughts involved future events:'
2788.4468 	EXP 	unnamed TextStim: text = 'Completely'
2788.4468 	EXP 	unnamed TextStim: text = 'Not at all'
2788.4661 	EXP 	unnamed TextStim: text = 'My thoughts involved future events:'
2788.4661 	EXP 	unnamed TextStim: text = 'Completely'
2788.4661 	EXP 	unnamed TextStim: text = 'Not at all'
2788.4802 	EXP 	unnamed TextStim: text = 'My thoughts involved future events:'
2788.4802 	EXP 	unnamed TextStim: text = 'Completely'
2788.4802 	EXP 	unnamed TextStim: text = 'Not at all'
2788.4933 	EXP 	unnamed TextStim: text = 'My thoughts involved future events:'
2788.4933 	EXP 	unnamed TextStim: text = 'Completely'
2788.4933 	EXP 	unnamed TextStim: text = 'Not at all'
2788.5081 	EXP 	unnamed TextStim: text = 'My thoughts involved future events:'
2788.5081 	EXP 	unnamed TextStim: text = 'Completely'
2788.5081 	EXP 	unnamed TextStim: text = 'Not at all'
2788.5286 	EXP 	unnamed TextStim: text = 'My thoughts involved future events:'
2788.5286 	EXP 	unnamed TextStim: text = 'Completely'
2788.5286 	EXP 	unnamed TextStim: text = 'Not at all'
2788.5418 	EXP 	unnamed TextStim: text = 'My thoughts involved future events:'
2788.5418 	EXP 	unnamed TextStim: text = 'Completely'
2788.5418 	EXP 	unnamed TextStim: text = 'Not at all'
2788.5558 	EXP 	unnamed TextStim: text = 'My thoughts involved future events:'
2788.5558 	EXP 	unnamed TextStim: text = 'Completely'
2788.5558 	EXP 	unnamed TextStim: text = 'Not at all'
2788.5701 	EXP 	unnamed TextStim: text = 'My thoughts involved future events:'
2788.5701 	EXP 	unnamed TextStim: text = 'Completely'
2788.5701 	EXP 	unnamed TextStim: text = 'Not at all'
2788.5835 	EXP 	unnamed TextStim: text = 'My thoughts involved future events:'
2788.5835 	EXP 	unnamed TextStim: text = 'Completely'
2788.5835 	EXP 	unnamed TextStim: text = 'Not at all'
2788.5973 	EXP 	unnamed TextStim: text = 'My thoughts involved future events:'
2788.5973 	EXP 	unnamed TextStim: text = 'Completely'
2788.5973 	EXP 	unnamed TextStim: text = 'Not at all'
2788.6113 	EXP 	unnamed TextStim: text = 'My thoughts involved future events:'
2788.6113 	EXP 	unnamed TextStim: text = 'Completely'
2788.6113 	EXP 	unnamed TextStim: text = 'Not at all'
2788.6250 	EXP 	unnamed TextStim: text = 'My thoughts involved future events:'
2788.6250 	EXP 	unnamed TextStim: text = 'Completely'
2788.6250 	EXP 	unnamed TextStim: text = 'Not at all'
2788.6389 	EXP 	unnamed TextStim: text = 'My thoughts involved future events:'
2788.6389 	EXP 	unnamed TextStim: text = 'Completely'
2788.6389 	EXP 	unnamed TextStim: text = 'Not at all'
2788.6530 	EXP 	unnamed TextStim: text = 'My thoughts involved future events:'
2788.6530 	EXP 	unnamed TextStim: text = 'Completely'
2788.6530 	EXP 	unnamed TextStim: text = 'Not at all'
2788.6667 	EXP 	unnamed TextStim: text = 'My thoughts involved future events:'
2788.6667 	EXP 	unnamed TextStim: text = 'Completely'
2788.6667 	EXP 	unnamed TextStim: text = 'Not at all'
2788.6807 	EXP 	unnamed TextStim: text = 'My thoughts involved future events:'
2788.6807 	EXP 	unnamed TextStim: text = 'Completely'
2788.6807 	EXP 	unnamed TextStim: text = 'Not at all'
2788.6946 	EXP 	unnamed TextStim: text = 'My thoughts involved future events:'
2788.6946 	EXP 	unnamed TextStim: text = 'Completely'
2788.6946 	EXP 	unnamed TextStim: text = 'Not at all'
2788.7084 	EXP 	unnamed TextStim: text = 'My thoughts involved future events:'
2788.7084 	EXP 	unnamed TextStim: text = 'Completely'
2788.7084 	EXP 	unnamed TextStim: text = 'Not at all'
2788.7223 	EXP 	unnamed TextStim: text = 'My thoughts involved future events:'
2788.7223 	EXP 	unnamed TextStim: text = 'Completely'
2788.7223 	EXP 	unnamed TextStim: text = 'Not at all'
2788.7363 	EXP 	unnamed TextStim: text = 'My thoughts involved future events:'
2788.7363 	EXP 	unnamed TextStim: text = 'Completely'
2788.7363 	EXP 	unnamed TextStim: text = 'Not at all'
2788.7511 	EXP 	unnamed TextStim: text = 'My thoughts involved future events:'
2788.7511 	EXP 	unnamed TextStim: text = 'Completely'
2788.7511 	EXP 	unnamed TextStim: text = 'Not at all'
2788.7638 	EXP 	unnamed TextStim: text = 'My thoughts involved future events:'
2788.7638 	EXP 	unnamed TextStim: text = 'Completely'
2788.7638 	EXP 	unnamed TextStim: text = 'Not at all'
2788.7779 	EXP 	unnamed TextStim: text = 'My thoughts involved future events:'
2788.7779 	EXP 	unnamed TextStim: text = 'Completely'
2788.7779 	EXP 	unnamed TextStim: text = 'Not at all'
2788.7917 	EXP 	unnamed TextStim: text = 'My thoughts involved future events:'
2788.7917 	EXP 	unnamed TextStim: text = 'Completely'
2788.7917 	EXP 	unnamed TextStim: text = 'Not at all'
2788.8055 	EXP 	unnamed TextStim: text = 'My thoughts involved future events:'
2788.8055 	EXP 	unnamed TextStim: text = 'Completely'
2788.8055 	EXP 	unnamed TextStim: text = 'Not at all'
2788.8198 	EXP 	unnamed TextStim: text = 'My thoughts involved future events:'
2788.8198 	EXP 	unnamed TextStim: text = 'Completely'
2788.8198 	EXP 	unnamed TextStim: text = 'Not at all'
2788.8335 	EXP 	unnamed TextStim: text = 'My thoughts involved future events:'
2788.8335 	EXP 	unnamed TextStim: text = 'Completely'
2788.8335 	EXP 	unnamed TextStim: text = 'Not at all'
2788.8484 	EXP 	unnamed TextStim: text = 'My thoughts involved future events:'
2788.8484 	EXP 	unnamed TextStim: text = 'Completely'
2788.8484 	EXP 	unnamed TextStim: text = 'Not at all'
2788.8613 	EXP 	unnamed TextStim: text = 'My thoughts involved future events:'
2788.8613 	EXP 	unnamed TextStim: text = 'Completely'
2788.8613 	EXP 	unnamed TextStim: text = 'Not at all'
2788.8760 	EXP 	unnamed TextStim: text = 'My thoughts involved future events:'
2788.8760 	EXP 	unnamed TextStim: text = 'Completely'
2788.8760 	EXP 	unnamed TextStim: text = 'Not at all'
2788.8890 	EXP 	unnamed TextStim: text = 'My thoughts involved future events:'
2788.8890 	EXP 	unnamed TextStim: text = 'Completely'
2788.8890 	EXP 	unnamed TextStim: text = 'Not at all'
2788.9028 	EXP 	unnamed TextStim: text = 'My thoughts involved future events:'
2788.9028 	EXP 	unnamed TextStim: text = 'Completely'
2788.9028 	EXP 	unnamed TextStim: text = 'Not at all'
2788.9169 	EXP 	unnamed TextStim: text = 'My thoughts involved future events:'
2788.9169 	EXP 	unnamed TextStim: text = 'Completely'
2788.9169 	EXP 	unnamed TextStim: text = 'Not at all'
2788.9310 	EXP 	unnamed TextStim: text = 'My thoughts involved future events:'
2788.9310 	EXP 	unnamed TextStim: text = 'Completely'
2788.9310 	EXP 	unnamed TextStim: text = 'Not at all'
2788.9446 	EXP 	unnamed TextStim: text = 'My thoughts involved future events:'
2788.9446 	EXP 	unnamed TextStim: text = 'Completely'
2788.9446 	EXP 	unnamed TextStim: text = 'Not at all'
2788.9582 	EXP 	unnamed TextStim: text = 'My thoughts involved future events:'
2788.9582 	EXP 	unnamed TextStim: text = 'Completely'
2788.9582 	EXP 	unnamed TextStim: text = 'Not at all'
2788.9722 	EXP 	unnamed TextStim: text = 'My thoughts involved future events:'
2788.9722 	EXP 	unnamed TextStim: text = 'Completely'
2788.9722 	EXP 	unnamed TextStim: text = 'Not at all'
2788.9861 	EXP 	unnamed TextStim: text = 'My thoughts involved future events:'
2788.9861 	EXP 	unnamed TextStim: text = 'Completely'
2788.9861 	EXP 	unnamed TextStim: text = 'Not at all'
2789.0001 	EXP 	unnamed TextStim: text = 'My thoughts involved future events:'
2789.0001 	EXP 	unnamed TextStim: text = 'Completely'
2789.0001 	EXP 	unnamed TextStim: text = 'Not at all'
2789.0140 	EXP 	unnamed TextStim: text = 'My thoughts involved future events:'
2789.0140 	EXP 	unnamed TextStim: text = 'Completely'
2789.0140 	EXP 	unnamed TextStim: text = 'Not at all'
2789.0278 	EXP 	unnamed TextStim: text = 'My thoughts involved future events:'
2789.0278 	EXP 	unnamed TextStim: text = 'Completely'
2789.0278 	EXP 	unnamed TextStim: text = 'Not at all'
2789.0418 	EXP 	unnamed TextStim: text = 'My thoughts involved future events:'
2789.0418 	EXP 	unnamed TextStim: text = 'Completely'
2789.0418 	EXP 	unnamed TextStim: text = 'Not at all'
2789.0556 	EXP 	unnamed TextStim: text = 'My thoughts involved future events:'
2789.0556 	EXP 	unnamed TextStim: text = 'Completely'
2789.0556 	EXP 	unnamed TextStim: text = 'Not at all'
2789.0695 	EXP 	unnamed TextStim: text = 'My thoughts involved future events:'
2789.0695 	EXP 	unnamed TextStim: text = 'Completely'
2789.0695 	EXP 	unnamed TextStim: text = 'Not at all'
2789.0835 	EXP 	unnamed TextStim: text = 'My thoughts involved future events:'
2789.0835 	EXP 	unnamed TextStim: text = 'Completely'
2789.0835 	EXP 	unnamed TextStim: text = 'Not at all'
2789.0973 	EXP 	unnamed TextStim: text = 'My thoughts involved future events:'
2789.0973 	EXP 	unnamed TextStim: text = 'Completely'
2789.0973 	EXP 	unnamed TextStim: text = 'Not at all'
2789.1112 	EXP 	unnamed TextStim: text = 'My thoughts involved future events:'
2789.1112 	EXP 	unnamed TextStim: text = 'Completely'
2789.1112 	EXP 	unnamed TextStim: text = 'Not at all'
2789.1249 	EXP 	unnamed TextStim: text = 'My thoughts involved future events:'
2789.1249 	EXP 	unnamed TextStim: text = 'Completely'
2789.1249 	EXP 	unnamed TextStim: text = 'Not at all'
2789.1388 	EXP 	unnamed TextStim: text = 'My thoughts involved future events:'
2789.1388 	EXP 	unnamed TextStim: text = 'Completely'
2789.1388 	EXP 	unnamed TextStim: text = 'Not at all'
2789.1529 	EXP 	unnamed TextStim: text = 'My thoughts involved future events:'
2789.1529 	EXP 	unnamed TextStim: text = 'Completely'
2789.1529 	EXP 	unnamed TextStim: text = 'Not at all'
2789.1668 	EXP 	unnamed TextStim: text = 'My thoughts involved future events:'
2789.1668 	EXP 	unnamed TextStim: text = 'Completely'
2789.1668 	EXP 	unnamed TextStim: text = 'Not at all'
2789.1808 	EXP 	unnamed TextStim: text = 'My thoughts involved future events:'
2789.1808 	EXP 	unnamed TextStim: text = 'Completely'
2789.1808 	EXP 	unnamed TextStim: text = 'Not at all'
2789.1946 	EXP 	unnamed TextStim: text = 'My thoughts involved future events:'
2789.1946 	EXP 	unnamed TextStim: text = 'Completely'
2789.1946 	EXP 	unnamed TextStim: text = 'Not at all'
2789.2085 	EXP 	unnamed TextStim: text = 'My thoughts involved future events:'
2789.2085 	EXP 	unnamed TextStim: text = 'Completely'
2789.2085 	EXP 	unnamed TextStim: text = 'Not at all'
2789.2223 	EXP 	unnamed TextStim: text = 'My thoughts involved future events:'
2789.2223 	EXP 	unnamed TextStim: text = 'Completely'
2789.2223 	EXP 	unnamed TextStim: text = 'Not at all'
2789.2360 	EXP 	unnamed TextStim: text = 'My thoughts involved future events:'
2789.2360 	EXP 	unnamed TextStim: text = 'Completely'
2789.2360 	EXP 	unnamed TextStim: text = 'Not at all'
2789.2499 	EXP 	unnamed TextStim: text = 'My thoughts involved future events:'
2789.2499 	EXP 	unnamed TextStim: text = 'Completely'
2789.2499 	EXP 	unnamed TextStim: text = 'Not at all'
2789.2640 	EXP 	unnamed TextStim: text = 'My thoughts involved future events:'
2789.2640 	EXP 	unnamed TextStim: text = 'Completely'
2789.2640 	EXP 	unnamed TextStim: text = 'Not at all'
2789.2779 	EXP 	unnamed TextStim: text = 'My thoughts involved future events:'
2789.2779 	EXP 	unnamed TextStim: text = 'Completely'
2789.2779 	EXP 	unnamed TextStim: text = 'Not at all'
2789.2918 	EXP 	unnamed TextStim: text = 'My thoughts involved future events:'
2789.2918 	EXP 	unnamed TextStim: text = 'Completely'
2789.2918 	EXP 	unnamed TextStim: text = 'Not at all'
2789.3057 	EXP 	unnamed TextStim: text = 'My thoughts involved future events:'
2789.3057 	EXP 	unnamed TextStim: text = 'Completely'
2789.3057 	EXP 	unnamed TextStim: text = 'Not at all'
2789.3196 	EXP 	unnamed TextStim: text = 'My thoughts involved future events:'
2789.3196 	EXP 	unnamed TextStim: text = 'Completely'
2789.3196 	EXP 	unnamed TextStim: text = 'Not at all'
2789.3334 	EXP 	unnamed TextStim: text = 'My thoughts involved future events:'
2789.3334 	EXP 	unnamed TextStim: text = 'Completely'
2789.3334 	EXP 	unnamed TextStim: text = 'Not at all'
2789.3472 	EXP 	unnamed TextStim: text = 'My thoughts involved future events:'
2789.3472 	EXP 	unnamed TextStim: text = 'Completely'
2789.3472 	EXP 	unnamed TextStim: text = 'Not at all'
2789.3614 	EXP 	unnamed TextStim: text = 'My thoughts involved future events:'
2789.3614 	EXP 	unnamed TextStim: text = 'Completely'
2789.3614 	EXP 	unnamed TextStim: text = 'Not at all'
2789.3750 	EXP 	unnamed TextStim: text = 'My thoughts involved future events:'
2789.3750 	EXP 	unnamed TextStim: text = 'Completely'
2789.3750 	EXP 	unnamed TextStim: text = 'Not at all'
2789.3889 	EXP 	unnamed TextStim: text = 'My thoughts involved future events:'
2789.3889 	EXP 	unnamed TextStim: text = 'Completely'
2789.3889 	EXP 	unnamed TextStim: text = 'Not at all'
2789.4029 	EXP 	unnamed TextStim: text = 'My thoughts involved future events:'
2789.4029 	EXP 	unnamed TextStim: text = 'Completely'
2789.4029 	EXP 	unnamed TextStim: text = 'Not at all'
2789.4169 	EXP 	unnamed TextStim: text = 'My thoughts involved future events:'
2789.4169 	EXP 	unnamed TextStim: text = 'Completely'
2789.4169 	EXP 	unnamed TextStim: text = 'Not at all'
2789.4306 	EXP 	unnamed TextStim: text = 'My thoughts involved future events:'
2789.4306 	EXP 	unnamed TextStim: text = 'Completely'
2789.4306 	EXP 	unnamed TextStim: text = 'Not at all'
2789.4449 	EXP 	unnamed TextStim: text = 'My thoughts involved future events:'
2789.4449 	EXP 	unnamed TextStim: text = 'Completely'
2789.4449 	EXP 	unnamed TextStim: text = 'Not at all'
2789.4585 	EXP 	unnamed TextStim: text = 'My thoughts involved future events:'
2789.4585 	EXP 	unnamed TextStim: text = 'Completely'
2789.4585 	EXP 	unnamed TextStim: text = 'Not at all'
2789.4723 	EXP 	unnamed TextStim: text = 'My thoughts involved future events:'
2789.4723 	EXP 	unnamed TextStim: text = 'Completely'
2789.4723 	EXP 	unnamed TextStim: text = 'Not at all'
2789.4863 	EXP 	unnamed TextStim: text = 'My thoughts involved future events:'
2789.4863 	EXP 	unnamed TextStim: text = 'Completely'
2789.4863 	EXP 	unnamed TextStim: text = 'Not at all'
2789.5002 	EXP 	unnamed TextStim: text = 'My thoughts involved future events:'
2789.5002 	EXP 	unnamed TextStim: text = 'Completely'
2789.5002 	EXP 	unnamed TextStim: text = 'Not at all'
2789.5142 	EXP 	unnamed TextStim: text = 'My thoughts involved future events:'
2789.5142 	EXP 	unnamed TextStim: text = 'Completely'
2789.5142 	EXP 	unnamed TextStim: text = 'Not at all'
2789.5280 	EXP 	unnamed TextStim: text = 'My thoughts involved future events:'
2789.5280 	EXP 	unnamed TextStim: text = 'Completely'
2789.5280 	EXP 	unnamed TextStim: text = 'Not at all'
2789.5418 	EXP 	unnamed TextStim: text = 'My thoughts involved future events:'
2789.5418 	EXP 	unnamed TextStim: text = 'Completely'
2789.5418 	EXP 	unnamed TextStim: text = 'Not at all'
2789.5557 	EXP 	unnamed TextStim: text = 'My thoughts involved future events:'
2789.5557 	EXP 	unnamed TextStim: text = 'Completely'
2789.5557 	EXP 	unnamed TextStim: text = 'Not at all'
2789.5699 	EXP 	unnamed TextStim: text = 'My thoughts involved future events:'
2789.5699 	EXP 	unnamed TextStim: text = 'Completely'
2789.5699 	EXP 	unnamed TextStim: text = 'Not at all'
2789.5835 	EXP 	unnamed TextStim: text = 'My thoughts involved future events:'
2789.5835 	EXP 	unnamed TextStim: text = 'Completely'
2789.5835 	EXP 	unnamed TextStim: text = 'Not at all'
2789.5973 	EXP 	unnamed TextStim: text = 'My thoughts involved future events:'
2789.5973 	EXP 	unnamed TextStim: text = 'Completely'
2789.5973 	EXP 	unnamed TextStim: text = 'Not at all'
2789.6114 	EXP 	unnamed TextStim: text = 'My thoughts involved future events:'
2789.6114 	EXP 	unnamed TextStim: text = 'Completely'
2789.6114 	EXP 	unnamed TextStim: text = 'Not at all'
2789.6250 	EXP 	unnamed TextStim: text = 'My thoughts involved future events:'
2789.6250 	EXP 	unnamed TextStim: text = 'Completely'
2789.6250 	EXP 	unnamed TextStim: text = 'Not at all'
2789.6388 	EXP 	unnamed TextStim: text = 'My thoughts involved future events:'
2789.6388 	EXP 	unnamed TextStim: text = 'Completely'
2789.6388 	EXP 	unnamed TextStim: text = 'Not at all'
2789.6529 	EXP 	unnamed TextStim: text = 'My thoughts involved future events:'
2789.6529 	EXP 	unnamed TextStim: text = 'Completely'
2789.6529 	EXP 	unnamed TextStim: text = 'Not at all'
2789.6668 	EXP 	unnamed TextStim: text = 'My thoughts involved future events:'
2789.6668 	EXP 	unnamed TextStim: text = 'Completely'
2789.6668 	EXP 	unnamed TextStim: text = 'Not at all'
2789.6808 	EXP 	unnamed TextStim: text = 'My thoughts involved future events:'
2789.6808 	EXP 	unnamed TextStim: text = 'Completely'
2789.6808 	EXP 	unnamed TextStim: text = 'Not at all'
2789.6947 	EXP 	unnamed TextStim: text = 'My thoughts involved future events:'
2789.6947 	EXP 	unnamed TextStim: text = 'Completely'
2789.6947 	EXP 	unnamed TextStim: text = 'Not at all'
2789.7084 	EXP 	unnamed TextStim: text = 'My thoughts involved future events:'
2789.7084 	EXP 	unnamed TextStim: text = 'Completely'
2789.7084 	EXP 	unnamed TextStim: text = 'Not at all'
2789.7224 	EXP 	unnamed TextStim: text = 'My thoughts involved future events:'
2789.7224 	EXP 	unnamed TextStim: text = 'Completely'
2789.7224 	EXP 	unnamed TextStim: text = 'Not at all'
2789.7362 	EXP 	unnamed TextStim: text = 'My thoughts involved future events:'
2789.7362 	EXP 	unnamed TextStim: text = 'Completely'
2789.7362 	EXP 	unnamed TextStim: text = 'Not at all'
2789.7499 	EXP 	unnamed TextStim: text = 'My thoughts involved future events:'
2789.7499 	EXP 	unnamed TextStim: text = 'Completely'
2789.7499 	EXP 	unnamed TextStim: text = 'Not at all'
2789.7640 	EXP 	unnamed TextStim: text = 'My thoughts involved future events:'
2789.7640 	EXP 	unnamed TextStim: text = 'Completely'
2789.7640 	EXP 	unnamed TextStim: text = 'Not at all'
2789.7779 	EXP 	unnamed TextStim: text = 'My thoughts involved future events:'
2789.7779 	EXP 	unnamed TextStim: text = 'Completely'
2789.7779 	EXP 	unnamed TextStim: text = 'Not at all'
2789.7918 	EXP 	unnamed TextStim: text = 'My thoughts involved future events:'
2789.7918 	EXP 	unnamed TextStim: text = 'Completely'
2789.7918 	EXP 	unnamed TextStim: text = 'Not at all'
2789.8057 	EXP 	unnamed TextStim: text = 'My thoughts involved future events:'
2789.8057 	EXP 	unnamed TextStim: text = 'Completely'
2789.8057 	EXP 	unnamed TextStim: text = 'Not at all'
2789.8201 	EXP 	unnamed TextStim: text = 'My thoughts involved future events:'
2789.8201 	EXP 	unnamed TextStim: text = 'Completely'
2789.8201 	EXP 	unnamed TextStim: text = 'Not at all'
2789.8332 	EXP 	unnamed TextStim: text = 'My thoughts involved future events:'
2789.8332 	EXP 	unnamed TextStim: text = 'Completely'
2789.8332 	EXP 	unnamed TextStim: text = 'Not at all'
2789.8484 	EXP 	unnamed TextStim: text = 'My thoughts involved future events:'
2789.8484 	EXP 	unnamed TextStim: text = 'Completely'
2789.8484 	EXP 	unnamed TextStim: text = 'Not at all'
2789.8613 	EXP 	unnamed TextStim: text = 'My thoughts involved future events:'
2789.8613 	EXP 	unnamed TextStim: text = 'Completely'
2789.8613 	EXP 	unnamed TextStim: text = 'Not at all'
2789.8751 	EXP 	unnamed TextStim: text = 'My thoughts involved future events:'
2789.8751 	EXP 	unnamed TextStim: text = 'Completely'
2789.8751 	EXP 	unnamed TextStim: text = 'Not at all'
2789.8890 	EXP 	unnamed TextStim: text = 'My thoughts involved future events:'
2789.8890 	EXP 	unnamed TextStim: text = 'Completely'
2789.8890 	EXP 	unnamed TextStim: text = 'Not at all'
2789.9028 	EXP 	unnamed TextStim: text = 'My thoughts involved future events:'
2789.9028 	EXP 	unnamed TextStim: text = 'Completely'
2789.9028 	EXP 	unnamed TextStim: text = 'Not at all'
2789.9168 	EXP 	unnamed TextStim: text = 'My thoughts involved future events:'
2789.9168 	EXP 	unnamed TextStim: text = 'Completely'
2789.9168 	EXP 	unnamed TextStim: text = 'Not at all'
2789.9308 	EXP 	unnamed TextStim: text = 'My thoughts involved future events:'
2789.9308 	EXP 	unnamed TextStim: text = 'Completely'
2789.9308 	EXP 	unnamed TextStim: text = 'Not at all'
2789.9446 	EXP 	unnamed TextStim: text = 'My thoughts involved future events:'
2789.9446 	EXP 	unnamed TextStim: text = 'Completely'
2789.9446 	EXP 	unnamed TextStim: text = 'Not at all'
2789.9586 	EXP 	unnamed TextStim: text = 'My thoughts involved future events:'
2789.9586 	EXP 	unnamed TextStim: text = 'Completely'
2789.9586 	EXP 	unnamed TextStim: text = 'Not at all'
2789.9723 	EXP 	unnamed TextStim: text = 'My thoughts involved future events:'
2789.9723 	EXP 	unnamed TextStim: text = 'Completely'
2789.9723 	EXP 	unnamed TextStim: text = 'Not at all'
2789.9861 	EXP 	unnamed TextStim: text = 'My thoughts involved future events:'
2789.9861 	EXP 	unnamed TextStim: text = 'Completely'
2789.9861 	EXP 	unnamed TextStim: text = 'Not at all'
2789.9999 	EXP 	unnamed TextStim: text = 'My thoughts involved future events:'
2789.9999 	EXP 	unnamed TextStim: text = 'Completely'
2789.9999 	EXP 	unnamed TextStim: text = 'Not at all'
2790.0140 	EXP 	unnamed TextStim: text = 'My thoughts involved future events:'
2790.0140 	EXP 	unnamed TextStim: text = 'Completely'
2790.0140 	EXP 	unnamed TextStim: text = 'Not at all'
2790.0277 	EXP 	unnamed TextStim: text = 'My thoughts involved future events:'
2790.0277 	EXP 	unnamed TextStim: text = 'Completely'
2790.0277 	EXP 	unnamed TextStim: text = 'Not at all'
2790.0418 	EXP 	unnamed TextStim: text = 'My thoughts involved future events:'
2790.0418 	EXP 	unnamed TextStim: text = 'Completely'
2790.0418 	EXP 	unnamed TextStim: text = 'Not at all'
2790.0557 	EXP 	unnamed TextStim: text = 'My thoughts involved future events:'
2790.0557 	EXP 	unnamed TextStim: text = 'Completely'
2790.0557 	EXP 	unnamed TextStim: text = 'Not at all'
2790.0696 	EXP 	unnamed TextStim: text = 'My thoughts involved future events:'
2790.0696 	EXP 	unnamed TextStim: text = 'Completely'
2790.0696 	EXP 	unnamed TextStim: text = 'Not at all'
2790.0835 	EXP 	unnamed TextStim: text = 'My thoughts involved future events:'
2790.0835 	EXP 	unnamed TextStim: text = 'Completely'
2790.0835 	EXP 	unnamed TextStim: text = 'Not at all'
2790.0973 	EXP 	unnamed TextStim: text = 'My thoughts involved future events:'
2790.0973 	EXP 	unnamed TextStim: text = 'Completely'
2790.0973 	EXP 	unnamed TextStim: text = 'Not at all'
2790.1112 	EXP 	unnamed TextStim: text = 'My thoughts involved future events:'
2790.1112 	EXP 	unnamed TextStim: text = 'Completely'
2790.1112 	EXP 	unnamed TextStim: text = 'Not at all'
2790.1249 	EXP 	unnamed TextStim: text = 'My thoughts involved future events:'
2790.1249 	EXP 	unnamed TextStim: text = 'Completely'
2790.1249 	EXP 	unnamed TextStim: text = 'Not at all'
2790.1388 	EXP 	unnamed TextStim: text = 'My thoughts involved future events:'
2790.1388 	EXP 	unnamed TextStim: text = 'Completely'
2790.1388 	EXP 	unnamed TextStim: text = 'Not at all'
2790.1529 	EXP 	unnamed TextStim: text = 'My thoughts involved future events:'
2790.1529 	EXP 	unnamed TextStim: text = 'Completely'
2790.1529 	EXP 	unnamed TextStim: text = 'Not at all'
2790.1668 	EXP 	unnamed TextStim: text = 'My thoughts involved future events:'
2790.1668 	EXP 	unnamed TextStim: text = 'Completely'
2790.1668 	EXP 	unnamed TextStim: text = 'Not at all'
2790.1807 	EXP 	unnamed TextStim: text = 'My thoughts involved future events:'
2790.1807 	EXP 	unnamed TextStim: text = 'Completely'
2790.1807 	EXP 	unnamed TextStim: text = 'Not at all'
2790.1957 	EXP 	unnamed TextStim: text = 'My thoughts involved future events:'
2790.1957 	EXP 	unnamed TextStim: text = 'Completely'
2790.1957 	EXP 	unnamed TextStim: text = 'Not at all'
2790.2154 	EXP 	unnamed TextStim: text = 'My thoughts involved future events:'
2790.2154 	EXP 	unnamed TextStim: text = 'Completely'
2790.2154 	EXP 	unnamed TextStim: text = 'Not at all'
2790.2303 	EXP 	unnamed TextStim: text = 'My thoughts involved future events:'
2790.2303 	EXP 	unnamed TextStim: text = 'Completely'
2790.2303 	EXP 	unnamed TextStim: text = 'Not at all'
2790.2432 	EXP 	unnamed TextStim: text = 'My thoughts involved future events:'
2790.2432 	EXP 	unnamed TextStim: text = 'Completely'
2790.2432 	EXP 	unnamed TextStim: text = 'Not at all'
2790.2569 	EXP 	unnamed TextStim: text = 'My thoughts involved future events:'
2790.2569 	EXP 	unnamed TextStim: text = 'Completely'
2790.2569 	EXP 	unnamed TextStim: text = 'Not at all'
2790.2710 	EXP 	unnamed TextStim: text = 'My thoughts involved future events:'
2790.2710 	EXP 	unnamed TextStim: text = 'Completely'
2790.2710 	EXP 	unnamed TextStim: text = 'Not at all'
2790.2856 	EXP 	unnamed TextStim: text = 'My thoughts involved future events:'
2790.2856 	EXP 	unnamed TextStim: text = 'Completely'
2790.2856 	EXP 	unnamed TextStim: text = 'Not at all'
2790.2988 	EXP 	unnamed TextStim: text = 'My thoughts involved future events:'
2790.2988 	EXP 	unnamed TextStim: text = 'Completely'
2790.2988 	EXP 	unnamed TextStim: text = 'Not at all'
2790.3126 	EXP 	unnamed TextStim: text = 'My thoughts involved future events:'
2790.3126 	EXP 	unnamed TextStim: text = 'Completely'
2790.3126 	EXP 	unnamed TextStim: text = 'Not at all'
2790.3276 	EXP 	unnamed TextStim: text = 'My thoughts involved future events:'
2790.3276 	EXP 	unnamed TextStim: text = 'Completely'
2790.3276 	EXP 	unnamed TextStim: text = 'Not at all'
2790.3414 	EXP 	unnamed TextStim: text = 'My thoughts involved future events:'
2790.3414 	EXP 	unnamed TextStim: text = 'Completely'
2790.3414 	EXP 	unnamed TextStim: text = 'Not at all'
2790.3553 	EXP 	unnamed TextStim: text = 'My thoughts involved future events:'
2790.3553 	EXP 	unnamed TextStim: text = 'Completely'
2790.3553 	EXP 	unnamed TextStim: text = 'Not at all'
2790.3682 	EXP 	unnamed TextStim: text = 'My thoughts involved future events:'
2790.3682 	EXP 	unnamed TextStim: text = 'Completely'
2790.3682 	EXP 	unnamed TextStim: text = 'Not at all'
2790.3833 	EXP 	unnamed TextStim: text = 'My thoughts involved future events:'
2790.3833 	EXP 	unnamed TextStim: text = 'Completely'
2790.3833 	EXP 	unnamed TextStim: text = 'Not at all'
2790.4029 	EXP 	unnamed TextStim: text = 'My thoughts involved future events:'
2790.4029 	EXP 	unnamed TextStim: text = 'Completely'
2790.4029 	EXP 	unnamed TextStim: text = 'Not at all'
2790.4170 	EXP 	unnamed TextStim: text = 'My thoughts involved future events:'
2790.4170 	EXP 	unnamed TextStim: text = 'Completely'
2790.4170 	EXP 	unnamed TextStim: text = 'Not at all'
2790.4307 	EXP 	unnamed TextStim: text = 'My thoughts involved future events:'
2790.4307 	EXP 	unnamed TextStim: text = 'Completely'
2790.4307 	EXP 	unnamed TextStim: text = 'Not at all'
2790.4445 	EXP 	unnamed TextStim: text = 'My thoughts involved future events:'
2790.4445 	EXP 	unnamed TextStim: text = 'Completely'
2790.4445 	EXP 	unnamed TextStim: text = 'Not at all'
2790.4585 	EXP 	unnamed TextStim: text = 'My thoughts involved future events:'
2790.4585 	EXP 	unnamed TextStim: text = 'Completely'
2790.4585 	EXP 	unnamed TextStim: text = 'Not at all'
2790.4724 	EXP 	unnamed TextStim: text = 'My thoughts involved future events:'
2790.4724 	EXP 	unnamed TextStim: text = 'Completely'
2790.4724 	EXP 	unnamed TextStim: text = 'Not at all'
2790.4863 	EXP 	unnamed TextStim: text = 'My thoughts involved future events:'
2790.4863 	EXP 	unnamed TextStim: text = 'Completely'
2790.4863 	EXP 	unnamed TextStim: text = 'Not at all'
2790.5001 	EXP 	unnamed TextStim: text = 'My thoughts involved future events:'
2790.5001 	EXP 	unnamed TextStim: text = 'Completely'
2790.5001 	EXP 	unnamed TextStim: text = 'Not at all'
2790.5140 	EXP 	unnamed TextStim: text = 'My thoughts involved future events:'
2790.5140 	EXP 	unnamed TextStim: text = 'Completely'
2790.5140 	EXP 	unnamed TextStim: text = 'Not at all'
2790.5280 	EXP 	unnamed TextStim: text = 'My thoughts involved future events:'
2790.5280 	EXP 	unnamed TextStim: text = 'Completely'
2790.5280 	EXP 	unnamed TextStim: text = 'Not at all'
2790.5418 	EXP 	unnamed TextStim: text = 'My thoughts involved future events:'
2790.5418 	EXP 	unnamed TextStim: text = 'Completely'
2790.5418 	EXP 	unnamed TextStim: text = 'Not at all'
2790.5557 	EXP 	unnamed TextStim: text = 'My thoughts involved future events:'
2790.5557 	EXP 	unnamed TextStim: text = 'Completely'
2790.5557 	EXP 	unnamed TextStim: text = 'Not at all'
2790.5696 	EXP 	unnamed TextStim: text = 'My thoughts involved future events:'
2790.5696 	EXP 	unnamed TextStim: text = 'Completely'
2790.5696 	EXP 	unnamed TextStim: text = 'Not at all'
2790.5836 	EXP 	unnamed TextStim: text = 'My thoughts involved future events:'
2790.5836 	EXP 	unnamed TextStim: text = 'Completely'
2790.5836 	EXP 	unnamed TextStim: text = 'Not at all'
2790.5974 	EXP 	unnamed TextStim: text = 'My thoughts involved future events:'
2790.5974 	EXP 	unnamed TextStim: text = 'Completely'
2790.5974 	EXP 	unnamed TextStim: text = 'Not at all'
2790.6114 	EXP 	unnamed TextStim: text = 'My thoughts involved future events:'
2790.6114 	EXP 	unnamed TextStim: text = 'Completely'
2790.6114 	EXP 	unnamed TextStim: text = 'Not at all'
2790.6251 	EXP 	unnamed TextStim: text = 'My thoughts involved future events:'
2790.6251 	EXP 	unnamed TextStim: text = 'Completely'
2790.6251 	EXP 	unnamed TextStim: text = 'Not at all'
2790.6390 	EXP 	unnamed TextStim: text = 'My thoughts involved future events:'
2790.6390 	EXP 	unnamed TextStim: text = 'Completely'
2790.6390 	EXP 	unnamed TextStim: text = 'Not at all'
2790.6529 	EXP 	unnamed TextStim: text = 'My thoughts involved future events:'
2790.6529 	EXP 	unnamed TextStim: text = 'Completely'
2790.6529 	EXP 	unnamed TextStim: text = 'Not at all'
2790.6665 	EXP 	unnamed TextStim: text = 'My thoughts involved future events:'
2790.6665 	EXP 	unnamed TextStim: text = 'Completely'
2790.6665 	EXP 	unnamed TextStim: text = 'Not at all'
2790.6806 	EXP 	unnamed TextStim: text = 'My thoughts involved future events:'
2790.6806 	EXP 	unnamed TextStim: text = 'Completely'
2790.6806 	EXP 	unnamed TextStim: text = 'Not at all'
2790.6945 	EXP 	unnamed TextStim: text = 'My thoughts involved future events:'
2790.6945 	EXP 	unnamed TextStim: text = 'Completely'
2790.6945 	EXP 	unnamed TextStim: text = 'Not at all'
2790.7085 	EXP 	unnamed TextStim: text = 'My thoughts involved future events:'
2790.7085 	EXP 	unnamed TextStim: text = 'Completely'
2790.7085 	EXP 	unnamed TextStim: text = 'Not at all'
2790.7223 	EXP 	unnamed TextStim: text = 'My thoughts involved future events:'
2790.7223 	EXP 	unnamed TextStim: text = 'Completely'
2790.7223 	EXP 	unnamed TextStim: text = 'Not at all'
2790.7364 	EXP 	unnamed TextStim: text = 'My thoughts involved future events:'
2790.7364 	EXP 	unnamed TextStim: text = 'Completely'
2790.7364 	EXP 	unnamed TextStim: text = 'Not at all'
2790.7468 	DATA 	Keypress: return
2790.7469 	DATA 	RatingScale unnamed RatingScale: (key response) rating=5.5
2790.7501 	EXP 	unnamed TextStim: text = 'My thoughts involved future events:'
2790.7501 	EXP 	unnamed TextStim: text = 'Completely'
2790.7501 	EXP 	unnamed TextStim: text = 'Not at all'
2791.7601 	EXP 	Created instruction = TextStim(__class__=<class 'psychopy.visual.text.TextStim'>, alignHoriz=method-wrapper(...), alignText='center', alignVert=method-wrapper(...), anchorHoriz='center', anchorVert='center', antialias=True, autoLog=True, bold=False, color=array([-1., -1., -1.]), colorSpace='rgb', contrast=1.0, depth=0, flipHoriz=False, flipVert=False, font='sans', fontFiles=[], height=0.1, italic=False, languageStyle='LTR', name='instruction', opacity=1.0, ori=0.0, pos=array([0., 0.]), rgb=UNKNOWN, text='default text', units='norm', win=Window(...), wrapWidth=1)
2791.7620 	DATA 	Keypress: left
2791.7621 	DATA 	Keypress: right
2791.8405 	EXP 	Created unnamed TextStim = TextStim(__class__=<class 'psychopy.visual.text.TextStim'>, alignHoriz=method-wrapper(...), alignText='center', alignVert=method-wrapper(...), anchorHoriz='center', anchorVert='center', antialias=True, autoLog=True, bold=False, color=array([-1., -1., -1.]), colorSpace='rgb', contrast=1.0, depth=0, flipHoriz=False, flipVert=False, font='', fontFiles=[], height=0.05, italic=False, languageStyle='LTR', name='unnamed TextStim', opacity=1.0, ori=0.0, pos=array([0., 0.]), rgb=UNKNOWN, text=str(...), units='norm', win=Window(...), wrapWidth=1)
2791.8922 	EXP 	Created unnamed TextStim = TextStim(__class__=<class 'psychopy.visual.text.TextStim'>, alignHoriz=method-wrapper(...), alignText='center', alignVert=method-wrapper(...), anchorHoriz='center', anchorVert='center', antialias=True, autoLog=True, bold=False, color=array([-1., -1., -1.]), colorSpace='rgb', contrast=1.0, depth=0, flipHoriz=False, flipVert=False, font='', fontFiles=[], height=0.05, italic=False, languageStyle='LTR', name='unnamed TextStim', opacity=1.0, ori=0.0, pos=array([0., 0.]), rgb=UNKNOWN, text=str(...), units='norm', win=Window(...), wrapWidth=1)
2791.9050 	EXP 	Created unnamed TextStim = TextStim(__class__=<class 'psychopy.visual.text.TextStim'>, alignHoriz=method-wrapper(...), alignText='center', alignVert=method-wrapper(...), anchorHoriz='center', anchorVert='center', antialias=True, autoLog=True, bold=False, color=array([-1., -1., -1.]), colorSpace='rgb', contrast=1.0, depth=0, flipHoriz=False, flipVert=False, font='', fontFiles=[], height=0.1, italic=False, languageStyle='LTR', name='unnamed TextStim', opacity=1.0, ori=0.0, pos=array([0., 0.]), rgb=UNKNOWN, text='The experiment will start shortly.', units='norm', win=Window(...), wrapWidth=1)
2791.9121 	EXP 	Created unnamed TextStim = TextStim(__class__=<class 'psychopy.visual.text.TextStim'>, alignHoriz=method-wrapper(...), alignText='center', alignVert=method-wrapper(...), anchorHoriz='center', anchorVert='center', antialias=True, autoLog=True, bold=False, color=array([-1., -1., -1.]), colorSpace='rgb', contrast=1.0, depth=0, flipHoriz=False, flipVert=False, font='', fontFiles=[], height=0.1, italic=False, languageStyle='LTR', name='unnamed TextStim', opacity=1.0, ori=0.0, pos=array([0., 0.]), rgb=UNKNOWN, text='End of Experiment!', units='norm', win=Window(...), wrapWidth=1)
2834.1456 	EXP 	Created unnamed TextStim = TextStim(__class__=<class 'psychopy.visual.text.TextStim'>, alignHoriz=method-wrapper(...), alignText='center', alignVert=method-wrapper(...), anchorHoriz='center', anchorVert='center', antialias=True, autoLog=True, bold=False, color=array([-1., -1., -1.]), colorSpace='rgb', contrast=1.0, depth=0, flipHoriz=False, flipVert=False, font='', fontFiles=[], height=0.1, italic=False, languageStyle='LTR', name='unnamed TextStim', opacity=1.0, ori=0.0, pos=array([0., 0.]), rgb=UNKNOWN, text='+', units='norm', win=Window(...), wrapWidth=1)
2837.1915 	DATA 	Mouse: Left button down, pos=(718,355)
2837.2669 	DATA 	Mouse:  Left button up, pos=(719,356)
2837.8436 	DATA 	Keypress: return
2838.1300 	DATA 	Keypress: return
2838.4396 	DATA 	Keypress: return
2841.0614 	DATA 	Keypress: return
2841.0659 	EXP 	Created unnamed TextStim = TextStim(__class__=<class 'psychopy.visual.text.TextStim'>, alignHoriz=method-wrapper(...), alignText='center', alignVert=method-wrapper(...), anchorHoriz='center', anchorVert='center', antialias=True, autoLog=True, bold=False, color=array([-1., -1., -1.]), colorSpace='rgb', contrast=1.0, depth=0, flipHoriz=False, flipVert=False, font='', fontFiles=[], height=0.1, italic=False, languageStyle='LTR', name='unnamed TextStim', opacity=1.0, ori=0.0, pos=array([0., 0.]), rgb=UNKNOWN, text='+', units='norm', win=Window(...), wrapWidth=1)
2841.0743 	EXP 	Created unnamed TextStim = TextStim(__class__=<class 'psychopy.visual.text.TextStim'>, alignHoriz=method-wrapper(...), alignText='center', alignVert=method-wrapper(...), anchorHoriz='center', anchorVert='center', antialias=True, autoLog=True, bold=False, color=array([-1., -1., -1.]), colorSpace='rgb', contrast=1.0, depth=0, flipHoriz=False, flipVert=False, font='', fontFiles=[], height=0.3, italic=False, languageStyle='LTR', name='unnamed TextStim', opacity=1.0, ori=0.0, pos=array([0., 0.]), rgb=UNKNOWN, text='BOX', units='norm', win=Window(...), wrapWidth=1)
2842.8847 	DATA 	Keypress: return
2843.1152 	EXP 	Created unnamed TextStim = TextStim(__class__=<class 'psychopy.visual.text.TextStim'>, alignHoriz=method-wrapper(...), alignText='center', alignVert=method-wrapper(...), anchorHoriz='center', anchorVert='center', antialias=True, autoLog=True, bold=False, color=array([-1., -1., -1.]), colorSpace='rgb', contrast=1.0, depth=0, flipHoriz=False, flipVert=False, font='', fontFiles=[], height=0.1, italic=False, languageStyle='LTR', name='unnamed TextStim', opacity=1.0, ori=0.0, pos=array([0., 0.]), rgb=UNKNOWN, text=str(...), units='norm', win=Window(...), wrapWidth=1)
2845.1373 	EXP 	Created unnamed ShapeStim = ShapeStim(__class__=<class 'psychopy.visual.shape.ShapeStim'>, autoDraw=False, autoLog=True, closeShape=True, color=method-wrapper(...), colorSpace='rgb', contrast=None, depth=0, fillColor=array([0, 0, 0]), fillColorSpace='rgb', fillRGB=array([0, 0, 0]), interpolate=True, lineColor=array([-1., -1., -1.]), lineColorSpace='rgb', lineRGB=array([-1, -1, -1]), lineWidth=4, name='unnamed ShapeStim', opacity=0.5, ori=0.0, pos=array([-0.06,  0.  ]), size=array([1., 1.]), units='norm', vertices=ndarray(...), win=Window(...), windingRule=None)
2845.1381 	DEPRECATION 	Couldn't find image c:\Users\Ian\Documents\GitHub\THINCLabTestRepo\TaskFiles\taskScriptsresources/GoNoGo_Task//Stimuli/Scrambled/Slide100S0.JPG; check path? (tried: c:\Users\Ian\Documents\GitHub\THINCLabTestRepo\TaskFiles\taskScriptsresources\GoNoGo_Task\Stimuli\Scrambled\Slide100S0.JPG)
