40.4414 	WARNING 	Speech-to-text recognition module not available (use command `pip install SpeechRecognition` to get it. Transcription will be unavailable.
40.5300 	WARNING 	We strongly recommend you activate the PTB sound engine in PsychoPy prefs as the preferred audio engine. Its timing is vastly superior. Your prefs are currently set to use ['sounddevice', 'PTB', 'pyo', 'pygame'] (in that order).
40.5432 	WARNING 	Monitor specification not found. Creating a temporary one...
1093.4828 	EXP 	window1: recordFrameIntervals = False
1093.7164 	EXP 	window1: recordFrameIntervals = True
1093.7295 	WARNING 	t of last frame was 8.89ms (=1/112)
1093.7653 	WARNING 	t of last frame was 9.98ms (=1/100)
1093.8316 	EXP 	window1: recordFrameIntervals = False
1094.1961 	EXP 	Created memoryPrompt = TextStim(__class__=<class 'psychopy.visual.text.TextStim'>, alignHoriz=method-wrapper(...), alignText='center', alignVert=method-wrapper(...), anchorHoriz='center', anchorVert='center', antialias=True, autoLog=True, bold=False, color=array([-1., -1., -1.]), colorSpace='rgb', contrast=1.0, depth=0.0, flipHoriz=False, flipVert=False, font='Open Sans', fontFiles=[], height=0.1, italic=False, languageStyle='LTR', name='memoryPrompt', opacity=1, ori=0.0, pos=array([0., 0.]), rgb=UNKNOWN, text='', units='norm', win=Window(...), wrapWidth=1)
1094.2295 	EXP 	Created text = TextStim(__class__=<class 'psychopy.visual.text.TextStim'>, alignHoriz=method-wrapper(...), alignText='center', alignVert=method-wrapper(...), anchorHoriz='center', anchorVert='center', antialias=True, autoLog=True, bold=False, color=array([-1., -1., -1.]), colorSpace='rgb', contrast=1.0, depth=0.0, flipHoriz=False, flipVert=False, font='Open Sans', fontFiles=[], height=0.1, italic=False, languageStyle='LTR', name='text', opacity=1, ori=0.0, pos=array([0., 0.]), rgb=UNKNOWN, text='+', units='norm', win=Window(...), wrapWidth=1)
1094.2305 	EXP 	Created sequence: random, trialTypes=1, nReps=2, seed=None
1094.2309 	EXP 	New trial (rep=0, index=0): None
1094.2826 	EXP 	memoryPrompt: text = 'Prompt One'
1094.2826 	EXP 	memoryPrompt: autoDraw = True
1099.2412 	EXP 	memoryPrompt: autoDraw = False
1099.2412 	EXP 	memoryPrompt: autoDraw = False
1099.2412 	EXP 	text: autoDraw = True
1104.2378 	EXP 	New trial (rep=1, index=0): None
1104.2552 	EXP 	text: autoDraw = False
1104.2552 	EXP 	text: autoDraw = False
1104.2552 	EXP 	memoryPrompt: text = 'Last week'
1104.2552 	EXP 	memoryPrompt: autoDraw = True
1108.2551 	EXP 	memoryPrompt: autoDraw = False
1108.2551 	EXP 	memoryPrompt: autoDraw = False
1108.2551 	EXP 	text: autoDraw = True
1112.2556 	EXP 	text: autoDraw = False
1112.2556 	EXP 	text: autoDraw = False
