50.3737 	WARNING 	Speech-to-text recognition module not available (use command `pip install SpeechRecognition` to get it. Transcription will be unavailable.
50.4556 	WARNING 	We strongly recommend you activate the PTB sound engine in PsychoPy prefs as the preferred audio engine. Its timing is vastly superior. Your prefs are currently set to use ['sounddevice', 'PTB', 'pyo', 'pygame'] (in that order).
50.4637 	WARNING 	Monitor specification not found. Creating a temporary one...
51.8296 	WARNING 	Couldn't measure a consistent frame rate.
  - Is your graphics card set to sync to vertical blank?
  - Are you running other processes on your computer?

145.4655 	EXP 	window1: recordFrameIntervals = False
145.5409 	EXP 	window1: recordFrameIntervals = True
145.6454 	EXP 	window1: recordFrameIntervals = True
146.0039 	EXP 	Created memoryPrompt = TextStim(__class__=<class 'psychopy.visual.text.TextStim'>, alignHoriz=method-wrapper(...), alignText='center', alignVert=method-wrapper(...), anchorHoriz='center', anchorVert='center', antialias=True, autoLog=True, bold=False, color=array([-1., -1., -1.]), colorSpace='rgb', contrast=1.0, depth=0.0, flipHoriz=False, flipVert=False, font='Open Sans', fontFiles=[], height=0.1, italic=False, languageStyle='LTR', name='memoryPrompt', opacity=1, ori=0.0, pos=array([0., 0.]), rgb=UNKNOWN, text='', units='norm', win=Window(...), wrapWidth=1)
146.0376 	EXP 	Created text = TextStim(__class__=<class 'psychopy.visual.text.TextStim'>, alignHoriz=method-wrapper(...), alignText='center', alignVert=method-wrapper(...), anchorHoriz='center', anchorVert='center', antialias=True, autoLog=True, bold=False, color=array([-1., -1., -1.]), colorSpace='rgb', contrast=1.0, depth=0.0, flipHoriz=False, flipVert=False, font='Open Sans', fontFiles=[], height=0.1, italic=False, languageStyle='LTR', name='text', opacity=1, ori=0.0, pos=array([0., 0.]), rgb=UNKNOWN, text='+', units='norm', win=Window(...), wrapWidth=1)
146.0385 	EXP 	Created sequence: random, trialTypes=1, nReps=2, seed=None
146.0390 	EXP 	New trial (rep=0, index=0): None
146.1615 	WARNING 	t of last frame was 516.38ms (=1/1)
146.1615 	EXP 	memoryPrompt: text = 'Prompt One'
146.1615 	EXP 	memoryPrompt: autoDraw = True
147.7451 	WARNING 	t of last frame was 49.46ms (=1/20)
151.0402 	EXP 	memoryPrompt: autoDraw = False
151.0402 	EXP 	memoryPrompt: autoDraw = False
151.0402 	EXP 	text: autoDraw = True
156.0356 	EXP 	New trial (rep=1, index=0): None
156.0550 	WARNING 	t of last frame was 21.84ms (=1/45)
156.0550 	EXP 	text: autoDraw = False
156.0550 	EXP 	text: autoDraw = False
156.0550 	EXP 	memoryPrompt: text = 'Last week'
156.0550 	EXP 	memoryPrompt: autoDraw = True
160.0410 	EXP 	memoryPrompt: autoDraw = False
160.0410 	EXP 	memoryPrompt: autoDraw = False
160.0410 	EXP 	text: autoDraw = True
164.0347 	EXP 	text: autoDraw = False
164.0347 	EXP 	text: autoDraw = False
