38.8775 	WARNING 	Speech-to-text recognition module not available (use command `pip install SpeechRecognition` to get it. Transcription will be unavailable.
38.9577 	WARNING 	We strongly recommend you activate the PTB sound engine in PsychoPy prefs as the preferred audio engine. Its timing is vastly superior. Your prefs are currently set to use ['sounddevice', 'PTB', 'pyo', 'pygame'] (in that order).
38.9641 	WARNING 	Monitor specification not found. Creating a temporary one...
49.8980 	EXP 	window1: recordFrameIntervals = False
50.0736 	EXP 	window1: recordFrameIntervals = True
50.1506 	EXP 	window1: recordFrameIntervals = False
50.5358 	EXP 	Created memoryPrompt = TextStim(__class__=<class 'psychopy.visual.text.TextStim'>, alignHoriz=method-wrapper(...), alignText='center', alignVert=method-wrapper(...), anchorHoriz='center', anchorVert='center', antialias=True, autoLog=True, bold=False, color=array([-1., -1., -1.]), colorSpace='rgb', contrast=1.0, depth=0.0, flipHoriz=False, flipVert=False, font='Open Sans', fontFiles=[], height=0.1, italic=False, languageStyle='LTR', name='memoryPrompt', opacity=1, ori=0.0, pos=array([0., 0.]), rgb=UNKNOWN, text='', units='norm', win=Window(...), wrapWidth=1)
50.5799 	EXP 	Created text = TextStim(__class__=<class 'psychopy.visual.text.TextStim'>, alignHoriz=method-wrapper(...), alignText='center', alignVert=method-wrapper(...), anchorHoriz='center', anchorVert='center', antialias=True, autoLog=True, bold=False, color=array([-1., -1., -1.]), colorSpace='rgb', contrast=1.0, depth=0.0, flipHoriz=False, flipVert=False, font='Open Sans', fontFiles=[], height=0.1, italic=False, languageStyle='LTR', name='text', opacity=1, ori=0.0, pos=array([0., 0.]), rgb=UNKNOWN, text='+', units='norm', win=Window(...), wrapWidth=1)
50.5807 	EXP 	Created sequence: random, trialTypes=1, nReps=2, seed=None
50.5811 	EXP 	New trial (rep=0, index=0): None
50.7466 	EXP 	memoryPrompt: text = 'Prompt One'
50.7466 	EXP 	memoryPrompt: autoDraw = True
54.6085 	EXP 	memoryPrompt: autoDraw = False
54.6085 	EXP 	memoryPrompt: autoDraw = False
54.6085 	EXP 	text: autoDraw = True
58.6040 	EXP 	New trial (rep=1, index=0): None
58.6224 	EXP 	text: autoDraw = False
58.6224 	EXP 	text: autoDraw = False
58.6224 	EXP 	memoryPrompt: text = 'Last week'
58.6224 	EXP 	memoryPrompt: autoDraw = True
63.6216 	EXP 	memoryPrompt: autoDraw = False
63.6216 	EXP 	memoryPrompt: autoDraw = False
63.6216 	EXP 	text: autoDraw = True
68.6231 	EXP 	text: autoDraw = False
68.6231 	EXP 	text: autoDraw = False
